-- The C compiler identification is GNU 9.3.0
-- The CXX compiler identification is GNU 9.3.0
-- Check for working C compiler: /usr/bin/cc
-- Check for working C compiler: /usr/bin/cc -- works
-- Detecting C compiler ABI info
-- Detecting C compiler ABI info - done
-- Detecting C compile features
-- Detecting C compile features - done
-- Check for working CXX compiler: /usr/bin/c++
-- Check for working CXX compiler: /usr/bin/c++ -- works
-- Detecting CXX compiler ABI info
-- Detecting CXX compiler ABI info - done
-- Detecting CXX compile features
-- Detecting CXX compile features - done
-- Found ament_cmake: 0.9.7 (/home/vlad/ros2_foxy/install/ament_cmake/share/ament_cmake/cmake)
-- Found PythonInterp: /usr/bin/python3 (found suitable version "3.8.5", minimum required is "3") 
-- Using PYTHON_EXECUTABLE: /usr/bin/python3
-- Found ament_index_cpp: 1.0.1 (/home/vlad/ros2_foxy/install/ament_index_cpp/share/ament_index_cpp/cmake)
-- Found controller_interface: 0.0.0 (/home/vlad/ros2_ws/install/controller_interface/share/controller_interface/cmake)
-- Using all available rosidl_typesupport_c: rosidl_typesupport_fastrtps_c;rosidl_typesupport_introspection_c
-- Found rosidl_adapter: 1.1.0 (/home/vlad/ros2_foxy/install/rosidl_adapter/share/rosidl_adapter/cmake)
-- Found OpenSSL: /usr/lib/x86_64-linux-gnu/libcrypto.so (found version "1.1.1f")  
-- Found FastRTPS: /home/vlad/ros2_foxy/install/fastrtps/include  
-- Using all available rosidl_typesupport_cpp: rosidl_typesupport_fastrtps_cpp;rosidl_typesupport_introspection_cpp
-- Found rmw_implementation_cmake: 1.0.2 (/home/vlad/ros2_foxy/install/rmw_implementation_cmake/share/rmw_implementation_cmake/cmake)
-- Using RMW implementation 'rmw_fastrtps_cpp' as default
-- Looking for pthread.h
-- Looking for pthread.h - found
-- Performing Test CMAKE_HAVE_LIBC_PTHREAD
-- Performing Test CMAKE_HAVE_LIBC_PTHREAD - Failed
-- Looking for pthread_create in pthreads
-- Looking for pthread_create in pthreads - not found
-- Looking for pthread_create in pthread
-- Looking for pthread_create in pthread - found
-- Found Threads: TRUE  
-- Found pluginlib: 2.5.2 (/home/vlad/ros2_foxy/install/pluginlib/share/pluginlib/cmake)
-- Found ament_cmake_gmock: 0.9.7 (/home/vlad/ros2_foxy/install/ament_cmake_gmock/share/ament_cmake_gmock/cmake)
-- Found ament_cmake_gtest: 0.9.7 (/home/vlad/ros2_foxy/install/ament_cmake_gtest/share/ament_cmake_gtest/cmake)
-- Found ament_lint_auto: 0.9.5 (/home/vlad/ros2_foxy/install/ament_lint_auto/share/ament_lint_auto/cmake)
-- Found gtest sources under '/home/vlad/ros2_foxy/install/gtest_vendor/src/gtest_vendor': C++ tests using 'Google Test' will be built
-- Check if compiler accepts -pthread
-- Check if compiler accepts -pthread - yes
-- Found gmock sources under '/home/vlad/ros2_foxy/install/gmock_vendor/src/gmock_vendor': C++ tests using 'Google Mock' will be built
-- Added test 'copyright' to check source files copyright and LICENSE
-- Added test 'cppcheck' to perform static code analysis on C / C++ code
-- Configured cppcheck include dirs: /home/vlad/ros2_ws/src/ros2_control/controller_manager/include
-- Configured cppcheck exclude dirs and/or files: 
-- Added test 'cpplint' to check C / C++ code against the Google style
-- Configured cpplint exclude dirs and/or files: 
-- Added test 'lint_cmake' to check CMake code style
-- Added test 'uncrustify' to check C / C++ code style
-- Configured uncrustify additional arguments: 
-- Added test 'xmllint' to check XML markup files
-- Configuring done
-- Generating done
-- Build files have been written to: /home/vlad/ros2_ws/build/controller_manager
[35m[1mScanning dependencies of target gmock_main[0m
[35m[1mScanning dependencies of target controller_manager[0m
[  5%] [32mBuilding CXX object gmock/CMakeFiles/gmock_main.dir/src/gmock_main.cc.o[0m
[ 11%] [32mBuilding CXX object CMakeFiles/controller_manager.dir/src/controller_loader_pluginlib.cpp.o[0m
[ 16%] [32mBuilding CXX object CMakeFiles/controller_manager.dir/src/controller_manager.cpp.o[0m
[ 22%] [32m[1mLinking CXX static library libgmock_main.a[0m
[ 22%] Built target gmock_main
[35m[1mScanning dependencies of target gtest[0m
[ 27%] [32mBuilding CXX object gtest/CMakeFiles/gtest.dir/src/gtest-all.cc.o[0m
[ 33%] [32m[1mLinking CXX shared library libcontroller_manager.so[0m
[ 33%] Built target controller_manager
[35m[1mScanning dependencies of target gtest_main[0m
[ 38%] [32mBuilding CXX object gtest/CMakeFiles/gtest_main.dir/src/gtest_main.cc.o[0m
[ 44%] [32m[1mLinking CXX static library libgtest.a[0m
[ 44%] Built target gtest
[35m[1mScanning dependencies of target gmock[0m
[35m[1mScanning dependencies of target test_controller[0m
[ 55%] [32mBuilding CXX object gmock/CMakeFiles/gmock.dir/src/gmock-all.cc.o[0m
[ 55%] [32mBuilding CXX object gmock/CMakeFiles/gmock.dir/home/vlad/ros2_foxy/install/gtest_vendor/src/gtest_vendor/src/gtest-all.cc.o[0m
[ 61%] [32mBuilding CXX object CMakeFiles/test_controller.dir/test/test_controller/test_controller.cpp.o[0m
[ 66%] [32m[1mLinking CXX static library libgtest_main.a[0m
[ 66%] Built target gtest_main
[ 72%] [32m[1mLinking CXX shared library libtest_controller.so[0m
[ 72%] Built target test_controller
[35m[1mScanning dependencies of target test_controller_manager[0m
[ 77%] [32mBuilding CXX object CMakeFiles/test_controller_manager.dir/test/test_controller_manager.cpp.o[0m
[ 83%] [32m[1mLinking CXX executable test_controller_manager[0m
[ 83%] Built target test_controller_manager
[ 88%] [32m[1mLinking CXX static library libgmock.a[0m
[ 88%] Built target gmock
[35m[1mScanning dependencies of target test_load_controller[0m
[ 94%] [32mBuilding CXX object CMakeFiles/test_load_controller.dir/test/test_load_controller.cpp.o[0m
[100%] [32m[1mLinking CXX executable test_load_controller[0m
[100%] Built target test_load_controller
-- Install configuration: "Release"
-- Installing: /home/vlad/ros2_ws/install/controller_manager/lib/libcontroller_manager.so
-- Set runtime path of "/home/vlad/ros2_ws/install/controller_manager/lib/libcontroller_manager.so" to ""
-- Installing: /home/vlad/ros2_ws/install/controller_manager/include
-- Installing: /home/vlad/ros2_ws/install/controller_manager/include/controller_manager
-- Installing: /home/vlad/ros2_ws/install/controller_manager/include/controller_manager/controller_manager.hpp
-- Installing: /home/vlad/ros2_ws/install/controller_manager/include/controller_manager/visibility_control.h
-- Installing: /home/vlad/ros2_ws/install/controller_manager/include/controller_manager/controller_loader_pluginlib.hpp
-- Installing: /home/vlad/ros2_ws/install/controller_manager/include/controller_manager/controller_loader_interface.hpp
-- Installing: /home/vlad/ros2_ws/install/controller_manager/share/controller_manager/test/test_controller.xml
-- Installing: /home/vlad/ros2_ws/install/controller_manager/lib/libtest_controller.so
-- Set runtime path of "/home/vlad/ros2_ws/install/controller_manager/lib/libtest_controller.so" to ""
-- Installing: /home/vlad/ros2_ws/install/controller_manager/share/controller_manager/environment/library_path.sh
-- Installing: /home/vlad/ros2_ws/install/controller_manager/share/controller_manager/environment/library_path.dsv
-- Installing: /home/vlad/ros2_ws/install/controller_manager/share/ament_index/resource_index/package_run_dependencies/controller_manager
-- Installing: /home/vlad/ros2_ws/install/controller_manager/share/ament_index/resource_index/parent_prefix_path/controller_manager
-- Installing: /home/vlad/ros2_ws/install/controller_manager/share/controller_manager/environment/ament_prefix_path.sh
-- Installing: /home/vlad/ros2_ws/install/controller_manager/share/controller_manager/environment/ament_prefix_path.dsv
-- Installing: /home/vlad/ros2_ws/install/controller_manager/share/controller_manager/environment/path.sh
-- Installing: /home/vlad/ros2_ws/install/controller_manager/share/controller_manager/environment/path.dsv
-- Installing: /home/vlad/ros2_ws/install/controller_manager/share/controller_manager/local_setup.bash
-- Installing: /home/vlad/ros2_ws/install/controller_manager/share/controller_manager/local_setup.sh
-- Installing: /home/vlad/ros2_ws/install/controller_manager/share/controller_manager/local_setup.zsh
-- Installing: /home/vlad/ros2_ws/install/controller_manager/share/controller_manager/local_setup.dsv
-- Installing: /home/vlad/ros2_ws/install/controller_manager/share/controller_manager/package.dsv
-- Installing: /home/vlad/ros2_ws/install/controller_manager/share/ament_index/resource_index/packages/controller_manager
-- Installing: /home/vlad/ros2_ws/install/controller_manager/share/ament_index/resource_index/controller_interface__pluginlib__plugin/controller_manager
-- Installing: /home/vlad/ros2_ws/install/controller_manager/share/controller_manager/cmake/ament_cmake_export_libraries-extras.cmake
-- Installing: /home/vlad/ros2_ws/install/controller_manager/share/controller_manager/cmake/ament_cmake_export_include_directories-extras.cmake
-- Installing: /home/vlad/ros2_ws/install/controller_manager/share/controller_manager/cmake/ament_cmake_export_dependencies-extras.cmake
-- Installing: /home/vlad/ros2_ws/install/controller_manager/share/controller_manager/cmake/controller_managerConfig.cmake
-- Installing: /home/vlad/ros2_ws/install/controller_manager/share/controller_manager/cmake/controller_managerConfig-version.cmake
-- Installing: /home/vlad/ros2_ws/install/controller_manager/share/controller_manager/package.xml
