[0.041s] Invoking command in '/home/vlad/ros2_ws/build/pose_interface': CMAKE_PREFIX_PATH=${CMAKE_PREFIX_PATH}:/home/vlad/dev_ws/install/py_srvcli:/home/vlad/ros2_ws/install/tfpose_ros2:/home/vlad/dev_ws/install/py_pubsub:/home/vlad/ros2_foxy/install/ros2bag:/home/vlad/ros2_foxy/install/tracetools_launch:/home/vlad/ros2_foxy/install/topic_monitor:/home/vlad/ros2_foxy/install/examples_tf2_py:/home/vlad/ros2_foxy/install/sros2:/home/vlad/ros2_foxy/install/rqt_topic:/home/vlad/ros2_foxy/install/rqt_reconfigure:/home/vlad/ros2_foxy/install/rqt_action:/home/vlad/ros2_foxy/install/rqt:/home/vlad/ros2_foxy/install/rqt_graph:/home/vlad/ros2_foxy/install/rqt_gui_py:/home/vlad/ros2_foxy/install/rqt_gui:/home/vlad/ros2_foxy/install/ros2trace:/home/vlad/ros2_foxy/install/ros2topic:/home/vlad/ros2_foxy/install/ros2test:/home/vlad/ros2_foxy/install/ros2component:/home/vlad/ros2_foxy/install/ros2param:/home/vlad/ros2_foxy/install/ros2lifecycle:/home/vlad/ros2_foxy/install/ros2service:/home/vlad/ros2_foxy/install/ros2run:/home/vlad/ros2_foxy/install/ros2launch:/home/vlad/ros2_foxy/install/ros2pkg:/home/vlad/ros2_foxy/install/ros2node:/home/vlad/ros2_foxy/install/ros2multicast:/home/vlad/ros2_foxy/install/ros2interface:/home/vlad/ros2_foxy/install/ros2doctor:/home/vlad/ros2_foxy/install/ros2action:/home/vlad/ros2_foxy/install/ros2cli:/home/vlad/ros2_foxy/install/quality_of_service_demo_py:/home/vlad/ros2_foxy/install/launch_testing_ros:/home/vlad/ros2_foxy/install/launch_ros:/home/vlad/ros2_foxy/install/examples_rclpy_minimal_subscriber:/home/vlad/ros2_foxy/install/examples_rclpy_minimal_service:/home/vlad/ros2_foxy/install/examples_rclpy_minimal_publisher:/home/vlad/ros2_foxy/install/examples_rclpy_minimal_client:/home/vlad/ros2_foxy/install/examples_rclpy_minimal_action_server:/home/vlad/ros2_foxy/install/examples_rclpy_minimal_action_client:/home/vlad/ros2_foxy/install/examples_rclpy_executors:/home/vlad/ros2_foxy/install/demo_nodes_py:/home/vlad/ros2_foxy/install/action_tutorials_py:/home/vlad/ros2_foxy/install/ament_uncrustify:/home/vlad/ros2_foxy/install/tracetools_trace:/home/vlad/ros2_foxy/install/tracetools_read:/home/vlad/ros2_foxy/install/test_launch_ros:/home/vlad/ros2_foxy/install/rpyutils:/home/vlad/ros2_foxy/install/rosidl_runtime_py:/home/vlad/ros2_foxy/install/launch_yaml:/home/vlad/ros2_foxy/install/launch_xml:/home/vlad/ros2_foxy/install/launch_testing:/home/vlad/ros2_foxy/install/launch:/home/vlad/ros2_foxy/install/osrf_pycommon:/home/vlad/ros2_foxy/install/domain_coordinator:/home/vlad/ros2_foxy/install/ament_xmllint:/home/vlad/ros2_foxy/install/ament_pyflakes:/home/vlad/ros2_foxy/install/ament_pycodestyle:/home/vlad/ros2_foxy/install/ament_pep257:/home/vlad/ros2_foxy/install/ament_pclint:/home/vlad/ros2_foxy/install/ament_package:/home/vlad/ros2_foxy/install/ament_mypy:/home/vlad/ros2_foxy/install/ament_lint_cmake:/home/vlad/ros2_foxy/install/ament_flake8:/home/vlad/ros2_foxy/install/ament_copyright:/home/vlad/ros2_foxy/install/ament_lint:/home/vlad/ros2_foxy/install/ament_index_python:/home/vlad/ros2_foxy/install/ament_cpplint:/home/vlad/ros2_foxy/install/ament_cppcheck:/home/vlad/ros2_foxy/install/ament_clang_tidy:/home/vlad/ros2_foxy/install/ament_clang_format:/opt/ros/foxy /usr/bin/cmake --build /home/vlad/ros2_ws/build/pose_interface -- -j12 -l12
[0.098s] -- Found ament_cmake: 0.9.7 (/home/vlad/ros2_foxy/install/ament_cmake/share/ament_cmake/cmake)
[0.454s] -- Found PythonInterp: /usr/bin/python3 (found suitable version "3.8.5", minimum required is "3") 
[0.454s] -- Using PYTHON_EXECUTABLE: /usr/bin/python3
[1.080s] -- Found rosidl_default_generators: 1.0.0 (/home/vlad/ros2_foxy/install/rosidl_default_generators/share/rosidl_default_generators/cmake)
[1.207s] -- Using all available rosidl_typesupport_c: rosidl_typesupport_introspection_c;rosidl_typesupport_fastrtps_c
[1.211s] -- Found rosidl_adapter: 1.1.0 (/home/vlad/ros2_foxy/install/rosidl_adapter/share/rosidl_adapter/cmake)
[1.469s] -- Using all available rosidl_typesupport_cpp: rosidl_typesupport_introspection_cpp;rosidl_typesupport_fastrtps_cpp
[1.492s] -- Found std_msgs: 2.0.3 (/home/vlad/ros2_foxy/install/std_msgs/share/std_msgs/cmake)
[1.918s] -- Found PythonInterp: /usr/bin/python3 (found version "3.8.5") 
[3.055s] -- Found ament_cmake_ros: 0.9.0 (/home/vlad/ros2_foxy/install/ament_cmake_ros/share/ament_cmake_ros/cmake)
[3.641s] -- Using all available rosidl_typesupport_c: rosidl_typesupport_introspection_c;rosidl_typesupport_fastrtps_c
[3.947s] -- Using all available rosidl_typesupport_cpp: rosidl_typesupport_introspection_cpp;rosidl_typesupport_fastrtps_cpp
[4.496s] -- Found PythonInterp: /usr/bin/python3 (found suitable version "3.8.5", minimum required is "3.5") 
[4.496s] -- Found python_cmake_module: 0.8.0 (/home/vlad/ros2_foxy/install/python_cmake_module/share/python_cmake_module/cmake)
[4.875s] -- Using PYTHON_EXECUTABLE: /usr/bin/python3
[4.875s] -- Using PYTHON_INCLUDE_DIRS: /usr/include/python3.8
[4.875s] -- Using PYTHON_LIBRARIES: /usr/lib/x86_64-linux-gnu/libpython3.8.so
[5.550s] -- Configuring done
[5.605s] -- Generating done
[5.608s] -- Build files have been written to: /home/vlad/ros2_ws/build/pose_interface
[5.661s] [  1%] [34m[1mGenerating C code for ROS interfaces[0m
[5.686s] [  3%] [34m[1mGenerating C++ code for ROS interfaces[0m
[6.536s] [  3%] Built target pose_interface__cpp
[6.617s] [  5%] [34m[1mGenerating C++ type support dispatch for ROS interfaces[0m
[6.627s] [  7%] [34m[1mGenerating C++ introspection for ROS interfaces[0m
[6.642s] [  9%] [34m[1mGenerating C++ type support for eProsima Fast-RTPS[0m
[6.689s] [35m[1mScanning dependencies of target pose_interface__rosidl_generator_c[0m
[6.743s] [ 10%] [32mBuilding C object CMakeFiles/pose_interface__rosidl_generator_c.dir/rosidl_generator_c/pose_interface/msg/detail/body_part_elm__functions.c.o[0m
[6.744s] [ 12%] [32mBuilding C object CMakeFiles/pose_interface__rosidl_generator_c.dir/rosidl_generator_c/pose_interface/msg/detail/persons__functions.c.o[0m
[6.744s] [ 14%] [32mBuilding C object CMakeFiles/pose_interface__rosidl_generator_c.dir/rosidl_generator_c/pose_interface/srv/detail/get_pose__functions.c.o[0m
[6.744s] [ 16%] [32mBuilding C object CMakeFiles/pose_interface__rosidl_generator_c.dir/rosidl_generator_c/pose_interface/msg/detail/person__functions.c.o[0m
[6.863s] [ 18%] [32m[1mLinking C shared library libpose_interface__rosidl_generator_c.so[0m
[6.956s] [ 18%] Built target pose_interface__rosidl_generator_c
[6.994s] [ 21%] [34m[1mGenerating C type support dispatch for ROS interfaces[0m
[6.994s] [ 21%] [34m[1mGenerating C introspection for ROS interfaces[0m
[7.682s] [35m[1mScanning dependencies of target pose_interface__rosidl_typesupport_cpp[0m
[7.727s] [ 23%] [32mBuilding CXX object CMakeFiles/pose_interface__rosidl_typesupport_cpp.dir/rosidl_typesupport_cpp/pose_interface/srv/get_pose__type_support.cpp.o[0m
[7.733s] [ 25%] [32mBuilding CXX object CMakeFiles/pose_interface__rosidl_typesupport_cpp.dir/rosidl_typesupport_cpp/pose_interface/msg/body_part_elm__type_support.cpp.o[0m
[7.734s] [ 27%] [32mBuilding CXX object CMakeFiles/pose_interface__rosidl_typesupport_cpp.dir/rosidl_typesupport_cpp/pose_interface/msg/person__type_support.cpp.o[0m
[7.735s] [ 29%] [32mBuilding CXX object CMakeFiles/pose_interface__rosidl_typesupport_cpp.dir/rosidl_typesupport_cpp/pose_interface/msg/persons__type_support.cpp.o[0m
[8.117s] [35m[1mScanning dependencies of target pose_interface__rosidl_typesupport_c[0m
[8.126s] [35m[1mScanning dependencies of target pose_interface__rosidl_typesupport_fastrtps_cpp[0m
[8.185s] [ 30%] [32mBuilding CXX object CMakeFiles/pose_interface__rosidl_typesupport_fastrtps_cpp.dir/rosidl_typesupport_fastrtps_cpp/pose_interface/msg/detail/dds_fastrtps/body_part_elm__type_support.cpp.o[0m
[8.197s] [ 32%] [32mBuilding CXX object CMakeFiles/pose_interface__rosidl_typesupport_c.dir/rosidl_typesupport_c/pose_interface/msg/body_part_elm__type_support.cpp.o[0m
[8.227s] [ 34%] [32mBuilding CXX object CMakeFiles/pose_interface__rosidl_typesupport_fastrtps_cpp.dir/rosidl_typesupport_fastrtps_cpp/pose_interface/msg/detail/dds_fastrtps/person__type_support.cpp.o[0m
[8.236s] [ 36%] [32mBuilding CXX object CMakeFiles/pose_interface__rosidl_typesupport_c.dir/rosidl_typesupport_c/pose_interface/msg/person__type_support.cpp.o[0m
[8.252s] [ 40%] [32mBuilding CXX object CMakeFiles/pose_interface__rosidl_typesupport_fastrtps_cpp.dir/rosidl_typesupport_fastrtps_cpp/pose_interface/srv/detail/dds_fastrtps/get_pose__type_support.cpp.o[0m
[8.254s] [ 40%] [32mBuilding CXX object CMakeFiles/pose_interface__rosidl_typesupport_fastrtps_cpp.dir/rosidl_typesupport_fastrtps_cpp/pose_interface/msg/detail/dds_fastrtps/persons__type_support.cpp.o[0m
[8.262s] [35m[1mScanning dependencies of target pose_interface__rosidl_typesupport_introspection_c[0m
[8.317s] [ 41%] [32mBuilding CXX object CMakeFiles/pose_interface__rosidl_typesupport_c.dir/rosidl_typesupport_c/pose_interface/msg/persons__type_support.cpp.o[0m
[8.319s] [ 43%] [32mBuilding CXX object CMakeFiles/pose_interface__rosidl_typesupport_c.dir/rosidl_typesupport_c/pose_interface/srv/get_pose__type_support.cpp.o[0m
[8.331s] [ 45%] [32mBuilding C object CMakeFiles/pose_interface__rosidl_typesupport_introspection_c.dir/rosidl_typesupport_introspection_c/pose_interface/msg/detail/person__type_support.c.o[0m
[8.332s] [ 47%] [32m[1mLinking CXX shared library libpose_interface__rosidl_typesupport_cpp.so[0m
[8.368s] [ 49%] [32mBuilding C object CMakeFiles/pose_interface__rosidl_typesupport_introspection_c.dir/rosidl_typesupport_introspection_c/pose_interface/msg/detail/body_part_elm__type_support.c.o[0m
[8.440s] [ 50%] [32mBuilding C object CMakeFiles/pose_interface__rosidl_typesupport_introspection_c.dir/rosidl_typesupport_introspection_c/pose_interface/msg/detail/persons__type_support.c.o[0m
[8.447s] [ 52%] [32m[1mLinking CXX shared library libpose_interface__rosidl_typesupport_c.so[0m
[8.455s] [ 54%] [32mBuilding C object CMakeFiles/pose_interface__rosidl_typesupport_introspection_c.dir/rosidl_typesupport_introspection_c/pose_interface/srv/detail/get_pose__type_support.c.o[0m
[8.455s] [35m[1mScanning dependencies of target pose_interface__rosidl_typesupport_introspection_cpp[0m
[8.483s] [ 54%] Built target pose_interface__rosidl_typesupport_cpp
[8.509s] [ 56%] [32mBuilding CXX object CMakeFiles/pose_interface__rosidl_typesupport_introspection_cpp.dir/rosidl_typesupport_introspection_cpp/pose_interface/msg/detail/body_part_elm__type_support.cpp.o[0m
[8.519s] [ 58%] [32mBuilding CXX object CMakeFiles/pose_interface__rosidl_typesupport_introspection_cpp.dir/rosidl_typesupport_introspection_cpp/pose_interface/msg/detail/person__type_support.cpp.o[0m
[8.534s] [ 60%] [32mBuilding CXX object CMakeFiles/pose_interface__rosidl_typesupport_introspection_cpp.dir/rosidl_typesupport_introspection_cpp/pose_interface/msg/detail/persons__type_support.cpp.o[0m
[8.544s] [ 61%] [32mBuilding CXX object CMakeFiles/pose_interface__rosidl_typesupport_introspection_cpp.dir/rosidl_typesupport_introspection_cpp/pose_interface/srv/detail/get_pose__type_support.cpp.o[0m
[8.583s] [ 63%] [32m[1mLinking C shared library libpose_interface__rosidl_typesupport_introspection_c.so[0m
[8.604s] [ 63%] Built target pose_interface__rosidl_typesupport_c
[8.712s] [ 63%] Built target pose_interface__rosidl_typesupport_introspection_c
[9.174s] [ 65%] [32m[1mLinking CXX shared library libpose_interface__rosidl_typesupport_introspection_cpp.so[0m
[9.198s] [ 67%] [32m[1mLinking CXX shared library libpose_interface__rosidl_typesupport_fastrtps_cpp.so[0m
[9.293s] [ 67%] Built target pose_interface__rosidl_typesupport_introspection_cpp
[9.330s] [ 67%] Built target pose_interface__rosidl_typesupport_fastrtps_cpp
[9.357s] [ 69%] [34m[1mGenerating C type support for eProsima Fast-RTPS[0m
[10.099s] [35m[1mScanning dependencies of target pose_interface__rosidl_typesupport_fastrtps_c[0m
[10.136s] [ 72%] [32mBuilding CXX object CMakeFiles/pose_interface__rosidl_typesupport_fastrtps_c.dir/rosidl_typesupport_fastrtps_c/pose_interface/msg/detail/body_part_elm__type_support_c.cpp.o[0m
[10.137s] [ 72%] [32mBuilding CXX object CMakeFiles/pose_interface__rosidl_typesupport_fastrtps_c.dir/rosidl_typesupport_fastrtps_c/pose_interface/msg/detail/persons__type_support_c.cpp.o[0m
[10.142s] [ 74%] [32mBuilding CXX object CMakeFiles/pose_interface__rosidl_typesupport_fastrtps_c.dir/rosidl_typesupport_fastrtps_c/pose_interface/srv/detail/get_pose__type_support_c.cpp.o[0m
[10.144s] [ 76%] [32mBuilding CXX object CMakeFiles/pose_interface__rosidl_typesupport_fastrtps_c.dir/rosidl_typesupport_fastrtps_c/pose_interface/msg/detail/person__type_support_c.cpp.o[0m
[10.626s] [ 78%] [32m[1mLinking CXX shared library libpose_interface__rosidl_typesupport_fastrtps_c.so[0m
[10.749s] [ 78%] Built target pose_interface__rosidl_typesupport_fastrtps_c
[10.802s] [ 78%] Built target pose_interface
[10.861s] [ 80%] [34m[1mGenerating Python code for ROS interfaces[0m
[12.049s] [ 80%] Built target pose_interface__py
[12.076s] [35m[1mScanning dependencies of target pose_interface__python[0m
[12.118s] [ 81%] [32mBuilding C object CMakeFiles/pose_interface__python.dir/rosidl_generator_py/pose_interface/msg/_body_part_elm_s.c.o[0m
[12.119s] [ 83%] [32mBuilding C object CMakeFiles/pose_interface__python.dir/rosidl_generator_py/pose_interface/msg/_persons_s.c.o[0m
[12.119s] [ 85%] [32mBuilding C object CMakeFiles/pose_interface__python.dir/rosidl_generator_py/pose_interface/srv/_get_pose_s.c.o[0m
[12.123s] [ 87%] [32mBuilding C object CMakeFiles/pose_interface__python.dir/rosidl_generator_py/pose_interface/msg/_person_s.c.o[0m
[12.269s] [ 89%] [32m[1mLinking C shared library rosidl_generator_py/pose_interface/libpose_interface__python.so[0m
[12.353s] [ 89%] Built target pose_interface__python
[12.380s] [35m[1mScanning dependencies of target pose_interface__rosidl_typesupport_fastrtps_c__pyext[0m
[12.380s] [35m[1mScanning dependencies of target pose_interface__rosidl_typesupport_c__pyext[0m
[12.386s] [35m[1mScanning dependencies of target pose_interface__rosidl_typesupport_introspection_c__pyext[0m
[12.411s] [ 90%] [32mBuilding C object CMakeFiles/pose_interface__rosidl_typesupport_c__pyext.dir/rosidl_generator_py/pose_interface/_pose_interface_s.ep.rosidl_typesupport_c.c.o[0m
[12.413s] [ 92%] [32mBuilding C object CMakeFiles/pose_interface__rosidl_typesupport_fastrtps_c__pyext.dir/rosidl_generator_py/pose_interface/_pose_interface_s.ep.rosidl_typesupport_fastrtps_c.c.o[0m
[12.421s] [ 94%] [32mBuilding C object CMakeFiles/pose_interface__rosidl_typesupport_introspection_c__pyext.dir/rosidl_generator_py/pose_interface/_pose_interface_s.ep.rosidl_typesupport_introspection_c.c.o[0m
[12.551s] [ 96%] [32m[1mLinking CXX shared library rosidl_generator_py/pose_interface/pose_interface_s__rosidl_typesupport_fastrtps_c.cpython-38-x86_64-linux-gnu.so[0m
[12.554s] [ 98%] [32m[1mLinking C shared library rosidl_generator_py/pose_interface/pose_interface_s__rosidl_typesupport_introspection_c.cpython-38-x86_64-linux-gnu.so[0m
[12.556s] [100%] [32m[1mLinking C shared library rosidl_generator_py/pose_interface/pose_interface_s__rosidl_typesupport_c.cpython-38-x86_64-linux-gnu.so[0m
[12.636s] [100%] Built target pose_interface__rosidl_typesupport_introspection_c__pyext
[12.636s] [100%] Built target pose_interface__rosidl_typesupport_c__pyext
[12.664s] [100%] Built target pose_interface__rosidl_typesupport_fastrtps_c__pyext
[12.687s] Invoked command in '/home/vlad/ros2_ws/build/pose_interface' returned '0': CMAKE_PREFIX_PATH=${CMAKE_PREFIX_PATH}:/home/vlad/dev_ws/install/py_srvcli:/home/vlad/ros2_ws/install/tfpose_ros2:/home/vlad/dev_ws/install/py_pubsub:/home/vlad/ros2_foxy/install/ros2bag:/home/vlad/ros2_foxy/install/tracetools_launch:/home/vlad/ros2_foxy/install/topic_monitor:/home/vlad/ros2_foxy/install/examples_tf2_py:/home/vlad/ros2_foxy/install/sros2:/home/vlad/ros2_foxy/install/rqt_topic:/home/vlad/ros2_foxy/install/rqt_reconfigure:/home/vlad/ros2_foxy/install/rqt_action:/home/vlad/ros2_foxy/install/rqt:/home/vlad/ros2_foxy/install/rqt_graph:/home/vlad/ros2_foxy/install/rqt_gui_py:/home/vlad/ros2_foxy/install/rqt_gui:/home/vlad/ros2_foxy/install/ros2trace:/home/vlad/ros2_foxy/install/ros2topic:/home/vlad/ros2_foxy/install/ros2test:/home/vlad/ros2_foxy/install/ros2component:/home/vlad/ros2_foxy/install/ros2param:/home/vlad/ros2_foxy/install/ros2lifecycle:/home/vlad/ros2_foxy/install/ros2service:/home/vlad/ros2_foxy/install/ros2run:/home/vlad/ros2_foxy/install/ros2launch:/home/vlad/ros2_foxy/install/ros2pkg:/home/vlad/ros2_foxy/install/ros2node:/home/vlad/ros2_foxy/install/ros2multicast:/home/vlad/ros2_foxy/install/ros2interface:/home/vlad/ros2_foxy/install/ros2doctor:/home/vlad/ros2_foxy/install/ros2action:/home/vlad/ros2_foxy/install/ros2cli:/home/vlad/ros2_foxy/install/quality_of_service_demo_py:/home/vlad/ros2_foxy/install/launch_testing_ros:/home/vlad/ros2_foxy/install/launch_ros:/home/vlad/ros2_foxy/install/examples_rclpy_minimal_subscriber:/home/vlad/ros2_foxy/install/examples_rclpy_minimal_service:/home/vlad/ros2_foxy/install/examples_rclpy_minimal_publisher:/home/vlad/ros2_foxy/install/examples_rclpy_minimal_client:/home/vlad/ros2_foxy/install/examples_rclpy_minimal_action_server:/home/vlad/ros2_foxy/install/examples_rclpy_minimal_action_client:/home/vlad/ros2_foxy/install/examples_rclpy_executors:/home/vlad/ros2_foxy/install/demo_nodes_py:/home/vlad/ros2_foxy/install/action_tutorials_py:/home/vlad/ros2_foxy/install/ament_uncrustify:/home/vlad/ros2_foxy/install/tracetools_trace:/home/vlad/ros2_foxy/install/tracetools_read:/home/vlad/ros2_foxy/install/test_launch_ros:/home/vlad/ros2_foxy/install/rpyutils:/home/vlad/ros2_foxy/install/rosidl_runtime_py:/home/vlad/ros2_foxy/install/launch_yaml:/home/vlad/ros2_foxy/install/launch_xml:/home/vlad/ros2_foxy/install/launch_testing:/home/vlad/ros2_foxy/install/launch:/home/vlad/ros2_foxy/install/osrf_pycommon:/home/vlad/ros2_foxy/install/domain_coordinator:/home/vlad/ros2_foxy/install/ament_xmllint:/home/vlad/ros2_foxy/install/ament_pyflakes:/home/vlad/ros2_foxy/install/ament_pycodestyle:/home/vlad/ros2_foxy/install/ament_pep257:/home/vlad/ros2_foxy/install/ament_pclint:/home/vlad/ros2_foxy/install/ament_package:/home/vlad/ros2_foxy/install/ament_mypy:/home/vlad/ros2_foxy/install/ament_lint_cmake:/home/vlad/ros2_foxy/install/ament_flake8:/home/vlad/ros2_foxy/install/ament_copyright:/home/vlad/ros2_foxy/install/ament_lint:/home/vlad/ros2_foxy/install/ament_index_python:/home/vlad/ros2_foxy/install/ament_cpplint:/home/vlad/ros2_foxy/install/ament_cppcheck:/home/vlad/ros2_foxy/install/ament_clang_tidy:/home/vlad/ros2_foxy/install/ament_clang_format:/opt/ros/foxy /usr/bin/cmake --build /home/vlad/ros2_ws/build/pose_interface -- -j12 -l12
[13.093s] Invoking command in '/home/vlad/ros2_ws/build/pose_interface': CMAKE_PREFIX_PATH=${CMAKE_PREFIX_PATH}:/home/vlad/dev_ws/install/py_srvcli:/home/vlad/ros2_ws/install/tfpose_ros2:/home/vlad/dev_ws/install/py_pubsub:/home/vlad/ros2_foxy/install/ros2bag:/home/vlad/ros2_foxy/install/tracetools_launch:/home/vlad/ros2_foxy/install/topic_monitor:/home/vlad/ros2_foxy/install/examples_tf2_py:/home/vlad/ros2_foxy/install/sros2:/home/vlad/ros2_foxy/install/rqt_topic:/home/vlad/ros2_foxy/install/rqt_reconfigure:/home/vlad/ros2_foxy/install/rqt_action:/home/vlad/ros2_foxy/install/rqt:/home/vlad/ros2_foxy/install/rqt_graph:/home/vlad/ros2_foxy/install/rqt_gui_py:/home/vlad/ros2_foxy/install/rqt_gui:/home/vlad/ros2_foxy/install/ros2trace:/home/vlad/ros2_foxy/install/ros2topic:/home/vlad/ros2_foxy/install/ros2test:/home/vlad/ros2_foxy/install/ros2component:/home/vlad/ros2_foxy/install/ros2param:/home/vlad/ros2_foxy/install/ros2lifecycle:/home/vlad/ros2_foxy/install/ros2service:/home/vlad/ros2_foxy/install/ros2run:/home/vlad/ros2_foxy/install/ros2launch:/home/vlad/ros2_foxy/install/ros2pkg:/home/vlad/ros2_foxy/install/ros2node:/home/vlad/ros2_foxy/install/ros2multicast:/home/vlad/ros2_foxy/install/ros2interface:/home/vlad/ros2_foxy/install/ros2doctor:/home/vlad/ros2_foxy/install/ros2action:/home/vlad/ros2_foxy/install/ros2cli:/home/vlad/ros2_foxy/install/quality_of_service_demo_py:/home/vlad/ros2_foxy/install/launch_testing_ros:/home/vlad/ros2_foxy/install/launch_ros:/home/vlad/ros2_foxy/install/examples_rclpy_minimal_subscriber:/home/vlad/ros2_foxy/install/examples_rclpy_minimal_service:/home/vlad/ros2_foxy/install/examples_rclpy_minimal_publisher:/home/vlad/ros2_foxy/install/examples_rclpy_minimal_client:/home/vlad/ros2_foxy/install/examples_rclpy_minimal_action_server:/home/vlad/ros2_foxy/install/examples_rclpy_minimal_action_client:/home/vlad/ros2_foxy/install/examples_rclpy_executors:/home/vlad/ros2_foxy/install/demo_nodes_py:/home/vlad/ros2_foxy/install/action_tutorials_py:/home/vlad/ros2_foxy/install/ament_uncrustify:/home/vlad/ros2_foxy/install/tracetools_trace:/home/vlad/ros2_foxy/install/tracetools_read:/home/vlad/ros2_foxy/install/test_launch_ros:/home/vlad/ros2_foxy/install/rpyutils:/home/vlad/ros2_foxy/install/rosidl_runtime_py:/home/vlad/ros2_foxy/install/launch_yaml:/home/vlad/ros2_foxy/install/launch_xml:/home/vlad/ros2_foxy/install/launch_testing:/home/vlad/ros2_foxy/install/launch:/home/vlad/ros2_foxy/install/osrf_pycommon:/home/vlad/ros2_foxy/install/domain_coordinator:/home/vlad/ros2_foxy/install/ament_xmllint:/home/vlad/ros2_foxy/install/ament_pyflakes:/home/vlad/ros2_foxy/install/ament_pycodestyle:/home/vlad/ros2_foxy/install/ament_pep257:/home/vlad/ros2_foxy/install/ament_pclint:/home/vlad/ros2_foxy/install/ament_package:/home/vlad/ros2_foxy/install/ament_mypy:/home/vlad/ros2_foxy/install/ament_lint_cmake:/home/vlad/ros2_foxy/install/ament_flake8:/home/vlad/ros2_foxy/install/ament_copyright:/home/vlad/ros2_foxy/install/ament_lint:/home/vlad/ros2_foxy/install/ament_index_python:/home/vlad/ros2_foxy/install/ament_cpplint:/home/vlad/ros2_foxy/install/ament_cppcheck:/home/vlad/ros2_foxy/install/ament_clang_tidy:/home/vlad/ros2_foxy/install/ament_clang_format:/opt/ros/foxy /usr/bin/cmake --install /home/vlad/ros2_ws/build/pose_interface
[13.113s] -- Install configuration: ""
[13.114s] -- Up-to-date: /home/vlad/ros2_ws/install/pose_interface/share/ament_index/resource_index/rosidl_interfaces/pose_interface
[13.114s] -- Up-to-date: /home/vlad/ros2_ws/install/pose_interface/include/pose_interface
[13.114s] -- Up-to-date: /home/vlad/ros2_ws/install/pose_interface/include/pose_interface/msg
[13.114s] -- Installing: /home/vlad/ros2_ws/install/pose_interface/include/pose_interface/msg/body_part_elm.h
[13.114s] -- Up-to-date: /home/vlad/ros2_ws/install/pose_interface/include/pose_interface/msg/rosidl_generator_c__visibility_control.h
[13.114s] -- Installing: /home/vlad/ros2_ws/install/pose_interface/include/pose_interface/msg/person.h
[13.114s] -- Up-to-date: /home/vlad/ros2_ws/install/pose_interface/include/pose_interface/msg/detail
[13.114s] -- Installing: /home/vlad/ros2_ws/install/pose_interface/include/pose_interface/msg/detail/body_part_elm__struct.h
[13.114s] -- Installing: /home/vlad/ros2_ws/install/pose_interface/include/pose_interface/msg/detail/persons__struct.h
[13.114s] -- Installing: /home/vlad/ros2_ws/install/pose_interface/include/pose_interface/msg/detail/persons__functions.h
[13.114s] -- Installing: /home/vlad/ros2_ws/install/pose_interface/include/pose_interface/msg/detail/person__type_support.h
[13.115s] -- Installing: /home/vlad/ros2_ws/install/pose_interface/include/pose_interface/msg/detail/person__functions.h
[13.115s] -- Installing: /home/vlad/ros2_ws/install/pose_interface/include/pose_interface/msg/detail/person__struct.h
[13.115s] -- Installing: /home/vlad/ros2_ws/install/pose_interface/include/pose_interface/msg/detail/persons__functions.c
[13.115s] -- Installing: /home/vlad/ros2_ws/install/pose_interface/include/pose_interface/msg/detail/person__functions.c
[13.115s] -- Installing: /home/vlad/ros2_ws/install/pose_interface/include/pose_interface/msg/detail/body_part_elm__functions.h
[13.115s] -- Installing: /home/vlad/ros2_ws/install/pose_interface/include/pose_interface/msg/detail/body_part_elm__type_support.h
[13.115s] -- Installing: /home/vlad/ros2_ws/install/pose_interface/include/pose_interface/msg/detail/body_part_elm__functions.c
[13.115s] -- Installing: /home/vlad/ros2_ws/install/pose_interface/include/pose_interface/msg/detail/persons__type_support.h
[13.115s] -- Installing: /home/vlad/ros2_ws/install/pose_interface/include/pose_interface/msg/persons.h
[13.115s] -- Up-to-date: /home/vlad/ros2_ws/install/pose_interface/include/pose_interface/srv
[13.115s] -- Up-to-date: /home/vlad/ros2_ws/install/pose_interface/include/pose_interface/srv/detail
[13.115s] -- Installing: /home/vlad/ros2_ws/install/pose_interface/include/pose_interface/srv/detail/get_pose__type_support.h
[13.115s] -- Installing: /home/vlad/ros2_ws/install/pose_interface/include/pose_interface/srv/detail/get_pose__functions.c
[13.115s] -- Installing: /home/vlad/ros2_ws/install/pose_interface/include/pose_interface/srv/detail/get_pose__struct.h
[13.115s] -- Installing: /home/vlad/ros2_ws/install/pose_interface/include/pose_interface/srv/detail/get_pose__functions.h
[13.115s] -- Installing: /home/vlad/ros2_ws/install/pose_interface/include/pose_interface/srv/get_pose.h
[13.116s] -- Up-to-date: /home/vlad/ros2_ws/install/pose_interface/share/pose_interface/environment/library_path.sh
[13.116s] -- Installing: /home/vlad/ros2_ws/install/pose_interface/share/pose_interface/environment/library_path.dsv
[13.116s] -- Installing: /home/vlad/ros2_ws/install/pose_interface/lib/libpose_interface__rosidl_generator_c.so
[13.116s] -- Set runtime path of "/home/vlad/ros2_ws/install/pose_interface/lib/libpose_interface__rosidl_generator_c.so" to ""
[13.116s] -- Up-to-date: /home/vlad/ros2_ws/install/pose_interface/include/pose_interface
[13.116s] -- Up-to-date: /home/vlad/ros2_ws/install/pose_interface/include/pose_interface/msg
[13.116s] -- Up-to-date: /home/vlad/ros2_ws/install/pose_interface/include/pose_interface/msg/detail
[13.117s] -- Installing: /home/vlad/ros2_ws/install/pose_interface/include/pose_interface/msg/detail/body_part_elm__rosidl_typesupport_introspection_c.h
[13.117s] -- Installing: /home/vlad/ros2_ws/install/pose_interface/include/pose_interface/msg/detail/person__rosidl_typesupport_introspection_c.h
[13.117s] -- Installing: /home/vlad/ros2_ws/install/pose_interface/include/pose_interface/msg/detail/persons__type_support.c
[13.117s] -- Installing: /home/vlad/ros2_ws/install/pose_interface/include/pose_interface/msg/detail/body_part_elm__type_support.c
[13.117s] -- Installing: /home/vlad/ros2_ws/install/pose_interface/include/pose_interface/msg/detail/person__type_support.c
[13.117s] -- Installing: /home/vlad/ros2_ws/install/pose_interface/include/pose_interface/msg/detail/persons__rosidl_typesupport_introspection_c.h
[13.117s] -- Up-to-date: /home/vlad/ros2_ws/install/pose_interface/include/pose_interface/msg/rosidl_typesupport_introspection_c__visibility_control.h
[13.117s] -- Up-to-date: /home/vlad/ros2_ws/install/pose_interface/include/pose_interface/srv
[13.117s] -- Up-to-date: /home/vlad/ros2_ws/install/pose_interface/include/pose_interface/srv/detail
[13.117s] -- Installing: /home/vlad/ros2_ws/install/pose_interface/include/pose_interface/srv/detail/get_pose__rosidl_typesupport_introspection_c.h
[13.117s] -- Installing: /home/vlad/ros2_ws/install/pose_interface/include/pose_interface/srv/detail/get_pose__type_support.c
[13.117s] -- Installing: /home/vlad/ros2_ws/install/pose_interface/lib/libpose_interface__rosidl_typesupport_introspection_c.so
[13.117s] -- Set runtime path of "/home/vlad/ros2_ws/install/pose_interface/lib/libpose_interface__rosidl_typesupport_introspection_c.so" to ""
[13.118s] -- Up-to-date: /home/vlad/ros2_ws/install/pose_interface/include/pose_interface
[13.118s] -- Up-to-date: /home/vlad/ros2_ws/install/pose_interface/include/pose_interface/msg
[13.118s] -- Up-to-date: /home/vlad/ros2_ws/install/pose_interface/include/pose_interface/msg/detail
[13.118s] -- Installing: /home/vlad/ros2_ws/install/pose_interface/include/pose_interface/msg/detail/body_part_elm__rosidl_typesupport_fastrtps_c.h
[13.118s] -- Installing: /home/vlad/ros2_ws/install/pose_interface/include/pose_interface/msg/detail/persons__rosidl_typesupport_fastrtps_c.h
[13.118s] -- Installing: /home/vlad/ros2_ws/install/pose_interface/include/pose_interface/msg/detail/person__rosidl_typesupport_fastrtps_c.h
[13.118s] -- Up-to-date: /home/vlad/ros2_ws/install/pose_interface/include/pose_interface/msg/rosidl_typesupport_fastrtps_c__visibility_control.h
[13.118s] -- Up-to-date: /home/vlad/ros2_ws/install/pose_interface/include/pose_interface/srv
[13.118s] -- Up-to-date: /home/vlad/ros2_ws/install/pose_interface/include/pose_interface/srv/detail
[13.118s] -- Installing: /home/vlad/ros2_ws/install/pose_interface/include/pose_interface/srv/detail/get_pose__rosidl_typesupport_fastrtps_c.h
[13.118s] -- Installing: /home/vlad/ros2_ws/install/pose_interface/lib/libpose_interface__rosidl_typesupport_fastrtps_c.so
[13.119s] -- Set runtime path of "/home/vlad/ros2_ws/install/pose_interface/lib/libpose_interface__rosidl_typesupport_fastrtps_c.so" to ""
[13.119s] -- Up-to-date: /home/vlad/ros2_ws/install/pose_interface/include/pose_interface
[13.119s] -- Up-to-date: /home/vlad/ros2_ws/install/pose_interface/include/pose_interface/msg
[13.119s] -- Up-to-date: /home/vlad/ros2_ws/install/pose_interface/include/pose_interface/msg/detail
[13.119s] -- Up-to-date: /home/vlad/ros2_ws/install/pose_interface/include/pose_interface/msg/detail/dds_fastrtps
[13.119s] -- Installing: /home/vlad/ros2_ws/install/pose_interface/include/pose_interface/msg/detail/body_part_elm__rosidl_typesupport_fastrtps_cpp.hpp
[13.119s] -- Installing: /home/vlad/ros2_ws/install/pose_interface/include/pose_interface/msg/detail/person__rosidl_typesupport_fastrtps_cpp.hpp
[13.119s] -- Installing: /home/vlad/ros2_ws/install/pose_interface/include/pose_interface/msg/detail/persons__rosidl_typesupport_fastrtps_cpp.hpp
[13.119s] -- Up-to-date: /home/vlad/ros2_ws/install/pose_interface/include/pose_interface/msg/rosidl_typesupport_fastrtps_cpp__visibility_control.h
[13.119s] -- Up-to-date: /home/vlad/ros2_ws/install/pose_interface/include/pose_interface/srv
[13.119s] -- Up-to-date: /home/vlad/ros2_ws/install/pose_interface/include/pose_interface/srv/detail
[13.120s] -- Up-to-date: /home/vlad/ros2_ws/install/pose_interface/include/pose_interface/srv/detail/dds_fastrtps
[13.120s] -- Installing: /home/vlad/ros2_ws/install/pose_interface/include/pose_interface/srv/detail/get_pose__rosidl_typesupport_fastrtps_cpp.hpp
[13.120s] -- Installing: /home/vlad/ros2_ws/install/pose_interface/lib/libpose_interface__rosidl_typesupport_fastrtps_cpp.so
[13.121s] -- Set runtime path of "/home/vlad/ros2_ws/install/pose_interface/lib/libpose_interface__rosidl_typesupport_fastrtps_cpp.so" to ""
[13.121s] -- Installing: /home/vlad/ros2_ws/install/pose_interface/lib/libpose_interface__rosidl_typesupport_c.so
[13.121s] -- Set runtime path of "/home/vlad/ros2_ws/install/pose_interface/lib/libpose_interface__rosidl_typesupport_c.so" to ""
[13.121s] -- Up-to-date: /home/vlad/ros2_ws/install/pose_interface/include/pose_interface
[13.121s] -- Up-to-date: /home/vlad/ros2_ws/install/pose_interface/include/pose_interface/msg
[13.122s] -- Up-to-date: /home/vlad/ros2_ws/install/pose_interface/include/pose_interface/msg/detail
[13.122s] -- Installing: /home/vlad/ros2_ws/install/pose_interface/include/pose_interface/msg/detail/person__traits.hpp
[13.122s] -- Installing: /home/vlad/ros2_ws/install/pose_interface/include/pose_interface/msg/detail/person__struct.hpp
[13.122s] -- Installing: /home/vlad/ros2_ws/install/pose_interface/include/pose_interface/msg/detail/persons__traits.hpp
[13.122s] -- Installing: /home/vlad/ros2_ws/install/pose_interface/include/pose_interface/msg/detail/persons__struct.hpp
[13.122s] -- Installing: /home/vlad/ros2_ws/install/pose_interface/include/pose_interface/msg/detail/body_part_elm__traits.hpp
[13.122s] -- Installing: /home/vlad/ros2_ws/install/pose_interface/include/pose_interface/msg/detail/body_part_elm__builder.hpp
[13.122s] -- Installing: /home/vlad/ros2_ws/install/pose_interface/include/pose_interface/msg/detail/person__builder.hpp
[13.122s] -- Installing: /home/vlad/ros2_ws/install/pose_interface/include/pose_interface/msg/detail/body_part_elm__struct.hpp
[13.122s] -- Installing: /home/vlad/ros2_ws/install/pose_interface/include/pose_interface/msg/detail/persons__builder.hpp
[13.122s] -- Installing: /home/vlad/ros2_ws/install/pose_interface/include/pose_interface/msg/persons.hpp
[13.122s] -- Installing: /home/vlad/ros2_ws/install/pose_interface/include/pose_interface/msg/person.hpp
[13.122s] -- Installing: /home/vlad/ros2_ws/install/pose_interface/include/pose_interface/msg/body_part_elm.hpp
[13.122s] -- Up-to-date: /home/vlad/ros2_ws/install/pose_interface/include/pose_interface/srv
[13.123s] -- Up-to-date: /home/vlad/ros2_ws/install/pose_interface/include/pose_interface/srv/detail
[13.123s] -- Installing: /home/vlad/ros2_ws/install/pose_interface/include/pose_interface/srv/detail/get_pose__struct.hpp
[13.123s] -- Installing: /home/vlad/ros2_ws/install/pose_interface/include/pose_interface/srv/detail/get_pose__builder.hpp
[13.123s] -- Installing: /home/vlad/ros2_ws/install/pose_interface/include/pose_interface/srv/detail/get_pose__traits.hpp
[13.123s] -- Installing: /home/vlad/ros2_ws/install/pose_interface/include/pose_interface/srv/get_pose.hpp
[13.123s] -- Up-to-date: /home/vlad/ros2_ws/install/pose_interface/include/pose_interface
[13.123s] -- Up-to-date: /home/vlad/ros2_ws/install/pose_interface/include/pose_interface/msg
[13.123s] -- Up-to-date: /home/vlad/ros2_ws/install/pose_interface/include/pose_interface/msg/detail
[13.123s] -- Installing: /home/vlad/ros2_ws/install/pose_interface/include/pose_interface/msg/detail/person__type_support.cpp
[13.123s] -- Installing: /home/vlad/ros2_ws/install/pose_interface/include/pose_interface/msg/detail/body_part_elm__rosidl_typesupport_introspection_cpp.hpp
[13.123s] -- Installing: /home/vlad/ros2_ws/install/pose_interface/include/pose_interface/msg/detail/person__rosidl_typesupport_introspection_cpp.hpp
[13.123s] -- Installing: /home/vlad/ros2_ws/install/pose_interface/include/pose_interface/msg/detail/persons__type_support.cpp
[13.123s] -- Installing: /home/vlad/ros2_ws/install/pose_interface/include/pose_interface/msg/detail/body_part_elm__type_support.cpp
[13.123s] -- Installing: /home/vlad/ros2_ws/install/pose_interface/include/pose_interface/msg/detail/persons__rosidl_typesupport_introspection_cpp.hpp
[13.123s] -- Up-to-date: /home/vlad/ros2_ws/install/pose_interface/include/pose_interface/srv
[13.123s] -- Up-to-date: /home/vlad/ros2_ws/install/pose_interface/include/pose_interface/srv/detail
[13.124s] -- Installing: /home/vlad/ros2_ws/install/pose_interface/include/pose_interface/srv/detail/get_pose__type_support.cpp
[13.124s] -- Installing: /home/vlad/ros2_ws/install/pose_interface/include/pose_interface/srv/detail/get_pose__rosidl_typesupport_introspection_cpp.hpp
[13.124s] -- Installing: /home/vlad/ros2_ws/install/pose_interface/lib/libpose_interface__rosidl_typesupport_introspection_cpp.so
[13.124s] -- Set runtime path of "/home/vlad/ros2_ws/install/pose_interface/lib/libpose_interface__rosidl_typesupport_introspection_cpp.so" to ""
[13.124s] -- Installing: /home/vlad/ros2_ws/install/pose_interface/lib/libpose_interface__rosidl_typesupport_cpp.so
[13.125s] -- Set runtime path of "/home/vlad/ros2_ws/install/pose_interface/lib/libpose_interface__rosidl_typesupport_cpp.so" to ""
[13.125s] -- Up-to-date: /home/vlad/ros2_ws/install/pose_interface/share/pose_interface/environment/pythonpath.sh
[13.125s] -- Installing: /home/vlad/ros2_ws/install/pose_interface/share/pose_interface/environment/pythonpath.dsv
[13.125s] -- Installing: /home/vlad/ros2_ws/install/pose_interface/lib/python3.8/site-packages/pose_interface/__init__.py
[13.571s] Compiling '/home/vlad/ros2_ws/install/pose_interface/lib/python3.8/site-packages/pose_interface/__init__.py'...
[13.577s] -- Up-to-date: /home/vlad/ros2_ws/install/pose_interface/lib/python3.8/site-packages/pose_interface/msg
[13.578s] -- Installing: /home/vlad/ros2_ws/install/pose_interface/lib/python3.8/site-packages/pose_interface/msg/__init__.py
[13.578s] -- Installing: /home/vlad/ros2_ws/install/pose_interface/lib/python3.8/site-packages/pose_interface/msg/_body_part_elm.py
[13.578s] -- Installing: /home/vlad/ros2_ws/install/pose_interface/lib/python3.8/site-packages/pose_interface/msg/_person.py
[13.578s] -- Installing: /home/vlad/ros2_ws/install/pose_interface/lib/python3.8/site-packages/pose_interface/msg/_person_s.c
[13.578s] -- Installing: /home/vlad/ros2_ws/install/pose_interface/lib/python3.8/site-packages/pose_interface/msg/_body_part_elm_s.c
[13.578s] -- Installing: /home/vlad/ros2_ws/install/pose_interface/lib/python3.8/site-packages/pose_interface/msg/_persons.py
[13.578s] -- Installing: /home/vlad/ros2_ws/install/pose_interface/lib/python3.8/site-packages/pose_interface/msg/_persons_s.c
[13.578s] -- Up-to-date: /home/vlad/ros2_ws/install/pose_interface/lib/python3.8/site-packages/pose_interface/srv
[13.578s] -- Installing: /home/vlad/ros2_ws/install/pose_interface/lib/python3.8/site-packages/pose_interface/srv/__init__.py
[13.578s] -- Installing: /home/vlad/ros2_ws/install/pose_interface/lib/python3.8/site-packages/pose_interface/srv/_get_pose_s.c
[13.578s] -- Installing: /home/vlad/ros2_ws/install/pose_interface/lib/python3.8/site-packages/pose_interface/srv/_get_pose.py
[13.579s] -- Installing: /home/vlad/ros2_ws/install/pose_interface/lib/python3.8/site-packages/pose_interface/pose_interface_s__rosidl_typesupport_introspection_c.cpython-38-x86_64-linux-gnu.so
[13.579s] -- Set runtime path of "/home/vlad/ros2_ws/install/pose_interface/lib/python3.8/site-packages/pose_interface/pose_interface_s__rosidl_typesupport_introspection_c.cpython-38-x86_64-linux-gnu.so" to ""
[13.579s] -- Installing: /home/vlad/ros2_ws/install/pose_interface/lib/python3.8/site-packages/pose_interface/pose_interface_s__rosidl_typesupport_fastrtps_c.cpython-38-x86_64-linux-gnu.so
[13.580s] -- Set runtime path of "/home/vlad/ros2_ws/install/pose_interface/lib/python3.8/site-packages/pose_interface/pose_interface_s__rosidl_typesupport_fastrtps_c.cpython-38-x86_64-linux-gnu.so" to ""
[13.580s] -- Installing: /home/vlad/ros2_ws/install/pose_interface/lib/python3.8/site-packages/pose_interface/pose_interface_s__rosidl_typesupport_c.cpython-38-x86_64-linux-gnu.so
[13.581s] -- Set runtime path of "/home/vlad/ros2_ws/install/pose_interface/lib/python3.8/site-packages/pose_interface/pose_interface_s__rosidl_typesupport_c.cpython-38-x86_64-linux-gnu.so" to ""
[13.581s] -- Installing: /home/vlad/ros2_ws/install/pose_interface/lib/libpose_interface__python.so
[13.581s] -- Set runtime path of "/home/vlad/ros2_ws/install/pose_interface/lib/libpose_interface__python.so" to ""
[13.581s] -- Up-to-date: /home/vlad/ros2_ws/install/pose_interface/share/pose_interface/msg/BodyPartElm.idl
[13.582s] -- Up-to-date: /home/vlad/ros2_ws/install/pose_interface/share/pose_interface/msg/Person.idl
[13.582s] -- Up-to-date: /home/vlad/ros2_ws/install/pose_interface/share/pose_interface/msg/Persons.idl
[13.582s] -- Installing: /home/vlad/ros2_ws/install/pose_interface/share/pose_interface/srv/GetPose.idl
[13.582s] -- Up-to-date: /home/vlad/ros2_ws/install/pose_interface/share/pose_interface/msg/BodyPartElm.msg
[13.582s] -- Up-to-date: /home/vlad/ros2_ws/install/pose_interface/share/pose_interface/msg/Person.msg
[13.582s] -- Up-to-date: /home/vlad/ros2_ws/install/pose_interface/share/pose_interface/msg/Persons.msg
[13.582s] -- Installing: /home/vlad/ros2_ws/install/pose_interface/share/pose_interface/srv/GetPose.srv
[13.582s] -- Up-to-date: /home/vlad/ros2_ws/install/pose_interface/share/pose_interface/srv/GetPose_Request.msg
[13.582s] -- Installing: /home/vlad/ros2_ws/install/pose_interface/share/pose_interface/srv/GetPose_Response.msg
[13.582s] -- Up-to-date: /home/vlad/ros2_ws/install/pose_interface/share/ament_index/resource_index/package_run_dependencies/pose_interface
[13.582s] -- Installing: /home/vlad/ros2_ws/install/pose_interface/share/ament_index/resource_index/parent_prefix_path/pose_interface
[13.582s] -- Installing: /home/vlad/ros2_ws/install/pose_interface/share/pose_interface/environment/ament_prefix_path.dsv
[13.582s] -- Installing: /home/vlad/ros2_ws/install/pose_interface/share/pose_interface/environment/path.dsv
[13.583s] -- Up-to-date: /home/vlad/ros2_ws/install/pose_interface/share/pose_interface/local_setup.bash
[13.583s] -- Up-to-date: /home/vlad/ros2_ws/install/pose_interface/share/pose_interface/local_setup.sh
[13.583s] -- Up-to-date: /home/vlad/ros2_ws/install/pose_interface/share/pose_interface/local_setup.zsh
[13.583s] -- Installing: /home/vlad/ros2_ws/install/pose_interface/share/pose_interface/local_setup.dsv
[13.583s] -- Installing: /home/vlad/ros2_ws/install/pose_interface/share/pose_interface/package.dsv
[13.583s] -- Up-to-date: /home/vlad/ros2_ws/install/pose_interface/share/ament_index/resource_index/packages/pose_interface
[13.583s] -- Up-to-date: /home/vlad/ros2_ws/install/pose_interface/share/pose_interface/cmake/pose_interface__rosidl_generator_cExport.cmake
[13.583s] -- Installing: /home/vlad/ros2_ws/install/pose_interface/share/pose_interface/cmake/pose_interface__rosidl_generator_cExport-noconfig.cmake
[13.583s] -- Up-to-date: /home/vlad/ros2_ws/install/pose_interface/share/pose_interface/cmake/pose_interface__rosidl_typesupport_introspection_cExport.cmake
[13.583s] -- Installing: /home/vlad/ros2_ws/install/pose_interface/share/pose_interface/cmake/pose_interface__rosidl_typesupport_introspection_cExport-noconfig.cmake
[13.584s] -- Up-to-date: /home/vlad/ros2_ws/install/pose_interface/share/pose_interface/cmake/pose_interface__rosidl_typesupport_cExport.cmake
[13.584s] -- Installing: /home/vlad/ros2_ws/install/pose_interface/share/pose_interface/cmake/pose_interface__rosidl_typesupport_cExport-noconfig.cmake
[13.584s] -- Up-to-date: /home/vlad/ros2_ws/install/pose_interface/share/pose_interface/cmake/pose_interface__rosidl_generator_cppExport.cmake
[13.584s] -- Up-to-date: /home/vlad/ros2_ws/install/pose_interface/share/pose_interface/cmake/pose_interface__rosidl_typesupport_introspection_cppExport.cmake
[13.584s] -- Installing: /home/vlad/ros2_ws/install/pose_interface/share/pose_interface/cmake/pose_interface__rosidl_typesupport_introspection_cppExport-noconfig.cmake
[13.584s] -- Up-to-date: /home/vlad/ros2_ws/install/pose_interface/share/pose_interface/cmake/pose_interface__rosidl_typesupport_cppExport.cmake
[13.584s] -- Installing: /home/vlad/ros2_ws/install/pose_interface/share/pose_interface/cmake/pose_interface__rosidl_typesupport_cppExport-noconfig.cmake
[13.584s] -- Up-to-date: /home/vlad/ros2_ws/install/pose_interface/share/pose_interface/cmake/rosidl_cmake-extras.cmake
[13.585s] -- Up-to-date: /home/vlad/ros2_ws/install/pose_interface/share/pose_interface/cmake/ament_cmake_export_dependencies-extras.cmake
[13.585s] -- Up-to-date: /home/vlad/ros2_ws/install/pose_interface/share/pose_interface/cmake/ament_cmake_export_libraries-extras.cmake
[13.585s] -- Up-to-date: /home/vlad/ros2_ws/install/pose_interface/share/pose_interface/cmake/ament_cmake_export_targets-extras.cmake
[13.585s] -- Up-to-date: /home/vlad/ros2_ws/install/pose_interface/share/pose_interface/cmake/ament_cmake_export_include_directories-extras.cmake
[13.585s] -- Up-to-date: /home/vlad/ros2_ws/install/pose_interface/share/pose_interface/cmake/rosidl_cmake_export_typesupport_targets-extras.cmake
[13.585s] -- Up-to-date: /home/vlad/ros2_ws/install/pose_interface/share/pose_interface/cmake/rosidl_cmake_export_typesupport_libraries-extras.cmake
[13.585s] -- Up-to-date: /home/vlad/ros2_ws/install/pose_interface/share/pose_interface/cmake/pose_interfaceConfig.cmake
[13.585s] -- Up-to-date: /home/vlad/ros2_ws/install/pose_interface/share/pose_interface/cmake/pose_interfaceConfig-version.cmake
[13.585s] -- Up-to-date: /home/vlad/ros2_ws/install/pose_interface/share/pose_interface/package.xml
[13.587s] Invoked command in '/home/vlad/ros2_ws/build/pose_interface' returned '0': CMAKE_PREFIX_PATH=${CMAKE_PREFIX_PATH}:/home/vlad/dev_ws/install/py_srvcli:/home/vlad/ros2_ws/install/tfpose_ros2:/home/vlad/dev_ws/install/py_pubsub:/home/vlad/ros2_foxy/install/ros2bag:/home/vlad/ros2_foxy/install/tracetools_launch:/home/vlad/ros2_foxy/install/topic_monitor:/home/vlad/ros2_foxy/install/examples_tf2_py:/home/vlad/ros2_foxy/install/sros2:/home/vlad/ros2_foxy/install/rqt_topic:/home/vlad/ros2_foxy/install/rqt_reconfigure:/home/vlad/ros2_foxy/install/rqt_action:/home/vlad/ros2_foxy/install/rqt:/home/vlad/ros2_foxy/install/rqt_graph:/home/vlad/ros2_foxy/install/rqt_gui_py:/home/vlad/ros2_foxy/install/rqt_gui:/home/vlad/ros2_foxy/install/ros2trace:/home/vlad/ros2_foxy/install/ros2topic:/home/vlad/ros2_foxy/install/ros2test:/home/vlad/ros2_foxy/install/ros2component:/home/vlad/ros2_foxy/install/ros2param:/home/vlad/ros2_foxy/install/ros2lifecycle:/home/vlad/ros2_foxy/install/ros2service:/home/vlad/ros2_foxy/install/ros2run:/home/vlad/ros2_foxy/install/ros2launch:/home/vlad/ros2_foxy/install/ros2pkg:/home/vlad/ros2_foxy/install/ros2node:/home/vlad/ros2_foxy/install/ros2multicast:/home/vlad/ros2_foxy/install/ros2interface:/home/vlad/ros2_foxy/install/ros2doctor:/home/vlad/ros2_foxy/install/ros2action:/home/vlad/ros2_foxy/install/ros2cli:/home/vlad/ros2_foxy/install/quality_of_service_demo_py:/home/vlad/ros2_foxy/install/launch_testing_ros:/home/vlad/ros2_foxy/install/launch_ros:/home/vlad/ros2_foxy/install/examples_rclpy_minimal_subscriber:/home/vlad/ros2_foxy/install/examples_rclpy_minimal_service:/home/vlad/ros2_foxy/install/examples_rclpy_minimal_publisher:/home/vlad/ros2_foxy/install/examples_rclpy_minimal_client:/home/vlad/ros2_foxy/install/examples_rclpy_minimal_action_server:/home/vlad/ros2_foxy/install/examples_rclpy_minimal_action_client:/home/vlad/ros2_foxy/install/examples_rclpy_executors:/home/vlad/ros2_foxy/install/demo_nodes_py:/home/vlad/ros2_foxy/install/action_tutorials_py:/home/vlad/ros2_foxy/install/ament_uncrustify:/home/vlad/ros2_foxy/install/tracetools_trace:/home/vlad/ros2_foxy/install/tracetools_read:/home/vlad/ros2_foxy/install/test_launch_ros:/home/vlad/ros2_foxy/install/rpyutils:/home/vlad/ros2_foxy/install/rosidl_runtime_py:/home/vlad/ros2_foxy/install/launch_yaml:/home/vlad/ros2_foxy/install/launch_xml:/home/vlad/ros2_foxy/install/launch_testing:/home/vlad/ros2_foxy/install/launch:/home/vlad/ros2_foxy/install/osrf_pycommon:/home/vlad/ros2_foxy/install/domain_coordinator:/home/vlad/ros2_foxy/install/ament_xmllint:/home/vlad/ros2_foxy/install/ament_pyflakes:/home/vlad/ros2_foxy/install/ament_pycodestyle:/home/vlad/ros2_foxy/install/ament_pep257:/home/vlad/ros2_foxy/install/ament_pclint:/home/vlad/ros2_foxy/install/ament_package:/home/vlad/ros2_foxy/install/ament_mypy:/home/vlad/ros2_foxy/install/ament_lint_cmake:/home/vlad/ros2_foxy/install/ament_flake8:/home/vlad/ros2_foxy/install/ament_copyright:/home/vlad/ros2_foxy/install/ament_lint:/home/vlad/ros2_foxy/install/ament_index_python:/home/vlad/ros2_foxy/install/ament_cpplint:/home/vlad/ros2_foxy/install/ament_cppcheck:/home/vlad/ros2_foxy/install/ament_clang_tidy:/home/vlad/ros2_foxy/install/ament_clang_format:/opt/ros/foxy /usr/bin/cmake --install /home/vlad/ros2_ws/build/pose_interface
