-- The C compiler identification is GNU 9.3.0
-- The CXX compiler identification is GNU 9.3.0
-- Check for working C compiler: /usr/bin/cc
-- Check for working C compiler: /usr/bin/cc -- works
-- Detecting C compiler ABI info
-- Detecting C compiler ABI info - done
-- Detecting C compile features
-- Detecting C compile features - done
-- Check for working CXX compiler: /usr/bin/c++
-- Check for working CXX compiler: /usr/bin/c++ -- works
-- Detecting CXX compiler ABI info
-- Detecting CXX compiler ABI info - done
-- Detecting CXX compile features
-- Detecting CXX compile features - done
-- Found ament_cmake: 0.9.7 (/home/vlad/ros2_foxy/install/ament_cmake/share/ament_cmake/cmake)
-- Found PythonInterp: /usr/bin/python3 (found suitable version "3.8.5", minimum required is "3") 
-- Using PYTHON_EXECUTABLE: /usr/bin/python3
-- Found rclcpp: 2.2.0 (/home/vlad/ros2_foxy/install/rclcpp/share/rclcpp/cmake)
-- Using all available rosidl_typesupport_c: rosidl_typesupport_fastrtps_c;rosidl_typesupport_introspection_c
-- Found rosidl_adapter: 1.1.0 (/home/vlad/ros2_foxy/install/rosidl_adapter/share/rosidl_adapter/cmake)
-- Found OpenSSL: /usr/lib/x86_64-linux-gnu/libcrypto.so (found version "1.1.1f")  
-- Found FastRTPS: /home/vlad/ros2_foxy/install/fastrtps/include  
-- Using all available rosidl_typesupport_cpp: rosidl_typesupport_fastrtps_cpp;rosidl_typesupport_introspection_cpp
-- Found rmw_implementation_cmake: 1.0.2 (/home/vlad/ros2_foxy/install/rmw_implementation_cmake/share/rmw_implementation_cmake/cmake)
-- Using RMW implementation 'rmw_fastrtps_cpp' as default
-- Looking for pthread.h
-- Looking for pthread.h - found
-- Performing Test CMAKE_HAVE_LIBC_PTHREAD
-- Performing Test CMAKE_HAVE_LIBC_PTHREAD - Failed
-- Looking for pthread_create in pthreads
-- Looking for pthread_create in pthreads - not found
-- Looking for pthread_create in pthread
-- Looking for pthread_create in pthread - found
-- Found Threads: TRUE  
-- Found warehouse_ros: 2.0.0 (/home/vlad/ros2_ws/install/warehouse_ros/share/warehouse_ros/cmake)
-- Found eigen3_cmake_module: 0.1.1 (/home/vlad/ros2_foxy/install/eigen3_cmake_module/share/eigen3_cmake_module/cmake)
-- Found Eigen3: TRUE (found version "3.3.7") 
-- Found Boost: /usr/lib/x86_64-linux-gnu/cmake/Boost-1.71.0/BoostConfig.cmake (found version "1.71.0") found components: system filesystem thread 
-- Found MONGODB: /usr/include, /usr/lib/x86_64-linux-gnu/libmongoclient.so
-- MONGODB using new interface: YES
-- Found MONGODB: /usr/lib/x86_64-linux-gnu/libmongoclient.so  
-- Found rclpy: 1.0.4 (/home/vlad/ros2_foxy/install/rclpy/share/rclpy/cmake)
-- Looking for C++ include mongo/version.h
-- Looking for C++ include mongo/version.h - found
-- Found launch_testing_ament_cmake: 0.10.3 (/home/vlad/ros2_foxy/install/launch_testing_ament_cmake/share/launch_testing_ament_cmake/cmake)
-- Found python_cmake_module: 0.8.0 (/home/vlad/ros2_foxy/install/python_cmake_module/share/python_cmake_module/cmake)
-- Found PythonInterp: /usr/bin/python3 (found suitable version "3.8.5", minimum required is "3.5") 
-- Found PythonLibs: /usr/lib/x86_64-linux-gnu/libpython3.8.so (found suitable version "3.8.5", minimum required is "3.5") 
-- Using PYTHON_EXECUTABLE: /usr/bin/python3
-- Using PYTHON_INCLUDE_DIRS: /usr/include/python3.8
-- Using PYTHON_LIBRARIES: /usr/lib/x86_64-linux-gnu/libpython3.8.so
-- Found PythonExtra: .so  
-- Found ament_cmake_gtest: 0.9.7 (/home/vlad/ros2_foxy/install/ament_cmake_gtest/share/ament_cmake_gtest/cmake)
-- Found gtest sources under '/home/vlad/ros2_foxy/install/gtest_vendor/src/gtest_vendor': C++ tests using 'Google Test' will be built
-- Check if compiler accepts -pthread
-- Check if compiler accepts -pthread - yes
-- Configuring done
-- Generating done
-- Build files have been written to: /home/vlad/ros2_ws/build/warehouse_ros_mongo
[35m[1mScanning dependencies of target gtest[0m
[35m[1mScanning dependencies of target warehouse_ros_mongo[0m
[35m[1mScanning dependencies of target gtest_main[0m
[ 10%] [32mBuilding CXX object gtest/CMakeFiles/gtest.dir/src/gtest-all.cc.o[0m
[ 20%] [32mBuilding CXX object gtest/CMakeFiles/gtest_main.dir/src/gtest_main.cc.o[0m
[ 30%] [32mBuilding CXX object CMakeFiles/warehouse_ros_mongo.dir/src/database_connection.cpp.o[0m
[ 40%] [32mBuilding CXX object CMakeFiles/warehouse_ros_mongo.dir/src/query_results.cpp.o[0m
[ 50%] [32mBuilding CXX object CMakeFiles/warehouse_ros_mongo.dir/src/message_collection.cpp.o[0m
[ 60%] [32m[1mLinking CXX static library libgtest_main.a[0m
[ 60%] Built target gtest_main
[ 70%] [32m[1mLinking CXX static library libgtest.a[0m
[ 80%] [32m[1mLinking CXX shared library libwarehouse_ros_mongo.so[0m
[ 80%] Built target gtest
[ 80%] Built target warehouse_ros_mongo
[35m[1mScanning dependencies of target test_warehouse_ros_mongo_cpp[0m
[ 90%] [32mBuilding CXX object CMakeFiles/test_warehouse_ros_mongo_cpp.dir/test/test_warehouse_ros_mongo.cpp.o[0m
[100%] [32m[1mLinking CXX executable test_warehouse_ros_mongo_cpp[0m
[100%] Built target test_warehouse_ros_mongo_cpp
-- Install configuration: "Release"
-- Installing: /home/vlad/ros2_ws/install/warehouse_ros_mongo/share/warehouse_ros_mongo/environment/pythonpath.sh
-- Installing: /home/vlad/ros2_ws/install/warehouse_ros_mongo/share/warehouse_ros_mongo/environment/pythonpath.dsv
-- Installing: /home/vlad/ros2_ws/install/warehouse_ros_mongo/lib/python3.8/site-packages/warehouse_ros_mongo
-- Installing: /home/vlad/ros2_ws/install/warehouse_ros_mongo/lib/python3.8/site-packages/warehouse_ros_mongo/mongo_wrapper_ros.py
-- Installing: /home/vlad/ros2_ws/install/warehouse_ros_mongo/lib/python3.8/site-packages/warehouse_ros_mongo/__init__.py
Listing '/home/vlad/ros2_ws/install/warehouse_ros_mongo/lib/python3.8/site-packages/warehouse_ros_mongo'...
Compiling '/home/vlad/ros2_ws/install/warehouse_ros_mongo/lib/python3.8/site-packages/warehouse_ros_mongo/__init__.py'...
Compiling '/home/vlad/ros2_ws/install/warehouse_ros_mongo/lib/python3.8/site-packages/warehouse_ros_mongo/mongo_wrapper_ros.py'...
-- Installing: /home/vlad/ros2_ws/install/warehouse_ros_mongo/lib/warehouse_ros_mongo/test_warehouse_ros_mongo_cpp
-- Set runtime path of "/home/vlad/ros2_ws/install/warehouse_ros_mongo/lib/warehouse_ros_mongo/test_warehouse_ros_mongo_cpp" to ""
-- Installing: /home/vlad/ros2_ws/install/warehouse_ros_mongo/lib/warehouse_ros_mongo/mongo_wrapper_ros.py
-- Installing: /home/vlad/ros2_ws/install/warehouse_ros_mongo/lib/libwarehouse_ros_mongo.so
-- Set runtime path of "/home/vlad/ros2_ws/install/warehouse_ros_mongo/lib/libwarehouse_ros_mongo.so" to ""
-- Installing: /home/vlad/ros2_ws/install/warehouse_ros_mongo/include
-- Installing: /home/vlad/ros2_ws/install/warehouse_ros_mongo/include/query_results.h
-- Installing: /home/vlad/ros2_ws/install/warehouse_ros_mongo/include/message_collection.h
-- Installing: /home/vlad/ros2_ws/install/warehouse_ros_mongo/include/metadata.h
-- Installing: /home/vlad/ros2_ws/install/warehouse_ros_mongo/include/database_connection.h
-- Installing: /home/vlad/ros2_ws/install/warehouse_ros_mongo/include/warehouse_ros_mongo/config.h
-- Installing: /home/vlad/ros2_ws/install/warehouse_ros_mongo/share/warehouse_ros_mongo/warehouse_ros_mongo.launch.py
-- Installing: /home/vlad/ros2_ws/install/warehouse_ros_mongo/share/warehouse_ros_mongo/environment/library_path.sh
-- Installing: /home/vlad/ros2_ws/install/warehouse_ros_mongo/share/warehouse_ros_mongo/environment/library_path.dsv
-- Installing: /home/vlad/ros2_ws/install/warehouse_ros_mongo/share/warehouse_ros_mongo/mongo_database_connection_plugin_description.xml
-- Installing: /home/vlad/ros2_ws/install/warehouse_ros_mongo/share/ament_index/resource_index/package_run_dependencies/warehouse_ros_mongo
-- Installing: /home/vlad/ros2_ws/install/warehouse_ros_mongo/share/ament_index/resource_index/parent_prefix_path/warehouse_ros_mongo
-- Installing: /home/vlad/ros2_ws/install/warehouse_ros_mongo/share/warehouse_ros_mongo/environment/ament_prefix_path.sh
-- Installing: /home/vlad/ros2_ws/install/warehouse_ros_mongo/share/warehouse_ros_mongo/environment/ament_prefix_path.dsv
-- Installing: /home/vlad/ros2_ws/install/warehouse_ros_mongo/share/warehouse_ros_mongo/environment/path.sh
-- Installing: /home/vlad/ros2_ws/install/warehouse_ros_mongo/share/warehouse_ros_mongo/environment/path.dsv
-- Installing: /home/vlad/ros2_ws/install/warehouse_ros_mongo/share/warehouse_ros_mongo/local_setup.bash
-- Installing: /home/vlad/ros2_ws/install/warehouse_ros_mongo/share/warehouse_ros_mongo/local_setup.sh
-- Installing: /home/vlad/ros2_ws/install/warehouse_ros_mongo/share/warehouse_ros_mongo/local_setup.zsh
-- Installing: /home/vlad/ros2_ws/install/warehouse_ros_mongo/share/warehouse_ros_mongo/local_setup.dsv
-- Installing: /home/vlad/ros2_ws/install/warehouse_ros_mongo/share/warehouse_ros_mongo/package.dsv
-- Installing: /home/vlad/ros2_ws/install/warehouse_ros_mongo/share/ament_index/resource_index/packages/warehouse_ros_mongo
-- Installing: /home/vlad/ros2_ws/install/warehouse_ros_mongo/share/ament_index/resource_index/warehouse_ros__pluginlib__plugin/warehouse_ros_mongo
-- Installing: /home/vlad/ros2_ws/install/warehouse_ros_mongo/share/warehouse_ros_mongo/cmake/ament_cmake_export_include_directories-extras.cmake
-- Installing: /home/vlad/ros2_ws/install/warehouse_ros_mongo/share/warehouse_ros_mongo/cmake/ament_cmake_export_libraries-extras.cmake
-- Installing: /home/vlad/ros2_ws/install/warehouse_ros_mongo/share/warehouse_ros_mongo/cmake/ament_cmake_export_dependencies-extras.cmake
-- Installing: /home/vlad/ros2_ws/install/warehouse_ros_mongo/share/warehouse_ros_mongo/cmake/warehouse_ros_mongoConfig.cmake
-- Installing: /home/vlad/ros2_ws/install/warehouse_ros_mongo/share/warehouse_ros_mongo/cmake/warehouse_ros_mongoConfig-version.cmake
-- Installing: /home/vlad/ros2_ws/install/warehouse_ros_mongo/share/warehouse_ros_mongo/package.xml
