[35m[1mScanning dependencies of target moveit_warehouse[0m
[  5%] [32mBuilding CXX object warehouse/CMakeFiles/moveit_warehouse.dir/src/moveit_message_storage.cpp.o[0m
[ 10%] [32mBuilding CXX object warehouse/CMakeFiles/moveit_warehouse.dir/src/planning_scene_world_storage.cpp.o[0m
[ 15%] [32mBuilding CXX object warehouse/CMakeFiles/moveit_warehouse.dir/src/constraints_storage.cpp.o[0m
[ 20%] [32mBuilding CXX object warehouse/CMakeFiles/moveit_warehouse.dir/src/planning_scene_storage.cpp.o[0m
[ 25%] [32mBuilding CXX object warehouse/CMakeFiles/moveit_warehouse.dir/src/state_storage.cpp.o[0m
[ 30%] [32mBuilding CXX object warehouse/CMakeFiles/moveit_warehouse.dir/src/warehouse_connector.cpp.o[0m
[ 35%] [32mBuilding CXX object warehouse/CMakeFiles/moveit_warehouse.dir/src/trajectory_constraints_storage.cpp.o[0m
[ 40%] [32m[1mLinking CXX shared library libmoveit_warehouse.so[0m
[ 40%] Built target moveit_warehouse
[35m[1mScanning dependencies of target moveit_warehouse_save_as_text[0m
[ 45%] [32mBuilding CXX object warehouse/CMakeFiles/moveit_warehouse_save_as_text.dir/src/save_as_text.cpp.o[0m
[ 50%] [32m[1mLinking CXX executable moveit_warehouse_save_as_text[0m
[ 50%] Built target moveit_warehouse_save_as_text
[35m[1mScanning dependencies of target moveit_warehouse_services[0m
[ 55%] [32mBuilding CXX object warehouse/CMakeFiles/moveit_warehouse_services.dir/src/warehouse_services.cpp.o[0m
[ 60%] [32m[1mLinking CXX executable moveit_warehouse_services[0m
[ 60%] Built target moveit_warehouse_services
[35m[1mScanning dependencies of target moveit_init_demo_warehouse[0m
[ 65%] [32mBuilding CXX object warehouse/CMakeFiles/moveit_init_demo_warehouse.dir/src/initialize_demo_db.cpp.o[0m
[ 70%] [32m[1mLinking CXX executable moveit_init_demo_warehouse[0m
[ 70%] Built target moveit_init_demo_warehouse
[35m[1mScanning dependencies of target moveit_warehouse_broadcast[0m
[35m[1mScanning dependencies of target moveit_warehouse_import_from_text[0m
[35m[1mScanning dependencies of target moveit_save_to_warehouse[0m
[ 75%] [32mBuilding CXX object warehouse/CMakeFiles/moveit_warehouse_broadcast.dir/src/broadcast.cpp.o[0m
[ 80%] [32mBuilding CXX object warehouse/CMakeFiles/moveit_save_to_warehouse.dir/src/save_to_warehouse.cpp.o[0m
[ 85%] [32mBuilding CXX object warehouse/CMakeFiles/moveit_warehouse_import_from_text.dir/src/import_from_text.cpp.o[0m
[ 90%] [32m[1mLinking CXX executable moveit_warehouse_broadcast[0m
[ 95%] [32m[1mLinking CXX executable moveit_warehouse_import_from_text[0m
[ 95%] Built target moveit_warehouse_broadcast
[ 95%] Built target moveit_warehouse_import_from_text
[100%] [32m[1mLinking CXX executable moveit_save_to_warehouse[0m
[100%] Built target moveit_save_to_warehouse
-- Install configuration: "Release"
-- Up-to-date: /home/vlad/ros2_ws/install/moveit_ros_warehouse/share/moveit_ros_warehouse/environment/library_path.sh
-- Up-to-date: /home/vlad/ros2_ws/install/moveit_ros_warehouse/share/moveit_ros_warehouse/environment/library_path.dsv
-- Up-to-date: /home/vlad/ros2_ws/install/moveit_ros_warehouse/share/ament_index/resource_index/package_run_dependencies/moveit_ros_warehouse
-- Up-to-date: /home/vlad/ros2_ws/install/moveit_ros_warehouse/share/ament_index/resource_index/parent_prefix_path/moveit_ros_warehouse
-- Up-to-date: /home/vlad/ros2_ws/install/moveit_ros_warehouse/share/moveit_ros_warehouse/environment/ament_prefix_path.dsv
-- Up-to-date: /home/vlad/ros2_ws/install/moveit_ros_warehouse/share/moveit_ros_warehouse/environment/path.dsv
-- Up-to-date: /home/vlad/ros2_ws/install/moveit_ros_warehouse/share/moveit_ros_warehouse/local_setup.bash
-- Up-to-date: /home/vlad/ros2_ws/install/moveit_ros_warehouse/share/moveit_ros_warehouse/local_setup.sh
-- Up-to-date: /home/vlad/ros2_ws/install/moveit_ros_warehouse/share/moveit_ros_warehouse/local_setup.zsh
-- Up-to-date: /home/vlad/ros2_ws/install/moveit_ros_warehouse/share/moveit_ros_warehouse/local_setup.dsv
-- Installing: /home/vlad/ros2_ws/install/moveit_ros_warehouse/share/moveit_ros_warehouse/package.dsv
-- Up-to-date: /home/vlad/ros2_ws/install/moveit_ros_warehouse/share/ament_index/resource_index/packages/moveit_ros_warehouse
-- Up-to-date: /home/vlad/ros2_ws/install/moveit_ros_warehouse/share/moveit_ros_warehouse/cmake/ament_cmake_export_include_directories-extras.cmake
-- Up-to-date: /home/vlad/ros2_ws/install/moveit_ros_warehouse/share/moveit_ros_warehouse/cmake/ament_cmake_export_libraries-extras.cmake
-- Up-to-date: /home/vlad/ros2_ws/install/moveit_ros_warehouse/share/moveit_ros_warehouse/cmake/ament_cmake_export_dependencies-extras.cmake
-- Up-to-date: /home/vlad/ros2_ws/install/moveit_ros_warehouse/share/moveit_ros_warehouse/cmake/moveit_ros_warehouseConfig.cmake
-- Up-to-date: /home/vlad/ros2_ws/install/moveit_ros_warehouse/share/moveit_ros_warehouse/cmake/moveit_ros_warehouseConfig-version.cmake
-- Up-to-date: /home/vlad/ros2_ws/install/moveit_ros_warehouse/share/moveit_ros_warehouse/package.xml
-- Installing: /home/vlad/ros2_ws/install/moveit_ros_warehouse/lib/libmoveit_warehouse.so.
-- Set runtime path of "/home/vlad/ros2_ws/install/moveit_ros_warehouse/lib/libmoveit_warehouse.so." to ""
-- Up-to-date: /home/vlad/ros2_ws/install/moveit_ros_warehouse/lib/libmoveit_warehouse.so
-- Installing: /home/vlad/ros2_ws/install/moveit_ros_warehouse/lib/moveit_ros_warehouse/moveit_save_to_warehouse
-- Set runtime path of "/home/vlad/ros2_ws/install/moveit_ros_warehouse/lib/moveit_ros_warehouse/moveit_save_to_warehouse" to ""
-- Installing: /home/vlad/ros2_ws/install/moveit_ros_warehouse/lib/moveit_ros_warehouse/moveit_warehouse_broadcast
-- Set runtime path of "/home/vlad/ros2_ws/install/moveit_ros_warehouse/lib/moveit_ros_warehouse/moveit_warehouse_broadcast" to ""
-- Installing: /home/vlad/ros2_ws/install/moveit_ros_warehouse/lib/moveit_ros_warehouse/moveit_warehouse_import_from_text
-- Set runtime path of "/home/vlad/ros2_ws/install/moveit_ros_warehouse/lib/moveit_ros_warehouse/moveit_warehouse_import_from_text" to ""
-- Installing: /home/vlad/ros2_ws/install/moveit_ros_warehouse/lib/moveit_ros_warehouse/moveit_warehouse_save_as_text
-- Set runtime path of "/home/vlad/ros2_ws/install/moveit_ros_warehouse/lib/moveit_ros_warehouse/moveit_warehouse_save_as_text" to ""
-- Installing: /home/vlad/ros2_ws/install/moveit_ros_warehouse/lib/moveit_ros_warehouse/moveit_init_demo_warehouse
-- Set runtime path of "/home/vlad/ros2_ws/install/moveit_ros_warehouse/lib/moveit_ros_warehouse/moveit_init_demo_warehouse" to ""
-- Installing: /home/vlad/ros2_ws/install/moveit_ros_warehouse/lib/moveit_ros_warehouse/moveit_warehouse_services
-- Set runtime path of "/home/vlad/ros2_ws/install/moveit_ros_warehouse/lib/moveit_ros_warehouse/moveit_warehouse_services" to ""
-- Up-to-date: /home/vlad/ros2_ws/install/moveit_ros_warehouse/include
-- Up-to-date: /home/vlad/ros2_ws/install/moveit_ros_warehouse/include/moveit
-- Up-to-date: /home/vlad/ros2_ws/install/moveit_ros_warehouse/include/moveit/warehouse
-- Up-to-date: /home/vlad/ros2_ws/install/moveit_ros_warehouse/include/moveit/warehouse/trajectory_constraints_storage.h
-- Up-to-date: /home/vlad/ros2_ws/install/moveit_ros_warehouse/include/moveit/warehouse/moveit_message_storage.h
-- Up-to-date: /home/vlad/ros2_ws/install/moveit_ros_warehouse/include/moveit/warehouse/planning_scene_storage.h
-- Up-to-date: /home/vlad/ros2_ws/install/moveit_ros_warehouse/include/moveit/warehouse/planning_scene_world_storage.h
-- Up-to-date: /home/vlad/ros2_ws/install/moveit_ros_warehouse/include/moveit/warehouse/state_storage.h
-- Up-to-date: /home/vlad/ros2_ws/install/moveit_ros_warehouse/include/moveit/warehouse/constraints_storage.h
-- Up-to-date: /home/vlad/ros2_ws/install/moveit_ros_warehouse/include/moveit/warehouse/warehouse_connector.h
