-- Found ament_cmake: 0.9.7 (/home/vlad/ros2_foxy/install/ament_cmake/share/ament_cmake/cmake)
-- Using PYTHON_EXECUTABLE: /usr/bin/python3
-- Found hardware_interface: 0.0.0 (/home/vlad/ros2_ws/install/hardware_interface/share/hardware_interface/cmake)
-- Using all available rosidl_typesupport_c: rosidl_typesupport_introspection_c;rosidl_typesupport_fastrtps_c
-- Found rosidl_adapter: 1.1.0 (/home/vlad/ros2_foxy/install/rosidl_adapter/share/rosidl_adapter/cmake)
-- Using all available rosidl_typesupport_cpp: rosidl_typesupport_introspection_cpp;rosidl_typesupport_fastrtps_cpp
-- Found rmw_implementation_cmake: 1.0.2 (/home/vlad/ros2_foxy/install/rmw_implementation_cmake/share/rmw_implementation_cmake/cmake)
-- Using RMW implementation 'rmw_fastrtps_cpp' as default
-- Found rclcpp_lifecycle: 2.2.0 (/home/vlad/ros2_foxy/install/rclcpp_lifecycle/share/rclcpp_lifecycle/cmake)
-- Found ament_lint_auto: 0.9.5 (/home/vlad/ros2_foxy/install/ament_lint_auto/share/ament_lint_auto/cmake)
-- Added test 'copyright' to check source files copyright and LICENSE
-- Added test 'cppcheck' to perform static code analysis on C / C++ code
-- Configured cppcheck include dirs: /home/vlad/ros2_ws/src/ros2_control/controller_interface/include
-- Configured cppcheck exclude dirs and/or files: 
-- Added test 'cpplint' to check C / C++ code against the Google style
-- Configured cpplint exclude dirs and/or files: 
-- Added test 'lint_cmake' to check CMake code style
-- Added test 'uncrustify' to check C / C++ code style
-- Configured uncrustify additional arguments: 
-- Added test 'xmllint' to check XML markup files
-- Configuring done
-- Generating done
-- Build files have been written to: /home/vlad/ros2_ws/build/controller_interface
[35m[1mScanning dependencies of target controller_interface[0m
[ 50%] [32mBuilding CXX object CMakeFiles/controller_interface.dir/src/controller_interface.cpp.o[0m
[100%] [32m[1mLinking CXX shared library libcontroller_interface.so[0m
[100%] Built target controller_interface
-- Install configuration: "Release"
-- Up-to-date: /home/vlad/ros2_ws/install/controller_interface/include
-- Up-to-date: /home/vlad/ros2_ws/install/controller_interface/include/controller_interface
-- Up-to-date: /home/vlad/ros2_ws/install/controller_interface/include/controller_interface/visibility_control.h
-- Up-to-date: /home/vlad/ros2_ws/install/controller_interface/include/controller_interface/controller_interface.hpp
-- Installing: /home/vlad/ros2_ws/install/controller_interface/lib/libcontroller_interface.so
-- Set runtime path of "/home/vlad/ros2_ws/install/controller_interface/lib/libcontroller_interface.so" to ""
-- Installing: /home/vlad/ros2_ws/install/controller_interface/share/controller_interface/environment/library_path.sh
-- Installing: /home/vlad/ros2_ws/install/controller_interface/share/controller_interface/environment/library_path.dsv
-- Up-to-date: /home/vlad/ros2_ws/install/controller_interface/share/ament_index/resource_index/package_run_dependencies/controller_interface
-- Installing: /home/vlad/ros2_ws/install/controller_interface/share/ament_index/resource_index/parent_prefix_path/controller_interface
-- Installing: /home/vlad/ros2_ws/install/controller_interface/share/controller_interface/environment/ament_prefix_path.dsv
-- Installing: /home/vlad/ros2_ws/install/controller_interface/share/controller_interface/environment/path.dsv
-- Up-to-date: /home/vlad/ros2_ws/install/controller_interface/share/controller_interface/local_setup.bash
-- Up-to-date: /home/vlad/ros2_ws/install/controller_interface/share/controller_interface/local_setup.sh
-- Up-to-date: /home/vlad/ros2_ws/install/controller_interface/share/controller_interface/local_setup.zsh
-- Installing: /home/vlad/ros2_ws/install/controller_interface/share/controller_interface/local_setup.dsv
-- Installing: /home/vlad/ros2_ws/install/controller_interface/share/controller_interface/package.dsv
-- Up-to-date: /home/vlad/ros2_ws/install/controller_interface/share/ament_index/resource_index/packages/controller_interface
-- Up-to-date: /home/vlad/ros2_ws/install/controller_interface/share/controller_interface/cmake/ament_cmake_export_dependencies-extras.cmake
-- Up-to-date: /home/vlad/ros2_ws/install/controller_interface/share/controller_interface/cmake/ament_cmake_export_include_directories-extras.cmake
-- Up-to-date: /home/vlad/ros2_ws/install/controller_interface/share/controller_interface/cmake/ament_cmake_export_libraries-extras.cmake
-- Up-to-date: /home/vlad/ros2_ws/install/controller_interface/share/controller_interface/cmake/controller_interfaceConfig.cmake
-- Up-to-date: /home/vlad/ros2_ws/install/controller_interface/share/controller_interface/cmake/controller_interfaceConfig-version.cmake
-- Up-to-date: /home/vlad/ros2_ws/install/controller_interface/share/controller_interface/package.xml
