running egg_info
writing ../../build/tfpose_ros2/tf_pose.egg-info/PKG-INFO
writing dependency_links to ../../build/tfpose_ros2/tf_pose.egg-info/dependency_links.txt
writing requirements to ../../build/tfpose_ros2/tf_pose.egg-info/requires.txt
writing top-level names to ../../build/tfpose_ros2/tf_pose.egg-info/top_level.txt
reading manifest file '../../build/tfpose_ros2/tf_pose.egg-info/SOURCES.txt'
writing manifest file '../../build/tfpose_ros2/tf_pose.egg-info/SOURCES.txt'
running build
running build_py
creating /home/vlad/ros2_ws/build/tfpose_ros2/build/lib.linux-x86_64-3.8/tfpose_ros2
copying tfpose_ros2/__init__.py -> /home/vlad/ros2_ws/build/tfpose_ros2/build/lib.linux-x86_64-3.8/tfpose_ros2
copying tfpose_ros2/network_cmu.py -> /home/vlad/ros2_ws/build/tfpose_ros2/build/lib.linux-x86_64-3.8/tfpose_ros2
copying tfpose_ros2/common.py -> /home/vlad/ros2_ws/build/tfpose_ros2/build/lib.linux-x86_64-3.8/tfpose_ros2
copying tfpose_ros2/eval.py -> /home/vlad/ros2_ws/build/tfpose_ros2/build/lib.linux-x86_64-3.8/tfpose_ros2
copying tfpose_ros2/pose_dataset.py -> /home/vlad/ros2_ws/build/tfpose_ros2/build/lib.linux-x86_64-3.8/tfpose_ros2
copying tfpose_ros2/pystopwatch.py -> /home/vlad/ros2_ws/build/tfpose_ros2/build/lib.linux-x86_64-3.8/tfpose_ros2
copying tfpose_ros2/network_mobilenet_v2.py -> /home/vlad/ros2_ws/build/tfpose_ros2/build/lib.linux-x86_64-3.8/tfpose_ros2
copying tfpose_ros2/network_base.py -> /home/vlad/ros2_ws/build/tfpose_ros2/build/lib.linux-x86_64-3.8/tfpose_ros2
copying tfpose_ros2/train.py -> /home/vlad/ros2_ws/build/tfpose_ros2/build/lib.linux-x86_64-3.8/tfpose_ros2
copying tfpose_ros2/network_mobilenet_thin.py -> /home/vlad/ros2_ws/build/tfpose_ros2/build/lib.linux-x86_64-3.8/tfpose_ros2
copying tfpose_ros2/estimator.py -> /home/vlad/ros2_ws/build/tfpose_ros2/build/lib.linux-x86_64-3.8/tfpose_ros2
copying tfpose_ros2/runner.py -> /home/vlad/ros2_ws/build/tfpose_ros2/build/lib.linux-x86_64-3.8/tfpose_ros2
copying tfpose_ros2/datum_pb2.py -> /home/vlad/ros2_ws/build/tfpose_ros2/build/lib.linux-x86_64-3.8/tfpose_ros2
copying tfpose_ros2/network_dsconv.py -> /home/vlad/ros2_ws/build/tfpose_ros2/build/lib.linux-x86_64-3.8/tfpose_ros2
copying tfpose_ros2/network_mobilenet.py -> /home/vlad/ros2_ws/build/tfpose_ros2/build/lib.linux-x86_64-3.8/tfpose_ros2
copying tfpose_ros2/pose_augment.py -> /home/vlad/ros2_ws/build/tfpose_ros2/build/lib.linux-x86_64-3.8/tfpose_ros2
copying tfpose_ros2/networks.py -> /home/vlad/ros2_ws/build/tfpose_ros2/build/lib.linux-x86_64-3.8/tfpose_ros2
creating /home/vlad/ros2_ws/build/tfpose_ros2/build/lib.linux-x86_64-3.8/tfpose_ros2/mobilenet
copying tfpose_ros2/mobilenet/__init__.py -> /home/vlad/ros2_ws/build/tfpose_ros2/build/lib.linux-x86_64-3.8/tfpose_ros2/mobilenet
copying tfpose_ros2/mobilenet/mobilenet.py -> /home/vlad/ros2_ws/build/tfpose_ros2/build/lib.linux-x86_64-3.8/tfpose_ros2/mobilenet
copying tfpose_ros2/mobilenet/mobilenet_v2.py -> /home/vlad/ros2_ws/build/tfpose_ros2/build/lib.linux-x86_64-3.8/tfpose_ros2/mobilenet
copying tfpose_ros2/mobilenet/conv_blocks.py -> /home/vlad/ros2_ws/build/tfpose_ros2/build/lib.linux-x86_64-3.8/tfpose_ros2/mobilenet
creating /home/vlad/ros2_ws/build/tfpose_ros2/build/lib.linux-x86_64-3.8/tfpose_ros2/tensblur
copying tfpose_ros2/tensblur/__init__.py -> /home/vlad/ros2_ws/build/tfpose_ros2/build/lib.linux-x86_64-3.8/tfpose_ros2/tensblur
copying tfpose_ros2/tensblur/smoother.py -> /home/vlad/ros2_ws/build/tfpose_ros2/build/lib.linux-x86_64-3.8/tfpose_ros2/tensblur
creating /home/vlad/ros2_ws/build/tfpose_ros2/build/lib.linux-x86_64-3.8/tfpose_ros2/pafprocess
copying tfpose_ros2/pafprocess/__init__.py -> /home/vlad/ros2_ws/build/tfpose_ros2/build/lib.linux-x86_64-3.8/tfpose_ros2/pafprocess
copying tfpose_ros2/pafprocess/setup.py -> /home/vlad/ros2_ws/build/tfpose_ros2/build/lib.linux-x86_64-3.8/tfpose_ros2/pafprocess
copying tfpose_ros2/pafprocess/pafprocess.py -> /home/vlad/ros2_ws/build/tfpose_ros2/build/lib.linux-x86_64-3.8/tfpose_ros2/pafprocess
creating /home/vlad/ros2_ws/build/tfpose_ros2/build/lib.linux-x86_64-3.8/tfpose_ros2/slidingwindow
copying tfpose_ros2/slidingwindow/__init__.py -> /home/vlad/ros2_ws/build/tfpose_ros2/build/lib.linux-x86_64-3.8/tfpose_ros2/slidingwindow
copying tfpose_ros2/slidingwindow/Batching.py -> /home/vlad/ros2_ws/build/tfpose_ros2/build/lib.linux-x86_64-3.8/tfpose_ros2/slidingwindow
copying tfpose_ros2/slidingwindow/ArrayUtils.py -> /home/vlad/ros2_ws/build/tfpose_ros2/build/lib.linux-x86_64-3.8/tfpose_ros2/slidingwindow
copying tfpose_ros2/slidingwindow/Merging.py -> /home/vlad/ros2_ws/build/tfpose_ros2/build/lib.linux-x86_64-3.8/tfpose_ros2/slidingwindow
copying tfpose_ros2/slidingwindow/RectangleUtils.py -> /home/vlad/ros2_ws/build/tfpose_ros2/build/lib.linux-x86_64-3.8/tfpose_ros2/slidingwindow
copying tfpose_ros2/slidingwindow/SlidingWindow.py -> /home/vlad/ros2_ws/build/tfpose_ros2/build/lib.linux-x86_64-3.8/tfpose_ros2/slidingwindow
copying tfpose_ros2/slidingwindow/WindowDistance.py -> /home/vlad/ros2_ws/build/tfpose_ros2/build/lib.linux-x86_64-3.8/tfpose_ros2/slidingwindow
running build_ext
building '_pafprocess' extension
creating /home/vlad/ros2_ws/build/tfpose_ros2/build/temp.linux-x86_64-3.8/tfpose_ros2
creating /home/vlad/ros2_ws/build/tfpose_ros2/build/temp.linux-x86_64-3.8/tfpose_ros2/pafprocess
x86_64-linux-gnu-gcc -pthread -Wno-unused-result -Wsign-compare -DNDEBUG -g -fwrapv -O2 -Wall -g -fstack-protector-strong -Wformat -Werror=format-security -g -fwrapv -O2 -g -fstack-protector-strong -Wformat -Werror=format-security -Wdate-time -D_FORTIFY_SOURCE=2 -fPIC -I/home/vlad/.local/lib/python3.8/site-packages/numpy/core/include -I/usr/include/python3.8 -c tfpose_ros2/pafprocess/pafprocess_wrap.cpp -o /home/vlad/ros2_ws/build/tfpose_ros2/build/temp.linux-x86_64-3.8/tfpose_ros2/pafprocess/pafprocess_wrap.o
x86_64-linux-gnu-gcc -pthread -Wno-unused-result -Wsign-compare -DNDEBUG -g -fwrapv -O2 -Wall -g -fstack-protector-strong -Wformat -Werror=format-security -g -fwrapv -O2 -g -fstack-protector-strong -Wformat -Werror=format-security -Wdate-time -D_FORTIFY_SOURCE=2 -fPIC -I/home/vlad/.local/lib/python3.8/site-packages/numpy/core/include -I/usr/include/python3.8 -c tfpose_ros2/pafprocess/pafprocess.cpp -o /home/vlad/ros2_ws/build/tfpose_ros2/build/temp.linux-x86_64-3.8/tfpose_ros2/pafprocess/pafprocess.o
x86_64-linux-gnu-g++ -pthread -shared -Wl,-O1 -Wl,-Bsymbolic-functions -Wl,-Bsymbolic-functions -Wl,-z,relro -g -fwrapv -O2 -Wl,-Bsymbolic-functions -Wl,-z,relro -g -fwrapv -O2 -g -fstack-protector-strong -Wformat -Werror=format-security -Wdate-time -D_FORTIFY_SOURCE=2 /home/vlad/ros2_ws/build/tfpose_ros2/build/temp.linux-x86_64-3.8/tfpose_ros2/pafprocess/pafprocess_wrap.o /home/vlad/ros2_ws/build/tfpose_ros2/build/temp.linux-x86_64-3.8/tfpose_ros2/pafprocess/pafprocess.o -o /home/vlad/ros2_ws/build/tfpose_ros2/build/lib.linux-x86_64-3.8/_pafprocess.cpython-38-x86_64-linux-gnu.so
running install
running install_lib
creating /home/vlad/ros2_ws/install/tfpose_ros2/lib/python3.8/site-packages/tfpose_ros2
copying /home/vlad/ros2_ws/build/tfpose_ros2/build/lib.linux-x86_64-3.8/tfpose_ros2/__init__.py -> /home/vlad/ros2_ws/install/tfpose_ros2/lib/python3.8/site-packages/tfpose_ros2
copying /home/vlad/ros2_ws/build/tfpose_ros2/build/lib.linux-x86_64-3.8/tfpose_ros2/network_cmu.py -> /home/vlad/ros2_ws/install/tfpose_ros2/lib/python3.8/site-packages/tfpose_ros2
copying /home/vlad/ros2_ws/build/tfpose_ros2/build/lib.linux-x86_64-3.8/tfpose_ros2/common.py -> /home/vlad/ros2_ws/install/tfpose_ros2/lib/python3.8/site-packages/tfpose_ros2
copying /home/vlad/ros2_ws/build/tfpose_ros2/build/lib.linux-x86_64-3.8/tfpose_ros2/eval.py -> /home/vlad/ros2_ws/install/tfpose_ros2/lib/python3.8/site-packages/tfpose_ros2
copying /home/vlad/ros2_ws/build/tfpose_ros2/build/lib.linux-x86_64-3.8/tfpose_ros2/pose_dataset.py -> /home/vlad/ros2_ws/install/tfpose_ros2/lib/python3.8/site-packages/tfpose_ros2
creating /home/vlad/ros2_ws/install/tfpose_ros2/lib/python3.8/site-packages/tfpose_ros2/mobilenet
copying /home/vlad/ros2_ws/build/tfpose_ros2/build/lib.linux-x86_64-3.8/tfpose_ros2/mobilenet/__init__.py -> /home/vlad/ros2_ws/install/tfpose_ros2/lib/python3.8/site-packages/tfpose_ros2/mobilenet
copying /home/vlad/ros2_ws/build/tfpose_ros2/build/lib.linux-x86_64-3.8/tfpose_ros2/mobilenet/mobilenet.py -> /home/vlad/ros2_ws/install/tfpose_ros2/lib/python3.8/site-packages/tfpose_ros2/mobilenet
copying /home/vlad/ros2_ws/build/tfpose_ros2/build/lib.linux-x86_64-3.8/tfpose_ros2/mobilenet/mobilenet_v2.py -> /home/vlad/ros2_ws/install/tfpose_ros2/lib/python3.8/site-packages/tfpose_ros2/mobilenet
copying /home/vlad/ros2_ws/build/tfpose_ros2/build/lib.linux-x86_64-3.8/tfpose_ros2/mobilenet/conv_blocks.py -> /home/vlad/ros2_ws/install/tfpose_ros2/lib/python3.8/site-packages/tfpose_ros2/mobilenet
creating /home/vlad/ros2_ws/install/tfpose_ros2/lib/python3.8/site-packages/tfpose_ros2/tensblur
copying /home/vlad/ros2_ws/build/tfpose_ros2/build/lib.linux-x86_64-3.8/tfpose_ros2/tensblur/__init__.py -> /home/vlad/ros2_ws/install/tfpose_ros2/lib/python3.8/site-packages/tfpose_ros2/tensblur
copying /home/vlad/ros2_ws/build/tfpose_ros2/build/lib.linux-x86_64-3.8/tfpose_ros2/tensblur/smoother.py -> /home/vlad/ros2_ws/install/tfpose_ros2/lib/python3.8/site-packages/tfpose_ros2/tensblur
copying /home/vlad/ros2_ws/build/tfpose_ros2/build/lib.linux-x86_64-3.8/tfpose_ros2/pystopwatch.py -> /home/vlad/ros2_ws/install/tfpose_ros2/lib/python3.8/site-packages/tfpose_ros2
copying /home/vlad/ros2_ws/build/tfpose_ros2/build/lib.linux-x86_64-3.8/tfpose_ros2/network_mobilenet_v2.py -> /home/vlad/ros2_ws/install/tfpose_ros2/lib/python3.8/site-packages/tfpose_ros2
creating /home/vlad/ros2_ws/install/tfpose_ros2/lib/python3.8/site-packages/tfpose_ros2/pafprocess
copying /home/vlad/ros2_ws/build/tfpose_ros2/build/lib.linux-x86_64-3.8/tfpose_ros2/pafprocess/__init__.py -> /home/vlad/ros2_ws/install/tfpose_ros2/lib/python3.8/site-packages/tfpose_ros2/pafprocess
copying /home/vlad/ros2_ws/build/tfpose_ros2/build/lib.linux-x86_64-3.8/tfpose_ros2/pafprocess/setup.py -> /home/vlad/ros2_ws/install/tfpose_ros2/lib/python3.8/site-packages/tfpose_ros2/pafprocess
copying /home/vlad/ros2_ws/build/tfpose_ros2/build/lib.linux-x86_64-3.8/tfpose_ros2/pafprocess/pafprocess.py -> /home/vlad/ros2_ws/install/tfpose_ros2/lib/python3.8/site-packages/tfpose_ros2/pafprocess
copying /home/vlad/ros2_ws/build/tfpose_ros2/build/lib.linux-x86_64-3.8/tfpose_ros2/network_base.py -> /home/vlad/ros2_ws/install/tfpose_ros2/lib/python3.8/site-packages/tfpose_ros2
copying /home/vlad/ros2_ws/build/tfpose_ros2/build/lib.linux-x86_64-3.8/tfpose_ros2/train.py -> /home/vlad/ros2_ws/install/tfpose_ros2/lib/python3.8/site-packages/tfpose_ros2
creating /home/vlad/ros2_ws/install/tfpose_ros2/lib/python3.8/site-packages/tfpose_ros2/slidingwindow
copying /home/vlad/ros2_ws/build/tfpose_ros2/build/lib.linux-x86_64-3.8/tfpose_ros2/slidingwindow/__init__.py -> /home/vlad/ros2_ws/install/tfpose_ros2/lib/python3.8/site-packages/tfpose_ros2/slidingwindow
copying /home/vlad/ros2_ws/build/tfpose_ros2/build/lib.linux-x86_64-3.8/tfpose_ros2/slidingwindow/Batching.py -> /home/vlad/ros2_ws/install/tfpose_ros2/lib/python3.8/site-packages/tfpose_ros2/slidingwindow
copying /home/vlad/ros2_ws/build/tfpose_ros2/build/lib.linux-x86_64-3.8/tfpose_ros2/slidingwindow/ArrayUtils.py -> /home/vlad/ros2_ws/install/tfpose_ros2/lib/python3.8/site-packages/tfpose_ros2/slidingwindow
copying /home/vlad/ros2_ws/build/tfpose_ros2/build/lib.linux-x86_64-3.8/tfpose_ros2/slidingwindow/Merging.py -> /home/vlad/ros2_ws/install/tfpose_ros2/lib/python3.8/site-packages/tfpose_ros2/slidingwindow
copying /home/vlad/ros2_ws/build/tfpose_ros2/build/lib.linux-x86_64-3.8/tfpose_ros2/slidingwindow/RectangleUtils.py -> /home/vlad/ros2_ws/install/tfpose_ros2/lib/python3.8/site-packages/tfpose_ros2/slidingwindow
copying /home/vlad/ros2_ws/build/tfpose_ros2/build/lib.linux-x86_64-3.8/tfpose_ros2/slidingwindow/SlidingWindow.py -> /home/vlad/ros2_ws/install/tfpose_ros2/lib/python3.8/site-packages/tfpose_ros2/slidingwindow
copying /home/vlad/ros2_ws/build/tfpose_ros2/build/lib.linux-x86_64-3.8/tfpose_ros2/slidingwindow/WindowDistance.py -> /home/vlad/ros2_ws/install/tfpose_ros2/lib/python3.8/site-packages/tfpose_ros2/slidingwindow
copying /home/vlad/ros2_ws/build/tfpose_ros2/build/lib.linux-x86_64-3.8/tfpose_ros2/network_mobilenet_thin.py -> /home/vlad/ros2_ws/install/tfpose_ros2/lib/python3.8/site-packages/tfpose_ros2
copying /home/vlad/ros2_ws/build/tfpose_ros2/build/lib.linux-x86_64-3.8/tfpose_ros2/estimator.py -> /home/vlad/ros2_ws/install/tfpose_ros2/lib/python3.8/site-packages/tfpose_ros2
copying /home/vlad/ros2_ws/build/tfpose_ros2/build/lib.linux-x86_64-3.8/tfpose_ros2/runner.py -> /home/vlad/ros2_ws/install/tfpose_ros2/lib/python3.8/site-packages/tfpose_ros2
copying /home/vlad/ros2_ws/build/tfpose_ros2/build/lib.linux-x86_64-3.8/tfpose_ros2/datum_pb2.py -> /home/vlad/ros2_ws/install/tfpose_ros2/lib/python3.8/site-packages/tfpose_ros2
copying /home/vlad/ros2_ws/build/tfpose_ros2/build/lib.linux-x86_64-3.8/tfpose_ros2/network_dsconv.py -> /home/vlad/ros2_ws/install/tfpose_ros2/lib/python3.8/site-packages/tfpose_ros2
copying /home/vlad/ros2_ws/build/tfpose_ros2/build/lib.linux-x86_64-3.8/tfpose_ros2/network_mobilenet.py -> /home/vlad/ros2_ws/install/tfpose_ros2/lib/python3.8/site-packages/tfpose_ros2
copying /home/vlad/ros2_ws/build/tfpose_ros2/build/lib.linux-x86_64-3.8/tfpose_ros2/pose_augment.py -> /home/vlad/ros2_ws/install/tfpose_ros2/lib/python3.8/site-packages/tfpose_ros2
copying /home/vlad/ros2_ws/build/tfpose_ros2/build/lib.linux-x86_64-3.8/tfpose_ros2/networks.py -> /home/vlad/ros2_ws/install/tfpose_ros2/lib/python3.8/site-packages/tfpose_ros2
creating /home/vlad/ros2_ws/install/tfpose_ros2/lib/python3.8/site-packages/tf_pose_data
copying /home/vlad/ros2_ws/build/tfpose_ros2/build/lib.linux-x86_64-3.8/tf_pose_data/__init__.py -> /home/vlad/ros2_ws/install/tfpose_ros2/lib/python3.8/site-packages/tf_pose_data
creating /home/vlad/ros2_ws/install/tfpose_ros2/lib/python3.8/site-packages/tf_pose_data/graph
creating /home/vlad/ros2_ws/install/tfpose_ros2/lib/python3.8/site-packages/tf_pose_data/graph/cmu
copying /home/vlad/ros2_ws/build/tfpose_ros2/build/lib.linux-x86_64-3.8/tf_pose_data/graph/cmu/graph_opt.pb -> /home/vlad/ros2_ws/install/tfpose_ros2/lib/python3.8/site-packages/tf_pose_data/graph/cmu
creating /home/vlad/ros2_ws/install/tfpose_ros2/lib/python3.8/site-packages/tf_pose_data/graph/mobilenet_thin
copying /home/vlad/ros2_ws/build/tfpose_ros2/build/lib.linux-x86_64-3.8/tf_pose_data/graph/mobilenet_thin/graph_opt.pb -> /home/vlad/ros2_ws/install/tfpose_ros2/lib/python3.8/site-packages/tf_pose_data/graph/mobilenet_thin
copying /home/vlad/ros2_ws/build/tfpose_ros2/build/lib.linux-x86_64-3.8/_pafprocess.cpython-38-x86_64-linux-gnu.so -> /home/vlad/ros2_ws/install/tfpose_ros2/lib/python3.8/site-packages
byte-compiling /home/vlad/ros2_ws/install/tfpose_ros2/lib/python3.8/site-packages/tfpose_ros2/__init__.py to __init__.cpython-38.pyc
byte-compiling /home/vlad/ros2_ws/install/tfpose_ros2/lib/python3.8/site-packages/tfpose_ros2/network_cmu.py to network_cmu.cpython-38.pyc
byte-compiling /home/vlad/ros2_ws/install/tfpose_ros2/lib/python3.8/site-packages/tfpose_ros2/common.py to common.cpython-38.pyc
byte-compiling /home/vlad/ros2_ws/install/tfpose_ros2/lib/python3.8/site-packages/tfpose_ros2/eval.py to eval.cpython-38.pyc
byte-compiling /home/vlad/ros2_ws/install/tfpose_ros2/lib/python3.8/site-packages/tfpose_ros2/pose_dataset.py to pose_dataset.cpython-38.pyc
byte-compiling /home/vlad/ros2_ws/install/tfpose_ros2/lib/python3.8/site-packages/tfpose_ros2/mobilenet/__init__.py to __init__.cpython-38.pyc
byte-compiling /home/vlad/ros2_ws/install/tfpose_ros2/lib/python3.8/site-packages/tfpose_ros2/mobilenet/mobilenet.py to mobilenet.cpython-38.pyc
byte-compiling /home/vlad/ros2_ws/install/tfpose_ros2/lib/python3.8/site-packages/tfpose_ros2/mobilenet/mobilenet_v2.py to mobilenet_v2.cpython-38.pyc
byte-compiling /home/vlad/ros2_ws/install/tfpose_ros2/lib/python3.8/site-packages/tfpose_ros2/mobilenet/conv_blocks.py to conv_blocks.cpython-38.pyc
byte-compiling /home/vlad/ros2_ws/install/tfpose_ros2/lib/python3.8/site-packages/tfpose_ros2/tensblur/__init__.py to __init__.cpython-38.pyc
byte-compiling /home/vlad/ros2_ws/install/tfpose_ros2/lib/python3.8/site-packages/tfpose_ros2/tensblur/smoother.py to smoother.cpython-38.pyc
byte-compiling /home/vlad/ros2_ws/install/tfpose_ros2/lib/python3.8/site-packages/tfpose_ros2/pystopwatch.py to pystopwatch.cpython-38.pyc
byte-compiling /home/vlad/ros2_ws/install/tfpose_ros2/lib/python3.8/site-packages/tfpose_ros2/network_mobilenet_v2.py to network_mobilenet_v2.cpython-38.pyc
byte-compiling /home/vlad/ros2_ws/install/tfpose_ros2/lib/python3.8/site-packages/tfpose_ros2/pafprocess/__init__.py to __init__.cpython-38.pyc
byte-compiling /home/vlad/ros2_ws/install/tfpose_ros2/lib/python3.8/site-packages/tfpose_ros2/pafprocess/setup.py to setup.cpython-38.pyc
byte-compiling /home/vlad/ros2_ws/install/tfpose_ros2/lib/python3.8/site-packages/tfpose_ros2/pafprocess/pafprocess.py to pafprocess.cpython-38.pyc
byte-compiling /home/vlad/ros2_ws/install/tfpose_ros2/lib/python3.8/site-packages/tfpose_ros2/network_base.py to network_base.cpython-38.pyc
byte-compiling /home/vlad/ros2_ws/install/tfpose_ros2/lib/python3.8/site-packages/tfpose_ros2/train.py to train.cpython-38.pyc
byte-compiling /home/vlad/ros2_ws/install/tfpose_ros2/lib/python3.8/site-packages/tfpose_ros2/slidingwindow/__init__.py to __init__.cpython-38.pyc
byte-compiling /home/vlad/ros2_ws/install/tfpose_ros2/lib/python3.8/site-packages/tfpose_ros2/slidingwindow/Batching.py to Batching.cpython-38.pyc
byte-compiling /home/vlad/ros2_ws/install/tfpose_ros2/lib/python3.8/site-packages/tfpose_ros2/slidingwindow/ArrayUtils.py to ArrayUtils.cpython-38.pyc
byte-compiling /home/vlad/ros2_ws/install/tfpose_ros2/lib/python3.8/site-packages/tfpose_ros2/slidingwindow/Merging.py to Merging.cpython-38.pyc
byte-compiling /home/vlad/ros2_ws/install/tfpose_ros2/lib/python3.8/site-packages/tfpose_ros2/slidingwindow/RectangleUtils.py to RectangleUtils.cpython-38.pyc
byte-compiling /home/vlad/ros2_ws/install/tfpose_ros2/lib/python3.8/site-packages/tfpose_ros2/slidingwindow/SlidingWindow.py to SlidingWindow.cpython-38.pyc
byte-compiling /home/vlad/ros2_ws/install/tfpose_ros2/lib/python3.8/site-packages/tfpose_ros2/slidingwindow/WindowDistance.py to WindowDistance.cpython-38.pyc
byte-compiling /home/vlad/ros2_ws/install/tfpose_ros2/lib/python3.8/site-packages/tfpose_ros2/network_mobilenet_thin.py to network_mobilenet_thin.cpython-38.pyc
byte-compiling /home/vlad/ros2_ws/install/tfpose_ros2/lib/python3.8/site-packages/tfpose_ros2/estimator.py to estimator.cpython-38.pyc
byte-compiling /home/vlad/ros2_ws/install/tfpose_ros2/lib/python3.8/site-packages/tfpose_ros2/runner.py to runner.cpython-38.pyc
byte-compiling /home/vlad/ros2_ws/install/tfpose_ros2/lib/python3.8/site-packages/tfpose_ros2/datum_pb2.py to datum_pb2.cpython-38.pyc
byte-compiling /home/vlad/ros2_ws/install/tfpose_ros2/lib/python3.8/site-packages/tfpose_ros2/network_dsconv.py to network_dsconv.cpython-38.pyc
byte-compiling /home/vlad/ros2_ws/install/tfpose_ros2/lib/python3.8/site-packages/tfpose_ros2/network_mobilenet.py to network_mobilenet.cpython-38.pyc
byte-compiling /home/vlad/ros2_ws/install/tfpose_ros2/lib/python3.8/site-packages/tfpose_ros2/pose_augment.py to pose_augment.cpython-38.pyc
byte-compiling /home/vlad/ros2_ws/install/tfpose_ros2/lib/python3.8/site-packages/tfpose_ros2/networks.py to networks.cpython-38.pyc
byte-compiling /home/vlad/ros2_ws/install/tfpose_ros2/lib/python3.8/site-packages/tf_pose_data/__init__.py to __init__.cpython-38.pyc
running install_egg_info
Copying ../../build/tfpose_ros2/tf_pose.egg-info to /home/vlad/ros2_ws/install/tfpose_ros2/lib/python3.8/site-packages/tf_pose-0.1.1-py3.8.egg-info
running install_scripts
writing list of installed files to '/home/vlad/ros2_ws/build/tfpose_ros2/install.log'
