[0.183s] Invoking command in '/home/vlad/ros2_ws/build/srdfdom': CMAKE_PREFIX_PATH=${CMAKE_PREFIX_PATH}:/opt/ros/foxy:/home/vlad/ros2_foxy/install/ros2bag:/home/vlad/ros2_foxy/install/tracetools_launch:/home/vlad/ros2_foxy/install/topic_monitor:/home/vlad/ros2_foxy/install/examples_tf2_py:/home/vlad/ros2_foxy/install/sros2:/home/vlad/ros2_foxy/install/rqt_topic:/home/vlad/ros2_foxy/install/rqt_reconfigure:/home/vlad/ros2_foxy/install/rqt_action:/home/vlad/ros2_foxy/install/rqt:/home/vlad/ros2_foxy/install/rqt_graph:/home/vlad/ros2_foxy/install/rqt_gui_py:/home/vlad/ros2_foxy/install/rqt_gui:/home/vlad/ros2_foxy/install/ros2trace:/home/vlad/ros2_foxy/install/ros2topic:/home/vlad/ros2_foxy/install/ros2test:/home/vlad/ros2_foxy/install/ros2component:/home/vlad/ros2_foxy/install/ros2param:/home/vlad/ros2_foxy/install/ros2lifecycle:/home/vlad/ros2_foxy/install/ros2service:/home/vlad/ros2_foxy/install/ros2run:/home/vlad/ros2_foxy/install/ros2launch:/home/vlad/ros2_foxy/install/ros2pkg:/home/vlad/ros2_foxy/install/ros2node:/home/vlad/ros2_foxy/install/ros2multicast:/home/vlad/ros2_foxy/install/ros2interface:/home/vlad/ros2_foxy/install/ros2doctor:/home/vlad/ros2_foxy/install/ros2action:/home/vlad/ros2_foxy/install/ros2cli:/home/vlad/ros2_foxy/install/quality_of_service_demo_py:/home/vlad/ros2_foxy/install/launch_testing_ros:/home/vlad/ros2_foxy/install/launch_ros:/home/vlad/ros2_foxy/install/examples_rclpy_minimal_subscriber:/home/vlad/ros2_foxy/install/examples_rclpy_minimal_service:/home/vlad/ros2_foxy/install/examples_rclpy_minimal_publisher:/home/vlad/ros2_foxy/install/examples_rclpy_minimal_client:/home/vlad/ros2_foxy/install/examples_rclpy_minimal_action_server:/home/vlad/ros2_foxy/install/examples_rclpy_minimal_action_client:/home/vlad/ros2_foxy/install/examples_rclpy_executors:/home/vlad/ros2_foxy/install/demo_nodes_py:/home/vlad/ros2_foxy/install/action_tutorials_py:/home/vlad/ros2_foxy/install/ament_uncrustify:/home/vlad/ros2_foxy/install/tracetools_trace:/home/vlad/ros2_foxy/install/tracetools_read:/home/vlad/ros2_foxy/install/test_launch_ros:/home/vlad/ros2_foxy/install/rpyutils:/home/vlad/ros2_foxy/install/rosidl_runtime_py:/home/vlad/ros2_foxy/install/launch_yaml:/home/vlad/ros2_foxy/install/launch_xml:/home/vlad/ros2_foxy/install/launch_testing:/home/vlad/ros2_foxy/install/launch:/home/vlad/ros2_foxy/install/osrf_pycommon:/home/vlad/ros2_foxy/install/domain_coordinator:/home/vlad/ros2_foxy/install/ament_xmllint:/home/vlad/ros2_foxy/install/ament_pyflakes:/home/vlad/ros2_foxy/install/ament_pycodestyle:/home/vlad/ros2_foxy/install/ament_pep257:/home/vlad/ros2_foxy/install/ament_pclint:/home/vlad/ros2_foxy/install/ament_package:/home/vlad/ros2_foxy/install/ament_mypy:/home/vlad/ros2_foxy/install/ament_lint_cmake:/home/vlad/ros2_foxy/install/ament_flake8:/home/vlad/ros2_foxy/install/ament_copyright:/home/vlad/ros2_foxy/install/ament_lint:/home/vlad/ros2_foxy/install/ament_index_python:/home/vlad/ros2_foxy/install/ament_cpplint:/home/vlad/ros2_foxy/install/ament_cppcheck:/home/vlad/ros2_foxy/install/ament_clang_tidy:/home/vlad/ros2_foxy/install/ament_clang_format /usr/bin/cmake /home/vlad/ros2_ws/src/srdfdom -DCMAKE_BUILD_TYPE=Release -DCMAKE_INSTALL_PREFIX=/home/vlad/ros2_ws/install/srdfdom
[0.444s] -- The CXX compiler identification is GNU 9.3.0
[0.525s] -- Check for working CXX compiler: /usr/bin/c++
[0.704s] -- Check for working CXX compiler: /usr/bin/c++ -- works
[0.706s] -- Detecting CXX compiler ABI info
[0.876s] -- Detecting CXX compiler ABI info - done
[0.897s] -- Detecting CXX compile features
[0.898s] -- Detecting CXX compile features - done
[0.994s] -- Found Boost: /usr/lib/x86_64-linux-gnu/cmake/Boost-1.71.0/BoostConfig.cmake (found version "1.71.0")  
[1.041s] -- Found ament_cmake: 0.9.7 (/home/vlad/ros2_foxy/install/ament_cmake/share/ament_cmake/cmake)
[1.828s] -- Found PythonInterp: /usr/bin/python3 (found suitable version "3.8.5", minimum required is "3") 
[1.828s] -- Using PYTHON_EXECUTABLE: /usr/bin/python3
[3.479s] -- Found urdf: 2.4.0 (/home/vlad/ros2_foxy/install/urdf/share/urdf/cmake)
[3.611s] -- Found tinyxml2_vendor: 0.7.3 (/home/vlad/ros2_foxy/install/tinyxml2_vendor/share/tinyxml2_vendor/cmake)
[3.677s] -- Found TinyXML2: /usr/lib/x86_64-linux-gnu/libtinyxml2.so  
[4.265s] -- Found ament_cmake_gtest: 0.9.7 (/home/vlad/ros2_foxy/install/ament_cmake_gtest/share/ament_cmake_gtest/cmake)
[4.285s] -- Found gtest sources under '/home/vlad/ros2_foxy/install/gtest_vendor/src/gtest_vendor': C++ tests using 'Google Test' will be built
[4.359s] -- The C compiler identification is GNU 9.3.0
[4.390s] -- Check for working C compiler: /usr/bin/cc
[4.573s] -- Check for working C compiler: /usr/bin/cc -- works
[4.575s] -- Detecting C compiler ABI info
[4.762s] -- Detecting C compiler ABI info - done
[4.785s] -- Detecting C compile features
[4.786s] -- Detecting C compile features - done
[4.790s] -- Looking for C++ include pthread.h
[4.989s] -- Looking for C++ include pthread.h - found
[4.991s] -- Performing Test CMAKE_HAVE_LIBC_PTHREAD
[5.158s] -- Performing Test CMAKE_HAVE_LIBC_PTHREAD - Failed
[5.158s] -- Check if compiler accepts -pthread
[5.324s] -- Check if compiler accepts -pthread - yes
[5.326s] -- Found Threads: TRUE  
[5.355s] -- Configuring done
[5.369s] -- Generating done
[5.370s] -- Build files have been written to: /home/vlad/ros2_ws/build/srdfdom
[5.376s] Invoked command in '/home/vlad/ros2_ws/build/srdfdom' returned '0': CMAKE_PREFIX_PATH=${CMAKE_PREFIX_PATH}:/opt/ros/foxy:/home/vlad/ros2_foxy/install/ros2bag:/home/vlad/ros2_foxy/install/tracetools_launch:/home/vlad/ros2_foxy/install/topic_monitor:/home/vlad/ros2_foxy/install/examples_tf2_py:/home/vlad/ros2_foxy/install/sros2:/home/vlad/ros2_foxy/install/rqt_topic:/home/vlad/ros2_foxy/install/rqt_reconfigure:/home/vlad/ros2_foxy/install/rqt_action:/home/vlad/ros2_foxy/install/rqt:/home/vlad/ros2_foxy/install/rqt_graph:/home/vlad/ros2_foxy/install/rqt_gui_py:/home/vlad/ros2_foxy/install/rqt_gui:/home/vlad/ros2_foxy/install/ros2trace:/home/vlad/ros2_foxy/install/ros2topic:/home/vlad/ros2_foxy/install/ros2test:/home/vlad/ros2_foxy/install/ros2component:/home/vlad/ros2_foxy/install/ros2param:/home/vlad/ros2_foxy/install/ros2lifecycle:/home/vlad/ros2_foxy/install/ros2service:/home/vlad/ros2_foxy/install/ros2run:/home/vlad/ros2_foxy/install/ros2launch:/home/vlad/ros2_foxy/install/ros2pkg:/home/vlad/ros2_foxy/install/ros2node:/home/vlad/ros2_foxy/install/ros2multicast:/home/vlad/ros2_foxy/install/ros2interface:/home/vlad/ros2_foxy/install/ros2doctor:/home/vlad/ros2_foxy/install/ros2action:/home/vlad/ros2_foxy/install/ros2cli:/home/vlad/ros2_foxy/install/quality_of_service_demo_py:/home/vlad/ros2_foxy/install/launch_testing_ros:/home/vlad/ros2_foxy/install/launch_ros:/home/vlad/ros2_foxy/install/examples_rclpy_minimal_subscriber:/home/vlad/ros2_foxy/install/examples_rclpy_minimal_service:/home/vlad/ros2_foxy/install/examples_rclpy_minimal_publisher:/home/vlad/ros2_foxy/install/examples_rclpy_minimal_client:/home/vlad/ros2_foxy/install/examples_rclpy_minimal_action_server:/home/vlad/ros2_foxy/install/examples_rclpy_minimal_action_client:/home/vlad/ros2_foxy/install/examples_rclpy_executors:/home/vlad/ros2_foxy/install/demo_nodes_py:/home/vlad/ros2_foxy/install/action_tutorials_py:/home/vlad/ros2_foxy/install/ament_uncrustify:/home/vlad/ros2_foxy/install/tracetools_trace:/home/vlad/ros2_foxy/install/tracetools_read:/home/vlad/ros2_foxy/install/test_launch_ros:/home/vlad/ros2_foxy/install/rpyutils:/home/vlad/ros2_foxy/install/rosidl_runtime_py:/home/vlad/ros2_foxy/install/launch_yaml:/home/vlad/ros2_foxy/install/launch_xml:/home/vlad/ros2_foxy/install/launch_testing:/home/vlad/ros2_foxy/install/launch:/home/vlad/ros2_foxy/install/osrf_pycommon:/home/vlad/ros2_foxy/install/domain_coordinator:/home/vlad/ros2_foxy/install/ament_xmllint:/home/vlad/ros2_foxy/install/ament_pyflakes:/home/vlad/ros2_foxy/install/ament_pycodestyle:/home/vlad/ros2_foxy/install/ament_pep257:/home/vlad/ros2_foxy/install/ament_pclint:/home/vlad/ros2_foxy/install/ament_package:/home/vlad/ros2_foxy/install/ament_mypy:/home/vlad/ros2_foxy/install/ament_lint_cmake:/home/vlad/ros2_foxy/install/ament_flake8:/home/vlad/ros2_foxy/install/ament_copyright:/home/vlad/ros2_foxy/install/ament_lint:/home/vlad/ros2_foxy/install/ament_index_python:/home/vlad/ros2_foxy/install/ament_cpplint:/home/vlad/ros2_foxy/install/ament_cppcheck:/home/vlad/ros2_foxy/install/ament_clang_tidy:/home/vlad/ros2_foxy/install/ament_clang_format /usr/bin/cmake /home/vlad/ros2_ws/src/srdfdom -DCMAKE_BUILD_TYPE=Release -DCMAKE_INSTALL_PREFIX=/home/vlad/ros2_ws/install/srdfdom
[5.377s] Invoking command in '/home/vlad/ros2_ws/build/srdfdom': CMAKE_PREFIX_PATH=${CMAKE_PREFIX_PATH}:/opt/ros/foxy:/home/vlad/ros2_foxy/install/ros2bag:/home/vlad/ros2_foxy/install/tracetools_launch:/home/vlad/ros2_foxy/install/topic_monitor:/home/vlad/ros2_foxy/install/examples_tf2_py:/home/vlad/ros2_foxy/install/sros2:/home/vlad/ros2_foxy/install/rqt_topic:/home/vlad/ros2_foxy/install/rqt_reconfigure:/home/vlad/ros2_foxy/install/rqt_action:/home/vlad/ros2_foxy/install/rqt:/home/vlad/ros2_foxy/install/rqt_graph:/home/vlad/ros2_foxy/install/rqt_gui_py:/home/vlad/ros2_foxy/install/rqt_gui:/home/vlad/ros2_foxy/install/ros2trace:/home/vlad/ros2_foxy/install/ros2topic:/home/vlad/ros2_foxy/install/ros2test:/home/vlad/ros2_foxy/install/ros2component:/home/vlad/ros2_foxy/install/ros2param:/home/vlad/ros2_foxy/install/ros2lifecycle:/home/vlad/ros2_foxy/install/ros2service:/home/vlad/ros2_foxy/install/ros2run:/home/vlad/ros2_foxy/install/ros2launch:/home/vlad/ros2_foxy/install/ros2pkg:/home/vlad/ros2_foxy/install/ros2node:/home/vlad/ros2_foxy/install/ros2multicast:/home/vlad/ros2_foxy/install/ros2interface:/home/vlad/ros2_foxy/install/ros2doctor:/home/vlad/ros2_foxy/install/ros2action:/home/vlad/ros2_foxy/install/ros2cli:/home/vlad/ros2_foxy/install/quality_of_service_demo_py:/home/vlad/ros2_foxy/install/launch_testing_ros:/home/vlad/ros2_foxy/install/launch_ros:/home/vlad/ros2_foxy/install/examples_rclpy_minimal_subscriber:/home/vlad/ros2_foxy/install/examples_rclpy_minimal_service:/home/vlad/ros2_foxy/install/examples_rclpy_minimal_publisher:/home/vlad/ros2_foxy/install/examples_rclpy_minimal_client:/home/vlad/ros2_foxy/install/examples_rclpy_minimal_action_server:/home/vlad/ros2_foxy/install/examples_rclpy_minimal_action_client:/home/vlad/ros2_foxy/install/examples_rclpy_executors:/home/vlad/ros2_foxy/install/demo_nodes_py:/home/vlad/ros2_foxy/install/action_tutorials_py:/home/vlad/ros2_foxy/install/ament_uncrustify:/home/vlad/ros2_foxy/install/tracetools_trace:/home/vlad/ros2_foxy/install/tracetools_read:/home/vlad/ros2_foxy/install/test_launch_ros:/home/vlad/ros2_foxy/install/rpyutils:/home/vlad/ros2_foxy/install/rosidl_runtime_py:/home/vlad/ros2_foxy/install/launch_yaml:/home/vlad/ros2_foxy/install/launch_xml:/home/vlad/ros2_foxy/install/launch_testing:/home/vlad/ros2_foxy/install/launch:/home/vlad/ros2_foxy/install/osrf_pycommon:/home/vlad/ros2_foxy/install/domain_coordinator:/home/vlad/ros2_foxy/install/ament_xmllint:/home/vlad/ros2_foxy/install/ament_pyflakes:/home/vlad/ros2_foxy/install/ament_pycodestyle:/home/vlad/ros2_foxy/install/ament_pep257:/home/vlad/ros2_foxy/install/ament_pclint:/home/vlad/ros2_foxy/install/ament_package:/home/vlad/ros2_foxy/install/ament_mypy:/home/vlad/ros2_foxy/install/ament_lint_cmake:/home/vlad/ros2_foxy/install/ament_flake8:/home/vlad/ros2_foxy/install/ament_copyright:/home/vlad/ros2_foxy/install/ament_lint:/home/vlad/ros2_foxy/install/ament_index_python:/home/vlad/ros2_foxy/install/ament_cpplint:/home/vlad/ros2_foxy/install/ament_cppcheck:/home/vlad/ros2_foxy/install/ament_clang_tidy:/home/vlad/ros2_foxy/install/ament_clang_format /usr/bin/cmake --build /home/vlad/ros2_ws/build/srdfdom -- -j12 -l12
[5.481s] [35m[1mScanning dependencies of target srdfdom[0m
[5.487s] [35m[1mScanning dependencies of target gtest[0m
[5.487s] [35m[1mScanning dependencies of target gtest_main[0m
[5.526s] [ 10%] [32mBuilding CXX object CMakeFiles/srdfdom.dir/src/srdf_writer.cpp.o[0m
[5.526s] [ 20%] [32mBuilding CXX object CMakeFiles/srdfdom.dir/src/model.cpp.o[0m
[5.540s] [ 30%] [32mBuilding CXX object gtest/CMakeFiles/gtest_main.dir/src/gtest_main.cc.o[0m
[5.543s] [ 40%] [32mBuilding CXX object gtest/CMakeFiles/gtest.dir/src/gtest-all.cc.o[0m
[6.811s] [ 50%] [32m[1mLinking CXX static library libgtest_main.a[0m
[6.923s] [ 50%] Built target gtest_main
[12.853s] [ 60%] [32m[1mLinking CXX shared library libsrdfdom.so[0m
[13.440s] [ 60%] Built target srdfdom
[20.379s] [ 70%] [32m[1mLinking CXX static library libgtest.a[0m
[20.469s] [ 70%] Built target gtest
[20.503s] [35m[1mScanning dependencies of target test_cpp[0m
[20.505s] [35m[1mScanning dependencies of target test_parser[0m
[20.537s] [ 80%] [32m[1mLinking CXX executable test_parser[0m
[20.551s] [ 90%] [32mBuilding CXX object CMakeFiles/test_cpp.dir/test/test_parser.cpp.o[0m
[20.735s] [ 90%] Built target test_parser
[23.923s] [100%] [32m[1mLinking CXX executable test_cpp[0m
[24.357s] [100%] Built target test_cpp
[24.440s] Invoked command in '/home/vlad/ros2_ws/build/srdfdom' returned '0': CMAKE_PREFIX_PATH=${CMAKE_PREFIX_PATH}:/opt/ros/foxy:/home/vlad/ros2_foxy/install/ros2bag:/home/vlad/ros2_foxy/install/tracetools_launch:/home/vlad/ros2_foxy/install/topic_monitor:/home/vlad/ros2_foxy/install/examples_tf2_py:/home/vlad/ros2_foxy/install/sros2:/home/vlad/ros2_foxy/install/rqt_topic:/home/vlad/ros2_foxy/install/rqt_reconfigure:/home/vlad/ros2_foxy/install/rqt_action:/home/vlad/ros2_foxy/install/rqt:/home/vlad/ros2_foxy/install/rqt_graph:/home/vlad/ros2_foxy/install/rqt_gui_py:/home/vlad/ros2_foxy/install/rqt_gui:/home/vlad/ros2_foxy/install/ros2trace:/home/vlad/ros2_foxy/install/ros2topic:/home/vlad/ros2_foxy/install/ros2test:/home/vlad/ros2_foxy/install/ros2component:/home/vlad/ros2_foxy/install/ros2param:/home/vlad/ros2_foxy/install/ros2lifecycle:/home/vlad/ros2_foxy/install/ros2service:/home/vlad/ros2_foxy/install/ros2run:/home/vlad/ros2_foxy/install/ros2launch:/home/vlad/ros2_foxy/install/ros2pkg:/home/vlad/ros2_foxy/install/ros2node:/home/vlad/ros2_foxy/install/ros2multicast:/home/vlad/ros2_foxy/install/ros2interface:/home/vlad/ros2_foxy/install/ros2doctor:/home/vlad/ros2_foxy/install/ros2action:/home/vlad/ros2_foxy/install/ros2cli:/home/vlad/ros2_foxy/install/quality_of_service_demo_py:/home/vlad/ros2_foxy/install/launch_testing_ros:/home/vlad/ros2_foxy/install/launch_ros:/home/vlad/ros2_foxy/install/examples_rclpy_minimal_subscriber:/home/vlad/ros2_foxy/install/examples_rclpy_minimal_service:/home/vlad/ros2_foxy/install/examples_rclpy_minimal_publisher:/home/vlad/ros2_foxy/install/examples_rclpy_minimal_client:/home/vlad/ros2_foxy/install/examples_rclpy_minimal_action_server:/home/vlad/ros2_foxy/install/examples_rclpy_minimal_action_client:/home/vlad/ros2_foxy/install/examples_rclpy_executors:/home/vlad/ros2_foxy/install/demo_nodes_py:/home/vlad/ros2_foxy/install/action_tutorials_py:/home/vlad/ros2_foxy/install/ament_uncrustify:/home/vlad/ros2_foxy/install/tracetools_trace:/home/vlad/ros2_foxy/install/tracetools_read:/home/vlad/ros2_foxy/install/test_launch_ros:/home/vlad/ros2_foxy/install/rpyutils:/home/vlad/ros2_foxy/install/rosidl_runtime_py:/home/vlad/ros2_foxy/install/launch_yaml:/home/vlad/ros2_foxy/install/launch_xml:/home/vlad/ros2_foxy/install/launch_testing:/home/vlad/ros2_foxy/install/launch:/home/vlad/ros2_foxy/install/osrf_pycommon:/home/vlad/ros2_foxy/install/domain_coordinator:/home/vlad/ros2_foxy/install/ament_xmllint:/home/vlad/ros2_foxy/install/ament_pyflakes:/home/vlad/ros2_foxy/install/ament_pycodestyle:/home/vlad/ros2_foxy/install/ament_pep257:/home/vlad/ros2_foxy/install/ament_pclint:/home/vlad/ros2_foxy/install/ament_package:/home/vlad/ros2_foxy/install/ament_mypy:/home/vlad/ros2_foxy/install/ament_lint_cmake:/home/vlad/ros2_foxy/install/ament_flake8:/home/vlad/ros2_foxy/install/ament_copyright:/home/vlad/ros2_foxy/install/ament_lint:/home/vlad/ros2_foxy/install/ament_index_python:/home/vlad/ros2_foxy/install/ament_cpplint:/home/vlad/ros2_foxy/install/ament_cppcheck:/home/vlad/ros2_foxy/install/ament_clang_tidy:/home/vlad/ros2_foxy/install/ament_clang_format /usr/bin/cmake --build /home/vlad/ros2_ws/build/srdfdom -- -j12 -l12
[25.141s] Invoking command in '/home/vlad/ros2_ws/build/srdfdom': CMAKE_PREFIX_PATH=${CMAKE_PREFIX_PATH}:/opt/ros/foxy:/home/vlad/ros2_foxy/install/ros2bag:/home/vlad/ros2_foxy/install/tracetools_launch:/home/vlad/ros2_foxy/install/topic_monitor:/home/vlad/ros2_foxy/install/examples_tf2_py:/home/vlad/ros2_foxy/install/sros2:/home/vlad/ros2_foxy/install/rqt_topic:/home/vlad/ros2_foxy/install/rqt_reconfigure:/home/vlad/ros2_foxy/install/rqt_action:/home/vlad/ros2_foxy/install/rqt:/home/vlad/ros2_foxy/install/rqt_graph:/home/vlad/ros2_foxy/install/rqt_gui_py:/home/vlad/ros2_foxy/install/rqt_gui:/home/vlad/ros2_foxy/install/ros2trace:/home/vlad/ros2_foxy/install/ros2topic:/home/vlad/ros2_foxy/install/ros2test:/home/vlad/ros2_foxy/install/ros2component:/home/vlad/ros2_foxy/install/ros2param:/home/vlad/ros2_foxy/install/ros2lifecycle:/home/vlad/ros2_foxy/install/ros2service:/home/vlad/ros2_foxy/install/ros2run:/home/vlad/ros2_foxy/install/ros2launch:/home/vlad/ros2_foxy/install/ros2pkg:/home/vlad/ros2_foxy/install/ros2node:/home/vlad/ros2_foxy/install/ros2multicast:/home/vlad/ros2_foxy/install/ros2interface:/home/vlad/ros2_foxy/install/ros2doctor:/home/vlad/ros2_foxy/install/ros2action:/home/vlad/ros2_foxy/install/ros2cli:/home/vlad/ros2_foxy/install/quality_of_service_demo_py:/home/vlad/ros2_foxy/install/launch_testing_ros:/home/vlad/ros2_foxy/install/launch_ros:/home/vlad/ros2_foxy/install/examples_rclpy_minimal_subscriber:/home/vlad/ros2_foxy/install/examples_rclpy_minimal_service:/home/vlad/ros2_foxy/install/examples_rclpy_minimal_publisher:/home/vlad/ros2_foxy/install/examples_rclpy_minimal_client:/home/vlad/ros2_foxy/install/examples_rclpy_minimal_action_server:/home/vlad/ros2_foxy/install/examples_rclpy_minimal_action_client:/home/vlad/ros2_foxy/install/examples_rclpy_executors:/home/vlad/ros2_foxy/install/demo_nodes_py:/home/vlad/ros2_foxy/install/action_tutorials_py:/home/vlad/ros2_foxy/install/ament_uncrustify:/home/vlad/ros2_foxy/install/tracetools_trace:/home/vlad/ros2_foxy/install/tracetools_read:/home/vlad/ros2_foxy/install/test_launch_ros:/home/vlad/ros2_foxy/install/rpyutils:/home/vlad/ros2_foxy/install/rosidl_runtime_py:/home/vlad/ros2_foxy/install/launch_yaml:/home/vlad/ros2_foxy/install/launch_xml:/home/vlad/ros2_foxy/install/launch_testing:/home/vlad/ros2_foxy/install/launch:/home/vlad/ros2_foxy/install/osrf_pycommon:/home/vlad/ros2_foxy/install/domain_coordinator:/home/vlad/ros2_foxy/install/ament_xmllint:/home/vlad/ros2_foxy/install/ament_pyflakes:/home/vlad/ros2_foxy/install/ament_pycodestyle:/home/vlad/ros2_foxy/install/ament_pep257:/home/vlad/ros2_foxy/install/ament_pclint:/home/vlad/ros2_foxy/install/ament_package:/home/vlad/ros2_foxy/install/ament_mypy:/home/vlad/ros2_foxy/install/ament_lint_cmake:/home/vlad/ros2_foxy/install/ament_flake8:/home/vlad/ros2_foxy/install/ament_copyright:/home/vlad/ros2_foxy/install/ament_lint:/home/vlad/ros2_foxy/install/ament_index_python:/home/vlad/ros2_foxy/install/ament_cpplint:/home/vlad/ros2_foxy/install/ament_cppcheck:/home/vlad/ros2_foxy/install/ament_clang_tidy:/home/vlad/ros2_foxy/install/ament_clang_format /usr/bin/cmake --install /home/vlad/ros2_ws/build/srdfdom
[25.220s] -- Install configuration: "Release"
[25.220s] -- Installing: /home/vlad/ros2_ws/install/srdfdom/lib/libsrdfdom.so.2.0.0
[25.227s] -- Set runtime path of "/home/vlad/ros2_ws/install/srdfdom/lib/libsrdfdom.so.2.0.0" to ""
[25.228s] -- Installing: /home/vlad/ros2_ws/install/srdfdom/lib/libsrdfdom.so
[25.228s] -- Installing: /home/vlad/ros2_ws/install/srdfdom/include/srdfdom
[25.228s] -- Installing: /home/vlad/ros2_ws/install/srdfdom/include/srdfdom/model.h
[25.228s] -- Installing: /home/vlad/ros2_ws/install/srdfdom/include/srdfdom/srdf_writer.h
[25.229s] -- Installing: /home/vlad/ros2_ws/install/srdfdom/lib/srdfdom/display_srdf
[25.229s] -- Installing: /home/vlad/ros2_ws/install/srdfdom/share/srdfdom/environment/library_path.sh
[25.229s] -- Installing: /home/vlad/ros2_ws/install/srdfdom/share/srdfdom/environment/library_path.dsv
[25.230s] -- Installing: /home/vlad/ros2_ws/install/srdfdom/share/ament_index/resource_index/package_run_dependencies/srdfdom
[25.230s] -- Installing: /home/vlad/ros2_ws/install/srdfdom/share/ament_index/resource_index/parent_prefix_path/srdfdom
[25.230s] -- Installing: /home/vlad/ros2_ws/install/srdfdom/share/srdfdom/environment/ament_prefix_path.sh
[25.231s] -- Installing: /home/vlad/ros2_ws/install/srdfdom/share/srdfdom/environment/ament_prefix_path.dsv
[25.231s] -- Installing: /home/vlad/ros2_ws/install/srdfdom/share/srdfdom/environment/path.sh
[25.231s] -- Installing: /home/vlad/ros2_ws/install/srdfdom/share/srdfdom/environment/path.dsv
[25.231s] -- Installing: /home/vlad/ros2_ws/install/srdfdom/share/srdfdom/local_setup.bash
[25.232s] -- Installing: /home/vlad/ros2_ws/install/srdfdom/share/srdfdom/local_setup.sh
[25.232s] -- Installing: /home/vlad/ros2_ws/install/srdfdom/share/srdfdom/local_setup.zsh
[25.232s] -- Installing: /home/vlad/ros2_ws/install/srdfdom/share/srdfdom/local_setup.dsv
[25.232s] -- Installing: /home/vlad/ros2_ws/install/srdfdom/share/srdfdom/package.dsv
[25.233s] -- Installing: /home/vlad/ros2_ws/install/srdfdom/share/ament_index/resource_index/packages/srdfdom
[25.233s] -- Installing: /home/vlad/ros2_ws/install/srdfdom/share/srdfdom/cmake/ament_cmake_export_include_directories-extras.cmake
[25.233s] -- Installing: /home/vlad/ros2_ws/install/srdfdom/share/srdfdom/cmake/ament_cmake_export_libraries-extras.cmake
[25.234s] -- Installing: /home/vlad/ros2_ws/install/srdfdom/share/srdfdom/cmake/ament_cmake_export_dependencies-extras.cmake
[25.234s] -- Installing: /home/vlad/ros2_ws/install/srdfdom/share/srdfdom/cmake/srdfdomConfig.cmake
[25.234s] -- Installing: /home/vlad/ros2_ws/install/srdfdom/share/srdfdom/cmake/srdfdomConfig-version.cmake
[25.234s] -- Installing: /home/vlad/ros2_ws/install/srdfdom/share/srdfdom/package.xml
[25.249s] Invoked command in '/home/vlad/ros2_ws/build/srdfdom' returned '0': CMAKE_PREFIX_PATH=${CMAKE_PREFIX_PATH}:/opt/ros/foxy:/home/vlad/ros2_foxy/install/ros2bag:/home/vlad/ros2_foxy/install/tracetools_launch:/home/vlad/ros2_foxy/install/topic_monitor:/home/vlad/ros2_foxy/install/examples_tf2_py:/home/vlad/ros2_foxy/install/sros2:/home/vlad/ros2_foxy/install/rqt_topic:/home/vlad/ros2_foxy/install/rqt_reconfigure:/home/vlad/ros2_foxy/install/rqt_action:/home/vlad/ros2_foxy/install/rqt:/home/vlad/ros2_foxy/install/rqt_graph:/home/vlad/ros2_foxy/install/rqt_gui_py:/home/vlad/ros2_foxy/install/rqt_gui:/home/vlad/ros2_foxy/install/ros2trace:/home/vlad/ros2_foxy/install/ros2topic:/home/vlad/ros2_foxy/install/ros2test:/home/vlad/ros2_foxy/install/ros2component:/home/vlad/ros2_foxy/install/ros2param:/home/vlad/ros2_foxy/install/ros2lifecycle:/home/vlad/ros2_foxy/install/ros2service:/home/vlad/ros2_foxy/install/ros2run:/home/vlad/ros2_foxy/install/ros2launch:/home/vlad/ros2_foxy/install/ros2pkg:/home/vlad/ros2_foxy/install/ros2node:/home/vlad/ros2_foxy/install/ros2multicast:/home/vlad/ros2_foxy/install/ros2interface:/home/vlad/ros2_foxy/install/ros2doctor:/home/vlad/ros2_foxy/install/ros2action:/home/vlad/ros2_foxy/install/ros2cli:/home/vlad/ros2_foxy/install/quality_of_service_demo_py:/home/vlad/ros2_foxy/install/launch_testing_ros:/home/vlad/ros2_foxy/install/launch_ros:/home/vlad/ros2_foxy/install/examples_rclpy_minimal_subscriber:/home/vlad/ros2_foxy/install/examples_rclpy_minimal_service:/home/vlad/ros2_foxy/install/examples_rclpy_minimal_publisher:/home/vlad/ros2_foxy/install/examples_rclpy_minimal_client:/home/vlad/ros2_foxy/install/examples_rclpy_minimal_action_server:/home/vlad/ros2_foxy/install/examples_rclpy_minimal_action_client:/home/vlad/ros2_foxy/install/examples_rclpy_executors:/home/vlad/ros2_foxy/install/demo_nodes_py:/home/vlad/ros2_foxy/install/action_tutorials_py:/home/vlad/ros2_foxy/install/ament_uncrustify:/home/vlad/ros2_foxy/install/tracetools_trace:/home/vlad/ros2_foxy/install/tracetools_read:/home/vlad/ros2_foxy/install/test_launch_ros:/home/vlad/ros2_foxy/install/rpyutils:/home/vlad/ros2_foxy/install/rosidl_runtime_py:/home/vlad/ros2_foxy/install/launch_yaml:/home/vlad/ros2_foxy/install/launch_xml:/home/vlad/ros2_foxy/install/launch_testing:/home/vlad/ros2_foxy/install/launch:/home/vlad/ros2_foxy/install/osrf_pycommon:/home/vlad/ros2_foxy/install/domain_coordinator:/home/vlad/ros2_foxy/install/ament_xmllint:/home/vlad/ros2_foxy/install/ament_pyflakes:/home/vlad/ros2_foxy/install/ament_pycodestyle:/home/vlad/ros2_foxy/install/ament_pep257:/home/vlad/ros2_foxy/install/ament_pclint:/home/vlad/ros2_foxy/install/ament_package:/home/vlad/ros2_foxy/install/ament_mypy:/home/vlad/ros2_foxy/install/ament_lint_cmake:/home/vlad/ros2_foxy/install/ament_flake8:/home/vlad/ros2_foxy/install/ament_copyright:/home/vlad/ros2_foxy/install/ament_lint:/home/vlad/ros2_foxy/install/ament_index_python:/home/vlad/ros2_foxy/install/ament_cpplint:/home/vlad/ros2_foxy/install/ament_cppcheck:/home/vlad/ros2_foxy/install/ament_clang_tidy:/home/vlad/ros2_foxy/install/ament_clang_format /usr/bin/cmake --install /home/vlad/ros2_ws/build/srdfdom
