-- The C compiler identification is GNU 9.3.0
-- The CXX compiler identification is GNU 9.3.0
-- Check for working C compiler: /usr/bin/cc
-- Check for working C compiler: /usr/bin/cc -- works
-- Detecting C compiler ABI info
-- Detecting C compiler ABI info - done
-- Detecting C compile features
-- Detecting C compile features - done
-- Check for working CXX compiler: /usr/bin/c++
-- Check for working CXX compiler: /usr/bin/c++ -- works
-- Detecting CXX compiler ABI info
-- Detecting CXX compiler ABI info - done
-- Detecting CXX compile features
-- Detecting CXX compile features - done
-- Found ament_cmake: 0.9.7 (/home/vlad/ros2_foxy/install/ament_cmake/share/ament_cmake/cmake)
-- Found PythonInterp: /usr/bin/python3 (found suitable version "3.8.5", minimum required is "3") 
-- Using PYTHON_EXECUTABLE: /usr/bin/python3
-- Found hardware_interface: 0.0.0 (/home/vlad/ros2_ws/install/hardware_interface/share/hardware_interface/cmake)
-- Using all available rosidl_typesupport_c: rosidl_typesupport_fastrtps_c;rosidl_typesupport_introspection_c
-- Found rosidl_adapter: 1.1.0 (/home/vlad/ros2_foxy/install/rosidl_adapter/share/rosidl_adapter/cmake)
-- Found OpenSSL: /usr/lib/x86_64-linux-gnu/libcrypto.so (found version "1.1.1f")  
-- Found FastRTPS: /home/vlad/ros2_foxy/install/fastrtps/include  
-- Using all available rosidl_typesupport_cpp: rosidl_typesupport_fastrtps_cpp;rosidl_typesupport_introspection_cpp
-- Found rmw_implementation_cmake: 1.0.2 (/home/vlad/ros2_foxy/install/rmw_implementation_cmake/share/rmw_implementation_cmake/cmake)
-- Using RMW implementation 'rmw_fastrtps_cpp' as default
-- Looking for pthread.h
-- Looking for pthread.h - found
-- Performing Test CMAKE_HAVE_LIBC_PTHREAD
-- Performing Test CMAKE_HAVE_LIBC_PTHREAD - Failed
-- Looking for pthread_create in pthreads
-- Looking for pthread_create in pthreads - not found
-- Looking for pthread_create in pthread
-- Looking for pthread_create in pthread - found
-- Found Threads: TRUE  
-- Found rclcpp_lifecycle: 2.2.0 (/home/vlad/ros2_foxy/install/rclcpp_lifecycle/share/rclcpp_lifecycle/cmake)
-- Found ament_lint_auto: 0.9.5 (/home/vlad/ros2_foxy/install/ament_lint_auto/share/ament_lint_auto/cmake)
-- Added test 'copyright' to check source files copyright and LICENSE
-- Added test 'cppcheck' to perform static code analysis on C / C++ code
-- Configured cppcheck include dirs: /home/vlad/ros2_ws/src/ros2_control/controller_interface/include
-- Configured cppcheck exclude dirs and/or files: 
-- Added test 'cpplint' to check C / C++ code against the Google style
-- Configured cpplint exclude dirs and/or files: 
-- Added test 'lint_cmake' to check CMake code style
-- Added test 'uncrustify' to check C / C++ code style
-- Configured uncrustify additional arguments: 
-- Added test 'xmllint' to check XML markup files
-- Configuring done
-- Generating done
-- Build files have been written to: /home/vlad/ros2_ws/build/controller_interface
[35m[1mScanning dependencies of target controller_interface[0m
[ 50%] [32mBuilding CXX object CMakeFiles/controller_interface.dir/src/controller_interface.cpp.o[0m
[100%] [32m[1mLinking CXX shared library libcontroller_interface.so[0m
[100%] Built target controller_interface
-- Install configuration: "Release"
-- Installing: /home/vlad/ros2_ws/install/controller_interface/include
-- Installing: /home/vlad/ros2_ws/install/controller_interface/include/controller_interface
-- Installing: /home/vlad/ros2_ws/install/controller_interface/include/controller_interface/visibility_control.h
-- Installing: /home/vlad/ros2_ws/install/controller_interface/include/controller_interface/controller_interface.hpp
-- Installing: /home/vlad/ros2_ws/install/controller_interface/lib/libcontroller_interface.so
-- Set runtime path of "/home/vlad/ros2_ws/install/controller_interface/lib/libcontroller_interface.so" to ""
-- Installing: /home/vlad/ros2_ws/install/controller_interface/share/controller_interface/environment/library_path.sh
-- Installing: /home/vlad/ros2_ws/install/controller_interface/share/controller_interface/environment/library_path.dsv
-- Installing: /home/vlad/ros2_ws/install/controller_interface/share/ament_index/resource_index/package_run_dependencies/controller_interface
-- Installing: /home/vlad/ros2_ws/install/controller_interface/share/ament_index/resource_index/parent_prefix_path/controller_interface
-- Installing: /home/vlad/ros2_ws/install/controller_interface/share/controller_interface/environment/ament_prefix_path.sh
-- Installing: /home/vlad/ros2_ws/install/controller_interface/share/controller_interface/environment/ament_prefix_path.dsv
-- Installing: /home/vlad/ros2_ws/install/controller_interface/share/controller_interface/environment/path.sh
-- Installing: /home/vlad/ros2_ws/install/controller_interface/share/controller_interface/environment/path.dsv
-- Installing: /home/vlad/ros2_ws/install/controller_interface/share/controller_interface/local_setup.bash
-- Installing: /home/vlad/ros2_ws/install/controller_interface/share/controller_interface/local_setup.sh
-- Installing: /home/vlad/ros2_ws/install/controller_interface/share/controller_interface/local_setup.zsh
-- Installing: /home/vlad/ros2_ws/install/controller_interface/share/controller_interface/local_setup.dsv
-- Installing: /home/vlad/ros2_ws/install/controller_interface/share/controller_interface/package.dsv
-- Installing: /home/vlad/ros2_ws/install/controller_interface/share/ament_index/resource_index/packages/controller_interface
-- Installing: /home/vlad/ros2_ws/install/controller_interface/share/controller_interface/cmake/ament_cmake_export_dependencies-extras.cmake
-- Installing: /home/vlad/ros2_ws/install/controller_interface/share/controller_interface/cmake/ament_cmake_export_include_directories-extras.cmake
-- Installing: /home/vlad/ros2_ws/install/controller_interface/share/controller_interface/cmake/ament_cmake_export_libraries-extras.cmake
-- Installing: /home/vlad/ros2_ws/install/controller_interface/share/controller_interface/cmake/controller_interfaceConfig.cmake
-- Installing: /home/vlad/ros2_ws/install/controller_interface/share/controller_interface/cmake/controller_interfaceConfig-version.cmake
-- Installing: /home/vlad/ros2_ws/install/controller_interface/share/controller_interface/package.xml
