-- Found ament_cmake: 0.9.7 (/home/vlad/ros2_foxy/install/ament_cmake/share/ament_cmake/cmake)
-- Found PythonInterp: /usr/bin/python3 (found suitable version "3.8.5", minimum required is "3") 
-- Using PYTHON_EXECUTABLE: /usr/bin/python3
-- Found rosidl_default_generators: 1.0.0 (/home/vlad/ros2_foxy/install/rosidl_default_generators/share/rosidl_default_generators/cmake)
-- Using all available rosidl_typesupport_c: rosidl_typesupport_introspection_c;rosidl_typesupport_fastrtps_c
-- Found rosidl_adapter: 1.1.0 (/home/vlad/ros2_foxy/install/rosidl_adapter/share/rosidl_adapter/cmake)
-- Using all available rosidl_typesupport_cpp: rosidl_typesupport_introspection_cpp;rosidl_typesupport_fastrtps_cpp
-- Found PythonInterp: /usr/bin/python3 (found version "3.8.5") 
-- Found ament_cmake_ros: 0.9.0 (/home/vlad/ros2_foxy/install/ament_cmake_ros/share/ament_cmake_ros/cmake)
-- Using all available rosidl_typesupport_c: rosidl_typesupport_introspection_c;rosidl_typesupport_fastrtps_c
-- Using all available rosidl_typesupport_cpp: rosidl_typesupport_introspection_cpp;rosidl_typesupport_fastrtps_cpp
-- Found PythonInterp: /usr/bin/python3 (found suitable version "3.8.5", minimum required is "3.5") 
-- Found python_cmake_module: 0.8.0 (/home/vlad/ros2_foxy/install/python_cmake_module/share/python_cmake_module/cmake)
-- Found PythonLibs: /usr/lib/x86_64-linux-gnu/libpython3.8.so (found suitable version "3.8.5", minimum required is "3.5") 
-- Using PYTHON_EXECUTABLE: /usr/bin/python3
-- Using PYTHON_INCLUDE_DIRS: /usr/include/python3.8
-- Using PYTHON_LIBRARIES: /usr/lib/x86_64-linux-gnu/libpython3.8.so
-- Found PythonExtra: .so  
-- Found ament_lint_auto: 0.9.5 (/home/vlad/ros2_foxy/install/ament_lint_auto/share/ament_lint_auto/cmake)
-- Added test 'copyright' to check source files copyright and LICENSE
-- Added test 'lint_cmake' to check CMake code style
-- Added test 'xmllint' to check XML markup files
-- Configuring done
-- Generating done
-- Build files have been written to: /home/vlad/ros2_ws/src/build/pose_interface
[  1%] [34m[1mGenerating C code for ROS interfaces[0m
[35m[1mScanning dependencies of target pose_interface__cpp[0m
[  3%] [34m[1mGenerating C++ code for ROS interfaces[0m
[35m[1mScanning dependencies of target pose_interface__rosidl_generator_c[0m
[  3%] Built target pose_interface__cpp
[  9%] [32mBuilding C object CMakeFiles/pose_interface__rosidl_generator_c.dir/rosidl_generator_c/pose_interface/msg/detail/body_part_elm__functions.c.o[0m
[  9%] [32mBuilding C object CMakeFiles/pose_interface__rosidl_generator_c.dir/rosidl_generator_c/pose_interface/msg/detail/person__functions.c.o[0m
[  9%] [32mBuilding C object CMakeFiles/pose_interface__rosidl_generator_c.dir/rosidl_generator_c/pose_interface/msg/detail/persons__functions.c.o[0m
[ 10%] [32mBuilding C object CMakeFiles/pose_interface__rosidl_generator_c.dir/rosidl_generator_c/pose_interface/srv/detail/get_pose__functions.c.o[0m
[ 12%] [34m[1mGenerating C++ type support for eProsima Fast-RTPS[0m
[ 14%] [34m[1mGenerating C++ introspection for ROS interfaces[0m
[ 16%] [34m[1mGenerating C++ type support dispatch for ROS interfaces[0m
[35m[1mScanning dependencies of target pose_interface__rosidl_typesupport_cpp[0m
[35m[1mScanning dependencies of target pose_interface__rosidl_typesupport_introspection_cpp[0m
[ 20%] [32mBuilding CXX object CMakeFiles/pose_interface__rosidl_typesupport_cpp.dir/rosidl_typesupport_cpp/pose_interface/msg/persons__type_support.cpp.o[0m
[ 20%] [32mBuilding CXX object CMakeFiles/pose_interface__rosidl_typesupport_cpp.dir/rosidl_typesupport_cpp/pose_interface/msg/person__type_support.cpp.o[0m
[ 21%] [32mBuilding CXX object CMakeFiles/pose_interface__rosidl_typesupport_cpp.dir/rosidl_typesupport_cpp/pose_interface/msg/body_part_elm__type_support.cpp.o[0m
[ 23%] [32mBuilding CXX object CMakeFiles/pose_interface__rosidl_typesupport_cpp.dir/rosidl_typesupport_cpp/pose_interface/srv/get_pose__type_support.cpp.o[0m
[ 25%] [32mBuilding CXX object CMakeFiles/pose_interface__rosidl_typesupport_introspection_cpp.dir/rosidl_typesupport_introspection_cpp/pose_interface/msg/detail/body_part_elm__type_support.cpp.o[0m
[ 27%] [32mBuilding CXX object CMakeFiles/pose_interface__rosidl_typesupport_introspection_cpp.dir/rosidl_typesupport_introspection_cpp/pose_interface/srv/detail/get_pose__type_support.cpp.o[0m
[ 29%] [32mBuilding CXX object CMakeFiles/pose_interface__rosidl_typesupport_introspection_cpp.dir/rosidl_typesupport_introspection_cpp/pose_interface/msg/detail/person__type_support.cpp.o[0m
[ 30%] [32mBuilding CXX object CMakeFiles/pose_interface__rosidl_typesupport_introspection_cpp.dir/rosidl_typesupport_introspection_cpp/pose_interface/msg/detail/persons__type_support.cpp.o[0m
[35m[1mScanning dependencies of target pose_interface__rosidl_typesupport_fastrtps_cpp[0m
[ 32%] [32mBuilding CXX object CMakeFiles/pose_interface__rosidl_typesupport_fastrtps_cpp.dir/rosidl_typesupport_fastrtps_cpp/pose_interface/msg/detail/dds_fastrtps/person__type_support.cpp.o[0m
[ 36%] [32mBuilding CXX object CMakeFiles/pose_interface__rosidl_typesupport_fastrtps_cpp.dir/rosidl_typesupport_fastrtps_cpp/pose_interface/msg/detail/dds_fastrtps/body_part_elm__type_support.cpp.o[0m
[ 36%] [32mBuilding CXX object CMakeFiles/pose_interface__rosidl_typesupport_fastrtps_cpp.dir/rosidl_typesupport_fastrtps_cpp/pose_interface/msg/detail/dds_fastrtps/persons__type_support.cpp.o[0m
[ 38%] [32mBuilding CXX object CMakeFiles/pose_interface__rosidl_typesupport_fastrtps_cpp.dir/rosidl_typesupport_fastrtps_cpp/pose_interface/srv/detail/dds_fastrtps/get_pose__type_support.cpp.o[0m
