[2.619s] Invoking command in '/home/vlad/ros2_ws/src/tfpose_ros2': PYTHONPATH=/home/vlad/ros2_ws/install/tfpose_ros2/lib/python3.8/site-packages:${PYTHONPATH} /usr/bin/python3 setup.py egg_info --egg-base ../../build/tfpose_ros2 build --build-base /home/vlad/ros2_ws/build/tfpose_ros2/build install --prefix /home/vlad/ros2_ws/install/tfpose_ros2 --record /home/vlad/ros2_ws/build/tfpose_ros2/install.log --single-version-externally-managed
[4.221s] --2021-01-27 01:15:11--  http://download758.mediafire.com/5q6soydyftbg/qlzzr20mpocnpa3/graph_opt.pb
[4.259s] Resolving download758.mediafire.com (download758.mediafire.com)... 205.196.120.206
[4.478s] Connecting to download758.mediafire.com (download758.mediafire.com)|205.196.120.206|:80... connected.
[4.888s] HTTP request sent, awaiting response... 416 Range Not Satisfiable
[4.888s] 
[4.888s]     The file is already fully retrieved; nothing to do.
[4.888s] 
[4.913s] running egg_info
[4.914s] writing ../../build/tfpose_ros2/tfpose_ros2.egg-info/PKG-INFO
[4.914s] writing dependency_links to ../../build/tfpose_ros2/tfpose_ros2.egg-info/dependency_links.txt
[4.915s] writing entry points to ../../build/tfpose_ros2/tfpose_ros2.egg-info/entry_points.txt
[4.915s] writing top-level names to ../../build/tfpose_ros2/tfpose_ros2.egg-info/top_level.txt
[4.947s] file pafprocess.py (for module pafprocess) not found
[5.005s] reading manifest file '../../build/tfpose_ros2/tfpose_ros2.egg-info/SOURCES.txt'
[5.007s] writing manifest file '../../build/tfpose_ros2/tfpose_ros2.egg-info/SOURCES.txt'
[5.007s] file pafprocess.py (for module pafprocess) not found
[5.007s] running build
[5.007s] running build_py
[5.007s] copying tfpose_ros2/node_get_pose_service.py -> /home/vlad/ros2_ws/build/tfpose_ros2/build/lib.linux-x86_64-3.8/tfpose_ros2
[5.008s] file pafprocess.py (for module pafprocess) not found
[5.009s] running build_ext
[5.010s] running install
[5.010s] running install_lib
[5.011s] copying /home/vlad/ros2_ws/build/tfpose_ros2/build/lib.linux-x86_64-3.8/tfpose_ros2/node_get_pose_service.py -> /home/vlad/ros2_ws/install/tfpose_ros2/lib/python3.8/site-packages/tfpose_ros2
[5.015s] byte-compiling /home/vlad/ros2_ws/install/tfpose_ros2/lib/python3.8/site-packages/tfpose_ros2/node_get_pose_service.py to node_get_pose_service.cpython-38.pyc
[5.017s] running install_egg_info
[5.022s] removing '/home/vlad/ros2_ws/install/tfpose_ros2/lib/python3.8/site-packages/tfpose_ros2-0.1.1-py3.8.egg-info' (and everything under it)
[5.023s] Copying ../../build/tfpose_ros2/tfpose_ros2.egg-info to /home/vlad/ros2_ws/install/tfpose_ros2/lib/python3.8/site-packages/tfpose_ros2-0.1.1-py3.8.egg-info
[5.024s] running install_scripts
[5.050s] Installing get_pose_service script to /home/vlad/ros2_ws/install/tfpose_ros2/lib/tfpose_ros2
[5.050s] file pafprocess.py (for module pafprocess) not found
[5.051s] writing list of installed files to '/home/vlad/ros2_ws/build/tfpose_ros2/install.log'
[5.086s] Invoked command in '/home/vlad/ros2_ws/src/tfpose_ros2' returned '0': PYTHONPATH=/home/vlad/ros2_ws/install/tfpose_ros2/lib/python3.8/site-packages:${PYTHONPATH} /usr/bin/python3 setup.py egg_info --egg-base ../../build/tfpose_ros2 build --build-base /home/vlad/ros2_ws/build/tfpose_ros2/build install --prefix /home/vlad/ros2_ws/install/tfpose_ros2 --record /home/vlad/ros2_ws/build/tfpose_ros2/install.log --single-version-externally-managed
