[0.129s] Invoking command in '/home/vlad/ros2_ws/src/build/realsense_msgs': CMAKE_PREFIX_PATH=${CMAKE_PREFIX_PATH}:/home/vlad/dev_ws/install/py_pubsub:/home/vlad/ros2_foxy/install/ros2bag:/home/vlad/ros2_foxy/install/tracetools_launch:/home/vlad/ros2_foxy/install/topic_monitor:/home/vlad/ros2_foxy/install/examples_tf2_py:/home/vlad/ros2_foxy/install/sros2:/home/vlad/ros2_foxy/install/rqt_topic:/home/vlad/ros2_foxy/install/rqt_reconfigure:/home/vlad/ros2_foxy/install/rqt_action:/home/vlad/ros2_foxy/install/rqt:/home/vlad/ros2_foxy/install/rqt_graph:/home/vlad/ros2_foxy/install/rqt_gui_py:/home/vlad/ros2_foxy/install/rqt_gui:/home/vlad/ros2_foxy/install/ros2trace:/home/vlad/ros2_foxy/install/ros2topic:/home/vlad/ros2_foxy/install/ros2test:/home/vlad/ros2_foxy/install/ros2component:/home/vlad/ros2_foxy/install/ros2param:/home/vlad/ros2_foxy/install/ros2lifecycle:/home/vlad/ros2_foxy/install/ros2service:/home/vlad/ros2_foxy/install/ros2run:/home/vlad/ros2_foxy/install/ros2launch:/home/vlad/ros2_foxy/install/ros2pkg:/home/vlad/ros2_foxy/install/ros2node:/home/vlad/ros2_foxy/install/ros2multicast:/home/vlad/ros2_foxy/install/ros2interface:/home/vlad/ros2_foxy/install/ros2doctor:/home/vlad/ros2_foxy/install/ros2action:/home/vlad/ros2_foxy/install/ros2cli:/home/vlad/ros2_foxy/install/quality_of_service_demo_py:/home/vlad/ros2_foxy/install/launch_testing_ros:/home/vlad/ros2_foxy/install/launch_ros:/home/vlad/ros2_foxy/install/examples_rclpy_minimal_subscriber:/home/vlad/ros2_foxy/install/examples_rclpy_minimal_service:/home/vlad/ros2_foxy/install/examples_rclpy_minimal_publisher:/home/vlad/ros2_foxy/install/examples_rclpy_minimal_client:/home/vlad/ros2_foxy/install/examples_rclpy_minimal_action_server:/home/vlad/ros2_foxy/install/examples_rclpy_minimal_action_client:/home/vlad/ros2_foxy/install/examples_rclpy_executors:/home/vlad/ros2_foxy/install/demo_nodes_py:/home/vlad/ros2_foxy/install/action_tutorials_py:/home/vlad/ros2_foxy/install/ament_uncrustify:/home/vlad/ros2_foxy/install/tracetools_trace:/home/vlad/ros2_foxy/install/tracetools_read:/home/vlad/ros2_foxy/install/test_launch_ros:/home/vlad/ros2_foxy/install/rpyutils:/home/vlad/ros2_foxy/install/rosidl_runtime_py:/home/vlad/ros2_foxy/install/launch_yaml:/home/vlad/ros2_foxy/install/launch_xml:/home/vlad/ros2_foxy/install/launch_testing:/home/vlad/ros2_foxy/install/launch:/home/vlad/ros2_foxy/install/osrf_pycommon:/home/vlad/ros2_foxy/install/domain_coordinator:/home/vlad/ros2_foxy/install/ament_xmllint:/home/vlad/ros2_foxy/install/ament_pyflakes:/home/vlad/ros2_foxy/install/ament_pycodestyle:/home/vlad/ros2_foxy/install/ament_pep257:/home/vlad/ros2_foxy/install/ament_pclint:/home/vlad/ros2_foxy/install/ament_package:/home/vlad/ros2_foxy/install/ament_mypy:/home/vlad/ros2_foxy/install/ament_lint_cmake:/home/vlad/ros2_foxy/install/ament_flake8:/home/vlad/ros2_foxy/install/ament_copyright:/home/vlad/ros2_foxy/install/ament_lint:/home/vlad/ros2_foxy/install/ament_index_python:/home/vlad/ros2_foxy/install/ament_cpplint:/home/vlad/ros2_foxy/install/ament_cppcheck:/home/vlad/ros2_foxy/install/ament_clang_tidy:/home/vlad/ros2_foxy/install/ament_clang_format:/opt/ros/foxy /usr/bin/cmake /home/vlad/ros2_ws/src/ros2_intel_realsense/realsense_msgs -DCMAKE_INSTALL_PREFIX=/home/vlad/ros2_ws/src/install/realsense_msgs
[4.804s] -- The C compiler identification is GNU 9.3.0
[4.805s] -- The CXX compiler identification is GNU 9.3.0
[4.806s] -- Check for working C compiler: /usr/bin/cc
[4.806s] -- Check for working C compiler: /usr/bin/cc -- works
[4.806s] -- Detecting C compiler ABI info
[4.806s] -- Detecting C compiler ABI info - done
[4.807s] -- Detecting C compile features
[4.807s] -- Detecting C compile features - done
[4.807s] -- Check for working CXX compiler: /usr/bin/c++
[4.807s] -- Check for working CXX compiler: /usr/bin/c++ -- works
[4.807s] -- Detecting CXX compiler ABI info
[4.807s] -- Detecting CXX compiler ABI info - done
[4.807s] -- Detecting CXX compile features
[4.807s] -- Detecting CXX compile features - done
[4.807s] -- Found ament_cmake: 0.9.7 (/home/vlad/ros2_foxy/install/ament_cmake/share/ament_cmake/cmake)
[4.808s] -- Found PythonInterp: /usr/bin/python3 (found suitable version "3.8.5", minimum required is "3") 
[4.808s] -- Using PYTHON_EXECUTABLE: /usr/bin/python3
[4.808s] -- Found rosidl_default_generators: 1.0.0 (/home/vlad/ros2_foxy/install/rosidl_default_generators/share/rosidl_default_generators/cmake)
[4.809s] -- Using all available rosidl_typesupport_c: rosidl_typesupport_introspection_c;rosidl_typesupport_fastrtps_c
[4.809s] -- Found rosidl_adapter: 1.1.0 (/home/vlad/ros2_foxy/install/rosidl_adapter/share/rosidl_adapter/cmake)
[5.160s] -- Found OpenSSL: /usr/lib/x86_64-linux-gnu/libcrypto.so (found version "1.1.1f")  
[5.299s] -- Found FastRTPS: /home/vlad/ros2_foxy/install/fastrtps/include  
[5.674s] -- Using all available rosidl_typesupport_cpp: rosidl_typesupport_introspection_cpp;rosidl_typesupport_fastrtps_cpp
[5.797s] -- Found std_msgs: 2.0.3 (/home/vlad/ros2_foxy/install/std_msgs/share/std_msgs/cmake)
[6.306s] -- Found PythonInterp: /usr/bin/python3 (found version "3.8.5") 
[7.605s] -- Found ament_cmake_cppcheck: 0.9.5 (/home/vlad/ros2_foxy/install/ament_cmake_cppcheck/share/ament_cmake_cppcheck/cmake)
[7.627s] -- Found ament_cmake_cpplint: 0.9.5 (/home/vlad/ros2_foxy/install/ament_cmake_cpplint/share/ament_cmake_cpplint/cmake)
[7.640s] -- Found ament_cmake_uncrustify: 0.9.5 (/home/vlad/ros2_foxy/install/ament_cmake_uncrustify/share/ament_cmake_uncrustify/cmake)
[7.746s] -- Found ament_cmake_ros: 0.9.0 (/home/vlad/ros2_foxy/install/ament_cmake_ros/share/ament_cmake_ros/cmake)
[8.388s] -- Using all available rosidl_typesupport_c: rosidl_typesupport_introspection_c;rosidl_typesupport_fastrtps_c
[8.700s] -- Using all available rosidl_typesupport_cpp: rosidl_typesupport_introspection_cpp;rosidl_typesupport_fastrtps_cpp
[9.112s] -- Found PythonInterp: /usr/bin/python3 (found suitable version "3.8.5", minimum required is "3.5") 
[9.126s] -- Found python_cmake_module: 0.8.0 (/home/vlad/ros2_foxy/install/python_cmake_module/share/python_cmake_module/cmake)
[9.437s] -- Found PythonLibs: /usr/lib/x86_64-linux-gnu/libpython3.8.so (found suitable version "3.8.5", minimum required is "3.5") 
[9.437s] -- Using PYTHON_EXECUTABLE: /usr/bin/python3
[9.437s] -- Using PYTHON_INCLUDE_DIRS: /usr/include/python3.8
[9.437s] -- Using PYTHON_LIBRARIES: /usr/lib/x86_64-linux-gnu/libpython3.8.so
[9.736s] -- Found PythonExtra: .so  
[10.637s] -- Found ament_cmake_flake8: 0.9.5 (/home/vlad/ros2_foxy/install/ament_cmake_flake8/share/ament_cmake_flake8/cmake)
[10.656s] -- Found ament_cmake_pep257: 0.9.5 (/home/vlad/ros2_foxy/install/ament_cmake_pep257/share/ament_cmake_pep257/cmake)
[10.669s] -- Configuring done
[10.713s] -- Generating done
[10.715s] -- Build files have been written to: /home/vlad/ros2_ws/src/build/realsense_msgs
[556.319s] Invoked command in '/home/vlad/ros2_ws/src/build/realsense_msgs' returned '0': CMAKE_PREFIX_PATH=${CMAKE_PREFIX_PATH}:/home/vlad/dev_ws/install/py_pubsub:/home/vlad/ros2_foxy/install/ros2bag:/home/vlad/ros2_foxy/install/tracetools_launch:/home/vlad/ros2_foxy/install/topic_monitor:/home/vlad/ros2_foxy/install/examples_tf2_py:/home/vlad/ros2_foxy/install/sros2:/home/vlad/ros2_foxy/install/rqt_topic:/home/vlad/ros2_foxy/install/rqt_reconfigure:/home/vlad/ros2_foxy/install/rqt_action:/home/vlad/ros2_foxy/install/rqt:/home/vlad/ros2_foxy/install/rqt_graph:/home/vlad/ros2_foxy/install/rqt_gui_py:/home/vlad/ros2_foxy/install/rqt_gui:/home/vlad/ros2_foxy/install/ros2trace:/home/vlad/ros2_foxy/install/ros2topic:/home/vlad/ros2_foxy/install/ros2test:/home/vlad/ros2_foxy/install/ros2component:/home/vlad/ros2_foxy/install/ros2param:/home/vlad/ros2_foxy/install/ros2lifecycle:/home/vlad/ros2_foxy/install/ros2service:/home/vlad/ros2_foxy/install/ros2run:/home/vlad/ros2_foxy/install/ros2launch:/home/vlad/ros2_foxy/install/ros2pkg:/home/vlad/ros2_foxy/install/ros2node:/home/vlad/ros2_foxy/install/ros2multicast:/home/vlad/ros2_foxy/install/ros2interface:/home/vlad/ros2_foxy/install/ros2doctor:/home/vlad/ros2_foxy/install/ros2action:/home/vlad/ros2_foxy/install/ros2cli:/home/vlad/ros2_foxy/install/quality_of_service_demo_py:/home/vlad/ros2_foxy/install/launch_testing_ros:/home/vlad/ros2_foxy/install/launch_ros:/home/vlad/ros2_foxy/install/examples_rclpy_minimal_subscriber:/home/vlad/ros2_foxy/install/examples_rclpy_minimal_service:/home/vlad/ros2_foxy/install/examples_rclpy_minimal_publisher:/home/vlad/ros2_foxy/install/examples_rclpy_minimal_client:/home/vlad/ros2_foxy/install/examples_rclpy_minimal_action_server:/home/vlad/ros2_foxy/install/examples_rclpy_minimal_action_client:/home/vlad/ros2_foxy/install/examples_rclpy_executors:/home/vlad/ros2_foxy/install/demo_nodes_py:/home/vlad/ros2_foxy/install/action_tutorials_py:/home/vlad/ros2_foxy/install/ament_uncrustify:/home/vlad/ros2_foxy/install/tracetools_trace:/home/vlad/ros2_foxy/install/tracetools_read:/home/vlad/ros2_foxy/install/test_launch_ros:/home/vlad/ros2_foxy/install/rpyutils:/home/vlad/ros2_foxy/install/rosidl_runtime_py:/home/vlad/ros2_foxy/install/launch_yaml:/home/vlad/ros2_foxy/install/launch_xml:/home/vlad/ros2_foxy/install/launch_testing:/home/vlad/ros2_foxy/install/launch:/home/vlad/ros2_foxy/install/osrf_pycommon:/home/vlad/ros2_foxy/install/domain_coordinator:/home/vlad/ros2_foxy/install/ament_xmllint:/home/vlad/ros2_foxy/install/ament_pyflakes:/home/vlad/ros2_foxy/install/ament_pycodestyle:/home/vlad/ros2_foxy/install/ament_pep257:/home/vlad/ros2_foxy/install/ament_pclint:/home/vlad/ros2_foxy/install/ament_package:/home/vlad/ros2_foxy/install/ament_mypy:/home/vlad/ros2_foxy/install/ament_lint_cmake:/home/vlad/ros2_foxy/install/ament_flake8:/home/vlad/ros2_foxy/install/ament_copyright:/home/vlad/ros2_foxy/install/ament_lint:/home/vlad/ros2_foxy/install/ament_index_python:/home/vlad/ros2_foxy/install/ament_cpplint:/home/vlad/ros2_foxy/install/ament_cppcheck:/home/vlad/ros2_foxy/install/ament_clang_tidy:/home/vlad/ros2_foxy/install/ament_clang_format:/opt/ros/foxy /usr/bin/cmake /home/vlad/ros2_ws/src/ros2_intel_realsense/realsense_msgs -DCMAKE_INSTALL_PREFIX=/home/vlad/ros2_ws/src/install/realsense_msgs
[556.323s] Invoking command in '/home/vlad/ros2_ws/src/build/realsense_msgs': CMAKE_PREFIX_PATH=${CMAKE_PREFIX_PATH}:/home/vlad/dev_ws/install/py_pubsub:/home/vlad/ros2_foxy/install/ros2bag:/home/vlad/ros2_foxy/install/tracetools_launch:/home/vlad/ros2_foxy/install/topic_monitor:/home/vlad/ros2_foxy/install/examples_tf2_py:/home/vlad/ros2_foxy/install/sros2:/home/vlad/ros2_foxy/install/rqt_topic:/home/vlad/ros2_foxy/install/rqt_reconfigure:/home/vlad/ros2_foxy/install/rqt_action:/home/vlad/ros2_foxy/install/rqt:/home/vlad/ros2_foxy/install/rqt_graph:/home/vlad/ros2_foxy/install/rqt_gui_py:/home/vlad/ros2_foxy/install/rqt_gui:/home/vlad/ros2_foxy/install/ros2trace:/home/vlad/ros2_foxy/install/ros2topic:/home/vlad/ros2_foxy/install/ros2test:/home/vlad/ros2_foxy/install/ros2component:/home/vlad/ros2_foxy/install/ros2param:/home/vlad/ros2_foxy/install/ros2lifecycle:/home/vlad/ros2_foxy/install/ros2service:/home/vlad/ros2_foxy/install/ros2run:/home/vlad/ros2_foxy/install/ros2launch:/home/vlad/ros2_foxy/install/ros2pkg:/home/vlad/ros2_foxy/install/ros2node:/home/vlad/ros2_foxy/install/ros2multicast:/home/vlad/ros2_foxy/install/ros2interface:/home/vlad/ros2_foxy/install/ros2doctor:/home/vlad/ros2_foxy/install/ros2action:/home/vlad/ros2_foxy/install/ros2cli:/home/vlad/ros2_foxy/install/quality_of_service_demo_py:/home/vlad/ros2_foxy/install/launch_testing_ros:/home/vlad/ros2_foxy/install/launch_ros:/home/vlad/ros2_foxy/install/examples_rclpy_minimal_subscriber:/home/vlad/ros2_foxy/install/examples_rclpy_minimal_service:/home/vlad/ros2_foxy/install/examples_rclpy_minimal_publisher:/home/vlad/ros2_foxy/install/examples_rclpy_minimal_client:/home/vlad/ros2_foxy/install/examples_rclpy_minimal_action_server:/home/vlad/ros2_foxy/install/examples_rclpy_minimal_action_client:/home/vlad/ros2_foxy/install/examples_rclpy_executors:/home/vlad/ros2_foxy/install/demo_nodes_py:/home/vlad/ros2_foxy/install/action_tutorials_py:/home/vlad/ros2_foxy/install/ament_uncrustify:/home/vlad/ros2_foxy/install/tracetools_trace:/home/vlad/ros2_foxy/install/tracetools_read:/home/vlad/ros2_foxy/install/test_launch_ros:/home/vlad/ros2_foxy/install/rpyutils:/home/vlad/ros2_foxy/install/rosidl_runtime_py:/home/vlad/ros2_foxy/install/launch_yaml:/home/vlad/ros2_foxy/install/launch_xml:/home/vlad/ros2_foxy/install/launch_testing:/home/vlad/ros2_foxy/install/launch:/home/vlad/ros2_foxy/install/osrf_pycommon:/home/vlad/ros2_foxy/install/domain_coordinator:/home/vlad/ros2_foxy/install/ament_xmllint:/home/vlad/ros2_foxy/install/ament_pyflakes:/home/vlad/ros2_foxy/install/ament_pycodestyle:/home/vlad/ros2_foxy/install/ament_pep257:/home/vlad/ros2_foxy/install/ament_pclint:/home/vlad/ros2_foxy/install/ament_package:/home/vlad/ros2_foxy/install/ament_mypy:/home/vlad/ros2_foxy/install/ament_lint_cmake:/home/vlad/ros2_foxy/install/ament_flake8:/home/vlad/ros2_foxy/install/ament_copyright:/home/vlad/ros2_foxy/install/ament_lint:/home/vlad/ros2_foxy/install/ament_index_python:/home/vlad/ros2_foxy/install/ament_cpplint:/home/vlad/ros2_foxy/install/ament_cppcheck:/home/vlad/ros2_foxy/install/ament_clang_tidy:/home/vlad/ros2_foxy/install/ament_clang_format:/opt/ros/foxy /usr/bin/cmake --build /home/vlad/ros2_ws/src/build/realsense_msgs -- -j12 -l12
[556.532s] [35m[1mScanning dependencies of target realsense_msgs__cpp[0m
[556.555s] [  3%] [34m[1mGenerating C code for ROS interfaces[0m
[556.641s] [  6%] [34m[1mGenerating C++ code for ROS interfaces[0m
[559.592s] [  6%] Built target realsense_msgs__cpp
[559.763s] [  9%] [34m[1mGenerating C++ type support dispatch for ROS interfaces[0m
[559.791s] [ 12%] [34m[1mGenerating C++ type support for eProsima Fast-RTPS[0m
[559.870s] [ 16%] [34m[1mGenerating C++ introspection for ROS interfaces[0m
[561.434s] [35m[1mScanning dependencies of target realsense_msgs__rosidl_generator_c[0m
[561.553s] [ 19%] [32mBuilding C object CMakeFiles/realsense_msgs__rosidl_generator_c.dir/rosidl_generator_c/realsense_msgs/msg/detail/imu_info__functions.c.o[0m
[561.842s] [ 22%] [32m[1mLinking C shared library librealsense_msgs__rosidl_generator_c.so[0m
[562.151s] [ 22%] Built target realsense_msgs__rosidl_generator_c
[562.263s] [ 25%] [34m[1mGenerating C introspection for ROS interfaces[0m
[562.302s] [ 29%] [34m[1mGenerating C type support dispatch for ROS interfaces[0m
[562.494s] [35m[1mScanning dependencies of target realsense_msgs__rosidl_typesupport_fastrtps_cpp[0m
[562.657s] [ 32%] [32mBuilding CXX object CMakeFiles/realsense_msgs__rosidl_typesupport_fastrtps_cpp.dir/rosidl_typesupport_fastrtps_cpp/realsense_msgs/msg/detail/dds_fastrtps/imu_info__type_support.cpp.o[0m
[562.897s] [35m[1mScanning dependencies of target realsense_msgs__rosidl_typesupport_cpp[0m
[563.039s] [ 35%] [32mBuilding CXX object CMakeFiles/realsense_msgs__rosidl_typesupport_cpp.dir/rosidl_typesupport_cpp/realsense_msgs/msg/imu_info__type_support.cpp.o[0m
[564.018s] [35m[1mScanning dependencies of target realsense_msgs__rosidl_typesupport_introspection_cpp[0m
[564.163s] [ 38%] [32mBuilding CXX object CMakeFiles/realsense_msgs__rosidl_typesupport_introspection_cpp.dir/rosidl_typesupport_introspection_cpp/realsense_msgs/msg/detail/imu_info__type_support.cpp.o[0m
[564.563s] [ 41%] [32m[1mLinking CXX shared library librealsense_msgs__rosidl_typesupport_cpp.so[0m
[564.899s] [ 41%] Built target realsense_msgs__rosidl_typesupport_cpp
[565.137s] [ 45%] [32m[1mLinking CXX shared library librealsense_msgs__rosidl_typesupport_introspection_cpp.so[0m
[565.274s] [ 48%] [32m[1mLinking CXX shared library librealsense_msgs__rosidl_typesupport_fastrtps_cpp.so[0m
[565.325s] [35m[1mScanning dependencies of target realsense_msgs__rosidl_typesupport_c[0m
[565.504s] [ 51%] [32mBuilding CXX object CMakeFiles/realsense_msgs__rosidl_typesupport_c.dir/rosidl_typesupport_c/realsense_msgs/msg/imu_info__type_support.cpp.o[0m
[565.776s] [ 54%] [32m[1mLinking CXX shared library librealsense_msgs__rosidl_typesupport_c.so[0m
[565.780s] [ 54%] Built target realsense_msgs__rosidl_typesupport_introspection_cpp
[565.942s] [ 54%] Built target realsense_msgs__rosidl_typesupport_fastrtps_cpp
[566.058s] [ 58%] [34m[1mGenerating C type support for eProsima Fast-RTPS[0m
[566.060s] [35m[1mScanning dependencies of target realsense_msgs__rosidl_typesupport_introspection_c[0m
[566.103s] [ 58%] Built target realsense_msgs__rosidl_typesupport_c
[566.197s] [ 61%] [32mBuilding C object CMakeFiles/realsense_msgs__rosidl_typesupport_introspection_c.dir/rosidl_typesupport_introspection_c/realsense_msgs/msg/detail/imu_info__type_support.c.o[0m
[566.324s] [ 64%] [32m[1mLinking C shared library librealsense_msgs__rosidl_typesupport_introspection_c.so[0m
[566.532s] [ 64%] Built target realsense_msgs__rosidl_typesupport_introspection_c
[568.120s] [35m[1mScanning dependencies of target realsense_msgs__rosidl_typesupport_fastrtps_c[0m
[568.221s] [ 67%] [32mBuilding CXX object CMakeFiles/realsense_msgs__rosidl_typesupport_fastrtps_c.dir/rosidl_typesupport_fastrtps_c/realsense_msgs/msg/detail/imu_info__type_support_c.cpp.o[0m
[569.016s] [ 70%] [32m[1mLinking CXX shared library librealsense_msgs__rosidl_typesupport_fastrtps_c.so[0m
[569.475s] [ 70%] Built target realsense_msgs__rosidl_typesupport_fastrtps_c
[569.607s] [35m[1mScanning dependencies of target realsense_msgs[0m
[569.718s] [ 70%] Built target realsense_msgs
[569.845s] [35m[1mScanning dependencies of target realsense_msgs__py[0m
[569.961s] [ 74%] [34m[1mGenerating Python code for ROS interfaces[0m
[572.746s] [ 74%] Built target realsense_msgs__py
[572.860s] [35m[1mScanning dependencies of target realsense_msgs__python[0m
[572.949s] [ 77%] [32mBuilding C object CMakeFiles/realsense_msgs__python.dir/rosidl_generator_py/realsense_msgs/msg/_imu_info_s.c.o[0m
[573.197s] [ 80%] [32m[1mLinking C shared library rosidl_generator_py/realsense_msgs/librealsense_msgs__python.so[0m
[573.329s] [ 80%] Built target realsense_msgs__python
[573.389s] [35m[1mScanning dependencies of target realsense_msgs__rosidl_typesupport_introspection_c__pyext[0m
[573.391s] [35m[1mScanning dependencies of target realsense_msgs__rosidl_typesupport_fastrtps_c__pyext[0m
[573.419s] [35m[1mScanning dependencies of target realsense_msgs__rosidl_typesupport_c__pyext[0m
[573.511s] [ 87%] [32mBuilding C object CMakeFiles/realsense_msgs__rosidl_typesupport_introspection_c__pyext.dir/rosidl_generator_py/realsense_msgs/_realsense_msgs_s.ep.rosidl_typesupport_introspection_c.c.o[0m
[573.511s] [ 87%] [32mBuilding C object CMakeFiles/realsense_msgs__rosidl_typesupport_fastrtps_c__pyext.dir/rosidl_generator_py/realsense_msgs/_realsense_msgs_s.ep.rosidl_typesupport_fastrtps_c.c.o[0m
[573.524s] [ 90%] [32mBuilding C object CMakeFiles/realsense_msgs__rosidl_typesupport_c__pyext.dir/rosidl_generator_py/realsense_msgs/_realsense_msgs_s.ep.rosidl_typesupport_c.c.o[0m
[573.723s] [ 93%] [32m[1mLinking C shared library rosidl_generator_py/realsense_msgs/realsense_msgs_s__rosidl_typesupport_introspection_c.cpython-38-x86_64-linux-gnu.so[0m
[573.725s] [ 96%] [32m[1mLinking C shared library rosidl_generator_py/realsense_msgs/realsense_msgs_s__rosidl_typesupport_c.cpython-38-x86_64-linux-gnu.so[0m
[573.799s] [100%] [32m[1mLinking CXX shared library rosidl_generator_py/realsense_msgs/realsense_msgs_s__rosidl_typesupport_fastrtps_c.cpython-38-x86_64-linux-gnu.so[0m
[573.896s] [100%] Built target realsense_msgs__rosidl_typesupport_c__pyext
[573.914s] [100%] Built target realsense_msgs__rosidl_typesupport_introspection_c__pyext
[574.022s] [100%] Built target realsense_msgs__rosidl_typesupport_fastrtps_c__pyext
