-- Found ament_cmake: 0.9.7 (/home/vlad/ros2_foxy/install/ament_cmake/share/ament_cmake/cmake)
-- Found PythonInterp: /usr/bin/python3 (found suitable version "3.8.5", minimum required is "3") 
-- Using PYTHON_EXECUTABLE: /usr/bin/python3
-- Found rosidl_default_generators: 1.0.0 (/home/vlad/ros2_foxy/install/rosidl_default_generators/share/rosidl_default_generators/cmake)
-- Using all available rosidl_typesupport_c: rosidl_typesupport_introspection_c;rosidl_typesupport_fastrtps_c
-- Found rosidl_adapter: 1.1.0 (/home/vlad/ros2_foxy/install/rosidl_adapter/share/rosidl_adapter/cmake)
-- Using all available rosidl_typesupport_cpp: rosidl_typesupport_introspection_cpp;rosidl_typesupport_fastrtps_cpp
-- Found std_msgs: 2.0.3 (/home/vlad/ros2_foxy/install/std_msgs/share/std_msgs/cmake)
-- Found PythonInterp: /usr/bin/python3 (found version "3.8.5") 
-- Found ament_cmake_ros: 0.9.0 (/home/vlad/ros2_foxy/install/ament_cmake_ros/share/ament_cmake_ros/cmake)
-- Using all available rosidl_typesupport_c: rosidl_typesupport_introspection_c;rosidl_typesupport_fastrtps_c
-- Using all available rosidl_typesupport_cpp: rosidl_typesupport_introspection_cpp;rosidl_typesupport_fastrtps_cpp
-- Found PythonInterp: /usr/bin/python3 (found suitable version "3.8.5", minimum required is "3.5") 
-- Found python_cmake_module: 0.8.0 (/home/vlad/ros2_foxy/install/python_cmake_module/share/python_cmake_module/cmake)
-- Using PYTHON_EXECUTABLE: /usr/bin/python3
-- Using PYTHON_INCLUDE_DIRS: /usr/include/python3.8
-- Using PYTHON_LIBRARIES: /usr/lib/x86_64-linux-gnu/libpython3.8.so
-- Configuring done
-- Generating done
-- Build files have been written to: /home/vlad/ros2_ws/build/pose_interface
[  1%] [34m[1mGenerating C code for ROS interfaces[0m
[  3%] [34m[1mGenerating C++ code for ROS interfaces[0m
[35m[1mScanning dependencies of target pose_interface__rosidl_generator_c[0m
[  3%] Built target pose_interface__cpp
[  9%] [32mBuilding C object CMakeFiles/pose_interface__rosidl_generator_c.dir/rosidl_generator_c/pose_interface/srv/detail/get_pose__functions.c.o[0m
[  9%] [32mBuilding C object CMakeFiles/pose_interface__rosidl_generator_c.dir/rosidl_generator_c/pose_interface/msg/detail/person__functions.c.o[0m
[  9%] [32mBuilding C object CMakeFiles/pose_interface__rosidl_generator_c.dir/rosidl_generator_c/pose_interface/msg/detail/persons__functions.c.o[0m
[ 10%] [32mBuilding C object CMakeFiles/pose_interface__rosidl_generator_c.dir/rosidl_generator_c/pose_interface/msg/detail/body_part_elm__functions.c.o[0m
[ 14%] [34m[1mGenerating C++ type support dispatch for ROS interfaces[0m
[ 14%] [34m[1mGenerating C++ type support for eProsima Fast-RTPS[0m
[ 16%] [34m[1mGenerating C++ introspection for ROS interfaces[0m
[ 18%] [32m[1mLinking C shared library libpose_interface__rosidl_generator_c.so[0m
[ 18%] Built target pose_interface__rosidl_generator_c
[ 20%] [34m[1mGenerating C introspection for ROS interfaces[0m
[ 21%] [34m[1mGenerating C type support dispatch for ROS interfaces[0m
[35m[1mScanning dependencies of target pose_interface__rosidl_typesupport_cpp[0m
[35m[1mScanning dependencies of target pose_interface__rosidl_typesupport_introspection_cpp[0m
[ 25%] [32mBuilding CXX object CMakeFiles/pose_interface__rosidl_typesupport_cpp.dir/rosidl_typesupport_cpp/pose_interface/msg/body_part_elm__type_support.cpp.o[0m
[ 25%] [32mBuilding CXX object CMakeFiles/pose_interface__rosidl_typesupport_cpp.dir/rosidl_typesupport_cpp/pose_interface/msg/person__type_support.cpp.o[0m
[ 29%] [32mBuilding CXX object CMakeFiles/pose_interface__rosidl_typesupport_cpp.dir/rosidl_typesupport_cpp/pose_interface/msg/persons__type_support.cpp.o[0m
[ 29%] [32mBuilding CXX object CMakeFiles/pose_interface__rosidl_typesupport_cpp.dir/rosidl_typesupport_cpp/pose_interface/srv/get_pose__type_support.cpp.o[0m
[ 30%] [32mBuilding CXX object CMakeFiles/pose_interface__rosidl_typesupport_introspection_cpp.dir/rosidl_typesupport_introspection_cpp/pose_interface/msg/detail/person__type_support.cpp.o[0m
[ 32%] [32mBuilding CXX object CMakeFiles/pose_interface__rosidl_typesupport_introspection_cpp.dir/rosidl_typesupport_introspection_cpp/pose_interface/msg/detail/body_part_elm__type_support.cpp.o[0m
[ 34%] [32mBuilding CXX object CMakeFiles/pose_interface__rosidl_typesupport_introspection_cpp.dir/rosidl_typesupport_introspection_cpp/pose_interface/msg/detail/persons__type_support.cpp.o[0m
[ 36%] [32mBuilding CXX object CMakeFiles/pose_interface__rosidl_typesupport_introspection_cpp.dir/rosidl_typesupport_introspection_cpp/pose_interface/srv/detail/get_pose__type_support.cpp.o[0m
[35m[1mScanning dependencies of target pose_interface__rosidl_typesupport_fastrtps_cpp[0m
[ 38%] [32mBuilding CXX object CMakeFiles/pose_interface__rosidl_typesupport_fastrtps_cpp.dir/rosidl_typesupport_fastrtps_cpp/pose_interface/msg/detail/dds_fastrtps/body_part_elm__type_support.cpp.o[0m
[ 40%] [32mBuilding CXX object CMakeFiles/pose_interface__rosidl_typesupport_fastrtps_cpp.dir/rosidl_typesupport_fastrtps_cpp/pose_interface/msg/detail/dds_fastrtps/person__type_support.cpp.o[0m
[35m[1mScanning dependencies of target pose_interface__rosidl_typesupport_c[0m
[ 41%] [32mBuilding CXX object CMakeFiles/pose_interface__rosidl_typesupport_c.dir/rosidl_typesupport_c/pose_interface/msg/body_part_elm__type_support.cpp.o[0m
[ 43%] [32mBuilding CXX object CMakeFiles/pose_interface__rosidl_typesupport_c.dir/rosidl_typesupport_c/pose_interface/msg/person__type_support.cpp.o[0m
[35m[1mScanning dependencies of target pose_interface__rosidl_typesupport_introspection_c[0m
[ 45%] [32mBuilding CXX object CMakeFiles/pose_interface__rosidl_typesupport_c.dir/rosidl_typesupport_c/pose_interface/msg/persons__type_support.cpp.o[0m
[ 49%] [32mBuilding CXX object CMakeFiles/pose_interface__rosidl_typesupport_fastrtps_cpp.dir/rosidl_typesupport_fastrtps_cpp/pose_interface/msg/detail/dds_fastrtps/persons__type_support.cpp.o[0m
[ 49%] [32m[1mLinking CXX shared library libpose_interface__rosidl_typesupport_cpp.so[0m
[ 50%] [32mBuilding CXX object CMakeFiles/pose_interface__rosidl_typesupport_fastrtps_cpp.dir/rosidl_typesupport_fastrtps_cpp/pose_interface/srv/detail/dds_fastrtps/get_pose__type_support.cpp.o[0m
[ 52%] [32mBuilding CXX object CMakeFiles/pose_interface__rosidl_typesupport_c.dir/rosidl_typesupport_c/pose_interface/srv/get_pose__type_support.cpp.o[0m
[ 54%] [32mBuilding C object CMakeFiles/pose_interface__rosidl_typesupport_introspection_c.dir/rosidl_typesupport_introspection_c/pose_interface/msg/detail/body_part_elm__type_support.c.o[0m
[ 56%] [32mBuilding C object CMakeFiles/pose_interface__rosidl_typesupport_introspection_c.dir/rosidl_typesupport_introspection_c/pose_interface/msg/detail/person__type_support.c.o[0m
[ 58%] [32mBuilding C object CMakeFiles/pose_interface__rosidl_typesupport_introspection_c.dir/rosidl_typesupport_introspection_c/pose_interface/msg/detail/persons__type_support.c.o[0m
[ 60%] [32m[1mLinking CXX shared library libpose_interface__rosidl_typesupport_c.so[0m
[ 61%] [32mBuilding C object CMakeFiles/pose_interface__rosidl_typesupport_introspection_c.dir/rosidl_typesupport_introspection_c/pose_interface/srv/detail/get_pose__type_support.c.o[0m
[ 63%] [32m[1mLinking CXX shared library libpose_interface__rosidl_typesupport_introspection_cpp.so[0m
[ 63%] Built target pose_interface__rosidl_typesupport_cpp
[ 65%] [32m[1mLinking C shared library libpose_interface__rosidl_typesupport_introspection_c.so[0m
[ 65%] Built target pose_interface__rosidl_typesupport_c
[ 65%] Built target pose_interface__rosidl_typesupport_introspection_c
[ 65%] Built target pose_interface__rosidl_typesupport_introspection_cpp
[ 67%] [32m[1mLinking CXX shared library libpose_interface__rosidl_typesupport_fastrtps_cpp.so[0m
[ 67%] Built target pose_interface__rosidl_typesupport_fastrtps_cpp
[ 69%] [34m[1mGenerating C type support for eProsima Fast-RTPS[0m
[35m[1mScanning dependencies of target pose_interface__rosidl_typesupport_fastrtps_c[0m
[ 76%] [32mBuilding CXX object CMakeFiles/pose_interface__rosidl_typesupport_fastrtps_c.dir/rosidl_typesupport_fastrtps_c/pose_interface/srv/detail/get_pose__type_support_c.cpp.o[0m
[ 76%] [32mBuilding CXX object CMakeFiles/pose_interface__rosidl_typesupport_fastrtps_c.dir/rosidl_typesupport_fastrtps_c/pose_interface/msg/detail/body_part_elm__type_support_c.cpp.o[0m
[ 76%] [32mBuilding CXX object CMakeFiles/pose_interface__rosidl_typesupport_fastrtps_c.dir/rosidl_typesupport_fastrtps_c/pose_interface/msg/detail/person__type_support_c.cpp.o[0m
[ 76%] [32mBuilding CXX object CMakeFiles/pose_interface__rosidl_typesupport_fastrtps_c.dir/rosidl_typesupport_fastrtps_c/pose_interface/msg/detail/persons__type_support_c.cpp.o[0m
[ 78%] [32m[1mLinking CXX shared library libpose_interface__rosidl_typesupport_fastrtps_c.so[0m
[ 78%] Built target pose_interface__rosidl_typesupport_fastrtps_c
[35m[1mScanning dependencies of target pose_interface[0m
[ 78%] Built target pose_interface
[35m[1mScanning dependencies of target pose_interface__py[0m
[ 80%] [34m[1mGenerating Python code for ROS interfaces[0m
[ 80%] Built target pose_interface__py
[35m[1mScanning dependencies of target pose_interface__python[0m
[ 87%] [32mBuilding C object CMakeFiles/pose_interface__python.dir/rosidl_generator_py/pose_interface/msg/_persons_s.c.o[0m
[ 87%] [32mBuilding C object CMakeFiles/pose_interface__python.dir/rosidl_generator_py/pose_interface/srv/_get_pose_s.c.o[0m
[ 87%] [32mBuilding C object CMakeFiles/pose_interface__python.dir/rosidl_generator_py/pose_interface/msg/_body_part_elm_s.c.o[0m
[ 87%] [32mBuilding C object CMakeFiles/pose_interface__python.dir/rosidl_generator_py/pose_interface/msg/_person_s.c.o[0m
[ 89%] [32m[1mLinking C shared library rosidl_generator_py/pose_interface/libpose_interface__python.so[0m
[ 89%] Built target pose_interface__python
[35m[1mScanning dependencies of target pose_interface__rosidl_typesupport_c__pyext[0m
[35m[1mScanning dependencies of target pose_interface__rosidl_typesupport_introspection_c__pyext[0m
[35m[1mScanning dependencies of target pose_interface__rosidl_typesupport_fastrtps_c__pyext[0m
[ 94%] [32mBuilding C object CMakeFiles/pose_interface__rosidl_typesupport_introspection_c__pyext.dir/rosidl_generator_py/pose_interface/_pose_interface_s.ep.rosidl_typesupport_introspection_c.c.o[0m
[ 94%] [32mBuilding C object CMakeFiles/pose_interface__rosidl_typesupport_c__pyext.dir/rosidl_generator_py/pose_interface/_pose_interface_s.ep.rosidl_typesupport_c.c.o[0m
[ 94%] [32mBuilding C object CMakeFiles/pose_interface__rosidl_typesupport_fastrtps_c__pyext.dir/rosidl_generator_py/pose_interface/_pose_interface_s.ep.rosidl_typesupport_fastrtps_c.c.o[0m
[ 96%] [32m[1mLinking C shared library rosidl_generator_py/pose_interface/pose_interface_s__rosidl_typesupport_introspection_c.cpython-38-x86_64-linux-gnu.so[0m
[ 98%] [32m[1mLinking C shared library rosidl_generator_py/pose_interface/pose_interface_s__rosidl_typesupport_c.cpython-38-x86_64-linux-gnu.so[0m
[100%] [32m[1mLinking CXX shared library rosidl_generator_py/pose_interface/pose_interface_s__rosidl_typesupport_fastrtps_c.cpython-38-x86_64-linux-gnu.so[0m
[100%] Built target pose_interface__rosidl_typesupport_introspection_c__pyext
[100%] Built target pose_interface__rosidl_typesupport_c__pyext
[100%] Built target pose_interface__rosidl_typesupport_fastrtps_c__pyext
-- Install configuration: ""
-- Installing: /home/vlad/ros2_ws/install/pose_interface/share/ament_index/resource_index/rosidl_interfaces/pose_interface
-- Installing: /home/vlad/ros2_ws/install/pose_interface/include/pose_interface
-- Installing: /home/vlad/ros2_ws/install/pose_interface/include/pose_interface/msg
-- Installing: /home/vlad/ros2_ws/install/pose_interface/include/pose_interface/msg/body_part_elm.h
-- Installing: /home/vlad/ros2_ws/install/pose_interface/include/pose_interface/msg/rosidl_generator_c__visibility_control.h
-- Installing: /home/vlad/ros2_ws/install/pose_interface/include/pose_interface/msg/person.h
-- Installing: /home/vlad/ros2_ws/install/pose_interface/include/pose_interface/msg/detail
-- Installing: /home/vlad/ros2_ws/install/pose_interface/include/pose_interface/msg/detail/body_part_elm__struct.h
-- Installing: /home/vlad/ros2_ws/install/pose_interface/include/pose_interface/msg/detail/persons__struct.h
-- Installing: /home/vlad/ros2_ws/install/pose_interface/include/pose_interface/msg/detail/persons__functions.h
-- Installing: /home/vlad/ros2_ws/install/pose_interface/include/pose_interface/msg/detail/person__type_support.h
-- Installing: /home/vlad/ros2_ws/install/pose_interface/include/pose_interface/msg/detail/person__functions.h
-- Installing: /home/vlad/ros2_ws/install/pose_interface/include/pose_interface/msg/detail/person__struct.h
-- Installing: /home/vlad/ros2_ws/install/pose_interface/include/pose_interface/msg/detail/persons__functions.c
-- Installing: /home/vlad/ros2_ws/install/pose_interface/include/pose_interface/msg/detail/person__functions.c
-- Installing: /home/vlad/ros2_ws/install/pose_interface/include/pose_interface/msg/detail/body_part_elm__functions.h
-- Installing: /home/vlad/ros2_ws/install/pose_interface/include/pose_interface/msg/detail/body_part_elm__type_support.h
-- Installing: /home/vlad/ros2_ws/install/pose_interface/include/pose_interface/msg/detail/body_part_elm__functions.c
-- Installing: /home/vlad/ros2_ws/install/pose_interface/include/pose_interface/msg/detail/persons__type_support.h
-- Installing: /home/vlad/ros2_ws/install/pose_interface/include/pose_interface/msg/persons.h
-- Installing: /home/vlad/ros2_ws/install/pose_interface/include/pose_interface/srv
-- Installing: /home/vlad/ros2_ws/install/pose_interface/include/pose_interface/srv/detail
-- Installing: /home/vlad/ros2_ws/install/pose_interface/include/pose_interface/srv/detail/get_pose__type_support.h
-- Installing: /home/vlad/ros2_ws/install/pose_interface/include/pose_interface/srv/detail/get_pose__functions.c
-- Installing: /home/vlad/ros2_ws/install/pose_interface/include/pose_interface/srv/detail/get_pose__struct.h
-- Installing: /home/vlad/ros2_ws/install/pose_interface/include/pose_interface/srv/detail/get_pose__functions.h
-- Installing: /home/vlad/ros2_ws/install/pose_interface/include/pose_interface/srv/get_pose.h
-- Installing: /home/vlad/ros2_ws/install/pose_interface/share/pose_interface/environment/library_path.sh
-- Installing: /home/vlad/ros2_ws/install/pose_interface/share/pose_interface/environment/library_path.dsv
-- Installing: /home/vlad/ros2_ws/install/pose_interface/lib/libpose_interface__rosidl_generator_c.so
-- Set runtime path of "/home/vlad/ros2_ws/install/pose_interface/lib/libpose_interface__rosidl_generator_c.so" to ""
-- Up-to-date: /home/vlad/ros2_ws/install/pose_interface/include/pose_interface
-- Up-to-date: /home/vlad/ros2_ws/install/pose_interface/include/pose_interface/msg
-- Up-to-date: /home/vlad/ros2_ws/install/pose_interface/include/pose_interface/msg/detail
-- Installing: /home/vlad/ros2_ws/install/pose_interface/include/pose_interface/msg/detail/body_part_elm__rosidl_typesupport_introspection_c.h
-- Installing: /home/vlad/ros2_ws/install/pose_interface/include/pose_interface/msg/detail/person__rosidl_typesupport_introspection_c.h
-- Installing: /home/vlad/ros2_ws/install/pose_interface/include/pose_interface/msg/detail/persons__type_support.c
-- Installing: /home/vlad/ros2_ws/install/pose_interface/include/pose_interface/msg/detail/body_part_elm__type_support.c
-- Installing: /home/vlad/ros2_ws/install/pose_interface/include/pose_interface/msg/detail/person__type_support.c
-- Installing: /home/vlad/ros2_ws/install/pose_interface/include/pose_interface/msg/detail/persons__rosidl_typesupport_introspection_c.h
-- Installing: /home/vlad/ros2_ws/install/pose_interface/include/pose_interface/msg/rosidl_typesupport_introspection_c__visibility_control.h
-- Up-to-date: /home/vlad/ros2_ws/install/pose_interface/include/pose_interface/srv
-- Up-to-date: /home/vlad/ros2_ws/install/pose_interface/include/pose_interface/srv/detail
-- Installing: /home/vlad/ros2_ws/install/pose_interface/include/pose_interface/srv/detail/get_pose__rosidl_typesupport_introspection_c.h
-- Installing: /home/vlad/ros2_ws/install/pose_interface/include/pose_interface/srv/detail/get_pose__type_support.c
-- Installing: /home/vlad/ros2_ws/install/pose_interface/lib/libpose_interface__rosidl_typesupport_introspection_c.so
-- Set runtime path of "/home/vlad/ros2_ws/install/pose_interface/lib/libpose_interface__rosidl_typesupport_introspection_c.so" to ""
-- Up-to-date: /home/vlad/ros2_ws/install/pose_interface/include/pose_interface
-- Up-to-date: /home/vlad/ros2_ws/install/pose_interface/include/pose_interface/msg
-- Up-to-date: /home/vlad/ros2_ws/install/pose_interface/include/pose_interface/msg/detail
-- Installing: /home/vlad/ros2_ws/install/pose_interface/include/pose_interface/msg/detail/body_part_elm__rosidl_typesupport_fastrtps_c.h
-- Installing: /home/vlad/ros2_ws/install/pose_interface/include/pose_interface/msg/detail/persons__rosidl_typesupport_fastrtps_c.h
-- Installing: /home/vlad/ros2_ws/install/pose_interface/include/pose_interface/msg/detail/person__rosidl_typesupport_fastrtps_c.h
-- Installing: /home/vlad/ros2_ws/install/pose_interface/include/pose_interface/msg/rosidl_typesupport_fastrtps_c__visibility_control.h
-- Up-to-date: /home/vlad/ros2_ws/install/pose_interface/include/pose_interface/srv
-- Up-to-date: /home/vlad/ros2_ws/install/pose_interface/include/pose_interface/srv/detail
-- Installing: /home/vlad/ros2_ws/install/pose_interface/include/pose_interface/srv/detail/get_pose__rosidl_typesupport_fastrtps_c.h
-- Installing: /home/vlad/ros2_ws/install/pose_interface/lib/libpose_interface__rosidl_typesupport_fastrtps_c.so
-- Set runtime path of "/home/vlad/ros2_ws/install/pose_interface/lib/libpose_interface__rosidl_typesupport_fastrtps_c.so" to ""
-- Up-to-date: /home/vlad/ros2_ws/install/pose_interface/include/pose_interface
-- Up-to-date: /home/vlad/ros2_ws/install/pose_interface/include/pose_interface/msg
-- Up-to-date: /home/vlad/ros2_ws/install/pose_interface/include/pose_interface/msg/detail
-- Installing: /home/vlad/ros2_ws/install/pose_interface/include/pose_interface/msg/detail/dds_fastrtps
-- Installing: /home/vlad/ros2_ws/install/pose_interface/include/pose_interface/msg/detail/body_part_elm__rosidl_typesupport_fastrtps_cpp.hpp
-- Installing: /home/vlad/ros2_ws/install/pose_interface/include/pose_interface/msg/detail/person__rosidl_typesupport_fastrtps_cpp.hpp
-- Installing: /home/vlad/ros2_ws/install/pose_interface/include/pose_interface/msg/detail/persons__rosidl_typesupport_fastrtps_cpp.hpp
-- Installing: /home/vlad/ros2_ws/install/pose_interface/include/pose_interface/msg/rosidl_typesupport_fastrtps_cpp__visibility_control.h
-- Up-to-date: /home/vlad/ros2_ws/install/pose_interface/include/pose_interface/srv
-- Up-to-date: /home/vlad/ros2_ws/install/pose_interface/include/pose_interface/srv/detail
-- Installing: /home/vlad/ros2_ws/install/pose_interface/include/pose_interface/srv/detail/dds_fastrtps
-- Installing: /home/vlad/ros2_ws/install/pose_interface/include/pose_interface/srv/detail/get_pose__rosidl_typesupport_fastrtps_cpp.hpp
-- Installing: /home/vlad/ros2_ws/install/pose_interface/lib/libpose_interface__rosidl_typesupport_fastrtps_cpp.so
-- Set runtime path of "/home/vlad/ros2_ws/install/pose_interface/lib/libpose_interface__rosidl_typesupport_fastrtps_cpp.so" to ""
-- Installing: /home/vlad/ros2_ws/install/pose_interface/lib/libpose_interface__rosidl_typesupport_c.so
-- Set runtime path of "/home/vlad/ros2_ws/install/pose_interface/lib/libpose_interface__rosidl_typesupport_c.so" to ""
-- Up-to-date: /home/vlad/ros2_ws/install/pose_interface/include/pose_interface
-- Up-to-date: /home/vlad/ros2_ws/install/pose_interface/include/pose_interface/msg
-- Up-to-date: /home/vlad/ros2_ws/install/pose_interface/include/pose_interface/msg/detail
-- Installing: /home/vlad/ros2_ws/install/pose_interface/include/pose_interface/msg/detail/person__traits.hpp
-- Installing: /home/vlad/ros2_ws/install/pose_interface/include/pose_interface/msg/detail/person__struct.hpp
-- Installing: /home/vlad/ros2_ws/install/pose_interface/include/pose_interface/msg/detail/persons__traits.hpp
-- Installing: /home/vlad/ros2_ws/install/pose_interface/include/pose_interface/msg/detail/persons__struct.hpp
-- Installing: /home/vlad/ros2_ws/install/pose_interface/include/pose_interface/msg/detail/body_part_elm__traits.hpp
-- Installing: /home/vlad/ros2_ws/install/pose_interface/include/pose_interface/msg/detail/body_part_elm__builder.hpp
-- Installing: /home/vlad/ros2_ws/install/pose_interface/include/pose_interface/msg/detail/person__builder.hpp
-- Installing: /home/vlad/ros2_ws/install/pose_interface/include/pose_interface/msg/detail/body_part_elm__struct.hpp
-- Installing: /home/vlad/ros2_ws/install/pose_interface/include/pose_interface/msg/detail/persons__builder.hpp
-- Installing: /home/vlad/ros2_ws/install/pose_interface/include/pose_interface/msg/persons.hpp
-- Installing: /home/vlad/ros2_ws/install/pose_interface/include/pose_interface/msg/person.hpp
-- Installing: /home/vlad/ros2_ws/install/pose_interface/include/pose_interface/msg/body_part_elm.hpp
-- Up-to-date: /home/vlad/ros2_ws/install/pose_interface/include/pose_interface/srv
-- Up-to-date: /home/vlad/ros2_ws/install/pose_interface/include/pose_interface/srv/detail
-- Installing: /home/vlad/ros2_ws/install/pose_interface/include/pose_interface/srv/detail/get_pose__struct.hpp
-- Installing: /home/vlad/ros2_ws/install/pose_interface/include/pose_interface/srv/detail/get_pose__builder.hpp
-- Installing: /home/vlad/ros2_ws/install/pose_interface/include/pose_interface/srv/detail/get_pose__traits.hpp
-- Installing: /home/vlad/ros2_ws/install/pose_interface/include/pose_interface/srv/get_pose.hpp
-- Up-to-date: /home/vlad/ros2_ws/install/pose_interface/include/pose_interface
-- Up-to-date: /home/vlad/ros2_ws/install/pose_interface/include/pose_interface/msg
-- Up-to-date: /home/vlad/ros2_ws/install/pose_interface/include/pose_interface/msg/detail
-- Installing: /home/vlad/ros2_ws/install/pose_interface/include/pose_interface/msg/detail/person__type_support.cpp
-- Installing: /home/vlad/ros2_ws/install/pose_interface/include/pose_interface/msg/detail/body_part_elm__rosidl_typesupport_introspection_cpp.hpp
-- Installing: /home/vlad/ros2_ws/install/pose_interface/include/pose_interface/msg/detail/person__rosidl_typesupport_introspection_cpp.hpp
-- Installing: /home/vlad/ros2_ws/install/pose_interface/include/pose_interface/msg/detail/persons__type_support.cpp
-- Installing: /home/vlad/ros2_ws/install/pose_interface/include/pose_interface/msg/detail/body_part_elm__type_support.cpp
-- Installing: /home/vlad/ros2_ws/install/pose_interface/include/pose_interface/msg/detail/persons__rosidl_typesupport_introspection_cpp.hpp
-- Up-to-date: /home/vlad/ros2_ws/install/pose_interface/include/pose_interface/srv
-- Up-to-date: /home/vlad/ros2_ws/install/pose_interface/include/pose_interface/srv/detail
-- Installing: /home/vlad/ros2_ws/install/pose_interface/include/pose_interface/srv/detail/get_pose__type_support.cpp
-- Installing: /home/vlad/ros2_ws/install/pose_interface/include/pose_interface/srv/detail/get_pose__rosidl_typesupport_introspection_cpp.hpp
-- Installing: /home/vlad/ros2_ws/install/pose_interface/lib/libpose_interface__rosidl_typesupport_introspection_cpp.so
-- Set runtime path of "/home/vlad/ros2_ws/install/pose_interface/lib/libpose_interface__rosidl_typesupport_introspection_cpp.so" to ""
-- Installing: /home/vlad/ros2_ws/install/pose_interface/lib/libpose_interface__rosidl_typesupport_cpp.so
-- Set runtime path of "/home/vlad/ros2_ws/install/pose_interface/lib/libpose_interface__rosidl_typesupport_cpp.so" to ""
-- Installing: /home/vlad/ros2_ws/install/pose_interface/share/pose_interface/environment/pythonpath.sh
-- Installing: /home/vlad/ros2_ws/install/pose_interface/share/pose_interface/environment/pythonpath.dsv
-- Installing: /home/vlad/ros2_ws/install/pose_interface/lib/python3.8/site-packages/pose_interface/__init__.py
Compiling '/home/vlad/ros2_ws/install/pose_interface/lib/python3.8/site-packages/pose_interface/__init__.py'...
-- Installing: /home/vlad/ros2_ws/install/pose_interface/lib/python3.8/site-packages/pose_interface/msg
-- Installing: /home/vlad/ros2_ws/install/pose_interface/lib/python3.8/site-packages/pose_interface/msg/__init__.py
-- Installing: /home/vlad/ros2_ws/install/pose_interface/lib/python3.8/site-packages/pose_interface/msg/_body_part_elm.py
-- Installing: /home/vlad/ros2_ws/install/pose_interface/lib/python3.8/site-packages/pose_interface/msg/_person.py
-- Installing: /home/vlad/ros2_ws/install/pose_interface/lib/python3.8/site-packages/pose_interface/msg/_person_s.c
-- Installing: /home/vlad/ros2_ws/install/pose_interface/lib/python3.8/site-packages/pose_interface/msg/_body_part_elm_s.c
-- Installing: /home/vlad/ros2_ws/install/pose_interface/lib/python3.8/site-packages/pose_interface/msg/_persons.py
-- Installing: /home/vlad/ros2_ws/install/pose_interface/lib/python3.8/site-packages/pose_interface/msg/_persons_s.c
-- Installing: /home/vlad/ros2_ws/install/pose_interface/lib/python3.8/site-packages/pose_interface/srv
-- Installing: /home/vlad/ros2_ws/install/pose_interface/lib/python3.8/site-packages/pose_interface/srv/__init__.py
-- Installing: /home/vlad/ros2_ws/install/pose_interface/lib/python3.8/site-packages/pose_interface/srv/_get_pose_s.c
-- Installing: /home/vlad/ros2_ws/install/pose_interface/lib/python3.8/site-packages/pose_interface/srv/_get_pose.py
-- Installing: /home/vlad/ros2_ws/install/pose_interface/lib/python3.8/site-packages/pose_interface/pose_interface_s__rosidl_typesupport_introspection_c.cpython-38-x86_64-linux-gnu.so
-- Set runtime path of "/home/vlad/ros2_ws/install/pose_interface/lib/python3.8/site-packages/pose_interface/pose_interface_s__rosidl_typesupport_introspection_c.cpython-38-x86_64-linux-gnu.so" to ""
-- Installing: /home/vlad/ros2_ws/install/pose_interface/lib/python3.8/site-packages/pose_interface/pose_interface_s__rosidl_typesupport_fastrtps_c.cpython-38-x86_64-linux-gnu.so
-- Set runtime path of "/home/vlad/ros2_ws/install/pose_interface/lib/python3.8/site-packages/pose_interface/pose_interface_s__rosidl_typesupport_fastrtps_c.cpython-38-x86_64-linux-gnu.so" to ""
-- Installing: /home/vlad/ros2_ws/install/pose_interface/lib/python3.8/site-packages/pose_interface/pose_interface_s__rosidl_typesupport_c.cpython-38-x86_64-linux-gnu.so
-- Set runtime path of "/home/vlad/ros2_ws/install/pose_interface/lib/python3.8/site-packages/pose_interface/pose_interface_s__rosidl_typesupport_c.cpython-38-x86_64-linux-gnu.so" to ""
-- Installing: /home/vlad/ros2_ws/install/pose_interface/lib/libpose_interface__python.so
-- Set runtime path of "/home/vlad/ros2_ws/install/pose_interface/lib/libpose_interface__python.so" to ""
-- Installing: /home/vlad/ros2_ws/install/pose_interface/share/pose_interface/msg/BodyPartElm.idl
-- Installing: /home/vlad/ros2_ws/install/pose_interface/share/pose_interface/msg/Person.idl
-- Installing: /home/vlad/ros2_ws/install/pose_interface/share/pose_interface/msg/Persons.idl
-- Installing: /home/vlad/ros2_ws/install/pose_interface/share/pose_interface/srv/GetPose.idl
-- Installing: /home/vlad/ros2_ws/install/pose_interface/share/pose_interface/msg/BodyPartElm.msg
-- Installing: /home/vlad/ros2_ws/install/pose_interface/share/pose_interface/msg/Person.msg
-- Installing: /home/vlad/ros2_ws/install/pose_interface/share/pose_interface/msg/Persons.msg
-- Installing: /home/vlad/ros2_ws/install/pose_interface/share/pose_interface/srv/GetPose.srv
-- Installing: /home/vlad/ros2_ws/install/pose_interface/share/pose_interface/srv/GetPose_Request.msg
-- Installing: /home/vlad/ros2_ws/install/pose_interface/share/pose_interface/srv/GetPose_Response.msg
-- Installing: /home/vlad/ros2_ws/install/pose_interface/share/ament_index/resource_index/package_run_dependencies/pose_interface
-- Installing: /home/vlad/ros2_ws/install/pose_interface/share/ament_index/resource_index/parent_prefix_path/pose_interface
-- Installing: /home/vlad/ros2_ws/install/pose_interface/share/pose_interface/environment/ament_prefix_path.sh
-- Installing: /home/vlad/ros2_ws/install/pose_interface/share/pose_interface/environment/ament_prefix_path.dsv
-- Installing: /home/vlad/ros2_ws/install/pose_interface/share/pose_interface/environment/path.sh
-- Installing: /home/vlad/ros2_ws/install/pose_interface/share/pose_interface/environment/path.dsv
-- Installing: /home/vlad/ros2_ws/install/pose_interface/share/pose_interface/local_setup.bash
-- Installing: /home/vlad/ros2_ws/install/pose_interface/share/pose_interface/local_setup.sh
-- Installing: /home/vlad/ros2_ws/install/pose_interface/share/pose_interface/local_setup.zsh
-- Installing: /home/vlad/ros2_ws/install/pose_interface/share/pose_interface/local_setup.dsv
-- Installing: /home/vlad/ros2_ws/install/pose_interface/share/pose_interface/package.dsv
-- Installing: /home/vlad/ros2_ws/install/pose_interface/share/ament_index/resource_index/packages/pose_interface
-- Installing: /home/vlad/ros2_ws/install/pose_interface/share/pose_interface/cmake/pose_interface__rosidl_generator_cExport.cmake
-- Installing: /home/vlad/ros2_ws/install/pose_interface/share/pose_interface/cmake/pose_interface__rosidl_generator_cExport-noconfig.cmake
-- Installing: /home/vlad/ros2_ws/install/pose_interface/share/pose_interface/cmake/pose_interface__rosidl_typesupport_introspection_cExport.cmake
-- Installing: /home/vlad/ros2_ws/install/pose_interface/share/pose_interface/cmake/pose_interface__rosidl_typesupport_introspection_cExport-noconfig.cmake
-- Installing: /home/vlad/ros2_ws/install/pose_interface/share/pose_interface/cmake/pose_interface__rosidl_typesupport_cExport.cmake
-- Installing: /home/vlad/ros2_ws/install/pose_interface/share/pose_interface/cmake/pose_interface__rosidl_typesupport_cExport-noconfig.cmake
-- Installing: /home/vlad/ros2_ws/install/pose_interface/share/pose_interface/cmake/pose_interface__rosidl_generator_cppExport.cmake
-- Installing: /home/vlad/ros2_ws/install/pose_interface/share/pose_interface/cmake/pose_interface__rosidl_typesupport_introspection_cppExport.cmake
-- Installing: /home/vlad/ros2_ws/install/pose_interface/share/pose_interface/cmake/pose_interface__rosidl_typesupport_introspection_cppExport-noconfig.cmake
-- Installing: /home/vlad/ros2_ws/install/pose_interface/share/pose_interface/cmake/pose_interface__rosidl_typesupport_cppExport.cmake
-- Installing: /home/vlad/ros2_ws/install/pose_interface/share/pose_interface/cmake/pose_interface__rosidl_typesupport_cppExport-noconfig.cmake
-- Installing: /home/vlad/ros2_ws/install/pose_interface/share/pose_interface/cmake/rosidl_cmake-extras.cmake
-- Installing: /home/vlad/ros2_ws/install/pose_interface/share/pose_interface/cmake/ament_cmake_export_dependencies-extras.cmake
-- Installing: /home/vlad/ros2_ws/install/pose_interface/share/pose_interface/cmake/ament_cmake_export_libraries-extras.cmake
-- Installing: /home/vlad/ros2_ws/install/pose_interface/share/pose_interface/cmake/ament_cmake_export_targets-extras.cmake
-- Installing: /home/vlad/ros2_ws/install/pose_interface/share/pose_interface/cmake/ament_cmake_export_include_directories-extras.cmake
-- Installing: /home/vlad/ros2_ws/install/pose_interface/share/pose_interface/cmake/rosidl_cmake_export_typesupport_targets-extras.cmake
-- Installing: /home/vlad/ros2_ws/install/pose_interface/share/pose_interface/cmake/rosidl_cmake_export_typesupport_libraries-extras.cmake
-- Installing: /home/vlad/ros2_ws/install/pose_interface/share/pose_interface/cmake/pose_interfaceConfig.cmake
-- Installing: /home/vlad/ros2_ws/install/pose_interface/share/pose_interface/cmake/pose_interfaceConfig-version.cmake
-- Installing: /home/vlad/ros2_ws/install/pose_interface/share/pose_interface/package.xml
