--2021-02-15 21:13:31--  http://download1412.mediafire.com/1lm30mt5tjvg/qlzzr20mpocnpa3/graph_opt.pb
Resolving download1412.mediafire.com (download1412.mediafire.com)... 205.196.123.100
Connecting to download1412.mediafire.com (download1412.mediafire.com)|205.196.123.100|:80... connected.
HTTP request sent, awaiting response... 416 Range Not Satisfiable

    The file is already fully retrieved; nothing to do.

running egg_info
writing ../../build/tfpose_ros2/tfpose_ros2.egg-info/PKG-INFO
writing dependency_links to ../../build/tfpose_ros2/tfpose_ros2.egg-info/dependency_links.txt
writing entry points to ../../build/tfpose_ros2/tfpose_ros2.egg-info/entry_points.txt
writing top-level names to ../../build/tfpose_ros2/tfpose_ros2.egg-info/top_level.txt
file pafprocess.py (for module pafprocess) not found
reading manifest file '../../build/tfpose_ros2/tfpose_ros2.egg-info/SOURCES.txt'
writing manifest file '../../build/tfpose_ros2/tfpose_ros2.egg-info/SOURCES.txt'
file pafprocess.py (for module pafprocess) not found
running build
running build_py
file pafprocess.py (for module pafprocess) not found
running build_ext
running install
running install_lib
running install_egg_info
removing '/home/vlad/ros2_ws/install/tfpose_ros2/lib/python3.8/site-packages/tfpose_ros2-0.1.1-py3.8.egg-info' (and everything under it)
Copying ../../build/tfpose_ros2/tfpose_ros2.egg-info to /home/vlad/ros2_ws/install/tfpose_ros2/lib/python3.8/site-packages/tfpose_ros2-0.1.1-py3.8.egg-info
running install_scripts
Installing get_pose_service script to /home/vlad/ros2_ws/install/tfpose_ros2/lib/tfpose_ros2
file pafprocess.py (for module pafprocess) not found
writing list of installed files to '/home/vlad/ros2_ws/build/tfpose_ros2/install.log'
