[2.890s] Invoking command in '/home/vlad/ros2_ws/src/tfpose_ros2': PYTHONPATH=/home/vlad/ros2_ws/install/tfpose_ros2/lib/python3.8/site-packages:${PYTHONPATH} /usr/bin/python3 setup.py egg_info --egg-base ../../build/tfpose_ros2 build --build-base /home/vlad/ros2_ws/build/tfpose_ros2/build install --prefix /home/vlad/ros2_ws/install/tfpose_ros2 --record /home/vlad/ros2_ws/build/tfpose_ros2/install.log --single-version-externally-managed
[4.447s] --2021-01-16 19:10:04--  http://download758.mediafire.com/hbl6dvx5j0zg/qlzzr20mpocnpa3/graph_opt.pb
[4.534s] Resolving download758.mediafire.com (download758.mediafire.com)... 205.196.120.206
[4.767s] Connecting to download758.mediafire.com (download758.mediafire.com)|205.196.120.206|:80... connected.
[5.176s] HTTP request sent, awaiting response... 416 Range Not Satisfiable
[5.177s] 
[5.177s]     The file is already fully retrieved; nothing to do.
[5.177s] 
[5.203s] running egg_info
[5.203s] writing ../../build/tfpose_ros2/tfpose_ros2.egg-info/PKG-INFO
[5.203s] writing dependency_links to ../../build/tfpose_ros2/tfpose_ros2.egg-info/dependency_links.txt
[5.203s] writing entry points to ../../build/tfpose_ros2/tfpose_ros2.egg-info/entry_points.txt
[5.204s] writing top-level names to ../../build/tfpose_ros2/tfpose_ros2.egg-info/top_level.txt
[5.231s] file pafprocess.py (for module pafprocess) not found
[5.281s] reading manifest file '../../build/tfpose_ros2/tfpose_ros2.egg-info/SOURCES.txt'
[5.282s] writing manifest file '../../build/tfpose_ros2/tfpose_ros2.egg-info/SOURCES.txt'
[5.282s] file pafprocess.py (for module pafprocess) not found
[5.282s] running build
[5.282s] running build_py
[5.283s] copying tfpose_ros2/pafprocess/pafprocess.py -> /home/vlad/ros2_ws/build/tfpose_ros2/build/lib.linux-x86_64-3.8/tfpose_ros2/pafprocess
[5.284s] file pafprocess.py (for module pafprocess) not found
[5.284s] running build_ext
[5.285s] running install
[5.285s] running install_lib
[5.288s] byte-compiling /home/vlad/ros2_ws/install/tfpose_ros2/lib/python3.8/site-packages/tfpose_ros2/pafprocess/setup.py to setup.cpython-38.pyc
[5.289s] running install_egg_info
[5.292s] removing '/home/vlad/ros2_ws/install/tfpose_ros2/lib/python3.8/site-packages/tfpose_ros2-0.1.1-py3.8.egg-info' (and everything under it)
[5.292s] Copying ../../build/tfpose_ros2/tfpose_ros2.egg-info to /home/vlad/ros2_ws/install/tfpose_ros2/lib/python3.8/site-packages/tfpose_ros2-0.1.1-py3.8.egg-info
[5.293s] running install_scripts
[5.312s] Installing image_listener script to /home/vlad/ros2_ws/install/tfpose_ros2/lib/tfpose_ros2
[5.312s] file pafprocess.py (for module pafprocess) not found
[5.313s] writing list of installed files to '/home/vlad/ros2_ws/build/tfpose_ros2/install.log'
[5.340s] Invoked command in '/home/vlad/ros2_ws/src/tfpose_ros2' returned '0': PYTHONPATH=/home/vlad/ros2_ws/install/tfpose_ros2/lib/python3.8/site-packages:${PYTHONPATH} /usr/bin/python3 setup.py egg_info --egg-base ../../build/tfpose_ros2 build --build-base /home/vlad/ros2_ws/build/tfpose_ros2/build install --prefix /home/vlad/ros2_ws/install/tfpose_ros2 --record /home/vlad/ros2_ws/build/tfpose_ros2/install.log --single-version-externally-managed
