[0.095s] Invoking command in '/home/vlad/ros2_ws/build/moveit_resources_pr2_description': CMAKE_PREFIX_PATH=${CMAKE_PREFIX_PATH}:/opt/ros/foxy:/home/vlad/ros2_foxy/install/ros2bag:/home/vlad/ros2_foxy/install/tracetools_launch:/home/vlad/ros2_foxy/install/topic_monitor:/home/vlad/ros2_foxy/install/examples_tf2_py:/home/vlad/ros2_foxy/install/sros2:/home/vlad/ros2_foxy/install/rqt_topic:/home/vlad/ros2_foxy/install/rqt_reconfigure:/home/vlad/ros2_foxy/install/rqt_action:/home/vlad/ros2_foxy/install/rqt:/home/vlad/ros2_foxy/install/rqt_graph:/home/vlad/ros2_foxy/install/rqt_gui_py:/home/vlad/ros2_foxy/install/rqt_gui:/home/vlad/ros2_foxy/install/ros2trace:/home/vlad/ros2_foxy/install/ros2topic:/home/vlad/ros2_foxy/install/ros2test:/home/vlad/ros2_foxy/install/ros2component:/home/vlad/ros2_foxy/install/ros2param:/home/vlad/ros2_foxy/install/ros2lifecycle:/home/vlad/ros2_foxy/install/ros2service:/home/vlad/ros2_foxy/install/ros2run:/home/vlad/ros2_foxy/install/ros2launch:/home/vlad/ros2_foxy/install/ros2pkg:/home/vlad/ros2_foxy/install/ros2node:/home/vlad/ros2_foxy/install/ros2multicast:/home/vlad/ros2_foxy/install/ros2interface:/home/vlad/ros2_foxy/install/ros2doctor:/home/vlad/ros2_foxy/install/ros2action:/home/vlad/ros2_foxy/install/ros2cli:/home/vlad/ros2_foxy/install/quality_of_service_demo_py:/home/vlad/ros2_foxy/install/launch_testing_ros:/home/vlad/ros2_foxy/install/launch_ros:/home/vlad/ros2_foxy/install/examples_rclpy_minimal_subscriber:/home/vlad/ros2_foxy/install/examples_rclpy_minimal_service:/home/vlad/ros2_foxy/install/examples_rclpy_minimal_publisher:/home/vlad/ros2_foxy/install/examples_rclpy_minimal_client:/home/vlad/ros2_foxy/install/examples_rclpy_minimal_action_server:/home/vlad/ros2_foxy/install/examples_rclpy_minimal_action_client:/home/vlad/ros2_foxy/install/examples_rclpy_executors:/home/vlad/ros2_foxy/install/demo_nodes_py:/home/vlad/ros2_foxy/install/action_tutorials_py:/home/vlad/ros2_foxy/install/ament_uncrustify:/home/vlad/ros2_foxy/install/tracetools_trace:/home/vlad/ros2_foxy/install/tracetools_read:/home/vlad/ros2_foxy/install/test_launch_ros:/home/vlad/ros2_foxy/install/rpyutils:/home/vlad/ros2_foxy/install/rosidl_runtime_py:/home/vlad/ros2_foxy/install/launch_yaml:/home/vlad/ros2_foxy/install/launch_xml:/home/vlad/ros2_foxy/install/launch_testing:/home/vlad/ros2_foxy/install/launch:/home/vlad/ros2_foxy/install/osrf_pycommon:/home/vlad/ros2_foxy/install/domain_coordinator:/home/vlad/ros2_foxy/install/ament_xmllint:/home/vlad/ros2_foxy/install/ament_pyflakes:/home/vlad/ros2_foxy/install/ament_pycodestyle:/home/vlad/ros2_foxy/install/ament_pep257:/home/vlad/ros2_foxy/install/ament_pclint:/home/vlad/ros2_foxy/install/ament_package:/home/vlad/ros2_foxy/install/ament_mypy:/home/vlad/ros2_foxy/install/ament_lint_cmake:/home/vlad/ros2_foxy/install/ament_flake8:/home/vlad/ros2_foxy/install/ament_copyright:/home/vlad/ros2_foxy/install/ament_lint:/home/vlad/ros2_foxy/install/ament_index_python:/home/vlad/ros2_foxy/install/ament_cpplint:/home/vlad/ros2_foxy/install/ament_cppcheck:/home/vlad/ros2_foxy/install/ament_clang_tidy:/home/vlad/ros2_foxy/install/ament_clang_format /usr/bin/cmake /home/vlad/ros2_ws/src/moveit_resources/pr2_description -DCMAKE_BUILD_TYPE=Release -DCMAKE_INSTALL_PREFIX=/home/vlad/ros2_ws/install/moveit_resources_pr2_description
[3.346s] -- The C compiler identification is GNU 9.3.0
[3.346s] -- The CXX compiler identification is GNU 9.3.0
[3.348s] -- Check for working C compiler: /usr/bin/cc
[3.350s] -- Check for working C compiler: /usr/bin/cc -- works
[3.351s] -- Detecting C compiler ABI info
[3.351s] -- Detecting C compiler ABI info - done
[3.351s] -- Detecting C compile features
[3.351s] -- Detecting C compile features - done
[3.351s] -- Check for working CXX compiler: /usr/bin/c++
[3.351s] -- Check for working CXX compiler: /usr/bin/c++ -- works
[3.352s] -- Detecting CXX compiler ABI info
[3.352s] -- Detecting CXX compiler ABI info - done
[3.352s] -- Detecting CXX compile features
[3.352s] -- Detecting CXX compile features - done
[3.352s] -- Found ament_cmake: 0.9.7 (/home/vlad/ros2_foxy/install/ament_cmake/share/ament_cmake/cmake)
[3.357s] -- Found PythonInterp: /usr/bin/python3 (found suitable version "3.8.5", minimum required is "3") 
[3.357s] -- Using PYTHON_EXECUTABLE: /usr/bin/python3
[4.238s] -- Configuring done
[4.241s] -- Generating done
[4.243s] -- Build files have been written to: /home/vlad/ros2_ws/build/moveit_resources_pr2_description
[4.248s] Invoked command in '/home/vlad/ros2_ws/build/moveit_resources_pr2_description' returned '0': CMAKE_PREFIX_PATH=${CMAKE_PREFIX_PATH}:/opt/ros/foxy:/home/vlad/ros2_foxy/install/ros2bag:/home/vlad/ros2_foxy/install/tracetools_launch:/home/vlad/ros2_foxy/install/topic_monitor:/home/vlad/ros2_foxy/install/examples_tf2_py:/home/vlad/ros2_foxy/install/sros2:/home/vlad/ros2_foxy/install/rqt_topic:/home/vlad/ros2_foxy/install/rqt_reconfigure:/home/vlad/ros2_foxy/install/rqt_action:/home/vlad/ros2_foxy/install/rqt:/home/vlad/ros2_foxy/install/rqt_graph:/home/vlad/ros2_foxy/install/rqt_gui_py:/home/vlad/ros2_foxy/install/rqt_gui:/home/vlad/ros2_foxy/install/ros2trace:/home/vlad/ros2_foxy/install/ros2topic:/home/vlad/ros2_foxy/install/ros2test:/home/vlad/ros2_foxy/install/ros2component:/home/vlad/ros2_foxy/install/ros2param:/home/vlad/ros2_foxy/install/ros2lifecycle:/home/vlad/ros2_foxy/install/ros2service:/home/vlad/ros2_foxy/install/ros2run:/home/vlad/ros2_foxy/install/ros2launch:/home/vlad/ros2_foxy/install/ros2pkg:/home/vlad/ros2_foxy/install/ros2node:/home/vlad/ros2_foxy/install/ros2multicast:/home/vlad/ros2_foxy/install/ros2interface:/home/vlad/ros2_foxy/install/ros2doctor:/home/vlad/ros2_foxy/install/ros2action:/home/vlad/ros2_foxy/install/ros2cli:/home/vlad/ros2_foxy/install/quality_of_service_demo_py:/home/vlad/ros2_foxy/install/launch_testing_ros:/home/vlad/ros2_foxy/install/launch_ros:/home/vlad/ros2_foxy/install/examples_rclpy_minimal_subscriber:/home/vlad/ros2_foxy/install/examples_rclpy_minimal_service:/home/vlad/ros2_foxy/install/examples_rclpy_minimal_publisher:/home/vlad/ros2_foxy/install/examples_rclpy_minimal_client:/home/vlad/ros2_foxy/install/examples_rclpy_minimal_action_server:/home/vlad/ros2_foxy/install/examples_rclpy_minimal_action_client:/home/vlad/ros2_foxy/install/examples_rclpy_executors:/home/vlad/ros2_foxy/install/demo_nodes_py:/home/vlad/ros2_foxy/install/action_tutorials_py:/home/vlad/ros2_foxy/install/ament_uncrustify:/home/vlad/ros2_foxy/install/tracetools_trace:/home/vlad/ros2_foxy/install/tracetools_read:/home/vlad/ros2_foxy/install/test_launch_ros:/home/vlad/ros2_foxy/install/rpyutils:/home/vlad/ros2_foxy/install/rosidl_runtime_py:/home/vlad/ros2_foxy/install/launch_yaml:/home/vlad/ros2_foxy/install/launch_xml:/home/vlad/ros2_foxy/install/launch_testing:/home/vlad/ros2_foxy/install/launch:/home/vlad/ros2_foxy/install/osrf_pycommon:/home/vlad/ros2_foxy/install/domain_coordinator:/home/vlad/ros2_foxy/install/ament_xmllint:/home/vlad/ros2_foxy/install/ament_pyflakes:/home/vlad/ros2_foxy/install/ament_pycodestyle:/home/vlad/ros2_foxy/install/ament_pep257:/home/vlad/ros2_foxy/install/ament_pclint:/home/vlad/ros2_foxy/install/ament_package:/home/vlad/ros2_foxy/install/ament_mypy:/home/vlad/ros2_foxy/install/ament_lint_cmake:/home/vlad/ros2_foxy/install/ament_flake8:/home/vlad/ros2_foxy/install/ament_copyright:/home/vlad/ros2_foxy/install/ament_lint:/home/vlad/ros2_foxy/install/ament_index_python:/home/vlad/ros2_foxy/install/ament_cpplint:/home/vlad/ros2_foxy/install/ament_cppcheck:/home/vlad/ros2_foxy/install/ament_clang_tidy:/home/vlad/ros2_foxy/install/ament_clang_format /usr/bin/cmake /home/vlad/ros2_ws/src/moveit_resources/pr2_description -DCMAKE_BUILD_TYPE=Release -DCMAKE_INSTALL_PREFIX=/home/vlad/ros2_ws/install/moveit_resources_pr2_description
[4.251s] Invoking command in '/home/vlad/ros2_ws/build/moveit_resources_pr2_description': CMAKE_PREFIX_PATH=${CMAKE_PREFIX_PATH}:/opt/ros/foxy:/home/vlad/ros2_foxy/install/ros2bag:/home/vlad/ros2_foxy/install/tracetools_launch:/home/vlad/ros2_foxy/install/topic_monitor:/home/vlad/ros2_foxy/install/examples_tf2_py:/home/vlad/ros2_foxy/install/sros2:/home/vlad/ros2_foxy/install/rqt_topic:/home/vlad/ros2_foxy/install/rqt_reconfigure:/home/vlad/ros2_foxy/install/rqt_action:/home/vlad/ros2_foxy/install/rqt:/home/vlad/ros2_foxy/install/rqt_graph:/home/vlad/ros2_foxy/install/rqt_gui_py:/home/vlad/ros2_foxy/install/rqt_gui:/home/vlad/ros2_foxy/install/ros2trace:/home/vlad/ros2_foxy/install/ros2topic:/home/vlad/ros2_foxy/install/ros2test:/home/vlad/ros2_foxy/install/ros2component:/home/vlad/ros2_foxy/install/ros2param:/home/vlad/ros2_foxy/install/ros2lifecycle:/home/vlad/ros2_foxy/install/ros2service:/home/vlad/ros2_foxy/install/ros2run:/home/vlad/ros2_foxy/install/ros2launch:/home/vlad/ros2_foxy/install/ros2pkg:/home/vlad/ros2_foxy/install/ros2node:/home/vlad/ros2_foxy/install/ros2multicast:/home/vlad/ros2_foxy/install/ros2interface:/home/vlad/ros2_foxy/install/ros2doctor:/home/vlad/ros2_foxy/install/ros2action:/home/vlad/ros2_foxy/install/ros2cli:/home/vlad/ros2_foxy/install/quality_of_service_demo_py:/home/vlad/ros2_foxy/install/launch_testing_ros:/home/vlad/ros2_foxy/install/launch_ros:/home/vlad/ros2_foxy/install/examples_rclpy_minimal_subscriber:/home/vlad/ros2_foxy/install/examples_rclpy_minimal_service:/home/vlad/ros2_foxy/install/examples_rclpy_minimal_publisher:/home/vlad/ros2_foxy/install/examples_rclpy_minimal_client:/home/vlad/ros2_foxy/install/examples_rclpy_minimal_action_server:/home/vlad/ros2_foxy/install/examples_rclpy_minimal_action_client:/home/vlad/ros2_foxy/install/examples_rclpy_executors:/home/vlad/ros2_foxy/install/demo_nodes_py:/home/vlad/ros2_foxy/install/action_tutorials_py:/home/vlad/ros2_foxy/install/ament_uncrustify:/home/vlad/ros2_foxy/install/tracetools_trace:/home/vlad/ros2_foxy/install/tracetools_read:/home/vlad/ros2_foxy/install/test_launch_ros:/home/vlad/ros2_foxy/install/rpyutils:/home/vlad/ros2_foxy/install/rosidl_runtime_py:/home/vlad/ros2_foxy/install/launch_yaml:/home/vlad/ros2_foxy/install/launch_xml:/home/vlad/ros2_foxy/install/launch_testing:/home/vlad/ros2_foxy/install/launch:/home/vlad/ros2_foxy/install/osrf_pycommon:/home/vlad/ros2_foxy/install/domain_coordinator:/home/vlad/ros2_foxy/install/ament_xmllint:/home/vlad/ros2_foxy/install/ament_pyflakes:/home/vlad/ros2_foxy/install/ament_pycodestyle:/home/vlad/ros2_foxy/install/ament_pep257:/home/vlad/ros2_foxy/install/ament_pclint:/home/vlad/ros2_foxy/install/ament_package:/home/vlad/ros2_foxy/install/ament_mypy:/home/vlad/ros2_foxy/install/ament_lint_cmake:/home/vlad/ros2_foxy/install/ament_flake8:/home/vlad/ros2_foxy/install/ament_copyright:/home/vlad/ros2_foxy/install/ament_lint:/home/vlad/ros2_foxy/install/ament_index_python:/home/vlad/ros2_foxy/install/ament_cpplint:/home/vlad/ros2_foxy/install/ament_cppcheck:/home/vlad/ros2_foxy/install/ament_clang_tidy:/home/vlad/ros2_foxy/install/ament_clang_format /usr/bin/cmake --build /home/vlad/ros2_ws/build/moveit_resources_pr2_description -- -j12 -l12
[4.383s] Invoked command in '/home/vlad/ros2_ws/build/moveit_resources_pr2_description' returned '0': CMAKE_PREFIX_PATH=${CMAKE_PREFIX_PATH}:/opt/ros/foxy:/home/vlad/ros2_foxy/install/ros2bag:/home/vlad/ros2_foxy/install/tracetools_launch:/home/vlad/ros2_foxy/install/topic_monitor:/home/vlad/ros2_foxy/install/examples_tf2_py:/home/vlad/ros2_foxy/install/sros2:/home/vlad/ros2_foxy/install/rqt_topic:/home/vlad/ros2_foxy/install/rqt_reconfigure:/home/vlad/ros2_foxy/install/rqt_action:/home/vlad/ros2_foxy/install/rqt:/home/vlad/ros2_foxy/install/rqt_graph:/home/vlad/ros2_foxy/install/rqt_gui_py:/home/vlad/ros2_foxy/install/rqt_gui:/home/vlad/ros2_foxy/install/ros2trace:/home/vlad/ros2_foxy/install/ros2topic:/home/vlad/ros2_foxy/install/ros2test:/home/vlad/ros2_foxy/install/ros2component:/home/vlad/ros2_foxy/install/ros2param:/home/vlad/ros2_foxy/install/ros2lifecycle:/home/vlad/ros2_foxy/install/ros2service:/home/vlad/ros2_foxy/install/ros2run:/home/vlad/ros2_foxy/install/ros2launch:/home/vlad/ros2_foxy/install/ros2pkg:/home/vlad/ros2_foxy/install/ros2node:/home/vlad/ros2_foxy/install/ros2multicast:/home/vlad/ros2_foxy/install/ros2interface:/home/vlad/ros2_foxy/install/ros2doctor:/home/vlad/ros2_foxy/install/ros2action:/home/vlad/ros2_foxy/install/ros2cli:/home/vlad/ros2_foxy/install/quality_of_service_demo_py:/home/vlad/ros2_foxy/install/launch_testing_ros:/home/vlad/ros2_foxy/install/launch_ros:/home/vlad/ros2_foxy/install/examples_rclpy_minimal_subscriber:/home/vlad/ros2_foxy/install/examples_rclpy_minimal_service:/home/vlad/ros2_foxy/install/examples_rclpy_minimal_publisher:/home/vlad/ros2_foxy/install/examples_rclpy_minimal_client:/home/vlad/ros2_foxy/install/examples_rclpy_minimal_action_server:/home/vlad/ros2_foxy/install/examples_rclpy_minimal_action_client:/home/vlad/ros2_foxy/install/examples_rclpy_executors:/home/vlad/ros2_foxy/install/demo_nodes_py:/home/vlad/ros2_foxy/install/action_tutorials_py:/home/vlad/ros2_foxy/install/ament_uncrustify:/home/vlad/ros2_foxy/install/tracetools_trace:/home/vlad/ros2_foxy/install/tracetools_read:/home/vlad/ros2_foxy/install/test_launch_ros:/home/vlad/ros2_foxy/install/rpyutils:/home/vlad/ros2_foxy/install/rosidl_runtime_py:/home/vlad/ros2_foxy/install/launch_yaml:/home/vlad/ros2_foxy/install/launch_xml:/home/vlad/ros2_foxy/install/launch_testing:/home/vlad/ros2_foxy/install/launch:/home/vlad/ros2_foxy/install/osrf_pycommon:/home/vlad/ros2_foxy/install/domain_coordinator:/home/vlad/ros2_foxy/install/ament_xmllint:/home/vlad/ros2_foxy/install/ament_pyflakes:/home/vlad/ros2_foxy/install/ament_pycodestyle:/home/vlad/ros2_foxy/install/ament_pep257:/home/vlad/ros2_foxy/install/ament_pclint:/home/vlad/ros2_foxy/install/ament_package:/home/vlad/ros2_foxy/install/ament_mypy:/home/vlad/ros2_foxy/install/ament_lint_cmake:/home/vlad/ros2_foxy/install/ament_flake8:/home/vlad/ros2_foxy/install/ament_copyright:/home/vlad/ros2_foxy/install/ament_lint:/home/vlad/ros2_foxy/install/ament_index_python:/home/vlad/ros2_foxy/install/ament_cpplint:/home/vlad/ros2_foxy/install/ament_cppcheck:/home/vlad/ros2_foxy/install/ament_clang_tidy:/home/vlad/ros2_foxy/install/ament_clang_format /usr/bin/cmake --build /home/vlad/ros2_ws/build/moveit_resources_pr2_description -- -j12 -l12
[4.475s] Invoking command in '/home/vlad/ros2_ws/build/moveit_resources_pr2_description': CMAKE_PREFIX_PATH=${CMAKE_PREFIX_PATH}:/opt/ros/foxy:/home/vlad/ros2_foxy/install/ros2bag:/home/vlad/ros2_foxy/install/tracetools_launch:/home/vlad/ros2_foxy/install/topic_monitor:/home/vlad/ros2_foxy/install/examples_tf2_py:/home/vlad/ros2_foxy/install/sros2:/home/vlad/ros2_foxy/install/rqt_topic:/home/vlad/ros2_foxy/install/rqt_reconfigure:/home/vlad/ros2_foxy/install/rqt_action:/home/vlad/ros2_foxy/install/rqt:/home/vlad/ros2_foxy/install/rqt_graph:/home/vlad/ros2_foxy/install/rqt_gui_py:/home/vlad/ros2_foxy/install/rqt_gui:/home/vlad/ros2_foxy/install/ros2trace:/home/vlad/ros2_foxy/install/ros2topic:/home/vlad/ros2_foxy/install/ros2test:/home/vlad/ros2_foxy/install/ros2component:/home/vlad/ros2_foxy/install/ros2param:/home/vlad/ros2_foxy/install/ros2lifecycle:/home/vlad/ros2_foxy/install/ros2service:/home/vlad/ros2_foxy/install/ros2run:/home/vlad/ros2_foxy/install/ros2launch:/home/vlad/ros2_foxy/install/ros2pkg:/home/vlad/ros2_foxy/install/ros2node:/home/vlad/ros2_foxy/install/ros2multicast:/home/vlad/ros2_foxy/install/ros2interface:/home/vlad/ros2_foxy/install/ros2doctor:/home/vlad/ros2_foxy/install/ros2action:/home/vlad/ros2_foxy/install/ros2cli:/home/vlad/ros2_foxy/install/quality_of_service_demo_py:/home/vlad/ros2_foxy/install/launch_testing_ros:/home/vlad/ros2_foxy/install/launch_ros:/home/vlad/ros2_foxy/install/examples_rclpy_minimal_subscriber:/home/vlad/ros2_foxy/install/examples_rclpy_minimal_service:/home/vlad/ros2_foxy/install/examples_rclpy_minimal_publisher:/home/vlad/ros2_foxy/install/examples_rclpy_minimal_client:/home/vlad/ros2_foxy/install/examples_rclpy_minimal_action_server:/home/vlad/ros2_foxy/install/examples_rclpy_minimal_action_client:/home/vlad/ros2_foxy/install/examples_rclpy_executors:/home/vlad/ros2_foxy/install/demo_nodes_py:/home/vlad/ros2_foxy/install/action_tutorials_py:/home/vlad/ros2_foxy/install/ament_uncrustify:/home/vlad/ros2_foxy/install/tracetools_trace:/home/vlad/ros2_foxy/install/tracetools_read:/home/vlad/ros2_foxy/install/test_launch_ros:/home/vlad/ros2_foxy/install/rpyutils:/home/vlad/ros2_foxy/install/rosidl_runtime_py:/home/vlad/ros2_foxy/install/launch_yaml:/home/vlad/ros2_foxy/install/launch_xml:/home/vlad/ros2_foxy/install/launch_testing:/home/vlad/ros2_foxy/install/launch:/home/vlad/ros2_foxy/install/osrf_pycommon:/home/vlad/ros2_foxy/install/domain_coordinator:/home/vlad/ros2_foxy/install/ament_xmllint:/home/vlad/ros2_foxy/install/ament_pyflakes:/home/vlad/ros2_foxy/install/ament_pycodestyle:/home/vlad/ros2_foxy/install/ament_pep257:/home/vlad/ros2_foxy/install/ament_pclint:/home/vlad/ros2_foxy/install/ament_package:/home/vlad/ros2_foxy/install/ament_mypy:/home/vlad/ros2_foxy/install/ament_lint_cmake:/home/vlad/ros2_foxy/install/ament_flake8:/home/vlad/ros2_foxy/install/ament_copyright:/home/vlad/ros2_foxy/install/ament_lint:/home/vlad/ros2_foxy/install/ament_index_python:/home/vlad/ros2_foxy/install/ament_cpplint:/home/vlad/ros2_foxy/install/ament_cppcheck:/home/vlad/ros2_foxy/install/ament_clang_tidy:/home/vlad/ros2_foxy/install/ament_clang_format /usr/bin/cmake --install /home/vlad/ros2_ws/build/moveit_resources_pr2_description
[4.505s] -- Install configuration: "Release"
[4.505s] -- Installing: /home/vlad/ros2_ws/install/moveit_resources_pr2_description/share/ament_index/resource_index/package_run_dependencies/moveit_resources_pr2_description
[4.506s] -- Installing: /home/vlad/ros2_ws/install/moveit_resources_pr2_description/share/ament_index/resource_index/parent_prefix_path/moveit_resources_pr2_description
[4.509s] -- Installing: /home/vlad/ros2_ws/install/moveit_resources_pr2_description/share/moveit_resources_pr2_description/environment/ament_prefix_path.sh
[4.510s] -- Installing: /home/vlad/ros2_ws/install/moveit_resources_pr2_description/share/moveit_resources_pr2_description/environment/ament_prefix_path.dsv
[4.510s] -- Installing: /home/vlad/ros2_ws/install/moveit_resources_pr2_description/share/moveit_resources_pr2_description/environment/path.sh
[4.510s] -- Installing: /home/vlad/ros2_ws/install/moveit_resources_pr2_description/share/moveit_resources_pr2_description/environment/path.dsv
[4.510s] -- Installing: /home/vlad/ros2_ws/install/moveit_resources_pr2_description/share/moveit_resources_pr2_description/local_setup.bash
[4.510s] -- Installing: /home/vlad/ros2_ws/install/moveit_resources_pr2_description/share/moveit_resources_pr2_description/local_setup.sh
[4.511s] -- Installing: /home/vlad/ros2_ws/install/moveit_resources_pr2_description/share/moveit_resources_pr2_description/local_setup.zsh
[4.511s] -- Installing: /home/vlad/ros2_ws/install/moveit_resources_pr2_description/share/moveit_resources_pr2_description/local_setup.dsv
[4.511s] -- Installing: /home/vlad/ros2_ws/install/moveit_resources_pr2_description/share/moveit_resources_pr2_description/package.dsv
[4.511s] -- Installing: /home/vlad/ros2_ws/install/moveit_resources_pr2_description/share/ament_index/resource_index/packages/moveit_resources_pr2_description
[4.511s] -- Installing: /home/vlad/ros2_ws/install/moveit_resources_pr2_description/share/moveit_resources_pr2_description/cmake/moveit_resources_pr2_descriptionConfig.cmake
[4.511s] -- Installing: /home/vlad/ros2_ws/install/moveit_resources_pr2_description/share/moveit_resources_pr2_description/cmake/moveit_resources_pr2_descriptionConfig-version.cmake
[4.512s] -- Installing: /home/vlad/ros2_ws/install/moveit_resources_pr2_description/share/moveit_resources_pr2_description/package.xml
[4.512s] -- Installing: /home/vlad/ros2_ws/install/moveit_resources_pr2_description/share/moveit_resources_pr2_description/srdf
[4.512s] -- Installing: /home/vlad/ros2_ws/install/moveit_resources_pr2_description/share/moveit_resources_pr2_description/srdf/robot.xml
[4.512s] -- Installing: /home/vlad/ros2_ws/install/moveit_resources_pr2_description/share/moveit_resources_pr2_description/urdf
[4.512s] -- Installing: /home/vlad/ros2_ws/install/moveit_resources_pr2_description/share/moveit_resources_pr2_description/urdf/meshes
[4.512s] -- Installing: /home/vlad/ros2_ws/install/moveit_resources_pr2_description/share/moveit_resources_pr2_description/urdf/meshes/torso_v0
[4.513s] -- Installing: /home/vlad/ros2_ws/install/moveit_resources_pr2_description/share/moveit_resources_pr2_description/urdf/meshes/torso_v0/torso_lift.dae
[4.513s] -- Installing: /home/vlad/ros2_ws/install/moveit_resources_pr2_description/share/moveit_resources_pr2_description/urdf/meshes/torso_v0/torso.stl
[4.513s] -- Installing: /home/vlad/ros2_ws/install/moveit_resources_pr2_description/share/moveit_resources_pr2_description/urdf/meshes/torso_v0/torso_lift.stl
[4.513s] -- Installing: /home/vlad/ros2_ws/install/moveit_resources_pr2_description/share/moveit_resources_pr2_description/urdf/meshes/torso_v0/torso_lift_normals.tif
[4.513s] -- Installing: /home/vlad/ros2_ws/install/moveit_resources_pr2_description/share/moveit_resources_pr2_description/urdf/meshes/torso_v0/convex
[4.513s] -- Installing: /home/vlad/ros2_ws/install/moveit_resources_pr2_description/share/moveit_resources_pr2_description/urdf/meshes/torso_v0/convex/torso_lift_convex.stlb
[4.513s] -- Installing: /home/vlad/ros2_ws/install/moveit_resources_pr2_description/share/moveit_resources_pr2_description/urdf/meshes/torso_v0/convex/torso_lift.dae
[4.514s] -- Installing: /home/vlad/ros2_ws/install/moveit_resources_pr2_description/share/moveit_resources_pr2_description/urdf/meshes/torso_v0/convex/torso.xml
[4.514s] -- Installing: /home/vlad/ros2_ws/install/moveit_resources_pr2_description/share/moveit_resources_pr2_description/urdf/meshes/torso_v0/convex/torso_lift.xml
[4.514s] -- Installing: /home/vlad/ros2_ws/install/moveit_resources_pr2_description/share/moveit_resources_pr2_description/urdf/meshes/torso_v0/convex/torso_lift_L.dae
[4.514s] -- Installing: /home/vlad/ros2_ws/install/moveit_resources_pr2_description/share/moveit_resources_pr2_description/urdf/meshes/torso_v0/convex/torso_lift_L.xml
[4.514s] -- Installing: /home/vlad/ros2_ws/install/moveit_resources_pr2_description/share/moveit_resources_pr2_description/urdf/meshes/torso_v0/convex/torso_lift_convex.stla
[4.514s] -- Installing: /home/vlad/ros2_ws/install/moveit_resources_pr2_description/share/moveit_resources_pr2_description/urdf/meshes/torso_v0/convex/torso_convex.stla
[4.514s] -- Installing: /home/vlad/ros2_ws/install/moveit_resources_pr2_description/share/moveit_resources_pr2_description/urdf/meshes/torso_v0/convex/torso_convex.stlb
[4.515s] -- Installing: /home/vlad/ros2_ws/install/moveit_resources_pr2_description/share/moveit_resources_pr2_description/urdf/meshes/torso_v0/convex/torso_lift_L_convex.stlb
[4.515s] -- Installing: /home/vlad/ros2_ws/install/moveit_resources_pr2_description/share/moveit_resources_pr2_description/urdf/meshes/torso_v0/convex/torso.dae
[4.515s] -- Installing: /home/vlad/ros2_ws/install/moveit_resources_pr2_description/share/moveit_resources_pr2_description/urdf/meshes/torso_v0/convex/torso_lift_L_convex.stla
[4.515s] -- Installing: /home/vlad/ros2_ws/install/moveit_resources_pr2_description/share/moveit_resources_pr2_description/urdf/meshes/torso_v0/torso_lift_color.tif
[4.515s] -- Installing: /home/vlad/ros2_ws/install/moveit_resources_pr2_description/share/moveit_resources_pr2_description/urdf/meshes/torso_v0/torso_lift_L.stl
[4.516s] -- Installing: /home/vlad/ros2_ws/install/moveit_resources_pr2_description/share/moveit_resources_pr2_description/urdf/meshes/forearm_v0
[4.517s] -- Installing: /home/vlad/ros2_ws/install/moveit_resources_pr2_description/share/moveit_resources_pr2_description/urdf/meshes/forearm_v0/wrist_roll.stl
[4.517s] -- Installing: /home/vlad/ros2_ws/install/moveit_resources_pr2_description/share/moveit_resources_pr2_description/urdf/meshes/forearm_v0/wrist_color.tif
[4.517s] -- Installing: /home/vlad/ros2_ws/install/moveit_resources_pr2_description/share/moveit_resources_pr2_description/urdf/meshes/forearm_v0/forearm.jpg
[4.517s] -- Installing: /home/vlad/ros2_ws/install/moveit_resources_pr2_description/share/moveit_resources_pr2_description/urdf/meshes/forearm_v0/forearm.stl
[4.517s] -- Installing: /home/vlad/ros2_ws/install/moveit_resources_pr2_description/share/moveit_resources_pr2_description/urdf/meshes/forearm_v0/wrist_flex.dae
[4.518s] -- Installing: /home/vlad/ros2_ws/install/moveit_resources_pr2_description/share/moveit_resources_pr2_description/urdf/meshes/forearm_v0/wrist_roll_L.stl
[4.518s] -- Installing: /home/vlad/ros2_ws/install/moveit_resources_pr2_description/share/moveit_resources_pr2_description/urdf/meshes/forearm_v0/wrist_flex.stl
[4.518s] -- Installing: /home/vlad/ros2_ws/install/moveit_resources_pr2_description/share/moveit_resources_pr2_description/urdf/meshes/forearm_v0/forearm_normals.tif
[4.518s] -- Installing: /home/vlad/ros2_ws/install/moveit_resources_pr2_description/share/moveit_resources_pr2_description/urdf/meshes/forearm_v0/forearm.dae
[4.518s] -- Installing: /home/vlad/ros2_ws/install/moveit_resources_pr2_description/share/moveit_resources_pr2_description/urdf/meshes/forearm_v0/forearm_color.tif
[4.521s] -- Installing: /home/vlad/ros2_ws/install/moveit_resources_pr2_description/share/moveit_resources_pr2_description/urdf/meshes/forearm_v0/wrist_normals.tif
[4.522s] -- Installing: /home/vlad/ros2_ws/install/moveit_resources_pr2_description/share/moveit_resources_pr2_description/urdf/meshes/forearm_v0/convex
[4.522s] -- Installing: /home/vlad/ros2_ws/install/moveit_resources_pr2_description/share/moveit_resources_pr2_description/urdf/meshes/forearm_v0/convex/wrist_flex.xml
[4.523s] -- Installing: /home/vlad/ros2_ws/install/moveit_resources_pr2_description/share/moveit_resources_pr2_description/urdf/meshes/forearm_v0/convex/wrist_roll_L_convex.stlb
[4.523s] -- Installing: /home/vlad/ros2_ws/install/moveit_resources_pr2_description/share/moveit_resources_pr2_description/urdf/meshes/forearm_v0/convex/wrist_roll_convex.stla
[4.523s] -- Installing: /home/vlad/ros2_ws/install/moveit_resources_pr2_description/share/moveit_resources_pr2_description/urdf/meshes/forearm_v0/convex/wrist_roll_L.xml
[4.523s] -- Installing: /home/vlad/ros2_ws/install/moveit_resources_pr2_description/share/moveit_resources_pr2_description/urdf/meshes/forearm_v0/convex/wrist_roll.dae
[4.523s] -- Installing: /home/vlad/ros2_ws/install/moveit_resources_pr2_description/share/moveit_resources_pr2_description/urdf/meshes/forearm_v0/convex/wrist_roll_convex.stlb
[4.523s] -- Installing: /home/vlad/ros2_ws/install/moveit_resources_pr2_description/share/moveit_resources_pr2_description/urdf/meshes/forearm_v0/convex/wrist_flex.dae
[4.523s] -- Installing: /home/vlad/ros2_ws/install/moveit_resources_pr2_description/share/moveit_resources_pr2_description/urdf/meshes/forearm_v0/convex/forearm_convex.stla
[4.524s] -- Installing: /home/vlad/ros2_ws/install/moveit_resources_pr2_description/share/moveit_resources_pr2_description/urdf/meshes/forearm_v0/convex/forearm.xml
[4.524s] -- Installing: /home/vlad/ros2_ws/install/moveit_resources_pr2_description/share/moveit_resources_pr2_description/urdf/meshes/forearm_v0/convex/wrist_roll_L.dae
[4.524s] -- Installing: /home/vlad/ros2_ws/install/moveit_resources_pr2_description/share/moveit_resources_pr2_description/urdf/meshes/forearm_v0/convex/wrist_flex_convex.stla
[4.524s] -- Installing: /home/vlad/ros2_ws/install/moveit_resources_pr2_description/share/moveit_resources_pr2_description/urdf/meshes/forearm_v0/convex/forearm.dae
[4.524s] -- Installing: /home/vlad/ros2_ws/install/moveit_resources_pr2_description/share/moveit_resources_pr2_description/urdf/meshes/forearm_v0/convex/wrist_flex_convex.stlb
[4.525s] -- Installing: /home/vlad/ros2_ws/install/moveit_resources_pr2_description/share/moveit_resources_pr2_description/urdf/meshes/forearm_v0/convex/wrist_roll.xml
[4.525s] -- Installing: /home/vlad/ros2_ws/install/moveit_resources_pr2_description/share/moveit_resources_pr2_description/urdf/meshes/forearm_v0/convex/wrist_roll_L_convex.stla
[4.525s] -- Installing: /home/vlad/ros2_ws/install/moveit_resources_pr2_description/share/moveit_resources_pr2_description/urdf/meshes/forearm_v0/convex/forearm_convex.stlb
[4.525s] -- Installing: /home/vlad/ros2_ws/install/moveit_resources_pr2_description/share/moveit_resources_pr2_description/urdf/meshes/shoulder_v0
[4.525s] -- Installing: /home/vlad/ros2_ws/install/moveit_resources_pr2_description/share/moveit_resources_pr2_description/urdf/meshes/shoulder_v0/shoulder_pan.dae
[4.525s] -- Installing: /home/vlad/ros2_ws/install/moveit_resources_pr2_description/share/moveit_resources_pr2_description/urdf/meshes/shoulder_v0/shoulder_pan_normals.tif
[4.527s] -- Installing: /home/vlad/ros2_ws/install/moveit_resources_pr2_description/share/moveit_resources_pr2_description/urdf/meshes/shoulder_v0/shoulder_lift_color.tif
[4.527s] -- Installing: /home/vlad/ros2_ws/install/moveit_resources_pr2_description/share/moveit_resources_pr2_description/urdf/meshes/shoulder_v0/shoulder_lift.stl
[4.527s] -- Installing: /home/vlad/ros2_ws/install/moveit_resources_pr2_description/share/moveit_resources_pr2_description/urdf/meshes/shoulder_v0/upper_arm_roll_L.stl
[4.527s] -- Installing: /home/vlad/ros2_ws/install/moveit_resources_pr2_description/share/moveit_resources_pr2_description/urdf/meshes/shoulder_v0/upper_arm_roll.dae
[4.527s] -- Installing: /home/vlad/ros2_ws/install/moveit_resources_pr2_description/share/moveit_resources_pr2_description/urdf/meshes/shoulder_v0/upper_arm_roll.stl
[4.528s] -- Installing: /home/vlad/ros2_ws/install/moveit_resources_pr2_description/share/moveit_resources_pr2_description/urdf/meshes/shoulder_v0/shoulder_lift.dae
[4.528s] -- Installing: /home/vlad/ros2_ws/install/moveit_resources_pr2_description/share/moveit_resources_pr2_description/urdf/meshes/shoulder_v0/shoulder_pan.stl
[4.528s] -- Installing: /home/vlad/ros2_ws/install/moveit_resources_pr2_description/share/moveit_resources_pr2_description/urdf/meshes/shoulder_v0/shoulder_pan_color.tif
[4.532s] -- Installing: /home/vlad/ros2_ws/install/moveit_resources_pr2_description/share/moveit_resources_pr2_description/urdf/meshes/shoulder_v0/upper_arm_roll_normals.tif
[4.534s] -- Installing: /home/vlad/ros2_ws/install/moveit_resources_pr2_description/share/moveit_resources_pr2_description/urdf/meshes/shoulder_v0/upper_arm_roll_color.tif
[4.534s] -- Installing: /home/vlad/ros2_ws/install/moveit_resources_pr2_description/share/moveit_resources_pr2_description/urdf/meshes/shoulder_v0/shoulder_lift_normals.tif
[4.535s] -- Installing: /home/vlad/ros2_ws/install/moveit_resources_pr2_description/share/moveit_resources_pr2_description/urdf/meshes/shoulder_v0/shoulder_yaw.stl
[4.535s] -- Installing: /home/vlad/ros2_ws/install/moveit_resources_pr2_description/share/moveit_resources_pr2_description/urdf/meshes/shoulder_v0/convex
[4.535s] -- Installing: /home/vlad/ros2_ws/install/moveit_resources_pr2_description/share/moveit_resources_pr2_description/urdf/meshes/shoulder_v0/convex/upper_arm_roll.xml
[4.535s] -- Installing: /home/vlad/ros2_ws/install/moveit_resources_pr2_description/share/moveit_resources_pr2_description/urdf/meshes/shoulder_v0/convex/shoulder_pan.dae
[4.535s] -- Installing: /home/vlad/ros2_ws/install/moveit_resources_pr2_description/share/moveit_resources_pr2_description/urdf/meshes/shoulder_v0/convex/shoulder_lift_convex.stla
[4.536s] -- Installing: /home/vlad/ros2_ws/install/moveit_resources_pr2_description/share/moveit_resources_pr2_description/urdf/meshes/shoulder_v0/convex/shoulder_pan.xml
[4.536s] -- Installing: /home/vlad/ros2_ws/install/moveit_resources_pr2_description/share/moveit_resources_pr2_description/urdf/meshes/shoulder_v0/convex/upper_arm_roll_L_convex.stla
[4.536s] -- Installing: /home/vlad/ros2_ws/install/moveit_resources_pr2_description/share/moveit_resources_pr2_description/urdf/meshes/shoulder_v0/convex/upper_arm_roll_convex.stlb
[4.536s] -- Installing: /home/vlad/ros2_ws/install/moveit_resources_pr2_description/share/moveit_resources_pr2_description/urdf/meshes/shoulder_v0/convex/upper_arm_roll.dae
[4.537s] -- Installing: /home/vlad/ros2_ws/install/moveit_resources_pr2_description/share/moveit_resources_pr2_description/urdf/meshes/shoulder_v0/convex/upper_arm_roll_L_convex.stlb
[4.537s] -- Installing: /home/vlad/ros2_ws/install/moveit_resources_pr2_description/share/moveit_resources_pr2_description/urdf/meshes/shoulder_v0/convex/upper_arm_roll_L.dae
[4.537s] -- Installing: /home/vlad/ros2_ws/install/moveit_resources_pr2_description/share/moveit_resources_pr2_description/urdf/meshes/shoulder_v0/convex/shoulder_lift.dae
[4.537s] -- Installing: /home/vlad/ros2_ws/install/moveit_resources_pr2_description/share/moveit_resources_pr2_description/urdf/meshes/shoulder_v0/convex/shoulder_yaw.xml
[4.537s] -- Installing: /home/vlad/ros2_ws/install/moveit_resources_pr2_description/share/moveit_resources_pr2_description/urdf/meshes/shoulder_v0/convex/upper_arm_roll_convex.stla
[4.537s] -- Installing: /home/vlad/ros2_ws/install/moveit_resources_pr2_description/share/moveit_resources_pr2_description/urdf/meshes/shoulder_v0/convex/shoulder_pan_convex.stla
[4.538s] -- Installing: /home/vlad/ros2_ws/install/moveit_resources_pr2_description/share/moveit_resources_pr2_description/urdf/meshes/shoulder_v0/convex/shoulder_yaw_convex.stlb
[4.538s] -- Installing: /home/vlad/ros2_ws/install/moveit_resources_pr2_description/share/moveit_resources_pr2_description/urdf/meshes/shoulder_v0/convex/shoulder_yaw.dae
[4.544s] -- Installing: /home/vlad/ros2_ws/install/moveit_resources_pr2_description/share/moveit_resources_pr2_description/urdf/meshes/shoulder_v0/convex/shoulder_lift.xml
[4.544s] -- Installing: /home/vlad/ros2_ws/install/moveit_resources_pr2_description/share/moveit_resources_pr2_description/urdf/meshes/shoulder_v0/convex/upper_arm_roll_L.xml
[4.544s] -- Installing: /home/vlad/ros2_ws/install/moveit_resources_pr2_description/share/moveit_resources_pr2_description/urdf/meshes/shoulder_v0/convex/shoulder_pan_convex.stlb
[4.545s] -- Installing: /home/vlad/ros2_ws/install/moveit_resources_pr2_description/share/moveit_resources_pr2_description/urdf/meshes/shoulder_v0/convex/shoulder_lift_convex.stlb
[4.545s] -- Installing: /home/vlad/ros2_ws/install/moveit_resources_pr2_description/share/moveit_resources_pr2_description/urdf/meshes/shoulder_v0/convex/shoulder_yaw_convex.stla
[4.549s] -- Installing: /home/vlad/ros2_ws/install/moveit_resources_pr2_description/share/moveit_resources_pr2_description/urdf/meshes/gripper_v0
[4.549s] -- Installing: /home/vlad/ros2_ws/install/moveit_resources_pr2_description/share/moveit_resources_pr2_description/urdf/meshes/gripper_v0/finger_H_UV_100430.dae
[4.549s] -- Installing: /home/vlad/ros2_ws/install/moveit_resources_pr2_description/share/moveit_resources_pr2_description/urdf/meshes/gripper_v0/l_float.dae
[4.549s] -- Installing: /home/vlad/ros2_ws/install/moveit_resources_pr2_description/share/moveit_resources_pr2_description/urdf/meshes/gripper_v0/l_floating.stl
[4.549s] -- Installing: /home/vlad/ros2_ws/install/moveit_resources_pr2_description/share/moveit_resources_pr2_description/urdf/meshes/gripper_v0/l_finger.stl
[4.549s] -- Installing: /home/vlad/ros2_ws/install/moveit_resources_pr2_description/share/moveit_resources_pr2_description/urdf/meshes/gripper_v0/upper_finger_l.stl
[4.549s] -- Installing: /home/vlad/ros2_ws/install/moveit_resources_pr2_description/share/moveit_resources_pr2_description/urdf/meshes/gripper_v0/palm_H_Color_100430.tif
[4.550s] -- Installing: /home/vlad/ros2_ws/install/moveit_resources_pr2_description/share/moveit_resources_pr2_description/urdf/meshes/gripper_v0/float_H_Color_100430.tif
[4.550s] -- Installing: /home/vlad/ros2_ws/install/moveit_resources_pr2_description/share/moveit_resources_pr2_description/urdf/meshes/gripper_v0/finger_tip_l.stl
[4.550s] -- Installing: /home/vlad/ros2_ws/install/moveit_resources_pr2_description/share/moveit_resources_pr2_description/urdf/meshes/gripper_v0/upper_finger_r.stl
[4.550s] -- Installing: /home/vlad/ros2_ws/install/moveit_resources_pr2_description/share/moveit_resources_pr2_description/urdf/meshes/gripper_v0/gripper_palm.stl
[4.550s] -- Installing: /home/vlad/ros2_ws/install/moveit_resources_pr2_description/share/moveit_resources_pr2_description/urdf/meshes/gripper_v0/float_H_UV_100430.dae
[4.550s] -- Installing: /home/vlad/ros2_ws/install/moveit_resources_pr2_description/share/moveit_resources_pr2_description/urdf/meshes/gripper_v0/gripper_palm_color.tif
[4.550s] -- Installing: /home/vlad/ros2_ws/install/moveit_resources_pr2_description/share/moveit_resources_pr2_description/urdf/meshes/gripper_v0/l_float_normals.tif
[4.551s] -- Installing: /home/vlad/ros2_ws/install/moveit_resources_pr2_description/share/moveit_resources_pr2_description/urdf/meshes/gripper_v0/l_finger_tip.dae
[4.551s] -- Installing: /home/vlad/ros2_ws/install/moveit_resources_pr2_description/share/moveit_resources_pr2_description/urdf/meshes/gripper_v0/l_float_color.tif
[4.551s] -- Installing: /home/vlad/ros2_ws/install/moveit_resources_pr2_description/share/moveit_resources_pr2_description/urdf/meshes/gripper_v0/finger_tip_H_UV_100430.dae
[4.551s] -- Installing: /home/vlad/ros2_ws/install/moveit_resources_pr2_description/share/moveit_resources_pr2_description/urdf/meshes/gripper_v0/l_finger_tip.stl
[4.551s] -- Installing: /home/vlad/ros2_ws/install/moveit_resources_pr2_description/share/moveit_resources_pr2_description/urdf/meshes/gripper_v0/finger_tip_pad2_l.stl
[4.551s] -- Installing: /home/vlad/ros2_ws/install/moveit_resources_pr2_description/share/moveit_resources_pr2_description/urdf/meshes/gripper_v0/finger_H_Color_100430.tif
[4.551s] -- Installing: /home/vlad/ros2_ws/install/moveit_resources_pr2_description/share/moveit_resources_pr2_description/urdf/meshes/gripper_v0/fingertip_H_Color_100430.tif
[4.551s] -- Installing: /home/vlad/ros2_ws/install/moveit_resources_pr2_description/share/moveit_resources_pr2_description/urdf/meshes/gripper_v0/l_finger_normals.tif
[4.554s] -- Installing: /home/vlad/ros2_ws/install/moveit_resources_pr2_description/share/moveit_resources_pr2_description/urdf/meshes/gripper_v0/finger_tip_r.stl
[4.555s] -- Installing: /home/vlad/ros2_ws/install/moveit_resources_pr2_description/share/moveit_resources_pr2_description/urdf/meshes/gripper_v0/l_finger_color.tif
[4.555s] -- Installing: /home/vlad/ros2_ws/install/moveit_resources_pr2_description/share/moveit_resources_pr2_description/urdf/meshes/gripper_v0/finger_tip_pad2_r.stl
[4.556s] -- Installing: /home/vlad/ros2_ws/install/moveit_resources_pr2_description/share/moveit_resources_pr2_description/urdf/meshes/gripper_v0/palm_H_UV_100430.dae
[4.556s] -- Installing: /home/vlad/ros2_ws/install/moveit_resources_pr2_description/share/moveit_resources_pr2_description/urdf/meshes/gripper_v0/l_finger.dae
[4.556s] -- Installing: /home/vlad/ros2_ws/install/moveit_resources_pr2_description/share/moveit_resources_pr2_description/urdf/meshes/gripper_v0/gripper_palm.dae
[4.557s] -- Installing: /home/vlad/ros2_ws/install/moveit_resources_pr2_description/share/moveit_resources_pr2_description/urdf/meshes/gripper_v0/l_finger_tip_color.tif
[4.557s] -- Installing: /home/vlad/ros2_ws/install/moveit_resources_pr2_description/share/moveit_resources_pr2_description/urdf/meshes/gripper_v0/l_finger_tip_normals.tif
[4.557s] -- Installing: /home/vlad/ros2_ws/install/moveit_resources_pr2_description/share/moveit_resources_pr2_description/urdf/meshes/gripper_v0/gripper_palm_normals.tif
[4.559s] -- Installing: /home/vlad/ros2_ws/install/moveit_resources_pr2_description/share/moveit_resources_pr2_description/urdf/meshes/gripper_v0/convex
[4.561s] -- Installing: /home/vlad/ros2_ws/install/moveit_resources_pr2_description/share/moveit_resources_pr2_description/urdf/meshes/gripper_v0/convex/upper_finger_r_convex.stla
[4.562s] -- Installing: /home/vlad/ros2_ws/install/moveit_resources_pr2_description/share/moveit_resources_pr2_description/urdf/meshes/gripper_v0/convex/l_finger_tip_convex.stlb
[4.562s] -- Installing: /home/vlad/ros2_ws/install/moveit_resources_pr2_description/share/moveit_resources_pr2_description/urdf/meshes/gripper_v0/convex/upper_finger_l.xml
[4.563s] -- Installing: /home/vlad/ros2_ws/install/moveit_resources_pr2_description/share/moveit_resources_pr2_description/urdf/meshes/gripper_v0/convex/finger_tip_pad2_r.xml
[4.563s] -- Installing: /home/vlad/ros2_ws/install/moveit_resources_pr2_description/share/moveit_resources_pr2_description/urdf/meshes/gripper_v0/convex/finger_tip_l_convex.stlb
[4.564s] -- Installing: /home/vlad/ros2_ws/install/moveit_resources_pr2_description/share/moveit_resources_pr2_description/urdf/meshes/gripper_v0/convex/finger_tip_r.xml
[4.564s] -- Installing: /home/vlad/ros2_ws/install/moveit_resources_pr2_description/share/moveit_resources_pr2_description/urdf/meshes/gripper_v0/convex/l_finger.xml
[4.564s] -- Installing: /home/vlad/ros2_ws/install/moveit_resources_pr2_description/share/moveit_resources_pr2_description/urdf/meshes/gripper_v0/convex/l_floating.dae
[4.565s] -- Installing: /home/vlad/ros2_ws/install/moveit_resources_pr2_description/share/moveit_resources_pr2_description/urdf/meshes/gripper_v0/convex/gripper_palm_convex.stla
[4.565s] -- Installing: /home/vlad/ros2_ws/install/moveit_resources_pr2_description/share/moveit_resources_pr2_description/urdf/meshes/gripper_v0/convex/l_finger_tip_convex.stla
[4.565s] -- Installing: /home/vlad/ros2_ws/install/moveit_resources_pr2_description/share/moveit_resources_pr2_description/urdf/meshes/gripper_v0/convex/finger_tip_l_convex.stla
[4.566s] -- Installing: /home/vlad/ros2_ws/install/moveit_resources_pr2_description/share/moveit_resources_pr2_description/urdf/meshes/gripper_v0/convex/upper_finger_l.dae
[4.566s] -- Installing: /home/vlad/ros2_ws/install/moveit_resources_pr2_description/share/moveit_resources_pr2_description/urdf/meshes/gripper_v0/convex/finger_tip_pad2_l_convex.stlb
[4.566s] -- Installing: /home/vlad/ros2_ws/install/moveit_resources_pr2_description/share/moveit_resources_pr2_description/urdf/meshes/gripper_v0/convex/finger_tip_l.xml
[4.567s] -- Installing: /home/vlad/ros2_ws/install/moveit_resources_pr2_description/share/moveit_resources_pr2_description/urdf/meshes/gripper_v0/convex/l_finger_convex.stlb
[4.567s] -- Installing: /home/vlad/ros2_ws/install/moveit_resources_pr2_description/share/moveit_resources_pr2_description/urdf/meshes/gripper_v0/convex/l_finger_tip.dae
[4.567s] -- Installing: /home/vlad/ros2_ws/install/moveit_resources_pr2_description/share/moveit_resources_pr2_description/urdf/meshes/gripper_v0/convex/finger_tip_l.dae
[4.567s] -- Installing: /home/vlad/ros2_ws/install/moveit_resources_pr2_description/share/moveit_resources_pr2_description/urdf/meshes/gripper_v0/convex/finger_tip_r_convex.stla
[4.568s] -- Installing: /home/vlad/ros2_ws/install/moveit_resources_pr2_description/share/moveit_resources_pr2_description/urdf/meshes/gripper_v0/convex/l_floating_convex.stlb
[4.568s] -- Installing: /home/vlad/ros2_ws/install/moveit_resources_pr2_description/share/moveit_resources_pr2_description/urdf/meshes/gripper_v0/convex/upper_finger_l_convex.stlb
[4.569s] -- Installing: /home/vlad/ros2_ws/install/moveit_resources_pr2_description/share/moveit_resources_pr2_description/urdf/meshes/gripper_v0/convex/l_floating_convex.stla
[4.571s] -- Installing: /home/vlad/ros2_ws/install/moveit_resources_pr2_description/share/moveit_resources_pr2_description/urdf/meshes/gripper_v0/convex/finger_tip_r.dae
[4.572s] -- Installing: /home/vlad/ros2_ws/install/moveit_resources_pr2_description/share/moveit_resources_pr2_description/urdf/meshes/gripper_v0/convex/finger_tip_pad2_r_convex.stla
[4.572s] -- Installing: /home/vlad/ros2_ws/install/moveit_resources_pr2_description/share/moveit_resources_pr2_description/urdf/meshes/gripper_v0/convex/l_finger_convex.stla
[4.572s] -- Installing: /home/vlad/ros2_ws/install/moveit_resources_pr2_description/share/moveit_resources_pr2_description/urdf/meshes/gripper_v0/convex/upper_finger_r.dae
[4.572s] -- Installing: /home/vlad/ros2_ws/install/moveit_resources_pr2_description/share/moveit_resources_pr2_description/urdf/meshes/gripper_v0/convex/finger_tip_pad2_r_convex.stlb
[4.572s] -- Installing: /home/vlad/ros2_ws/install/moveit_resources_pr2_description/share/moveit_resources_pr2_description/urdf/meshes/gripper_v0/convex/l_finger_tip.xml
[4.573s] -- Installing: /home/vlad/ros2_ws/install/moveit_resources_pr2_description/share/moveit_resources_pr2_description/urdf/meshes/gripper_v0/convex/upper_finger_l_convex.stla
[4.573s] -- Installing: /home/vlad/ros2_ws/install/moveit_resources_pr2_description/share/moveit_resources_pr2_description/urdf/meshes/gripper_v0/convex/finger_tip_pad2_l.dae
[4.573s] -- Installing: /home/vlad/ros2_ws/install/moveit_resources_pr2_description/share/moveit_resources_pr2_description/urdf/meshes/gripper_v0/convex/finger_tip_pad2_r.dae
[4.573s] -- Installing: /home/vlad/ros2_ws/install/moveit_resources_pr2_description/share/moveit_resources_pr2_description/urdf/meshes/gripper_v0/convex/finger_tip_r_convex.stlb
[4.573s] -- Installing: /home/vlad/ros2_ws/install/moveit_resources_pr2_description/share/moveit_resources_pr2_description/urdf/meshes/gripper_v0/convex/l_finger.dae
[4.574s] -- Installing: /home/vlad/ros2_ws/install/moveit_resources_pr2_description/share/moveit_resources_pr2_description/urdf/meshes/gripper_v0/convex/gripper_palm.dae
[4.574s] -- Installing: /home/vlad/ros2_ws/install/moveit_resources_pr2_description/share/moveit_resources_pr2_description/urdf/meshes/gripper_v0/convex/finger_tip_pad2_l.xml
[4.574s] -- Installing: /home/vlad/ros2_ws/install/moveit_resources_pr2_description/share/moveit_resources_pr2_description/urdf/meshes/gripper_v0/convex/upper_finger_r_convex.stlb
[4.574s] -- Installing: /home/vlad/ros2_ws/install/moveit_resources_pr2_description/share/moveit_resources_pr2_description/urdf/meshes/gripper_v0/convex/finger_tip_pad2_l_convex.stla
[4.574s] -- Installing: /home/vlad/ros2_ws/install/moveit_resources_pr2_description/share/moveit_resources_pr2_description/urdf/meshes/gripper_v0/convex/gripper_palm_convex.stlb
[4.574s] -- Installing: /home/vlad/ros2_ws/install/moveit_resources_pr2_description/share/moveit_resources_pr2_description/urdf/meshes/gripper_v0/convex/gripper_palm.xml
[4.574s] -- Installing: /home/vlad/ros2_ws/install/moveit_resources_pr2_description/share/moveit_resources_pr2_description/urdf/meshes/gripper_v0/convex/l_floating.xml
[4.575s] -- Installing: /home/vlad/ros2_ws/install/moveit_resources_pr2_description/share/moveit_resources_pr2_description/urdf/meshes/gripper_v0/convex/upper_finger_r.xml
[4.575s] -- Installing: /home/vlad/ros2_ws/install/moveit_resources_pr2_description/share/moveit_resources_pr2_description/urdf/meshes/tilting_laser_v0
[4.575s] -- Installing: /home/vlad/ros2_ws/install/moveit_resources_pr2_description/share/moveit_resources_pr2_description/urdf/meshes/tilting_laser_v0/tilting_hokuyo.dae
[4.576s] -- Installing: /home/vlad/ros2_ws/install/moveit_resources_pr2_description/share/moveit_resources_pr2_description/urdf/meshes/tilting_laser_v0/hok_tilt.stl
[4.577s] -- Installing: /home/vlad/ros2_ws/install/moveit_resources_pr2_description/share/moveit_resources_pr2_description/urdf/meshes/tilting_laser_v0/tilting_hokuyo_L.stl
[4.577s] -- Installing: /home/vlad/ros2_ws/install/moveit_resources_pr2_description/share/moveit_resources_pr2_description/urdf/meshes/tilting_laser_v0/tilting_hokuyo_color.tif
[4.577s] -- Installing: /home/vlad/ros2_ws/install/moveit_resources_pr2_description/share/moveit_resources_pr2_description/urdf/meshes/tilting_laser_v0/tilting_hokuyo.stl
[4.577s] -- Installing: /home/vlad/ros2_ws/install/moveit_resources_pr2_description/share/moveit_resources_pr2_description/urdf/meshes/tilting_laser_v0/convex
[4.578s] -- Installing: /home/vlad/ros2_ws/install/moveit_resources_pr2_description/share/moveit_resources_pr2_description/urdf/meshes/tilting_laser_v0/convex/tilting_hokuyo_L_convex.stla
[4.578s] -- Installing: /home/vlad/ros2_ws/install/moveit_resources_pr2_description/share/moveit_resources_pr2_description/urdf/meshes/tilting_laser_v0/convex/tilting_hokuyo.dae
[4.578s] -- Installing: /home/vlad/ros2_ws/install/moveit_resources_pr2_description/share/moveit_resources_pr2_description/urdf/meshes/tilting_laser_v0/convex/hok_tilt.xml
[4.578s] -- Installing: /home/vlad/ros2_ws/install/moveit_resources_pr2_description/share/moveit_resources_pr2_description/urdf/meshes/tilting_laser_v0/convex/tilting_hokuyo_L_convex.stlb
[4.579s] -- Installing: /home/vlad/ros2_ws/install/moveit_resources_pr2_description/share/moveit_resources_pr2_description/urdf/meshes/tilting_laser_v0/convex/tilting_hokuyo_L.xml
[4.579s] -- Installing: /home/vlad/ros2_ws/install/moveit_resources_pr2_description/share/moveit_resources_pr2_description/urdf/meshes/tilting_laser_v0/convex/tilting_hokuyo_L.dae
[4.579s] -- Installing: /home/vlad/ros2_ws/install/moveit_resources_pr2_description/share/moveit_resources_pr2_description/urdf/meshes/tilting_laser_v0/convex/hok_tilt_convex.stlb
[4.579s] -- Installing: /home/vlad/ros2_ws/install/moveit_resources_pr2_description/share/moveit_resources_pr2_description/urdf/meshes/tilting_laser_v0/convex/tilting_hokuyo_convex.stla
[4.580s] -- Installing: /home/vlad/ros2_ws/install/moveit_resources_pr2_description/share/moveit_resources_pr2_description/urdf/meshes/tilting_laser_v0/convex/hok_tilt.dae
[4.581s] -- Installing: /home/vlad/ros2_ws/install/moveit_resources_pr2_description/share/moveit_resources_pr2_description/urdf/meshes/tilting_laser_v0/convex/tilting_hokuyo.xml
[4.581s] -- Installing: /home/vlad/ros2_ws/install/moveit_resources_pr2_description/share/moveit_resources_pr2_description/urdf/meshes/tilting_laser_v0/convex/hok_tilt_convex.stla
[4.582s] -- Installing: /home/vlad/ros2_ws/install/moveit_resources_pr2_description/share/moveit_resources_pr2_description/urdf/meshes/tilting_laser_v0/convex/tilting_hokuyo_convex.stlb
[4.582s] -- Installing: /home/vlad/ros2_ws/install/moveit_resources_pr2_description/share/moveit_resources_pr2_description/urdf/meshes/tilting_laser_v0/tilting_hokuyo_normals.tif
[4.583s] -- Installing: /home/vlad/ros2_ws/install/moveit_resources_pr2_description/share/moveit_resources_pr2_description/urdf/meshes/sensors
[4.583s] -- Installing: /home/vlad/ros2_ws/install/moveit_resources_pr2_description/share/moveit_resources_pr2_description/urdf/meshes/sensors/kinect_v0
[4.583s] -- Installing: /home/vlad/ros2_ws/install/moveit_resources_pr2_description/share/moveit_resources_pr2_description/urdf/meshes/sensors/kinect_v0/kinect.dae
[4.584s] -- Installing: /home/vlad/ros2_ws/install/moveit_resources_pr2_description/share/moveit_resources_pr2_description/urdf/meshes/sensors/kinect_v0/kinect_mount.stl
[4.584s] -- Installing: /home/vlad/ros2_ws/install/moveit_resources_pr2_description/share/moveit_resources_pr2_description/urdf/meshes/sensors/kinect_v0/kinect.tga
[4.584s] -- Installing: /home/vlad/ros2_ws/install/moveit_resources_pr2_description/share/moveit_resources_pr2_description/urdf/meshes/sensors/kinect_v0/kinect_color.tga
[4.584s] -- Installing: /home/vlad/ros2_ws/install/moveit_resources_pr2_description/share/moveit_resources_pr2_description/urdf/meshes/sensors/kinect_prosilica_v0
[4.585s] -- Installing: /home/vlad/ros2_ws/install/moveit_resources_pr2_description/share/moveit_resources_pr2_description/urdf/meshes/sensors/kinect_prosilica_v0/Prosilica_w_Lens--coarse.STL
[4.585s] -- Installing: /home/vlad/ros2_ws/install/moveit_resources_pr2_description/share/moveit_resources_pr2_description/urdf/meshes/sensors/kinect_prosilica_v0/115x100_swept_back--coarse.STL
[4.585s] -- Installing: /home/vlad/ros2_ws/install/moveit_resources_pr2_description/share/moveit_resources_pr2_description/urdf/meshes/sensors/kinect_prosilica_v0/68-04546_Kinect_Sensor--coarse.STL
[4.585s] -- Installing: /home/vlad/ros2_ws/install/moveit_resources_pr2_description/share/moveit_resources_pr2_description/urdf/meshes/sensors/kinect_prosilica_v0/115x100_swept_fwd_no_sensors--coarse.STL
[4.586s] -- Installing: /home/vlad/ros2_ws/install/moveit_resources_pr2_description/share/moveit_resources_pr2_description/urdf/meshes/sensors/kinect_prosilica_v0/115x100_swept_fwd--coarse.STL
[4.586s] -- Installing: /home/vlad/ros2_ws/install/moveit_resources_pr2_description/share/moveit_resources_pr2_description/urdf/meshes/sensors/kinect_prosilica_v0/115x100_swept_back_no_sensors--coarse.STL
[4.588s] -- Installing: /home/vlad/ros2_ws/install/moveit_resources_pr2_description/share/moveit_resources_pr2_description/urdf/meshes/head_v0
[4.590s] -- Installing: /home/vlad/ros2_ws/install/moveit_resources_pr2_description/share/moveit_resources_pr2_description/urdf/meshes/head_v0/head_tilt_L.stl
[4.590s] -- Installing: /home/vlad/ros2_ws/install/moveit_resources_pr2_description/share/moveit_resources_pr2_description/urdf/meshes/head_v0/head_tilt.dae
[4.591s] -- Installing: /home/vlad/ros2_ws/install/moveit_resources_pr2_description/share/moveit_resources_pr2_description/urdf/meshes/head_v0/head_tilt.stl
[4.591s] -- Installing: /home/vlad/ros2_ws/install/moveit_resources_pr2_description/share/moveit_resources_pr2_description/urdf/meshes/head_v0/head_tilt_color_yellow.tif
[4.591s] -- Installing: /home/vlad/ros2_ws/install/moveit_resources_pr2_description/share/moveit_resources_pr2_description/urdf/meshes/head_v0/head_pan.stl
[4.591s] -- Installing: /home/vlad/ros2_ws/install/moveit_resources_pr2_description/share/moveit_resources_pr2_description/urdf/meshes/head_v0/head_tilt_green.tif
[4.591s] -- Installing: /home/vlad/ros2_ws/install/moveit_resources_pr2_description/share/moveit_resources_pr2_description/urdf/meshes/head_v0/head_pan_normals.tif
[4.591s] -- Installing: /home/vlad/ros2_ws/install/moveit_resources_pr2_description/share/moveit_resources_pr2_description/urdf/meshes/head_v0/head_pan_L.stl
[4.591s] -- Installing: /home/vlad/ros2_ws/install/moveit_resources_pr2_description/share/moveit_resources_pr2_description/urdf/meshes/head_v0/head_tilt_color_red.tif
[4.592s] -- Installing: /home/vlad/ros2_ws/install/moveit_resources_pr2_description/share/moveit_resources_pr2_description/urdf/meshes/head_v0/head_pan_color.tif
[4.592s] -- Installing: /home/vlad/ros2_ws/install/moveit_resources_pr2_description/share/moveit_resources_pr2_description/urdf/meshes/head_v0/head_pan.dae
[4.592s] -- Installing: /home/vlad/ros2_ws/install/moveit_resources_pr2_description/share/moveit_resources_pr2_description/urdf/meshes/head_v0/head_tilt_color.tif
[4.592s] -- Installing: /home/vlad/ros2_ws/install/moveit_resources_pr2_description/share/moveit_resources_pr2_description/urdf/meshes/head_v0/convex
[4.592s] -- Installing: /home/vlad/ros2_ws/install/moveit_resources_pr2_description/share/moveit_resources_pr2_description/urdf/meshes/head_v0/convex/head_tilt.dae
[4.592s] -- Installing: /home/vlad/ros2_ws/install/moveit_resources_pr2_description/share/moveit_resources_pr2_description/urdf/meshes/head_v0/convex/head_tilt_L_convex.stlb
[4.593s] -- Installing: /home/vlad/ros2_ws/install/moveit_resources_pr2_description/share/moveit_resources_pr2_description/urdf/meshes/head_v0/convex/head_pan_convex.stla
[4.593s] -- Installing: /home/vlad/ros2_ws/install/moveit_resources_pr2_description/share/moveit_resources_pr2_description/urdf/meshes/head_v0/convex/head_pan_convex.stlb
[4.594s] -- Installing: /home/vlad/ros2_ws/install/moveit_resources_pr2_description/share/moveit_resources_pr2_description/urdf/meshes/head_v0/convex/head_tilt_convex.stla
[4.594s] -- Installing: /home/vlad/ros2_ws/install/moveit_resources_pr2_description/share/moveit_resources_pr2_description/urdf/meshes/head_v0/convex/head_pan_L_convex.stlb
[4.594s] -- Installing: /home/vlad/ros2_ws/install/moveit_resources_pr2_description/share/moveit_resources_pr2_description/urdf/meshes/head_v0/convex/head_tilt_L_convex.stla
[4.594s] -- Installing: /home/vlad/ros2_ws/install/moveit_resources_pr2_description/share/moveit_resources_pr2_description/urdf/meshes/head_v0/convex/head_tilt_L.dae
[4.594s] -- Installing: /home/vlad/ros2_ws/install/moveit_resources_pr2_description/share/moveit_resources_pr2_description/urdf/meshes/head_v0/convex/head_tilt_convex.stlb
[4.594s] -- Installing: /home/vlad/ros2_ws/install/moveit_resources_pr2_description/share/moveit_resources_pr2_description/urdf/meshes/head_v0/convex/head_pan_L.dae
[4.595s] -- Installing: /home/vlad/ros2_ws/install/moveit_resources_pr2_description/share/moveit_resources_pr2_description/urdf/meshes/head_v0/convex/head_tilt.xml
[4.595s] -- Installing: /home/vlad/ros2_ws/install/moveit_resources_pr2_description/share/moveit_resources_pr2_description/urdf/meshes/head_v0/convex/head_pan.dae
[4.595s] -- Installing: /home/vlad/ros2_ws/install/moveit_resources_pr2_description/share/moveit_resources_pr2_description/urdf/meshes/head_v0/convex/head_pan.xml
[4.595s] -- Installing: /home/vlad/ros2_ws/install/moveit_resources_pr2_description/share/moveit_resources_pr2_description/urdf/meshes/head_v0/convex/head_pan_L.xml
[4.595s] -- Installing: /home/vlad/ros2_ws/install/moveit_resources_pr2_description/share/moveit_resources_pr2_description/urdf/meshes/head_v0/convex/head_pan_L_convex.stla
[4.595s] -- Installing: /home/vlad/ros2_ws/install/moveit_resources_pr2_description/share/moveit_resources_pr2_description/urdf/meshes/head_v0/convex/head_tilt_L.xml
[4.596s] -- Installing: /home/vlad/ros2_ws/install/moveit_resources_pr2_description/share/moveit_resources_pr2_description/urdf/meshes/head_v0/head_tilt_normals.tif
[4.596s] -- Installing: /home/vlad/ros2_ws/install/moveit_resources_pr2_description/share/moveit_resources_pr2_description/urdf/meshes/upper_arm_v0
[4.596s] -- Installing: /home/vlad/ros2_ws/install/moveit_resources_pr2_description/share/moveit_resources_pr2_description/urdf/meshes/upper_arm_v0/elbow_flex.dae
[4.596s] -- Installing: /home/vlad/ros2_ws/install/moveit_resources_pr2_description/share/moveit_resources_pr2_description/urdf/meshes/upper_arm_v0/upper_arm.jpg
[4.597s] -- Installing: /home/vlad/ros2_ws/install/moveit_resources_pr2_description/share/moveit_resources_pr2_description/urdf/meshes/upper_arm_v0/upper_arm_normals.tif
[4.597s] -- Installing: /home/vlad/ros2_ws/install/moveit_resources_pr2_description/share/moveit_resources_pr2_description/urdf/meshes/upper_arm_v0/upper_arm.stl
[4.597s] -- Installing: /home/vlad/ros2_ws/install/moveit_resources_pr2_description/share/moveit_resources_pr2_description/urdf/meshes/upper_arm_v0/forearm_roll_L.stl
[4.598s] -- Installing: /home/vlad/ros2_ws/install/moveit_resources_pr2_description/share/moveit_resources_pr2_description/urdf/meshes/upper_arm_v0/elbow_flex_color.tif
[4.598s] -- Installing: /home/vlad/ros2_ws/install/moveit_resources_pr2_description/share/moveit_resources_pr2_description/urdf/meshes/upper_arm_v0/elbow_flex_normals.tif
[4.598s] -- Installing: /home/vlad/ros2_ws/install/moveit_resources_pr2_description/share/moveit_resources_pr2_description/urdf/meshes/upper_arm_v0/upper_arm_color.tif
[4.598s] -- Installing: /home/vlad/ros2_ws/install/moveit_resources_pr2_description/share/moveit_resources_pr2_description/urdf/meshes/upper_arm_v0/elbow_flex.stl
[4.598s] -- Installing: /home/vlad/ros2_ws/install/moveit_resources_pr2_description/share/moveit_resources_pr2_description/urdf/meshes/upper_arm_v0/forearm_roll.stl
[4.598s] -- Installing: /home/vlad/ros2_ws/install/moveit_resources_pr2_description/share/moveit_resources_pr2_description/urdf/meshes/upper_arm_v0/convex
[4.598s] -- Installing: /home/vlad/ros2_ws/install/moveit_resources_pr2_description/share/moveit_resources_pr2_description/urdf/meshes/upper_arm_v0/convex/upper_arm_convex.stlb
[4.598s] -- Installing: /home/vlad/ros2_ws/install/moveit_resources_pr2_description/share/moveit_resources_pr2_description/urdf/meshes/upper_arm_v0/convex/elbow_flex.dae
[4.599s] -- Installing: /home/vlad/ros2_ws/install/moveit_resources_pr2_description/share/moveit_resources_pr2_description/urdf/meshes/upper_arm_v0/convex/upper_arm.xml
[4.599s] -- Installing: /home/vlad/ros2_ws/install/moveit_resources_pr2_description/share/moveit_resources_pr2_description/urdf/meshes/upper_arm_v0/convex/forearm_roll_L.dae
[4.599s] -- Installing: /home/vlad/ros2_ws/install/moveit_resources_pr2_description/share/moveit_resources_pr2_description/urdf/meshes/upper_arm_v0/convex/forearm_roll_convex.stlb
[4.599s] -- Installing: /home/vlad/ros2_ws/install/moveit_resources_pr2_description/share/moveit_resources_pr2_description/urdf/meshes/upper_arm_v0/convex/upper_arm_convex.stla
[4.599s] -- Installing: /home/vlad/ros2_ws/install/moveit_resources_pr2_description/share/moveit_resources_pr2_description/urdf/meshes/upper_arm_v0/convex/forearm_roll_L_convex.stlb
[4.599s] -- Installing: /home/vlad/ros2_ws/install/moveit_resources_pr2_description/share/moveit_resources_pr2_description/urdf/meshes/upper_arm_v0/convex/forearm_roll.xml
[4.599s] -- Installing: /home/vlad/ros2_ws/install/moveit_resources_pr2_description/share/moveit_resources_pr2_description/urdf/meshes/upper_arm_v0/convex/forearm_roll_L_convex.stla
[4.600s] -- Installing: /home/vlad/ros2_ws/install/moveit_resources_pr2_description/share/moveit_resources_pr2_description/urdf/meshes/upper_arm_v0/convex/elbow_flex_convex.stla
[4.600s] -- Installing: /home/vlad/ros2_ws/install/moveit_resources_pr2_description/share/moveit_resources_pr2_description/urdf/meshes/upper_arm_v0/convex/forearm_roll.dae
[4.600s] -- Installing: /home/vlad/ros2_ws/install/moveit_resources_pr2_description/share/moveit_resources_pr2_description/urdf/meshes/upper_arm_v0/convex/forearm_roll_convex.stla
[4.600s] -- Installing: /home/vlad/ros2_ws/install/moveit_resources_pr2_description/share/moveit_resources_pr2_description/urdf/meshes/upper_arm_v0/convex/elbow_flex.xml
[4.600s] -- Installing: /home/vlad/ros2_ws/install/moveit_resources_pr2_description/share/moveit_resources_pr2_description/urdf/meshes/upper_arm_v0/convex/elbow_flex_convex.stlb
[4.600s] -- Installing: /home/vlad/ros2_ws/install/moveit_resources_pr2_description/share/moveit_resources_pr2_description/urdf/meshes/upper_arm_v0/convex/forearm_roll_L.xml
[4.601s] -- Installing: /home/vlad/ros2_ws/install/moveit_resources_pr2_description/share/moveit_resources_pr2_description/urdf/meshes/upper_arm_v0/convex/upper_arm.dae
[4.601s] -- Installing: /home/vlad/ros2_ws/install/moveit_resources_pr2_description/share/moveit_resources_pr2_description/urdf/meshes/upper_arm_v0/upper_arm.dae
[4.601s] -- Installing: /home/vlad/ros2_ws/install/moveit_resources_pr2_description/share/moveit_resources_pr2_description/urdf/meshes/base_v0
[4.601s] -- Installing: /home/vlad/ros2_ws/install/moveit_resources_pr2_description/share/moveit_resources_pr2_description/urdf/meshes/base_v0/wheel_normals.tif
[4.601s] -- Installing: /home/vlad/ros2_ws/install/moveit_resources_pr2_description/share/moveit_resources_pr2_description/urdf/meshes/base_v0/base_L.stl
[4.601s] -- Installing: /home/vlad/ros2_ws/install/moveit_resources_pr2_description/share/moveit_resources_pr2_description/urdf/meshes/base_v0/wheel_h_color.tif
[4.601s] -- Installing: /home/vlad/ros2_ws/install/moveit_resources_pr2_description/share/moveit_resources_pr2_description/urdf/meshes/base_v0/base_normals.tif
[4.601s] -- Installing: /home/vlad/ros2_ws/install/moveit_resources_pr2_description/share/moveit_resources_pr2_description/urdf/meshes/base_v0/wheel_h.dae
[4.603s] -- Installing: /home/vlad/ros2_ws/install/moveit_resources_pr2_description/share/moveit_resources_pr2_description/urdf/meshes/base_v0/base.stl
[4.603s] -- Installing: /home/vlad/ros2_ws/install/moveit_resources_pr2_description/share/moveit_resources_pr2_description/urdf/meshes/base_v0/wheel.dae
[4.604s] -- Installing: /home/vlad/ros2_ws/install/moveit_resources_pr2_description/share/moveit_resources_pr2_description/urdf/meshes/base_v0/wheel.stl
[4.604s] -- Installing: /home/vlad/ros2_ws/install/moveit_resources_pr2_description/share/moveit_resources_pr2_description/urdf/meshes/base_v0/caster.stl
[4.604s] -- Installing: /home/vlad/ros2_ws/install/moveit_resources_pr2_description/share/moveit_resources_pr2_description/urdf/meshes/base_v0/pr2_wheel.stl
[4.604s] -- Installing: /home/vlad/ros2_ws/install/moveit_resources_pr2_description/share/moveit_resources_pr2_description/urdf/meshes/base_v0/caster_L.stl
[4.605s] -- Installing: /home/vlad/ros2_ws/install/moveit_resources_pr2_description/share/moveit_resources_pr2_description/urdf/meshes/base_v0/wheel_color.tif
[4.605s] -- Installing: /home/vlad/ros2_ws/install/moveit_resources_pr2_description/share/moveit_resources_pr2_description/urdf/meshes/base_v0/convex
[4.605s] -- Installing: /home/vlad/ros2_ws/install/moveit_resources_pr2_description/share/moveit_resources_pr2_description/urdf/meshes/base_v0/convex/base_L_convex.stla
[4.605s] -- Installing: /home/vlad/ros2_ws/install/moveit_resources_pr2_description/share/moveit_resources_pr2_description/urdf/meshes/base_v0/convex/base.xml
[4.605s] -- Installing: /home/vlad/ros2_ws/install/moveit_resources_pr2_description/share/moveit_resources_pr2_description/urdf/meshes/base_v0/convex/caster_L_convex.stlb
[4.606s] -- Installing: /home/vlad/ros2_ws/install/moveit_resources_pr2_description/share/moveit_resources_pr2_description/urdf/meshes/base_v0/convex/caster_L.xml
[4.606s] -- Installing: /home/vlad/ros2_ws/install/moveit_resources_pr2_description/share/moveit_resources_pr2_description/urdf/meshes/base_v0/convex/base_convex.stla
[4.606s] -- Installing: /home/vlad/ros2_ws/install/moveit_resources_pr2_description/share/moveit_resources_pr2_description/urdf/meshes/base_v0/convex/caster.xml
[4.606s] -- Installing: /home/vlad/ros2_ws/install/moveit_resources_pr2_description/share/moveit_resources_pr2_description/urdf/meshes/base_v0/convex/pr2_wheel.xml
[4.606s] -- Installing: /home/vlad/ros2_ws/install/moveit_resources_pr2_description/share/moveit_resources_pr2_description/urdf/meshes/base_v0/convex/base_convex.stlb
[4.607s] -- Installing: /home/vlad/ros2_ws/install/moveit_resources_pr2_description/share/moveit_resources_pr2_description/urdf/meshes/base_v0/convex/pr2_wheel.dae
[4.607s] -- Installing: /home/vlad/ros2_ws/install/moveit_resources_pr2_description/share/moveit_resources_pr2_description/urdf/meshes/base_v0/convex/caster_convex.stlb
[4.607s] -- Installing: /home/vlad/ros2_ws/install/moveit_resources_pr2_description/share/moveit_resources_pr2_description/urdf/meshes/base_v0/convex/caster_convex.stla
[4.607s] -- Installing: /home/vlad/ros2_ws/install/moveit_resources_pr2_description/share/moveit_resources_pr2_description/urdf/meshes/base_v0/convex/caster_L.dae
[4.608s] -- Installing: /home/vlad/ros2_ws/install/moveit_resources_pr2_description/share/moveit_resources_pr2_description/urdf/meshes/base_v0/convex/wheel.dae
[4.608s] -- Installing: /home/vlad/ros2_ws/install/moveit_resources_pr2_description/share/moveit_resources_pr2_description/urdf/meshes/base_v0/convex/wheel.xml
[4.608s] -- Installing: /home/vlad/ros2_ws/install/moveit_resources_pr2_description/share/moveit_resources_pr2_description/urdf/meshes/base_v0/convex/pr2_wheel_convex.stlb
[4.608s] -- Installing: /home/vlad/ros2_ws/install/moveit_resources_pr2_description/share/moveit_resources_pr2_description/urdf/meshes/base_v0/convex/caster_L_convex.stla
[4.608s] -- Installing: /home/vlad/ros2_ws/install/moveit_resources_pr2_description/share/moveit_resources_pr2_description/urdf/meshes/base_v0/convex/wheel_convex.stlb
[4.609s] -- Installing: /home/vlad/ros2_ws/install/moveit_resources_pr2_description/share/moveit_resources_pr2_description/urdf/meshes/base_v0/convex/caster.dae
[4.609s] -- Installing: /home/vlad/ros2_ws/install/moveit_resources_pr2_description/share/moveit_resources_pr2_description/urdf/meshes/base_v0/convex/base_L.dae
[4.609s] -- Installing: /home/vlad/ros2_ws/install/moveit_resources_pr2_description/share/moveit_resources_pr2_description/urdf/meshes/base_v0/convex/base_L.xml
[4.609s] -- Installing: /home/vlad/ros2_ws/install/moveit_resources_pr2_description/share/moveit_resources_pr2_description/urdf/meshes/base_v0/convex/wheel_convex.stla
[4.609s] -- Installing: /home/vlad/ros2_ws/install/moveit_resources_pr2_description/share/moveit_resources_pr2_description/urdf/meshes/base_v0/convex/base_L_convex.stlb
[4.609s] -- Installing: /home/vlad/ros2_ws/install/moveit_resources_pr2_description/share/moveit_resources_pr2_description/urdf/meshes/base_v0/convex/base.dae
[4.610s] -- Installing: /home/vlad/ros2_ws/install/moveit_resources_pr2_description/share/moveit_resources_pr2_description/urdf/meshes/base_v0/convex/pr2_wheel_convex.stla
[4.610s] -- Installing: /home/vlad/ros2_ws/install/moveit_resources_pr2_description/share/moveit_resources_pr2_description/urdf/meshes/base_v0/base.dae
[4.610s] -- Installing: /home/vlad/ros2_ws/install/moveit_resources_pr2_description/share/moveit_resources_pr2_description/urdf/meshes/base_v0/base_color.tif
[4.610s] -- Installing: /home/vlad/ros2_ws/install/moveit_resources_pr2_description/share/moveit_resources_pr2_description/urdf/materials
[4.610s] -- Installing: /home/vlad/ros2_ws/install/moveit_resources_pr2_description/share/moveit_resources_pr2_description/urdf/materials/textures
[4.610s] -- Installing: /home/vlad/ros2_ws/install/moveit_resources_pr2_description/share/moveit_resources_pr2_description/urdf/materials/textures/pr2_caster_texture.png
[4.611s] -- Installing: /home/vlad/ros2_ws/install/moveit_resources_pr2_description/share/moveit_resources_pr2_description/urdf/materials/textures/pr2_wheel_right.png
[4.611s] -- Installing: /home/vlad/ros2_ws/install/moveit_resources_pr2_description/share/moveit_resources_pr2_description/urdf/materials/textures/pr2_wheel_left.png
[4.611s] -- Installing: /home/vlad/ros2_ws/install/moveit_resources_pr2_description/share/moveit_resources_pr2_description/urdf/robot.xml
[4.611s] -- Installing: /home/vlad/ros2_ws/install/moveit_resources_pr2_description/share/moveit_resources_pr2_description/kinect.dae
[4.642s] Invoked command in '/home/vlad/ros2_ws/build/moveit_resources_pr2_description' returned '0': CMAKE_PREFIX_PATH=${CMAKE_PREFIX_PATH}:/opt/ros/foxy:/home/vlad/ros2_foxy/install/ros2bag:/home/vlad/ros2_foxy/install/tracetools_launch:/home/vlad/ros2_foxy/install/topic_monitor:/home/vlad/ros2_foxy/install/examples_tf2_py:/home/vlad/ros2_foxy/install/sros2:/home/vlad/ros2_foxy/install/rqt_topic:/home/vlad/ros2_foxy/install/rqt_reconfigure:/home/vlad/ros2_foxy/install/rqt_action:/home/vlad/ros2_foxy/install/rqt:/home/vlad/ros2_foxy/install/rqt_graph:/home/vlad/ros2_foxy/install/rqt_gui_py:/home/vlad/ros2_foxy/install/rqt_gui:/home/vlad/ros2_foxy/install/ros2trace:/home/vlad/ros2_foxy/install/ros2topic:/home/vlad/ros2_foxy/install/ros2test:/home/vlad/ros2_foxy/install/ros2component:/home/vlad/ros2_foxy/install/ros2param:/home/vlad/ros2_foxy/install/ros2lifecycle:/home/vlad/ros2_foxy/install/ros2service:/home/vlad/ros2_foxy/install/ros2run:/home/vlad/ros2_foxy/install/ros2launch:/home/vlad/ros2_foxy/install/ros2pkg:/home/vlad/ros2_foxy/install/ros2node:/home/vlad/ros2_foxy/install/ros2multicast:/home/vlad/ros2_foxy/install/ros2interface:/home/vlad/ros2_foxy/install/ros2doctor:/home/vlad/ros2_foxy/install/ros2action:/home/vlad/ros2_foxy/install/ros2cli:/home/vlad/ros2_foxy/install/quality_of_service_demo_py:/home/vlad/ros2_foxy/install/launch_testing_ros:/home/vlad/ros2_foxy/install/launch_ros:/home/vlad/ros2_foxy/install/examples_rclpy_minimal_subscriber:/home/vlad/ros2_foxy/install/examples_rclpy_minimal_service:/home/vlad/ros2_foxy/install/examples_rclpy_minimal_publisher:/home/vlad/ros2_foxy/install/examples_rclpy_minimal_client:/home/vlad/ros2_foxy/install/examples_rclpy_minimal_action_server:/home/vlad/ros2_foxy/install/examples_rclpy_minimal_action_client:/home/vlad/ros2_foxy/install/examples_rclpy_executors:/home/vlad/ros2_foxy/install/demo_nodes_py:/home/vlad/ros2_foxy/install/action_tutorials_py:/home/vlad/ros2_foxy/install/ament_uncrustify:/home/vlad/ros2_foxy/install/tracetools_trace:/home/vlad/ros2_foxy/install/tracetools_read:/home/vlad/ros2_foxy/install/test_launch_ros:/home/vlad/ros2_foxy/install/rpyutils:/home/vlad/ros2_foxy/install/rosidl_runtime_py:/home/vlad/ros2_foxy/install/launch_yaml:/home/vlad/ros2_foxy/install/launch_xml:/home/vlad/ros2_foxy/install/launch_testing:/home/vlad/ros2_foxy/install/launch:/home/vlad/ros2_foxy/install/osrf_pycommon:/home/vlad/ros2_foxy/install/domain_coordinator:/home/vlad/ros2_foxy/install/ament_xmllint:/home/vlad/ros2_foxy/install/ament_pyflakes:/home/vlad/ros2_foxy/install/ament_pycodestyle:/home/vlad/ros2_foxy/install/ament_pep257:/home/vlad/ros2_foxy/install/ament_pclint:/home/vlad/ros2_foxy/install/ament_package:/home/vlad/ros2_foxy/install/ament_mypy:/home/vlad/ros2_foxy/install/ament_lint_cmake:/home/vlad/ros2_foxy/install/ament_flake8:/home/vlad/ros2_foxy/install/ament_copyright:/home/vlad/ros2_foxy/install/ament_lint:/home/vlad/ros2_foxy/install/ament_index_python:/home/vlad/ros2_foxy/install/ament_cpplint:/home/vlad/ros2_foxy/install/ament_cppcheck:/home/vlad/ros2_foxy/install/ament_clang_tidy:/home/vlad/ros2_foxy/install/ament_clang_format /usr/bin/cmake --install /home/vlad/ros2_ws/build/moveit_resources_pr2_description
