-- Create Debug Build.
-- Found ament_cmake: 0.9.7 (/home/vlad/ros2_foxy/install/ament_cmake/share/ament_cmake/cmake)
-- Using PYTHON_EXECUTABLE: /usr/bin/python3
-- Override CMake install command with custom implementation using symlinks instead of copying resources
-- Found rclcpp: 2.2.0 (/home/vlad/ros2_foxy/install/rclcpp/share/rclcpp/cmake)
-- Using all available rosidl_typesupport_c: rosidl_typesupport_fastrtps_c;rosidl_typesupport_introspection_c
-- Found rosidl_adapter: 1.1.0 (/home/vlad/ros2_foxy/install/rosidl_adapter/share/rosidl_adapter/cmake)
-- Using all available rosidl_typesupport_cpp: rosidl_typesupport_fastrtps_cpp;rosidl_typesupport_introspection_cpp
-- Found rmw_implementation_cmake: 1.0.2 (/home/vlad/ros2_foxy/install/rmw_implementation_cmake/share/rmw_implementation_cmake/cmake)
-- Using RMW implementation 'rmw_fastrtps_cpp' as default
-- Found nav_msgs: 2.0.3 (/home/vlad/ros2_foxy/install/nav_msgs/share/nav_msgs/cmake)
-- Found sensor_msgs: 2.0.3 (/home/vlad/ros2_foxy/install/sensor_msgs/share/sensor_msgs/cmake)
-- Found tf2: 0.13.7 (/home/vlad/ros2_foxy/install/tf2/share/tf2/cmake)
-- Found tf2_ros: 0.13.7 (/home/vlad/ros2_foxy/install/tf2_ros/share/tf2_ros/cmake)
-- Found realsense_ros: 2.0.8 (/home/vlad/ros2_ws/install/realsense_ros/share/realsense_ros/cmake)
-- Found realsense_msgs: 2.0.8 (/home/vlad/ros2_ws/install/realsense_msgs/share/realsense_msgs/cmake)
-- Found ament_lint_auto: 0.9.5 (/home/vlad/ros2_foxy/install/ament_lint_auto/share/ament_lint_auto/cmake)
-- Added test 'copyright' to check source files copyright and LICENSE
-- Added test 'cppcheck' to perform static code analysis on C / C++ code
-- Configured cppcheck include dirs: /home/vlad/ros2_ws/src/ros2_intel_realsense/realsense_node/include
-- Configured cppcheck exclude dirs and/or files: 
-- Added test 'cpplint' to check C / C++ code against the Google style
-- Configured cpplint exclude dirs and/or files: 
-- Added test 'lint_cmake' to check CMake code style
-- Added test 'uncrustify' to check C / C++ code style
-- Configured uncrustify additional arguments: 
-- Added test 'xmllint' to check XML markup files
-- Configuring done
-- Generating done
-- Build files have been written to: /home/vlad/ros2_ws/build/realsense_node
[35m[1mScanning dependencies of target realsense_node[0m
[ 50%] [32mBuilding CXX object CMakeFiles/realsense_node.dir/src/realsense_node.cpp.o[0m
[100%] [32m[1mLinking CXX executable realsense_node[0m
[100%] Built target realsense_node
-- Install configuration: "Release"
-- Execute custom install script
-- Up-to-date symlink: /home/vlad/ros2_ws/install/realsense_node/lib/realsense_node/realsense_node
-- Up-to-date symlink: /home/vlad/ros2_ws/install/realsense_node/bin/realsense_node
-- Up-to-date symlink: /home/vlad/ros2_ws/install/realsense_node/share/ament_index/resource_index/package_run_dependencies/realsense_node
-- Up-to-date symlink: /home/vlad/ros2_ws/install/realsense_node/share/ament_index/resource_index/parent_prefix_path/realsense_node
-- Up-to-date symlink: /home/vlad/ros2_ws/install/realsense_node/share/realsense_node/environment/ament_prefix_path.sh
-- Up-to-date symlink: /home/vlad/ros2_ws/install/realsense_node/share/realsense_node/environment/ament_prefix_path.dsv
-- Up-to-date symlink: /home/vlad/ros2_ws/install/realsense_node/share/realsense_node/environment/path.sh
-- Up-to-date symlink: /home/vlad/ros2_ws/install/realsense_node/share/realsense_node/environment/path.dsv
-- Up-to-date symlink: /home/vlad/ros2_ws/install/realsense_node/share/realsense_node/local_setup.bash
-- Up-to-date symlink: /home/vlad/ros2_ws/install/realsense_node/share/realsense_node/local_setup.sh
-- Up-to-date symlink: /home/vlad/ros2_ws/install/realsense_node/share/realsense_node/local_setup.zsh
-- Up-to-date symlink: /home/vlad/ros2_ws/install/realsense_node/share/realsense_node/local_setup.dsv
-- Symlinking: /home/vlad/ros2_ws/install/realsense_node/share/realsense_node/package.dsv
-- Up-to-date symlink: /home/vlad/ros2_ws/install/realsense_node/share/ament_index/resource_index/packages/realsense_node
-- Up-to-date symlink: /home/vlad/ros2_ws/install/realsense_node/share/realsense_node/cmake/realsense_nodeConfig.cmake
-- Up-to-date symlink: /home/vlad/ros2_ws/install/realsense_node/share/realsense_node/cmake/realsense_nodeConfig-version.cmake
-- Up-to-date symlink: /home/vlad/ros2_ws/install/realsense_node/share/realsense_node/package.xml
