[2.376s] Invoking command in '/home/vlad/ros2_ws/src/tfpose_ros2': PYTHONPATH=/home/vlad/ros2_ws/install/tfpose_ros2/lib/python3.8/site-packages:${PYTHONPATH} /usr/bin/python3 setup.py egg_info --egg-base ../../build/tfpose_ros2 build --build-base /home/vlad/ros2_ws/build/tfpose_ros2/build install --prefix /home/vlad/ros2_ws/install/tfpose_ros2 --record /home/vlad/ros2_ws/build/tfpose_ros2/install.log --single-version-externally-managed
[3.880s] --2021-01-26 19:48:22--  http://download2268.mediafire.com/quytp1it4sgg/qlzzr20mpocnpa3/graph_opt.pb
[3.929s] Resolving download2268.mediafire.com (download2268.mediafire.com)... 199.91.155.9
[4.109s] Connecting to download2268.mediafire.com (download2268.mediafire.com)|199.91.155.9|:80... connected.
[4.513s] HTTP request sent, awaiting response... 416 Range Not Satisfiable
[4.513s] 
[4.513s]     The file is already fully retrieved; nothing to do.
[4.513s] 
[4.536s] running egg_info
[4.537s] writing ../../build/tfpose_ros2/tfpose_ros2.egg-info/PKG-INFO
[4.537s] writing dependency_links to ../../build/tfpose_ros2/tfpose_ros2.egg-info/dependency_links.txt
[4.537s] writing entry points to ../../build/tfpose_ros2/tfpose_ros2.egg-info/entry_points.txt
[4.538s] writing top-level names to ../../build/tfpose_ros2/tfpose_ros2.egg-info/top_level.txt
[4.568s] file pafprocess.py (for module pafprocess) not found
[4.621s] reading manifest file '../../build/tfpose_ros2/tfpose_ros2.egg-info/SOURCES.txt'
[4.622s] writing manifest file '../../build/tfpose_ros2/tfpose_ros2.egg-info/SOURCES.txt'
[4.622s] file pafprocess.py (for module pafprocess) not found
[4.622s] running build
[4.622s] running build_py
[4.623s] copying tfpose_ros2/node_get_pose_service.py -> /home/vlad/ros2_ws/build/tfpose_ros2/build/lib.linux-x86_64-3.8/tfpose_ros2
[4.624s] file pafprocess.py (for module pafprocess) not found
[4.624s] running build_ext
[4.625s] running install
[4.625s] running install_lib
[4.626s] copying /home/vlad/ros2_ws/build/tfpose_ros2/build/lib.linux-x86_64-3.8/tfpose_ros2/node_get_pose_service.py -> /home/vlad/ros2_ws/install/tfpose_ros2/lib/python3.8/site-packages/tfpose_ros2
[4.629s] byte-compiling /home/vlad/ros2_ws/install/tfpose_ros2/lib/python3.8/site-packages/tfpose_ros2/node_get_pose_service.py to node_get_pose_service.cpython-38.pyc
[4.630s] running install_egg_info
[4.633s] removing '/home/vlad/ros2_ws/install/tfpose_ros2/lib/python3.8/site-packages/tfpose_ros2-0.1.1-py3.8.egg-info' (and everything under it)
[4.634s] Copying ../../build/tfpose_ros2/tfpose_ros2.egg-info to /home/vlad/ros2_ws/install/tfpose_ros2/lib/python3.8/site-packages/tfpose_ros2-0.1.1-py3.8.egg-info
[4.634s] running install_scripts
[4.656s] Installing get_pose_service script to /home/vlad/ros2_ws/install/tfpose_ros2/lib/tfpose_ros2
[4.656s] file pafprocess.py (for module pafprocess) not found
[4.657s] writing list of installed files to '/home/vlad/ros2_ws/build/tfpose_ros2/install.log'
[4.691s] Invoked command in '/home/vlad/ros2_ws/src/tfpose_ros2' returned '0': PYTHONPATH=/home/vlad/ros2_ws/install/tfpose_ros2/lib/python3.8/site-packages:${PYTHONPATH} /usr/bin/python3 setup.py egg_info --egg-base ../../build/tfpose_ros2 build --build-base /home/vlad/ros2_ws/build/tfpose_ros2/build install --prefix /home/vlad/ros2_ws/install/tfpose_ros2 --record /home/vlad/ros2_ws/build/tfpose_ros2/install.log --single-version-externally-managed
