-- Found moveit_common: 2.1.0 (/home/vlad/ros2_ws/install/moveit_common/share/moveit_common/cmake)
-- Found ament_cmake: 0.9.7 (/home/vlad/ros2_foxy/install/ament_cmake/share/ament_cmake/cmake)
-- Using PYTHON_EXECUTABLE: /usr/bin/python3
-- Found Boost: /usr/lib/x86_64-linux-gnu/cmake/Boost-1.71.0/BoostConfig.cmake (found version "1.71.0") found components: program_options system 
-- Found eigen3_cmake_module: 0.1.1 (/home/vlad/ros2_foxy/install/eigen3_cmake_module/share/eigen3_cmake_module/cmake)
-- Found tf2_kdl: 0.13.7 (/home/vlad/ros2_foxy/install/tf2_kdl/share/tf2_kdl/cmake)
-- Using all available rosidl_typesupport_c: rosidl_typesupport_introspection_c;rosidl_typesupport_fastrtps_c
-- Found rosidl_adapter: 1.1.0 (/home/vlad/ros2_foxy/install/rosidl_adapter/share/rosidl_adapter/cmake)
-- Using all available rosidl_typesupport_cpp: rosidl_typesupport_introspection_cpp;rosidl_typesupport_fastrtps_cpp
-- Found rmw_implementation_cmake: 1.0.2 (/home/vlad/ros2_foxy/install/rmw_implementation_cmake/share/rmw_implementation_cmake/cmake)
-- Using RMW implementation 'rmw_fastrtps_cpp' as default
-- Found kdl_parser: 2.4.1 (/home/vlad/ros2_foxy/install/kdl_parser/share/kdl_parser/cmake)
-- Found random_numbers: 2.0.0 (/opt/ros/foxy/share/random_numbers/cmake)
-- Found pluginlib: 2.5.2 (/home/vlad/ros2_foxy/install/pluginlib/share/pluginlib/cmake)
-- Found moveit_core: 2.1.0 (/home/vlad/ros2_ws/install/moveit_core/share/moveit_core/cmake)
-- Found moveit_ros_planning: 2.1.0 (/home/vlad/ros2_ws/install/moveit_ros_planning/share/moveit_ros_planning/cmake)
-- Found Boost: /usr/lib/x86_64-linux-gnu/cmake/Boost-1.71.0/BoostConfig.cmake (found version "1.71.0") found components: filesystem program_options 
-- Found ament_cmake_gtest: 0.9.7 (/home/vlad/ros2_foxy/install/ament_cmake_gtest/share/ament_cmake_gtest/cmake)
-- Configuring done
-- Generating done
-- Build files have been written to: /home/vlad/ros2_ws/build/moveit_kinematics
[35m[1mScanning dependencies of target moveit_kdl_kinematics_plugin[0m
[35m[1mScanning dependencies of target moveit_srv_kinematics_plugin[0m
[35m[1mScanning dependencies of target benchmark_ik[0m
[35m[1mScanning dependencies of target moveit_cached_ik_kinematics_base[0m
[35m[1mScanning dependencies of target moveit_lma_kinematics_plugin[0m
[  7%] [32mBuilding CXX object srv_kinematics_plugin/CMakeFiles/moveit_srv_kinematics_plugin.dir/src/srv_kinematics_plugin.cpp.o[0m
[ 15%] [32mBuilding CXX object kdl_kinematics_plugin/CMakeFiles/moveit_kdl_kinematics_plugin.dir/src/kdl_kinematics_plugin.cpp.o[0m
[ 23%] [32mBuilding CXX object kdl_kinematics_plugin/CMakeFiles/moveit_kdl_kinematics_plugin.dir/src/chainiksolver_vel_mimic_svd.cpp.o[0m
[ 30%] [32mBuilding CXX object test/CMakeFiles/benchmark_ik.dir/benchmark_ik.cpp.o[0m
[ 38%] [32mBuilding CXX object lma_kinematics_plugin/CMakeFiles/moveit_lma_kinematics_plugin.dir/src/lma_kinematics_plugin.cpp.o[0m
[ 46%] [32mBuilding CXX object cached_ik_kinematics_plugin/CMakeFiles/moveit_cached_ik_kinematics_base.dir/src/ik_cache.cpp.o[0m
[ 53%] [32m[1mLinking CXX shared library libmoveit_srv_kinematics_plugin.so[0m
[ 53%] Built target moveit_srv_kinematics_plugin
[ 61%] [32m[1mLinking CXX shared library libmoveit_lma_kinematics_plugin.so[0m
[ 69%] [32m[1mLinking CXX shared library libmoveit_kdl_kinematics_plugin.so[0m
[ 69%] Built target moveit_lma_kinematics_plugin
[ 76%] [32m[1mLinking CXX executable benchmark_ik[0m
[ 76%] Built target moveit_kdl_kinematics_plugin
[ 84%] [32m[1mLinking CXX shared library libmoveit_cached_ik_kinematics_base.so[0m
[ 84%] Built target benchmark_ik
[ 84%] Built target moveit_cached_ik_kinematics_base
[35m[1mScanning dependencies of target moveit_cached_ik_kinematics_plugin[0m
[ 92%] [32mBuilding CXX object cached_ik_kinematics_plugin/CMakeFiles/moveit_cached_ik_kinematics_plugin.dir/src/cached_ik_kinematics_plugin.cpp.o[0m
[100%] [32m[1mLinking CXX shared library libmoveit_cached_ik_kinematics_plugin.so[0m
[100%] Built target moveit_cached_ik_kinematics_plugin
-- Install configuration: "Release"
-- Up-to-date: /home/vlad/ros2_ws/install/moveit_kinematics/share/moveit_kinematics/kdl_kinematics_plugin_description.xml
-- Up-to-date: /home/vlad/ros2_ws/install/moveit_kinematics/share/moveit_kinematics/lma_kinematics_plugin_description.xml
-- Up-to-date: /home/vlad/ros2_ws/install/moveit_kinematics/share/moveit_kinematics/srv_kinematics_plugin_description.xml
-- Up-to-date: /home/vlad/ros2_ws/install/moveit_kinematics/share/moveit_kinematics/cached_ik_kinematics_plugin_description.xml
-- Installing: /home/vlad/ros2_ws/install/moveit_kinematics/share/moveit_kinematics/environment/library_path.sh
-- Installing: /home/vlad/ros2_ws/install/moveit_kinematics/share/moveit_kinematics/environment/library_path.dsv
-- Up-to-date: /home/vlad/ros2_ws/install/moveit_kinematics/share/ament_index/resource_index/package_run_dependencies/moveit_kinematics
-- Installing: /home/vlad/ros2_ws/install/moveit_kinematics/share/ament_index/resource_index/parent_prefix_path/moveit_kinematics
-- Installing: /home/vlad/ros2_ws/install/moveit_kinematics/share/moveit_kinematics/environment/ament_prefix_path.dsv
-- Installing: /home/vlad/ros2_ws/install/moveit_kinematics/share/moveit_kinematics/environment/path.dsv
-- Up-to-date: /home/vlad/ros2_ws/install/moveit_kinematics/share/moveit_kinematics/local_setup.bash
-- Up-to-date: /home/vlad/ros2_ws/install/moveit_kinematics/share/moveit_kinematics/local_setup.sh
-- Up-to-date: /home/vlad/ros2_ws/install/moveit_kinematics/share/moveit_kinematics/local_setup.zsh
-- Installing: /home/vlad/ros2_ws/install/moveit_kinematics/share/moveit_kinematics/local_setup.dsv
-- Installing: /home/vlad/ros2_ws/install/moveit_kinematics/share/moveit_kinematics/package.dsv
-- Up-to-date: /home/vlad/ros2_ws/install/moveit_kinematics/share/ament_index/resource_index/packages/moveit_kinematics
-- Up-to-date: /home/vlad/ros2_ws/install/moveit_kinematics/share/ament_index/resource_index/moveit_core__pluginlib__plugin/moveit_kinematics
-- Up-to-date: /home/vlad/ros2_ws/install/moveit_kinematics/share/moveit_kinematics/cmake/ament_cmake_export_libraries-extras.cmake
-- Up-to-date: /home/vlad/ros2_ws/install/moveit_kinematics/share/moveit_kinematics/cmake/ament_cmake_export_include_directories-extras.cmake
-- Up-to-date: /home/vlad/ros2_ws/install/moveit_kinematics/share/moveit_kinematics/cmake/ament_cmake_export_dependencies-extras.cmake
-- Up-to-date: /home/vlad/ros2_ws/install/moveit_kinematics/share/moveit_kinematics/cmake/moveit_kinematicsConfig.cmake
-- Up-to-date: /home/vlad/ros2_ws/install/moveit_kinematics/share/moveit_kinematics/cmake/moveit_kinematicsConfig-version.cmake
-- Up-to-date: /home/vlad/ros2_ws/install/moveit_kinematics/share/moveit_kinematics/package.xml
-- Installing: /home/vlad/ros2_ws/install/moveit_kinematics/lib/libmoveit_kdl_kinematics_plugin.so
-- Set runtime path of "/home/vlad/ros2_ws/install/moveit_kinematics/lib/libmoveit_kdl_kinematics_plugin.so" to ""
-- Up-to-date: /home/vlad/ros2_ws/install/moveit_kinematics/include
-- Up-to-date: /home/vlad/ros2_ws/install/moveit_kinematics/include/moveit
-- Up-to-date: /home/vlad/ros2_ws/install/moveit_kinematics/include/moveit/kdl_kinematics_plugin
-- Up-to-date: /home/vlad/ros2_ws/install/moveit_kinematics/include/moveit/kdl_kinematics_plugin/chainiksolver_vel_mimic_svd.hpp
-- Up-to-date: /home/vlad/ros2_ws/install/moveit_kinematics/include/moveit/kdl_kinematics_plugin/kdl_kinematics_plugin.h
-- Up-to-date: /home/vlad/ros2_ws/install/moveit_kinematics/include/moveit/kdl_kinematics_plugin/joint_mimic.hpp
-- Installing: /home/vlad/ros2_ws/install/moveit_kinematics/lib/libmoveit_lma_kinematics_plugin.so.
-- Set runtime path of "/home/vlad/ros2_ws/install/moveit_kinematics/lib/libmoveit_lma_kinematics_plugin.so." to ""
-- Up-to-date: /home/vlad/ros2_ws/install/moveit_kinematics/lib/libmoveit_lma_kinematics_plugin.so
-- Up-to-date: /home/vlad/ros2_ws/install/moveit_kinematics/include
-- Up-to-date: /home/vlad/ros2_ws/install/moveit_kinematics/include/moveit
-- Up-to-date: /home/vlad/ros2_ws/install/moveit_kinematics/include/moveit/lma_kinematics_plugin
-- Up-to-date: /home/vlad/ros2_ws/install/moveit_kinematics/include/moveit/lma_kinematics_plugin/lma_kinematics_plugin.h
-- Installing: /home/vlad/ros2_ws/install/moveit_kinematics/lib/libmoveit_srv_kinematics_plugin.so.
-- Set runtime path of "/home/vlad/ros2_ws/install/moveit_kinematics/lib/libmoveit_srv_kinematics_plugin.so." to ""
-- Up-to-date: /home/vlad/ros2_ws/install/moveit_kinematics/lib/libmoveit_srv_kinematics_plugin.so
-- Up-to-date: /home/vlad/ros2_ws/install/moveit_kinematics/include
-- Up-to-date: /home/vlad/ros2_ws/install/moveit_kinematics/include/moveit
-- Up-to-date: /home/vlad/ros2_ws/install/moveit_kinematics/include/moveit/srv_kinematics_plugin
-- Up-to-date: /home/vlad/ros2_ws/install/moveit_kinematics/include/moveit/srv_kinematics_plugin/srv_kinematics_plugin.h
-- Up-to-date: /home/vlad/ros2_ws/install/moveit_kinematics/lib/moveit_kinematics/auto_create_ikfast_moveit_plugin.sh
-- Up-to-date: /home/vlad/ros2_ws/install/moveit_kinematics/lib/moveit_kinematics/create_ikfast_moveit_plugin.py
-- Up-to-date: /home/vlad/ros2_ws/install/moveit_kinematics/lib/moveit_kinematics/round_collada_numbers.py
-- Up-to-date: /home/vlad/ros2_ws/install/moveit_kinematics/share/moveit_kinematics/ikfast_kinematics_plugin/templates
-- Up-to-date: /home/vlad/ros2_ws/install/moveit_kinematics/share/moveit_kinematics/ikfast_kinematics_plugin/templates/ikfast61_moveit_plugin_template.cpp
-- Up-to-date: /home/vlad/ros2_ws/install/moveit_kinematics/share/moveit_kinematics/ikfast_kinematics_plugin/templates/CMakeLists.txt
-- Up-to-date: /home/vlad/ros2_ws/install/moveit_kinematics/share/moveit_kinematics/ikfast_kinematics_plugin/templates/ikfast.h
-- Installing: /home/vlad/ros2_ws/install/moveit_kinematics/lib/libmoveit_cached_ik_kinematics_base.so.
-- Set runtime path of "/home/vlad/ros2_ws/install/moveit_kinematics/lib/libmoveit_cached_ik_kinematics_base.so." to ""
-- Up-to-date: /home/vlad/ros2_ws/install/moveit_kinematics/lib/libmoveit_cached_ik_kinematics_base.so
-- Installing: /home/vlad/ros2_ws/install/moveit_kinematics/lib/libmoveit_cached_ik_kinematics_plugin.so.
-- Set runtime path of "/home/vlad/ros2_ws/install/moveit_kinematics/lib/libmoveit_cached_ik_kinematics_plugin.so." to ""
-- Up-to-date: /home/vlad/ros2_ws/install/moveit_kinematics/lib/libmoveit_cached_ik_kinematics_plugin.so
-- Up-to-date: /home/vlad/ros2_ws/install/moveit_kinematics/include
-- Up-to-date: /home/vlad/ros2_ws/install/moveit_kinematics/include/moveit
-- Up-to-date: /home/vlad/ros2_ws/install/moveit_kinematics/include/moveit/cached_ik_kinematics_plugin
-- Up-to-date: /home/vlad/ros2_ws/install/moveit_kinematics/include/moveit/cached_ik_kinematics_plugin/cached_ik_kinematics_plugin-inl.h
-- Up-to-date: /home/vlad/ros2_ws/install/moveit_kinematics/include/moveit/cached_ik_kinematics_plugin/detail
-- Up-to-date: /home/vlad/ros2_ws/install/moveit_kinematics/include/moveit/cached_ik_kinematics_plugin/detail/NearestNeighborsGNAT.h
-- Up-to-date: /home/vlad/ros2_ws/install/moveit_kinematics/include/moveit/cached_ik_kinematics_plugin/detail/NearestNeighbors.h
-- Up-to-date: /home/vlad/ros2_ws/install/moveit_kinematics/include/moveit/cached_ik_kinematics_plugin/detail/GreedyKCenters.h
-- Up-to-date: /home/vlad/ros2_ws/install/moveit_kinematics/include/moveit/cached_ik_kinematics_plugin/cached_ik_kinematics_plugin.h
-- Up-to-date: /home/vlad/ros2_ws/install/moveit_kinematics/share/moveit_kinematics/launch
-- Up-to-date: /home/vlad/ros2_ws/install/moveit_kinematics/share/moveit_kinematics/launch/measure_ik_call_cost.launch
-- Installing: /home/vlad/ros2_ws/install/moveit_kinematics/lib/moveit_kinematics/benchmark_ik
-- Set runtime path of "/home/vlad/ros2_ws/install/moveit_kinematics/lib/moveit_kinematics/benchmark_ik" to ""
