-- Found moveit_core: 2.1.0 (/home/vlad/ros2_ws/install/moveit_core/share/moveit_core/cmake)
-- Using PYTHON_EXECUTABLE: /usr/bin/python3
-- Using all available rosidl_typesupport_c: rosidl_typesupport_introspection_c;rosidl_typesupport_fastrtps_c
-- Found rosidl_adapter: 1.1.0 (/home/vlad/ros2_foxy/install/rosidl_adapter/share/rosidl_adapter/cmake)
-- Using all available rosidl_typesupport_cpp: rosidl_typesupport_introspection_cpp;rosidl_typesupport_fastrtps_cpp
-- Found rmw_implementation_cmake: 1.0.2 (/home/vlad/ros2_foxy/install/rmw_implementation_cmake/share/rmw_implementation_cmake/cmake)
-- Using RMW implementation 'rmw_fastrtps_cpp' as default
-- Found moveit_ros_planning: 2.1.0 (/home/vlad/ros2_ws/install/moveit_ros_planning/share/moveit_ros_planning/cmake)
-- Configuring done
-- Generating done
-- Build files have been written to: /home/vlad/ros2_ws/build/moveit_fake_controller_manager
[35m[1mScanning dependencies of target moveit_fake_controller_manager[0m
[ 33%] [32mBuilding CXX object CMakeFiles/moveit_fake_controller_manager.dir/src/moveit_fake_controller_manager.cpp.o[0m
[ 66%] [32mBuilding CXX object CMakeFiles/moveit_fake_controller_manager.dir/src/moveit_fake_controllers.cpp.o[0m
[100%] [32m[1mLinking CXX shared library libmoveit_fake_controller_manager.so[0m
[100%] Built target moveit_fake_controller_manager
-- Install configuration: "Release"
-- Installing: /home/vlad/ros2_ws/install/moveit_fake_controller_manager/lib/libmoveit_fake_controller_manager.so.
-- Set runtime path of "/home/vlad/ros2_ws/install/moveit_fake_controller_manager/lib/libmoveit_fake_controller_manager.so." to ""
-- Up-to-date: /home/vlad/ros2_ws/install/moveit_fake_controller_manager/lib/libmoveit_fake_controller_manager.so
-- Up-to-date: /home/vlad/ros2_ws/install/moveit_fake_controller_manager/share/moveit_fake_controller_manager/moveit_fake_controller_manager_plugin_description.xml
-- Installing: /home/vlad/ros2_ws/install/moveit_fake_controller_manager/share/moveit_fake_controller_manager/environment/library_path.sh
-- Installing: /home/vlad/ros2_ws/install/moveit_fake_controller_manager/share/moveit_fake_controller_manager/environment/library_path.dsv
-- Up-to-date: /home/vlad/ros2_ws/install/moveit_fake_controller_manager/share/ament_index/resource_index/package_run_dependencies/moveit_fake_controller_manager
-- Installing: /home/vlad/ros2_ws/install/moveit_fake_controller_manager/share/ament_index/resource_index/parent_prefix_path/moveit_fake_controller_manager
-- Installing: /home/vlad/ros2_ws/install/moveit_fake_controller_manager/share/moveit_fake_controller_manager/environment/ament_prefix_path.dsv
-- Installing: /home/vlad/ros2_ws/install/moveit_fake_controller_manager/share/moveit_fake_controller_manager/environment/path.dsv
-- Up-to-date: /home/vlad/ros2_ws/install/moveit_fake_controller_manager/share/moveit_fake_controller_manager/local_setup.bash
-- Up-to-date: /home/vlad/ros2_ws/install/moveit_fake_controller_manager/share/moveit_fake_controller_manager/local_setup.sh
-- Up-to-date: /home/vlad/ros2_ws/install/moveit_fake_controller_manager/share/moveit_fake_controller_manager/local_setup.zsh
-- Installing: /home/vlad/ros2_ws/install/moveit_fake_controller_manager/share/moveit_fake_controller_manager/local_setup.dsv
-- Installing: /home/vlad/ros2_ws/install/moveit_fake_controller_manager/share/moveit_fake_controller_manager/package.dsv
-- Up-to-date: /home/vlad/ros2_ws/install/moveit_fake_controller_manager/share/ament_index/resource_index/packages/moveit_fake_controller_manager
-- Up-to-date: /home/vlad/ros2_ws/install/moveit_fake_controller_manager/share/ament_index/resource_index/moveit_core__pluginlib__plugin/moveit_fake_controller_manager
-- Up-to-date: /home/vlad/ros2_ws/install/moveit_fake_controller_manager/share/moveit_fake_controller_manager/cmake/ament_cmake_export_libraries-extras.cmake
-- Up-to-date: /home/vlad/ros2_ws/install/moveit_fake_controller_manager/share/moveit_fake_controller_manager/cmake/ament_cmake_export_dependencies-extras.cmake
-- Up-to-date: /home/vlad/ros2_ws/install/moveit_fake_controller_manager/share/moveit_fake_controller_manager/cmake/moveit_fake_controller_managerConfig.cmake
-- Up-to-date: /home/vlad/ros2_ws/install/moveit_fake_controller_manager/share/moveit_fake_controller_manager/cmake/moveit_fake_controller_managerConfig-version.cmake
-- Up-to-date: /home/vlad/ros2_ws/install/moveit_fake_controller_manager/share/moveit_fake_controller_manager/package.xml
