[  1%] Built target pose_interface__cpp
[ 12%] Built target pose_interface__rosidl_generator_c
[ 23%] Built target pose_interface__rosidl_typesupport_cpp
[ 34%] Built target pose_interface__rosidl_typesupport_fastrtps_cpp
[ 45%] Built target pose_interface__rosidl_typesupport_introspection_cpp
[ 56%] Built target pose_interface__rosidl_typesupport_c
[ 67%] Built target pose_interface__rosidl_typesupport_introspection_c
[ 78%] Built target pose_interface__rosidl_typesupport_fastrtps_c
[ 78%] Built target pose_interface
[ 80%] Built target pose_interface__py
[ 89%] Built target pose_interface__python
[ 92%] Built target pose_interface__rosidl_typesupport_fastrtps_c__pyext
[ 96%] Built target pose_interface__rosidl_typesupport_c__pyext
[100%] Built target pose_interface__rosidl_typesupport_introspection_c__pyext
-- Install configuration: ""
-- Up-to-date: /home/vlad/ros2_ws/install/pose_interface/share/ament_index/resource_index/rosidl_interfaces/pose_interface
-- Up-to-date: /home/vlad/ros2_ws/install/pose_interface/include/pose_interface
-- Up-to-date: /home/vlad/ros2_ws/install/pose_interface/include/pose_interface/msg
-- Up-to-date: /home/vlad/ros2_ws/install/pose_interface/include/pose_interface/msg/body_part_elm.h
-- Up-to-date: /home/vlad/ros2_ws/install/pose_interface/include/pose_interface/msg/rosidl_generator_c__visibility_control.h
-- Up-to-date: /home/vlad/ros2_ws/install/pose_interface/include/pose_interface/msg/person.h
-- Up-to-date: /home/vlad/ros2_ws/install/pose_interface/include/pose_interface/msg/detail
-- Up-to-date: /home/vlad/ros2_ws/install/pose_interface/include/pose_interface/msg/detail/body_part_elm__struct.h
-- Up-to-date: /home/vlad/ros2_ws/install/pose_interface/include/pose_interface/msg/detail/persons__struct.h
-- Up-to-date: /home/vlad/ros2_ws/install/pose_interface/include/pose_interface/msg/detail/persons__functions.h
-- Up-to-date: /home/vlad/ros2_ws/install/pose_interface/include/pose_interface/msg/detail/person__type_support.h
-- Up-to-date: /home/vlad/ros2_ws/install/pose_interface/include/pose_interface/msg/detail/person__functions.h
-- Up-to-date: /home/vlad/ros2_ws/install/pose_interface/include/pose_interface/msg/detail/person__struct.h
-- Up-to-date: /home/vlad/ros2_ws/install/pose_interface/include/pose_interface/msg/detail/persons__functions.c
-- Up-to-date: /home/vlad/ros2_ws/install/pose_interface/include/pose_interface/msg/detail/person__functions.c
-- Up-to-date: /home/vlad/ros2_ws/install/pose_interface/include/pose_interface/msg/detail/body_part_elm__functions.h
-- Up-to-date: /home/vlad/ros2_ws/install/pose_interface/include/pose_interface/msg/detail/body_part_elm__type_support.h
-- Up-to-date: /home/vlad/ros2_ws/install/pose_interface/include/pose_interface/msg/detail/body_part_elm__functions.c
-- Up-to-date: /home/vlad/ros2_ws/install/pose_interface/include/pose_interface/msg/detail/persons__type_support.h
-- Up-to-date: /home/vlad/ros2_ws/install/pose_interface/include/pose_interface/msg/persons.h
-- Up-to-date: /home/vlad/ros2_ws/install/pose_interface/include/pose_interface/srv
-- Up-to-date: /home/vlad/ros2_ws/install/pose_interface/include/pose_interface/srv/detail
-- Up-to-date: /home/vlad/ros2_ws/install/pose_interface/include/pose_interface/srv/detail/get_pose__type_support.h
-- Up-to-date: /home/vlad/ros2_ws/install/pose_interface/include/pose_interface/srv/detail/get_pose__functions.c
-- Up-to-date: /home/vlad/ros2_ws/install/pose_interface/include/pose_interface/srv/detail/get_pose__struct.h
-- Up-to-date: /home/vlad/ros2_ws/install/pose_interface/include/pose_interface/srv/detail/get_pose__functions.h
-- Up-to-date: /home/vlad/ros2_ws/install/pose_interface/include/pose_interface/srv/get_pose.h
-- Up-to-date: /home/vlad/ros2_ws/install/pose_interface/share/pose_interface/environment/library_path.sh
-- Up-to-date: /home/vlad/ros2_ws/install/pose_interface/share/pose_interface/environment/library_path.dsv
-- Up-to-date: /home/vlad/ros2_ws/install/pose_interface/lib/libpose_interface__rosidl_generator_c.so
-- Up-to-date: /home/vlad/ros2_ws/install/pose_interface/include/pose_interface
-- Up-to-date: /home/vlad/ros2_ws/install/pose_interface/include/pose_interface/msg
-- Up-to-date: /home/vlad/ros2_ws/install/pose_interface/include/pose_interface/msg/detail
-- Up-to-date: /home/vlad/ros2_ws/install/pose_interface/include/pose_interface/msg/detail/body_part_elm__rosidl_typesupport_introspection_c.h
-- Up-to-date: /home/vlad/ros2_ws/install/pose_interface/include/pose_interface/msg/detail/person__rosidl_typesupport_introspection_c.h
-- Up-to-date: /home/vlad/ros2_ws/install/pose_interface/include/pose_interface/msg/detail/persons__type_support.c
-- Up-to-date: /home/vlad/ros2_ws/install/pose_interface/include/pose_interface/msg/detail/body_part_elm__type_support.c
-- Up-to-date: /home/vlad/ros2_ws/install/pose_interface/include/pose_interface/msg/detail/person__type_support.c
-- Up-to-date: /home/vlad/ros2_ws/install/pose_interface/include/pose_interface/msg/detail/persons__rosidl_typesupport_introspection_c.h
-- Up-to-date: /home/vlad/ros2_ws/install/pose_interface/include/pose_interface/msg/rosidl_typesupport_introspection_c__visibility_control.h
-- Up-to-date: /home/vlad/ros2_ws/install/pose_interface/include/pose_interface/srv
-- Up-to-date: /home/vlad/ros2_ws/install/pose_interface/include/pose_interface/srv/detail
-- Up-to-date: /home/vlad/ros2_ws/install/pose_interface/include/pose_interface/srv/detail/get_pose__rosidl_typesupport_introspection_c.h
-- Up-to-date: /home/vlad/ros2_ws/install/pose_interface/include/pose_interface/srv/detail/get_pose__type_support.c
-- Up-to-date: /home/vlad/ros2_ws/install/pose_interface/lib/libpose_interface__rosidl_typesupport_introspection_c.so
-- Up-to-date: /home/vlad/ros2_ws/install/pose_interface/include/pose_interface
-- Up-to-date: /home/vlad/ros2_ws/install/pose_interface/include/pose_interface/msg
-- Up-to-date: /home/vlad/ros2_ws/install/pose_interface/include/pose_interface/msg/detail
-- Up-to-date: /home/vlad/ros2_ws/install/pose_interface/include/pose_interface/msg/detail/body_part_elm__rosidl_typesupport_fastrtps_c.h
-- Up-to-date: /home/vlad/ros2_ws/install/pose_interface/include/pose_interface/msg/detail/persons__rosidl_typesupport_fastrtps_c.h
-- Up-to-date: /home/vlad/ros2_ws/install/pose_interface/include/pose_interface/msg/detail/person__rosidl_typesupport_fastrtps_c.h
-- Up-to-date: /home/vlad/ros2_ws/install/pose_interface/include/pose_interface/msg/rosidl_typesupport_fastrtps_c__visibility_control.h
-- Up-to-date: /home/vlad/ros2_ws/install/pose_interface/include/pose_interface/srv
-- Up-to-date: /home/vlad/ros2_ws/install/pose_interface/include/pose_interface/srv/detail
-- Up-to-date: /home/vlad/ros2_ws/install/pose_interface/include/pose_interface/srv/detail/get_pose__rosidl_typesupport_fastrtps_c.h
-- Up-to-date: /home/vlad/ros2_ws/install/pose_interface/lib/libpose_interface__rosidl_typesupport_fastrtps_c.so
-- Up-to-date: /home/vlad/ros2_ws/install/pose_interface/include/pose_interface
-- Up-to-date: /home/vlad/ros2_ws/install/pose_interface/include/pose_interface/msg
-- Up-to-date: /home/vlad/ros2_ws/install/pose_interface/include/pose_interface/msg/detail
-- Up-to-date: /home/vlad/ros2_ws/install/pose_interface/include/pose_interface/msg/detail/dds_fastrtps
-- Up-to-date: /home/vlad/ros2_ws/install/pose_interface/include/pose_interface/msg/detail/body_part_elm__rosidl_typesupport_fastrtps_cpp.hpp
-- Up-to-date: /home/vlad/ros2_ws/install/pose_interface/include/pose_interface/msg/detail/person__rosidl_typesupport_fastrtps_cpp.hpp
-- Up-to-date: /home/vlad/ros2_ws/install/pose_interface/include/pose_interface/msg/detail/persons__rosidl_typesupport_fastrtps_cpp.hpp
-- Up-to-date: /home/vlad/ros2_ws/install/pose_interface/include/pose_interface/msg/rosidl_typesupport_fastrtps_cpp__visibility_control.h
-- Up-to-date: /home/vlad/ros2_ws/install/pose_interface/include/pose_interface/srv
-- Up-to-date: /home/vlad/ros2_ws/install/pose_interface/include/pose_interface/srv/detail
-- Up-to-date: /home/vlad/ros2_ws/install/pose_interface/include/pose_interface/srv/detail/dds_fastrtps
-- Up-to-date: /home/vlad/ros2_ws/install/pose_interface/include/pose_interface/srv/detail/get_pose__rosidl_typesupport_fastrtps_cpp.hpp
-- Up-to-date: /home/vlad/ros2_ws/install/pose_interface/lib/libpose_interface__rosidl_typesupport_fastrtps_cpp.so
-- Up-to-date: /home/vlad/ros2_ws/install/pose_interface/lib/libpose_interface__rosidl_typesupport_c.so
-- Up-to-date: /home/vlad/ros2_ws/install/pose_interface/include/pose_interface
-- Up-to-date: /home/vlad/ros2_ws/install/pose_interface/include/pose_interface/msg
-- Up-to-date: /home/vlad/ros2_ws/install/pose_interface/include/pose_interface/msg/detail
-- Up-to-date: /home/vlad/ros2_ws/install/pose_interface/include/pose_interface/msg/detail/person__traits.hpp
-- Up-to-date: /home/vlad/ros2_ws/install/pose_interface/include/pose_interface/msg/detail/person__struct.hpp
-- Up-to-date: /home/vlad/ros2_ws/install/pose_interface/include/pose_interface/msg/detail/persons__traits.hpp
-- Up-to-date: /home/vlad/ros2_ws/install/pose_interface/include/pose_interface/msg/detail/persons__struct.hpp
-- Up-to-date: /home/vlad/ros2_ws/install/pose_interface/include/pose_interface/msg/detail/body_part_elm__traits.hpp
-- Up-to-date: /home/vlad/ros2_ws/install/pose_interface/include/pose_interface/msg/detail/body_part_elm__builder.hpp
-- Up-to-date: /home/vlad/ros2_ws/install/pose_interface/include/pose_interface/msg/detail/person__builder.hpp
-- Up-to-date: /home/vlad/ros2_ws/install/pose_interface/include/pose_interface/msg/detail/body_part_elm__struct.hpp
-- Up-to-date: /home/vlad/ros2_ws/install/pose_interface/include/pose_interface/msg/detail/persons__builder.hpp
-- Up-to-date: /home/vlad/ros2_ws/install/pose_interface/include/pose_interface/msg/persons.hpp
-- Up-to-date: /home/vlad/ros2_ws/install/pose_interface/include/pose_interface/msg/person.hpp
-- Up-to-date: /home/vlad/ros2_ws/install/pose_interface/include/pose_interface/msg/body_part_elm.hpp
-- Up-to-date: /home/vlad/ros2_ws/install/pose_interface/include/pose_interface/srv
-- Up-to-date: /home/vlad/ros2_ws/install/pose_interface/include/pose_interface/srv/detail
-- Up-to-date: /home/vlad/ros2_ws/install/pose_interface/include/pose_interface/srv/detail/get_pose__struct.hpp
-- Up-to-date: /home/vlad/ros2_ws/install/pose_interface/include/pose_interface/srv/detail/get_pose__builder.hpp
-- Up-to-date: /home/vlad/ros2_ws/install/pose_interface/include/pose_interface/srv/detail/get_pose__traits.hpp
-- Up-to-date: /home/vlad/ros2_ws/install/pose_interface/include/pose_interface/srv/get_pose.hpp
-- Up-to-date: /home/vlad/ros2_ws/install/pose_interface/include/pose_interface
-- Up-to-date: /home/vlad/ros2_ws/install/pose_interface/include/pose_interface/msg
-- Up-to-date: /home/vlad/ros2_ws/install/pose_interface/include/pose_interface/msg/detail
-- Up-to-date: /home/vlad/ros2_ws/install/pose_interface/include/pose_interface/msg/detail/person__type_support.cpp
-- Up-to-date: /home/vlad/ros2_ws/install/pose_interface/include/pose_interface/msg/detail/body_part_elm__rosidl_typesupport_introspection_cpp.hpp
-- Up-to-date: /home/vlad/ros2_ws/install/pose_interface/include/pose_interface/msg/detail/person__rosidl_typesupport_introspection_cpp.hpp
-- Up-to-date: /home/vlad/ros2_ws/install/pose_interface/include/pose_interface/msg/detail/persons__type_support.cpp
-- Up-to-date: /home/vlad/ros2_ws/install/pose_interface/include/pose_interface/msg/detail/body_part_elm__type_support.cpp
-- Up-to-date: /home/vlad/ros2_ws/install/pose_interface/include/pose_interface/msg/detail/persons__rosidl_typesupport_introspection_cpp.hpp
-- Up-to-date: /home/vlad/ros2_ws/install/pose_interface/include/pose_interface/srv
-- Up-to-date: /home/vlad/ros2_ws/install/pose_interface/include/pose_interface/srv/detail
-- Up-to-date: /home/vlad/ros2_ws/install/pose_interface/include/pose_interface/srv/detail/get_pose__type_support.cpp
-- Up-to-date: /home/vlad/ros2_ws/install/pose_interface/include/pose_interface/srv/detail/get_pose__rosidl_typesupport_introspection_cpp.hpp
-- Up-to-date: /home/vlad/ros2_ws/install/pose_interface/lib/libpose_interface__rosidl_typesupport_introspection_cpp.so
-- Up-to-date: /home/vlad/ros2_ws/install/pose_interface/lib/libpose_interface__rosidl_typesupport_cpp.so
-- Up-to-date: /home/vlad/ros2_ws/install/pose_interface/share/pose_interface/environment/pythonpath.sh
-- Up-to-date: /home/vlad/ros2_ws/install/pose_interface/share/pose_interface/environment/pythonpath.dsv
-- Up-to-date: /home/vlad/ros2_ws/install/pose_interface/lib/python3.8/site-packages/pose_interface/__init__.py
-- Up-to-date: /home/vlad/ros2_ws/install/pose_interface/lib/python3.8/site-packages/pose_interface/msg
-- Up-to-date: /home/vlad/ros2_ws/install/pose_interface/lib/python3.8/site-packages/pose_interface/msg/__init__.py
-- Up-to-date: /home/vlad/ros2_ws/install/pose_interface/lib/python3.8/site-packages/pose_interface/msg/_body_part_elm.py
-- Up-to-date: /home/vlad/ros2_ws/install/pose_interface/lib/python3.8/site-packages/pose_interface/msg/_person.py
-- Up-to-date: /home/vlad/ros2_ws/install/pose_interface/lib/python3.8/site-packages/pose_interface/msg/_person_s.c
-- Up-to-date: /home/vlad/ros2_ws/install/pose_interface/lib/python3.8/site-packages/pose_interface/msg/_body_part_elm_s.c
-- Up-to-date: /home/vlad/ros2_ws/install/pose_interface/lib/python3.8/site-packages/pose_interface/msg/_persons.py
-- Up-to-date: /home/vlad/ros2_ws/install/pose_interface/lib/python3.8/site-packages/pose_interface/msg/_persons_s.c
-- Up-to-date: /home/vlad/ros2_ws/install/pose_interface/lib/python3.8/site-packages/pose_interface/srv
-- Up-to-date: /home/vlad/ros2_ws/install/pose_interface/lib/python3.8/site-packages/pose_interface/srv/__init__.py
-- Up-to-date: /home/vlad/ros2_ws/install/pose_interface/lib/python3.8/site-packages/pose_interface/srv/_get_pose_s.c
-- Up-to-date: /home/vlad/ros2_ws/install/pose_interface/lib/python3.8/site-packages/pose_interface/srv/_get_pose.py
-- Up-to-date: /home/vlad/ros2_ws/install/pose_interface/lib/python3.8/site-packages/pose_interface/pose_interface_s__rosidl_typesupport_introspection_c.cpython-38-x86_64-linux-gnu.so
-- Up-to-date: /home/vlad/ros2_ws/install/pose_interface/lib/python3.8/site-packages/pose_interface/pose_interface_s__rosidl_typesupport_fastrtps_c.cpython-38-x86_64-linux-gnu.so
-- Up-to-date: /home/vlad/ros2_ws/install/pose_interface/lib/python3.8/site-packages/pose_interface/pose_interface_s__rosidl_typesupport_c.cpython-38-x86_64-linux-gnu.so
-- Up-to-date: /home/vlad/ros2_ws/install/pose_interface/lib/libpose_interface__python.so
-- Up-to-date: /home/vlad/ros2_ws/install/pose_interface/share/pose_interface/msg/BodyPartElm.idl
-- Up-to-date: /home/vlad/ros2_ws/install/pose_interface/share/pose_interface/msg/Person.idl
-- Up-to-date: /home/vlad/ros2_ws/install/pose_interface/share/pose_interface/msg/Persons.idl
-- Up-to-date: /home/vlad/ros2_ws/install/pose_interface/share/pose_interface/srv/GetPose.idl
-- Up-to-date: /home/vlad/ros2_ws/install/pose_interface/share/pose_interface/msg/BodyPartElm.msg
-- Up-to-date: /home/vlad/ros2_ws/install/pose_interface/share/pose_interface/msg/Person.msg
-- Up-to-date: /home/vlad/ros2_ws/install/pose_interface/share/pose_interface/msg/Persons.msg
-- Up-to-date: /home/vlad/ros2_ws/install/pose_interface/share/pose_interface/srv/GetPose.srv
-- Up-to-date: /home/vlad/ros2_ws/install/pose_interface/share/pose_interface/srv/GetPose_Request.msg
-- Up-to-date: /home/vlad/ros2_ws/install/pose_interface/share/pose_interface/srv/GetPose_Response.msg
-- Up-to-date: /home/vlad/ros2_ws/install/pose_interface/share/ament_index/resource_index/package_run_dependencies/pose_interface
-- Up-to-date: /home/vlad/ros2_ws/install/pose_interface/share/ament_index/resource_index/parent_prefix_path/pose_interface
-- Up-to-date: /home/vlad/ros2_ws/install/pose_interface/share/pose_interface/environment/ament_prefix_path.dsv
-- Up-to-date: /home/vlad/ros2_ws/install/pose_interface/share/pose_interface/environment/path.dsv
-- Up-to-date: /home/vlad/ros2_ws/install/pose_interface/share/pose_interface/local_setup.bash
-- Up-to-date: /home/vlad/ros2_ws/install/pose_interface/share/pose_interface/local_setup.sh
-- Up-to-date: /home/vlad/ros2_ws/install/pose_interface/share/pose_interface/local_setup.zsh
-- Up-to-date: /home/vlad/ros2_ws/install/pose_interface/share/pose_interface/local_setup.dsv
-- Installing: /home/vlad/ros2_ws/install/pose_interface/share/pose_interface/package.dsv
-- Up-to-date: /home/vlad/ros2_ws/install/pose_interface/share/ament_index/resource_index/packages/pose_interface
-- Up-to-date: /home/vlad/ros2_ws/install/pose_interface/share/pose_interface/cmake/pose_interface__rosidl_generator_cExport.cmake
-- Up-to-date: /home/vlad/ros2_ws/install/pose_interface/share/pose_interface/cmake/pose_interface__rosidl_generator_cExport-noconfig.cmake
-- Up-to-date: /home/vlad/ros2_ws/install/pose_interface/share/pose_interface/cmake/pose_interface__rosidl_typesupport_introspection_cExport.cmake
-- Up-to-date: /home/vlad/ros2_ws/install/pose_interface/share/pose_interface/cmake/pose_interface__rosidl_typesupport_introspection_cExport-noconfig.cmake
-- Up-to-date: /home/vlad/ros2_ws/install/pose_interface/share/pose_interface/cmake/pose_interface__rosidl_typesupport_cExport.cmake
-- Up-to-date: /home/vlad/ros2_ws/install/pose_interface/share/pose_interface/cmake/pose_interface__rosidl_typesupport_cExport-noconfig.cmake
-- Up-to-date: /home/vlad/ros2_ws/install/pose_interface/share/pose_interface/cmake/pose_interface__rosidl_generator_cppExport.cmake
-- Up-to-date: /home/vlad/ros2_ws/install/pose_interface/share/pose_interface/cmake/pose_interface__rosidl_typesupport_introspection_cppExport.cmake
-- Up-to-date: /home/vlad/ros2_ws/install/pose_interface/share/pose_interface/cmake/pose_interface__rosidl_typesupport_introspection_cppExport-noconfig.cmake
-- Up-to-date: /home/vlad/ros2_ws/install/pose_interface/share/pose_interface/cmake/pose_interface__rosidl_typesupport_cppExport.cmake
-- Up-to-date: /home/vlad/ros2_ws/install/pose_interface/share/pose_interface/cmake/pose_interface__rosidl_typesupport_cppExport-noconfig.cmake
-- Up-to-date: /home/vlad/ros2_ws/install/pose_interface/share/pose_interface/cmake/rosidl_cmake-extras.cmake
-- Up-to-date: /home/vlad/ros2_ws/install/pose_interface/share/pose_interface/cmake/ament_cmake_export_dependencies-extras.cmake
-- Up-to-date: /home/vlad/ros2_ws/install/pose_interface/share/pose_interface/cmake/ament_cmake_export_libraries-extras.cmake
-- Up-to-date: /home/vlad/ros2_ws/install/pose_interface/share/pose_interface/cmake/ament_cmake_export_targets-extras.cmake
-- Up-to-date: /home/vlad/ros2_ws/install/pose_interface/share/pose_interface/cmake/ament_cmake_export_include_directories-extras.cmake
-- Up-to-date: /home/vlad/ros2_ws/install/pose_interface/share/pose_interface/cmake/rosidl_cmake_export_typesupport_targets-extras.cmake
-- Up-to-date: /home/vlad/ros2_ws/install/pose_interface/share/pose_interface/cmake/rosidl_cmake_export_typesupport_libraries-extras.cmake
-- Up-to-date: /home/vlad/ros2_ws/install/pose_interface/share/pose_interface/cmake/pose_interfaceConfig.cmake
-- Up-to-date: /home/vlad/ros2_ws/install/pose_interface/share/pose_interface/cmake/pose_interfaceConfig-version.cmake
-- Up-to-date: /home/vlad/ros2_ws/install/pose_interface/share/pose_interface/package.xml
