[0.122s] Invoking command in '/home/vlad/ros2_ws/build/pose_interface': CMAKE_PREFIX_PATH=${CMAKE_PREFIX_PATH}:/home/vlad/ros2_ws/install/tfpose_ros2:/home/vlad/dev_ws/install/py_srvcli:/home/vlad/dev_ws/install/py_pubsub:/home/vlad/dev_ws/install/learning_tf2:/home/vlad/ros2_foxy/install/ros2bag:/home/vlad/ros2_foxy/install/tracetools_launch:/home/vlad/ros2_foxy/install/topic_monitor:/home/vlad/ros2_foxy/install/examples_tf2_py:/home/vlad/ros2_foxy/install/sros2:/home/vlad/ros2_foxy/install/rqt_topic:/home/vlad/ros2_foxy/install/rqt_reconfigure:/home/vlad/ros2_foxy/install/rqt_action:/home/vlad/ros2_foxy/install/rqt:/home/vlad/ros2_foxy/install/rqt_graph:/home/vlad/ros2_foxy/install/rqt_gui_py:/home/vlad/ros2_foxy/install/rqt_gui:/home/vlad/ros2_foxy/install/ros2trace:/home/vlad/ros2_foxy/install/ros2topic:/home/vlad/ros2_foxy/install/ros2test:/home/vlad/ros2_foxy/install/ros2component:/home/vlad/ros2_foxy/install/ros2param:/home/vlad/ros2_foxy/install/ros2lifecycle:/home/vlad/ros2_foxy/install/ros2service:/home/vlad/ros2_foxy/install/ros2run:/home/vlad/ros2_foxy/install/ros2launch:/home/vlad/ros2_foxy/install/ros2pkg:/home/vlad/ros2_foxy/install/ros2node:/home/vlad/ros2_foxy/install/ros2multicast:/home/vlad/ros2_foxy/install/ros2interface:/home/vlad/ros2_foxy/install/ros2doctor:/home/vlad/ros2_foxy/install/ros2action:/home/vlad/ros2_foxy/install/ros2cli:/home/vlad/ros2_foxy/install/quality_of_service_demo_py:/home/vlad/ros2_foxy/install/launch_testing_ros:/home/vlad/ros2_foxy/install/launch_ros:/home/vlad/ros2_foxy/install/examples_rclpy_minimal_subscriber:/home/vlad/ros2_foxy/install/examples_rclpy_minimal_service:/home/vlad/ros2_foxy/install/examples_rclpy_minimal_publisher:/home/vlad/ros2_foxy/install/examples_rclpy_minimal_client:/home/vlad/ros2_foxy/install/examples_rclpy_minimal_action_server:/home/vlad/ros2_foxy/install/examples_rclpy_minimal_action_client:/home/vlad/ros2_foxy/install/examples_rclpy_executors:/home/vlad/ros2_foxy/install/demo_nodes_py:/home/vlad/ros2_foxy/install/action_tutorials_py:/home/vlad/ros2_foxy/install/ament_uncrustify:/home/vlad/ros2_foxy/install/tracetools_trace:/home/vlad/ros2_foxy/install/tracetools_read:/home/vlad/ros2_foxy/install/test_launch_ros:/home/vlad/ros2_foxy/install/rpyutils:/home/vlad/ros2_foxy/install/rosidl_runtime_py:/home/vlad/ros2_foxy/install/launch_yaml:/home/vlad/ros2_foxy/install/launch_xml:/home/vlad/ros2_foxy/install/launch_testing:/home/vlad/ros2_foxy/install/launch:/home/vlad/ros2_foxy/install/osrf_pycommon:/home/vlad/ros2_foxy/install/domain_coordinator:/home/vlad/ros2_foxy/install/ament_xmllint:/home/vlad/ros2_foxy/install/ament_pyflakes:/home/vlad/ros2_foxy/install/ament_pycodestyle:/home/vlad/ros2_foxy/install/ament_pep257:/home/vlad/ros2_foxy/install/ament_pclint:/home/vlad/ros2_foxy/install/ament_package:/home/vlad/ros2_foxy/install/ament_mypy:/home/vlad/ros2_foxy/install/ament_lint_cmake:/home/vlad/ros2_foxy/install/ament_flake8:/home/vlad/ros2_foxy/install/ament_copyright:/home/vlad/ros2_foxy/install/ament_lint:/home/vlad/ros2_foxy/install/ament_index_python:/home/vlad/ros2_foxy/install/ament_cpplint:/home/vlad/ros2_foxy/install/ament_cppcheck:/home/vlad/ros2_foxy/install/ament_clang_tidy:/home/vlad/ros2_foxy/install/ament_clang_format:/opt/ros/foxy /usr/bin/cmake --build /home/vlad/ros2_ws/build/pose_interface -- -j12 -l12
[0.358s] [  1%] Built target pose_interface__cpp
[0.385s] [ 12%] Built target pose_interface__rosidl_generator_c
[0.502s] [ 23%] Built target pose_interface__rosidl_typesupport_cpp
[0.521s] [ 34%] Built target pose_interface__rosidl_typesupport_fastrtps_cpp
[0.536s] [ 45%] Built target pose_interface__rosidl_typesupport_introspection_cpp
[0.651s] [ 56%] Built target pose_interface__rosidl_typesupport_c
[0.672s] [ 67%] Built target pose_interface__rosidl_typesupport_introspection_c
[0.712s] [ 78%] Built target pose_interface__rosidl_typesupport_fastrtps_c
[0.801s] [ 78%] Built target pose_interface
[0.865s] [ 80%] Built target pose_interface__py
[0.930s] [ 89%] Built target pose_interface__python
[1.015s] [ 92%] Built target pose_interface__rosidl_typesupport_fastrtps_c__pyext
[1.020s] [ 96%] Built target pose_interface__rosidl_typesupport_c__pyext
[1.023s] [100%] Built target pose_interface__rosidl_typesupport_introspection_c__pyext
[1.057s] Invoked command in '/home/vlad/ros2_ws/build/pose_interface' returned '0': CMAKE_PREFIX_PATH=${CMAKE_PREFIX_PATH}:/home/vlad/ros2_ws/install/tfpose_ros2:/home/vlad/dev_ws/install/py_srvcli:/home/vlad/dev_ws/install/py_pubsub:/home/vlad/dev_ws/install/learning_tf2:/home/vlad/ros2_foxy/install/ros2bag:/home/vlad/ros2_foxy/install/tracetools_launch:/home/vlad/ros2_foxy/install/topic_monitor:/home/vlad/ros2_foxy/install/examples_tf2_py:/home/vlad/ros2_foxy/install/sros2:/home/vlad/ros2_foxy/install/rqt_topic:/home/vlad/ros2_foxy/install/rqt_reconfigure:/home/vlad/ros2_foxy/install/rqt_action:/home/vlad/ros2_foxy/install/rqt:/home/vlad/ros2_foxy/install/rqt_graph:/home/vlad/ros2_foxy/install/rqt_gui_py:/home/vlad/ros2_foxy/install/rqt_gui:/home/vlad/ros2_foxy/install/ros2trace:/home/vlad/ros2_foxy/install/ros2topic:/home/vlad/ros2_foxy/install/ros2test:/home/vlad/ros2_foxy/install/ros2component:/home/vlad/ros2_foxy/install/ros2param:/home/vlad/ros2_foxy/install/ros2lifecycle:/home/vlad/ros2_foxy/install/ros2service:/home/vlad/ros2_foxy/install/ros2run:/home/vlad/ros2_foxy/install/ros2launch:/home/vlad/ros2_foxy/install/ros2pkg:/home/vlad/ros2_foxy/install/ros2node:/home/vlad/ros2_foxy/install/ros2multicast:/home/vlad/ros2_foxy/install/ros2interface:/home/vlad/ros2_foxy/install/ros2doctor:/home/vlad/ros2_foxy/install/ros2action:/home/vlad/ros2_foxy/install/ros2cli:/home/vlad/ros2_foxy/install/quality_of_service_demo_py:/home/vlad/ros2_foxy/install/launch_testing_ros:/home/vlad/ros2_foxy/install/launch_ros:/home/vlad/ros2_foxy/install/examples_rclpy_minimal_subscriber:/home/vlad/ros2_foxy/install/examples_rclpy_minimal_service:/home/vlad/ros2_foxy/install/examples_rclpy_minimal_publisher:/home/vlad/ros2_foxy/install/examples_rclpy_minimal_client:/home/vlad/ros2_foxy/install/examples_rclpy_minimal_action_server:/home/vlad/ros2_foxy/install/examples_rclpy_minimal_action_client:/home/vlad/ros2_foxy/install/examples_rclpy_executors:/home/vlad/ros2_foxy/install/demo_nodes_py:/home/vlad/ros2_foxy/install/action_tutorials_py:/home/vlad/ros2_foxy/install/ament_uncrustify:/home/vlad/ros2_foxy/install/tracetools_trace:/home/vlad/ros2_foxy/install/tracetools_read:/home/vlad/ros2_foxy/install/test_launch_ros:/home/vlad/ros2_foxy/install/rpyutils:/home/vlad/ros2_foxy/install/rosidl_runtime_py:/home/vlad/ros2_foxy/install/launch_yaml:/home/vlad/ros2_foxy/install/launch_xml:/home/vlad/ros2_foxy/install/launch_testing:/home/vlad/ros2_foxy/install/launch:/home/vlad/ros2_foxy/install/osrf_pycommon:/home/vlad/ros2_foxy/install/domain_coordinator:/home/vlad/ros2_foxy/install/ament_xmllint:/home/vlad/ros2_foxy/install/ament_pyflakes:/home/vlad/ros2_foxy/install/ament_pycodestyle:/home/vlad/ros2_foxy/install/ament_pep257:/home/vlad/ros2_foxy/install/ament_pclint:/home/vlad/ros2_foxy/install/ament_package:/home/vlad/ros2_foxy/install/ament_mypy:/home/vlad/ros2_foxy/install/ament_lint_cmake:/home/vlad/ros2_foxy/install/ament_flake8:/home/vlad/ros2_foxy/install/ament_copyright:/home/vlad/ros2_foxy/install/ament_lint:/home/vlad/ros2_foxy/install/ament_index_python:/home/vlad/ros2_foxy/install/ament_cpplint:/home/vlad/ros2_foxy/install/ament_cppcheck:/home/vlad/ros2_foxy/install/ament_clang_tidy:/home/vlad/ros2_foxy/install/ament_clang_format:/opt/ros/foxy /usr/bin/cmake --build /home/vlad/ros2_ws/build/pose_interface -- -j12 -l12
[1.527s] Invoking command in '/home/vlad/ros2_ws/build/pose_interface': CMAKE_PREFIX_PATH=${CMAKE_PREFIX_PATH}:/home/vlad/ros2_ws/install/tfpose_ros2:/home/vlad/dev_ws/install/py_srvcli:/home/vlad/dev_ws/install/py_pubsub:/home/vlad/dev_ws/install/learning_tf2:/home/vlad/ros2_foxy/install/ros2bag:/home/vlad/ros2_foxy/install/tracetools_launch:/home/vlad/ros2_foxy/install/topic_monitor:/home/vlad/ros2_foxy/install/examples_tf2_py:/home/vlad/ros2_foxy/install/sros2:/home/vlad/ros2_foxy/install/rqt_topic:/home/vlad/ros2_foxy/install/rqt_reconfigure:/home/vlad/ros2_foxy/install/rqt_action:/home/vlad/ros2_foxy/install/rqt:/home/vlad/ros2_foxy/install/rqt_graph:/home/vlad/ros2_foxy/install/rqt_gui_py:/home/vlad/ros2_foxy/install/rqt_gui:/home/vlad/ros2_foxy/install/ros2trace:/home/vlad/ros2_foxy/install/ros2topic:/home/vlad/ros2_foxy/install/ros2test:/home/vlad/ros2_foxy/install/ros2component:/home/vlad/ros2_foxy/install/ros2param:/home/vlad/ros2_foxy/install/ros2lifecycle:/home/vlad/ros2_foxy/install/ros2service:/home/vlad/ros2_foxy/install/ros2run:/home/vlad/ros2_foxy/install/ros2launch:/home/vlad/ros2_foxy/install/ros2pkg:/home/vlad/ros2_foxy/install/ros2node:/home/vlad/ros2_foxy/install/ros2multicast:/home/vlad/ros2_foxy/install/ros2interface:/home/vlad/ros2_foxy/install/ros2doctor:/home/vlad/ros2_foxy/install/ros2action:/home/vlad/ros2_foxy/install/ros2cli:/home/vlad/ros2_foxy/install/quality_of_service_demo_py:/home/vlad/ros2_foxy/install/launch_testing_ros:/home/vlad/ros2_foxy/install/launch_ros:/home/vlad/ros2_foxy/install/examples_rclpy_minimal_subscriber:/home/vlad/ros2_foxy/install/examples_rclpy_minimal_service:/home/vlad/ros2_foxy/install/examples_rclpy_minimal_publisher:/home/vlad/ros2_foxy/install/examples_rclpy_minimal_client:/home/vlad/ros2_foxy/install/examples_rclpy_minimal_action_server:/home/vlad/ros2_foxy/install/examples_rclpy_minimal_action_client:/home/vlad/ros2_foxy/install/examples_rclpy_executors:/home/vlad/ros2_foxy/install/demo_nodes_py:/home/vlad/ros2_foxy/install/action_tutorials_py:/home/vlad/ros2_foxy/install/ament_uncrustify:/home/vlad/ros2_foxy/install/tracetools_trace:/home/vlad/ros2_foxy/install/tracetools_read:/home/vlad/ros2_foxy/install/test_launch_ros:/home/vlad/ros2_foxy/install/rpyutils:/home/vlad/ros2_foxy/install/rosidl_runtime_py:/home/vlad/ros2_foxy/install/launch_yaml:/home/vlad/ros2_foxy/install/launch_xml:/home/vlad/ros2_foxy/install/launch_testing:/home/vlad/ros2_foxy/install/launch:/home/vlad/ros2_foxy/install/osrf_pycommon:/home/vlad/ros2_foxy/install/domain_coordinator:/home/vlad/ros2_foxy/install/ament_xmllint:/home/vlad/ros2_foxy/install/ament_pyflakes:/home/vlad/ros2_foxy/install/ament_pycodestyle:/home/vlad/ros2_foxy/install/ament_pep257:/home/vlad/ros2_foxy/install/ament_pclint:/home/vlad/ros2_foxy/install/ament_package:/home/vlad/ros2_foxy/install/ament_mypy:/home/vlad/ros2_foxy/install/ament_lint_cmake:/home/vlad/ros2_foxy/install/ament_flake8:/home/vlad/ros2_foxy/install/ament_copyright:/home/vlad/ros2_foxy/install/ament_lint:/home/vlad/ros2_foxy/install/ament_index_python:/home/vlad/ros2_foxy/install/ament_cpplint:/home/vlad/ros2_foxy/install/ament_cppcheck:/home/vlad/ros2_foxy/install/ament_clang_tidy:/home/vlad/ros2_foxy/install/ament_clang_format:/opt/ros/foxy /usr/bin/cmake --install /home/vlad/ros2_ws/build/pose_interface
[1.548s] -- Install configuration: ""
[1.548s] -- Up-to-date: /home/vlad/ros2_ws/install/pose_interface/share/ament_index/resource_index/rosidl_interfaces/pose_interface
[1.548s] -- Up-to-date: /home/vlad/ros2_ws/install/pose_interface/include/pose_interface
[1.549s] -- Up-to-date: /home/vlad/ros2_ws/install/pose_interface/include/pose_interface/msg
[1.549s] -- Up-to-date: /home/vlad/ros2_ws/install/pose_interface/include/pose_interface/msg/body_part_elm.h
[1.549s] -- Up-to-date: /home/vlad/ros2_ws/install/pose_interface/include/pose_interface/msg/rosidl_generator_c__visibility_control.h
[1.549s] -- Up-to-date: /home/vlad/ros2_ws/install/pose_interface/include/pose_interface/msg/person.h
[1.549s] -- Up-to-date: /home/vlad/ros2_ws/install/pose_interface/include/pose_interface/msg/detail
[1.549s] -- Up-to-date: /home/vlad/ros2_ws/install/pose_interface/include/pose_interface/msg/detail/body_part_elm__struct.h
[1.549s] -- Up-to-date: /home/vlad/ros2_ws/install/pose_interface/include/pose_interface/msg/detail/persons__struct.h
[1.549s] -- Up-to-date: /home/vlad/ros2_ws/install/pose_interface/include/pose_interface/msg/detail/persons__functions.h
[1.549s] -- Up-to-date: /home/vlad/ros2_ws/install/pose_interface/include/pose_interface/msg/detail/person__type_support.h
[1.549s] -- Up-to-date: /home/vlad/ros2_ws/install/pose_interface/include/pose_interface/msg/detail/person__functions.h
[1.550s] -- Up-to-date: /home/vlad/ros2_ws/install/pose_interface/include/pose_interface/msg/detail/person__struct.h
[1.550s] -- Up-to-date: /home/vlad/ros2_ws/install/pose_interface/include/pose_interface/msg/detail/persons__functions.c
[1.550s] -- Up-to-date: /home/vlad/ros2_ws/install/pose_interface/include/pose_interface/msg/detail/person__functions.c
[1.550s] -- Up-to-date: /home/vlad/ros2_ws/install/pose_interface/include/pose_interface/msg/detail/body_part_elm__functions.h
[1.550s] -- Up-to-date: /home/vlad/ros2_ws/install/pose_interface/include/pose_interface/msg/detail/body_part_elm__type_support.h
[1.550s] -- Up-to-date: /home/vlad/ros2_ws/install/pose_interface/include/pose_interface/msg/detail/body_part_elm__functions.c
[1.550s] -- Up-to-date: /home/vlad/ros2_ws/install/pose_interface/include/pose_interface/msg/detail/persons__type_support.h
[1.550s] -- Up-to-date: /home/vlad/ros2_ws/install/pose_interface/include/pose_interface/msg/persons.h
[1.550s] -- Up-to-date: /home/vlad/ros2_ws/install/pose_interface/include/pose_interface/srv
[1.550s] -- Up-to-date: /home/vlad/ros2_ws/install/pose_interface/include/pose_interface/srv/detail
[1.550s] -- Up-to-date: /home/vlad/ros2_ws/install/pose_interface/include/pose_interface/srv/detail/get_pose__type_support.h
[1.551s] -- Up-to-date: /home/vlad/ros2_ws/install/pose_interface/include/pose_interface/srv/detail/get_pose__functions.c
[1.551s] -- Up-to-date: /home/vlad/ros2_ws/install/pose_interface/include/pose_interface/srv/detail/get_pose__struct.h
[1.551s] -- Up-to-date: /home/vlad/ros2_ws/install/pose_interface/include/pose_interface/srv/detail/get_pose__functions.h
[1.551s] -- Up-to-date: /home/vlad/ros2_ws/install/pose_interface/include/pose_interface/srv/get_pose.h
[1.551s] -- Up-to-date: /home/vlad/ros2_ws/install/pose_interface/share/pose_interface/environment/library_path.sh
[1.551s] -- Up-to-date: /home/vlad/ros2_ws/install/pose_interface/share/pose_interface/environment/library_path.dsv
[1.551s] -- Up-to-date: /home/vlad/ros2_ws/install/pose_interface/lib/libpose_interface__rosidl_generator_c.so
[1.552s] -- Up-to-date: /home/vlad/ros2_ws/install/pose_interface/include/pose_interface
[1.552s] -- Up-to-date: /home/vlad/ros2_ws/install/pose_interface/include/pose_interface/msg
[1.552s] -- Up-to-date: /home/vlad/ros2_ws/install/pose_interface/include/pose_interface/msg/detail
[1.552s] -- Up-to-date: /home/vlad/ros2_ws/install/pose_interface/include/pose_interface/msg/detail/body_part_elm__rosidl_typesupport_introspection_c.h
[1.552s] -- Up-to-date: /home/vlad/ros2_ws/install/pose_interface/include/pose_interface/msg/detail/person__rosidl_typesupport_introspection_c.h
[1.552s] -- Up-to-date: /home/vlad/ros2_ws/install/pose_interface/include/pose_interface/msg/detail/persons__type_support.c
[1.552s] -- Up-to-date: /home/vlad/ros2_ws/install/pose_interface/include/pose_interface/msg/detail/body_part_elm__type_support.c
[1.552s] -- Up-to-date: /home/vlad/ros2_ws/install/pose_interface/include/pose_interface/msg/detail/person__type_support.c
[1.552s] -- Up-to-date: /home/vlad/ros2_ws/install/pose_interface/include/pose_interface/msg/detail/persons__rosidl_typesupport_introspection_c.h
[1.552s] -- Up-to-date: /home/vlad/ros2_ws/install/pose_interface/include/pose_interface/msg/rosidl_typesupport_introspection_c__visibility_control.h
[1.552s] -- Up-to-date: /home/vlad/ros2_ws/install/pose_interface/include/pose_interface/srv
[1.552s] -- Up-to-date: /home/vlad/ros2_ws/install/pose_interface/include/pose_interface/srv/detail
[1.552s] -- Up-to-date: /home/vlad/ros2_ws/install/pose_interface/include/pose_interface/srv/detail/get_pose__rosidl_typesupport_introspection_c.h
[1.553s] -- Up-to-date: /home/vlad/ros2_ws/install/pose_interface/include/pose_interface/srv/detail/get_pose__type_support.c
[1.553s] -- Up-to-date: /home/vlad/ros2_ws/install/pose_interface/lib/libpose_interface__rosidl_typesupport_introspection_c.so
[1.553s] -- Up-to-date: /home/vlad/ros2_ws/install/pose_interface/include/pose_interface
[1.553s] -- Up-to-date: /home/vlad/ros2_ws/install/pose_interface/include/pose_interface/msg
[1.553s] -- Up-to-date: /home/vlad/ros2_ws/install/pose_interface/include/pose_interface/msg/detail
[1.553s] -- Up-to-date: /home/vlad/ros2_ws/install/pose_interface/include/pose_interface/msg/detail/body_part_elm__rosidl_typesupport_fastrtps_c.h
[1.553s] -- Up-to-date: /home/vlad/ros2_ws/install/pose_interface/include/pose_interface/msg/detail/persons__rosidl_typesupport_fastrtps_c.h
[1.553s] -- Up-to-date: /home/vlad/ros2_ws/install/pose_interface/include/pose_interface/msg/detail/person__rosidl_typesupport_fastrtps_c.h
[1.553s] -- Up-to-date: /home/vlad/ros2_ws/install/pose_interface/include/pose_interface/msg/rosidl_typesupport_fastrtps_c__visibility_control.h
[1.553s] -- Up-to-date: /home/vlad/ros2_ws/install/pose_interface/include/pose_interface/srv
[1.553s] -- Up-to-date: /home/vlad/ros2_ws/install/pose_interface/include/pose_interface/srv/detail
[1.553s] -- Up-to-date: /home/vlad/ros2_ws/install/pose_interface/include/pose_interface/srv/detail/get_pose__rosidl_typesupport_fastrtps_c.h
[1.553s] -- Up-to-date: /home/vlad/ros2_ws/install/pose_interface/lib/libpose_interface__rosidl_typesupport_fastrtps_c.so
[1.554s] -- Up-to-date: /home/vlad/ros2_ws/install/pose_interface/include/pose_interface
[1.554s] -- Up-to-date: /home/vlad/ros2_ws/install/pose_interface/include/pose_interface/msg
[1.554s] -- Up-to-date: /home/vlad/ros2_ws/install/pose_interface/include/pose_interface/msg/detail
[1.554s] -- Up-to-date: /home/vlad/ros2_ws/install/pose_interface/include/pose_interface/msg/detail/dds_fastrtps
[1.554s] -- Up-to-date: /home/vlad/ros2_ws/install/pose_interface/include/pose_interface/msg/detail/body_part_elm__rosidl_typesupport_fastrtps_cpp.hpp
[1.554s] -- Up-to-date: /home/vlad/ros2_ws/install/pose_interface/include/pose_interface/msg/detail/person__rosidl_typesupport_fastrtps_cpp.hpp
[1.554s] -- Up-to-date: /home/vlad/ros2_ws/install/pose_interface/include/pose_interface/msg/detail/persons__rosidl_typesupport_fastrtps_cpp.hpp
[1.555s] -- Up-to-date: /home/vlad/ros2_ws/install/pose_interface/include/pose_interface/msg/rosidl_typesupport_fastrtps_cpp__visibility_control.h
[1.555s] -- Up-to-date: /home/vlad/ros2_ws/install/pose_interface/include/pose_interface/srv
[1.555s] -- Up-to-date: /home/vlad/ros2_ws/install/pose_interface/include/pose_interface/srv/detail
[1.555s] -- Up-to-date: /home/vlad/ros2_ws/install/pose_interface/include/pose_interface/srv/detail/dds_fastrtps
[1.555s] -- Up-to-date: /home/vlad/ros2_ws/install/pose_interface/include/pose_interface/srv/detail/get_pose__rosidl_typesupport_fastrtps_cpp.hpp
[1.555s] -- Up-to-date: /home/vlad/ros2_ws/install/pose_interface/lib/libpose_interface__rosidl_typesupport_fastrtps_cpp.so
[1.556s] -- Up-to-date: /home/vlad/ros2_ws/install/pose_interface/lib/libpose_interface__rosidl_typesupport_c.so
[1.556s] -- Up-to-date: /home/vlad/ros2_ws/install/pose_interface/include/pose_interface
[1.556s] -- Up-to-date: /home/vlad/ros2_ws/install/pose_interface/include/pose_interface/msg
[1.556s] -- Up-to-date: /home/vlad/ros2_ws/install/pose_interface/include/pose_interface/msg/detail
[1.557s] -- Up-to-date: /home/vlad/ros2_ws/install/pose_interface/include/pose_interface/msg/detail/person__traits.hpp
[1.557s] -- Up-to-date: /home/vlad/ros2_ws/install/pose_interface/include/pose_interface/msg/detail/person__struct.hpp
[1.557s] -- Up-to-date: /home/vlad/ros2_ws/install/pose_interface/include/pose_interface/msg/detail/persons__traits.hpp
[1.557s] -- Up-to-date: /home/vlad/ros2_ws/install/pose_interface/include/pose_interface/msg/detail/persons__struct.hpp
[1.557s] -- Up-to-date: /home/vlad/ros2_ws/install/pose_interface/include/pose_interface/msg/detail/body_part_elm__traits.hpp
[1.557s] -- Up-to-date: /home/vlad/ros2_ws/install/pose_interface/include/pose_interface/msg/detail/body_part_elm__builder.hpp
[1.557s] -- Up-to-date: /home/vlad/ros2_ws/install/pose_interface/include/pose_interface/msg/detail/person__builder.hpp
[1.558s] -- Up-to-date: /home/vlad/ros2_ws/install/pose_interface/include/pose_interface/msg/detail/body_part_elm__struct.hpp
[1.558s] -- Up-to-date: /home/vlad/ros2_ws/install/pose_interface/include/pose_interface/msg/detail/persons__builder.hpp
[1.558s] -- Up-to-date: /home/vlad/ros2_ws/install/pose_interface/include/pose_interface/msg/persons.hpp
[1.558s] -- Up-to-date: /home/vlad/ros2_ws/install/pose_interface/include/pose_interface/msg/person.hpp
[1.558s] -- Up-to-date: /home/vlad/ros2_ws/install/pose_interface/include/pose_interface/msg/body_part_elm.hpp
[1.558s] -- Up-to-date: /home/vlad/ros2_ws/install/pose_interface/include/pose_interface/srv
[1.558s] -- Up-to-date: /home/vlad/ros2_ws/install/pose_interface/include/pose_interface/srv/detail
[1.558s] -- Up-to-date: /home/vlad/ros2_ws/install/pose_interface/include/pose_interface/srv/detail/get_pose__struct.hpp
[1.558s] -- Up-to-date: /home/vlad/ros2_ws/install/pose_interface/include/pose_interface/srv/detail/get_pose__builder.hpp
[1.558s] -- Up-to-date: /home/vlad/ros2_ws/install/pose_interface/include/pose_interface/srv/detail/get_pose__traits.hpp
[1.559s] -- Up-to-date: /home/vlad/ros2_ws/install/pose_interface/include/pose_interface/srv/get_pose.hpp
[1.559s] -- Up-to-date: /home/vlad/ros2_ws/install/pose_interface/include/pose_interface
[1.559s] -- Up-to-date: /home/vlad/ros2_ws/install/pose_interface/include/pose_interface/msg
[1.559s] -- Up-to-date: /home/vlad/ros2_ws/install/pose_interface/include/pose_interface/msg/detail
[1.559s] -- Up-to-date: /home/vlad/ros2_ws/install/pose_interface/include/pose_interface/msg/detail/person__type_support.cpp
[1.559s] -- Up-to-date: /home/vlad/ros2_ws/install/pose_interface/include/pose_interface/msg/detail/body_part_elm__rosidl_typesupport_introspection_cpp.hpp
[1.559s] -- Up-to-date: /home/vlad/ros2_ws/install/pose_interface/include/pose_interface/msg/detail/person__rosidl_typesupport_introspection_cpp.hpp
[1.559s] -- Up-to-date: /home/vlad/ros2_ws/install/pose_interface/include/pose_interface/msg/detail/persons__type_support.cpp
[1.560s] -- Up-to-date: /home/vlad/ros2_ws/install/pose_interface/include/pose_interface/msg/detail/body_part_elm__type_support.cpp
[1.560s] -- Up-to-date: /home/vlad/ros2_ws/install/pose_interface/include/pose_interface/msg/detail/persons__rosidl_typesupport_introspection_cpp.hpp
[1.560s] -- Up-to-date: /home/vlad/ros2_ws/install/pose_interface/include/pose_interface/srv
[1.560s] -- Up-to-date: /home/vlad/ros2_ws/install/pose_interface/include/pose_interface/srv/detail
[1.560s] -- Up-to-date: /home/vlad/ros2_ws/install/pose_interface/include/pose_interface/srv/detail/get_pose__type_support.cpp
[1.560s] -- Up-to-date: /home/vlad/ros2_ws/install/pose_interface/include/pose_interface/srv/detail/get_pose__rosidl_typesupport_introspection_cpp.hpp
[1.560s] -- Up-to-date: /home/vlad/ros2_ws/install/pose_interface/lib/libpose_interface__rosidl_typesupport_introspection_cpp.so
[1.560s] -- Up-to-date: /home/vlad/ros2_ws/install/pose_interface/lib/libpose_interface__rosidl_typesupport_cpp.so
[1.560s] -- Up-to-date: /home/vlad/ros2_ws/install/pose_interface/share/pose_interface/environment/pythonpath.sh
[1.560s] -- Up-to-date: /home/vlad/ros2_ws/install/pose_interface/share/pose_interface/environment/pythonpath.dsv
[1.561s] -- Up-to-date: /home/vlad/ros2_ws/install/pose_interface/lib/python3.8/site-packages/pose_interface/__init__.py
[1.956s] -- Up-to-date: /home/vlad/ros2_ws/install/pose_interface/lib/python3.8/site-packages/pose_interface/msg
[1.956s] -- Up-to-date: /home/vlad/ros2_ws/install/pose_interface/lib/python3.8/site-packages/pose_interface/msg/__init__.py
[1.956s] -- Up-to-date: /home/vlad/ros2_ws/install/pose_interface/lib/python3.8/site-packages/pose_interface/msg/_body_part_elm.py
[1.956s] -- Up-to-date: /home/vlad/ros2_ws/install/pose_interface/lib/python3.8/site-packages/pose_interface/msg/_person.py
[1.956s] -- Up-to-date: /home/vlad/ros2_ws/install/pose_interface/lib/python3.8/site-packages/pose_interface/msg/_person_s.c
[1.957s] -- Up-to-date: /home/vlad/ros2_ws/install/pose_interface/lib/python3.8/site-packages/pose_interface/msg/_body_part_elm_s.c
[1.957s] -- Up-to-date: /home/vlad/ros2_ws/install/pose_interface/lib/python3.8/site-packages/pose_interface/msg/_persons.py
[1.957s] -- Up-to-date: /home/vlad/ros2_ws/install/pose_interface/lib/python3.8/site-packages/pose_interface/msg/_persons_s.c
[1.957s] -- Up-to-date: /home/vlad/ros2_ws/install/pose_interface/lib/python3.8/site-packages/pose_interface/srv
[1.957s] -- Up-to-date: /home/vlad/ros2_ws/install/pose_interface/lib/python3.8/site-packages/pose_interface/srv/__init__.py
[1.957s] -- Up-to-date: /home/vlad/ros2_ws/install/pose_interface/lib/python3.8/site-packages/pose_interface/srv/_get_pose_s.c
[1.957s] -- Up-to-date: /home/vlad/ros2_ws/install/pose_interface/lib/python3.8/site-packages/pose_interface/srv/_get_pose.py
[1.957s] -- Up-to-date: /home/vlad/ros2_ws/install/pose_interface/lib/python3.8/site-packages/pose_interface/pose_interface_s__rosidl_typesupport_introspection_c.cpython-38-x86_64-linux-gnu.so
[1.958s] -- Up-to-date: /home/vlad/ros2_ws/install/pose_interface/lib/python3.8/site-packages/pose_interface/pose_interface_s__rosidl_typesupport_fastrtps_c.cpython-38-x86_64-linux-gnu.so
[1.959s] -- Up-to-date: /home/vlad/ros2_ws/install/pose_interface/lib/python3.8/site-packages/pose_interface/pose_interface_s__rosidl_typesupport_c.cpython-38-x86_64-linux-gnu.so
[1.960s] -- Up-to-date: /home/vlad/ros2_ws/install/pose_interface/lib/libpose_interface__python.so
[1.961s] -- Up-to-date: /home/vlad/ros2_ws/install/pose_interface/share/pose_interface/msg/BodyPartElm.idl
[1.961s] -- Up-to-date: /home/vlad/ros2_ws/install/pose_interface/share/pose_interface/msg/Person.idl
[1.961s] -- Up-to-date: /home/vlad/ros2_ws/install/pose_interface/share/pose_interface/msg/Persons.idl
[1.961s] -- Up-to-date: /home/vlad/ros2_ws/install/pose_interface/share/pose_interface/srv/GetPose.idl
[1.961s] -- Up-to-date: /home/vlad/ros2_ws/install/pose_interface/share/pose_interface/msg/BodyPartElm.msg
[1.961s] -- Up-to-date: /home/vlad/ros2_ws/install/pose_interface/share/pose_interface/msg/Person.msg
[1.962s] -- Up-to-date: /home/vlad/ros2_ws/install/pose_interface/share/pose_interface/msg/Persons.msg
[1.962s] -- Up-to-date: /home/vlad/ros2_ws/install/pose_interface/share/pose_interface/srv/GetPose.srv
[1.962s] -- Up-to-date: /home/vlad/ros2_ws/install/pose_interface/share/pose_interface/srv/GetPose_Request.msg
[1.962s] -- Up-to-date: /home/vlad/ros2_ws/install/pose_interface/share/pose_interface/srv/GetPose_Response.msg
[1.962s] -- Up-to-date: /home/vlad/ros2_ws/install/pose_interface/share/ament_index/resource_index/package_run_dependencies/pose_interface
[1.962s] -- Up-to-date: /home/vlad/ros2_ws/install/pose_interface/share/ament_index/resource_index/parent_prefix_path/pose_interface
[1.962s] -- Up-to-date: /home/vlad/ros2_ws/install/pose_interface/share/pose_interface/environment/ament_prefix_path.dsv
[1.962s] -- Up-to-date: /home/vlad/ros2_ws/install/pose_interface/share/pose_interface/environment/path.dsv
[1.962s] -- Up-to-date: /home/vlad/ros2_ws/install/pose_interface/share/pose_interface/local_setup.bash
[1.963s] -- Up-to-date: /home/vlad/ros2_ws/install/pose_interface/share/pose_interface/local_setup.sh
[1.963s] -- Up-to-date: /home/vlad/ros2_ws/install/pose_interface/share/pose_interface/local_setup.zsh
[1.963s] -- Up-to-date: /home/vlad/ros2_ws/install/pose_interface/share/pose_interface/local_setup.dsv
[1.963s] -- Installing: /home/vlad/ros2_ws/install/pose_interface/share/pose_interface/package.dsv
[1.963s] -- Up-to-date: /home/vlad/ros2_ws/install/pose_interface/share/ament_index/resource_index/packages/pose_interface
[1.964s] -- Up-to-date: /home/vlad/ros2_ws/install/pose_interface/share/pose_interface/cmake/pose_interface__rosidl_generator_cExport.cmake
[1.964s] -- Up-to-date: /home/vlad/ros2_ws/install/pose_interface/share/pose_interface/cmake/pose_interface__rosidl_generator_cExport-noconfig.cmake
[1.964s] -- Up-to-date: /home/vlad/ros2_ws/install/pose_interface/share/pose_interface/cmake/pose_interface__rosidl_typesupport_introspection_cExport.cmake
[1.964s] -- Up-to-date: /home/vlad/ros2_ws/install/pose_interface/share/pose_interface/cmake/pose_interface__rosidl_typesupport_introspection_cExport-noconfig.cmake
[1.965s] -- Up-to-date: /home/vlad/ros2_ws/install/pose_interface/share/pose_interface/cmake/pose_interface__rosidl_typesupport_cExport.cmake
[1.965s] -- Up-to-date: /home/vlad/ros2_ws/install/pose_interface/share/pose_interface/cmake/pose_interface__rosidl_typesupport_cExport-noconfig.cmake
[1.965s] -- Up-to-date: /home/vlad/ros2_ws/install/pose_interface/share/pose_interface/cmake/pose_interface__rosidl_generator_cppExport.cmake
[1.966s] -- Up-to-date: /home/vlad/ros2_ws/install/pose_interface/share/pose_interface/cmake/pose_interface__rosidl_typesupport_introspection_cppExport.cmake
[1.966s] -- Up-to-date: /home/vlad/ros2_ws/install/pose_interface/share/pose_interface/cmake/pose_interface__rosidl_typesupport_introspection_cppExport-noconfig.cmake
[1.966s] -- Up-to-date: /home/vlad/ros2_ws/install/pose_interface/share/pose_interface/cmake/pose_interface__rosidl_typesupport_cppExport.cmake
[1.966s] -- Up-to-date: /home/vlad/ros2_ws/install/pose_interface/share/pose_interface/cmake/pose_interface__rosidl_typesupport_cppExport-noconfig.cmake
[1.966s] -- Up-to-date: /home/vlad/ros2_ws/install/pose_interface/share/pose_interface/cmake/rosidl_cmake-extras.cmake
[1.967s] -- Up-to-date: /home/vlad/ros2_ws/install/pose_interface/share/pose_interface/cmake/ament_cmake_export_dependencies-extras.cmake
[1.967s] -- Up-to-date: /home/vlad/ros2_ws/install/pose_interface/share/pose_interface/cmake/ament_cmake_export_libraries-extras.cmake
[1.967s] -- Up-to-date: /home/vlad/ros2_ws/install/pose_interface/share/pose_interface/cmake/ament_cmake_export_targets-extras.cmake
[1.967s] -- Up-to-date: /home/vlad/ros2_ws/install/pose_interface/share/pose_interface/cmake/ament_cmake_export_include_directories-extras.cmake
[1.967s] -- Up-to-date: /home/vlad/ros2_ws/install/pose_interface/share/pose_interface/cmake/rosidl_cmake_export_typesupport_targets-extras.cmake
[1.967s] -- Up-to-date: /home/vlad/ros2_ws/install/pose_interface/share/pose_interface/cmake/rosidl_cmake_export_typesupport_libraries-extras.cmake
[1.967s] -- Up-to-date: /home/vlad/ros2_ws/install/pose_interface/share/pose_interface/cmake/pose_interfaceConfig.cmake
[1.967s] -- Up-to-date: /home/vlad/ros2_ws/install/pose_interface/share/pose_interface/cmake/pose_interfaceConfig-version.cmake
[1.967s] -- Up-to-date: /home/vlad/ros2_ws/install/pose_interface/share/pose_interface/package.xml
[1.972s] Invoked command in '/home/vlad/ros2_ws/build/pose_interface' returned '0': CMAKE_PREFIX_PATH=${CMAKE_PREFIX_PATH}:/home/vlad/ros2_ws/install/tfpose_ros2:/home/vlad/dev_ws/install/py_srvcli:/home/vlad/dev_ws/install/py_pubsub:/home/vlad/dev_ws/install/learning_tf2:/home/vlad/ros2_foxy/install/ros2bag:/home/vlad/ros2_foxy/install/tracetools_launch:/home/vlad/ros2_foxy/install/topic_monitor:/home/vlad/ros2_foxy/install/examples_tf2_py:/home/vlad/ros2_foxy/install/sros2:/home/vlad/ros2_foxy/install/rqt_topic:/home/vlad/ros2_foxy/install/rqt_reconfigure:/home/vlad/ros2_foxy/install/rqt_action:/home/vlad/ros2_foxy/install/rqt:/home/vlad/ros2_foxy/install/rqt_graph:/home/vlad/ros2_foxy/install/rqt_gui_py:/home/vlad/ros2_foxy/install/rqt_gui:/home/vlad/ros2_foxy/install/ros2trace:/home/vlad/ros2_foxy/install/ros2topic:/home/vlad/ros2_foxy/install/ros2test:/home/vlad/ros2_foxy/install/ros2component:/home/vlad/ros2_foxy/install/ros2param:/home/vlad/ros2_foxy/install/ros2lifecycle:/home/vlad/ros2_foxy/install/ros2service:/home/vlad/ros2_foxy/install/ros2run:/home/vlad/ros2_foxy/install/ros2launch:/home/vlad/ros2_foxy/install/ros2pkg:/home/vlad/ros2_foxy/install/ros2node:/home/vlad/ros2_foxy/install/ros2multicast:/home/vlad/ros2_foxy/install/ros2interface:/home/vlad/ros2_foxy/install/ros2doctor:/home/vlad/ros2_foxy/install/ros2action:/home/vlad/ros2_foxy/install/ros2cli:/home/vlad/ros2_foxy/install/quality_of_service_demo_py:/home/vlad/ros2_foxy/install/launch_testing_ros:/home/vlad/ros2_foxy/install/launch_ros:/home/vlad/ros2_foxy/install/examples_rclpy_minimal_subscriber:/home/vlad/ros2_foxy/install/examples_rclpy_minimal_service:/home/vlad/ros2_foxy/install/examples_rclpy_minimal_publisher:/home/vlad/ros2_foxy/install/examples_rclpy_minimal_client:/home/vlad/ros2_foxy/install/examples_rclpy_minimal_action_server:/home/vlad/ros2_foxy/install/examples_rclpy_minimal_action_client:/home/vlad/ros2_foxy/install/examples_rclpy_executors:/home/vlad/ros2_foxy/install/demo_nodes_py:/home/vlad/ros2_foxy/install/action_tutorials_py:/home/vlad/ros2_foxy/install/ament_uncrustify:/home/vlad/ros2_foxy/install/tracetools_trace:/home/vlad/ros2_foxy/install/tracetools_read:/home/vlad/ros2_foxy/install/test_launch_ros:/home/vlad/ros2_foxy/install/rpyutils:/home/vlad/ros2_foxy/install/rosidl_runtime_py:/home/vlad/ros2_foxy/install/launch_yaml:/home/vlad/ros2_foxy/install/launch_xml:/home/vlad/ros2_foxy/install/launch_testing:/home/vlad/ros2_foxy/install/launch:/home/vlad/ros2_foxy/install/osrf_pycommon:/home/vlad/ros2_foxy/install/domain_coordinator:/home/vlad/ros2_foxy/install/ament_xmllint:/home/vlad/ros2_foxy/install/ament_pyflakes:/home/vlad/ros2_foxy/install/ament_pycodestyle:/home/vlad/ros2_foxy/install/ament_pep257:/home/vlad/ros2_foxy/install/ament_pclint:/home/vlad/ros2_foxy/install/ament_package:/home/vlad/ros2_foxy/install/ament_mypy:/home/vlad/ros2_foxy/install/ament_lint_cmake:/home/vlad/ros2_foxy/install/ament_flake8:/home/vlad/ros2_foxy/install/ament_copyright:/home/vlad/ros2_foxy/install/ament_lint:/home/vlad/ros2_foxy/install/ament_index_python:/home/vlad/ros2_foxy/install/ament_cpplint:/home/vlad/ros2_foxy/install/ament_cppcheck:/home/vlad/ros2_foxy/install/ament_clang_tidy:/home/vlad/ros2_foxy/install/ament_clang_format:/opt/ros/foxy /usr/bin/cmake --install /home/vlad/ros2_ws/build/pose_interface
