[2.634s] Invoking command in '/home/vlad/ros2_ws/src/tfpose_ros2': PYTHONPATH=/home/vlad/ros2_ws/install/tfpose_ros2/lib/python3.8/site-packages:${PYTHONPATH} /usr/bin/python3 setup.py egg_info --egg-base ../../build/tfpose_ros2 build --build-base /home/vlad/ros2_ws/build/tfpose_ros2/build install --prefix /home/vlad/ros2_ws/install/tfpose_ros2 --record /home/vlad/ros2_ws/build/tfpose_ros2/install.log --single-version-externally-managed
[4.433s] --2021-01-18 21:22:54--  http://download1412.mediafire.com/b3nsm5ut4dkg/qlzzr20mpocnpa3/graph_opt.pb
[4.522s] Resolving download1412.mediafire.com (download1412.mediafire.com)... 205.196.123.100
[4.703s] Connecting to download1412.mediafire.com (download1412.mediafire.com)|205.196.123.100|:80... connected.
[5.088s] HTTP request sent, awaiting response... 416 Range Not Satisfiable
[5.088s] 
[5.088s]     The file is already fully retrieved; nothing to do.
[5.089s] 
[5.154s] running egg_info
[5.155s] writing ../../build/tfpose_ros2/tfpose_ros2.egg-info/PKG-INFO
[5.155s] writing dependency_links to ../../build/tfpose_ros2/tfpose_ros2.egg-info/dependency_links.txt
[5.155s] writing entry points to ../../build/tfpose_ros2/tfpose_ros2.egg-info/entry_points.txt
[5.155s] writing top-level names to ../../build/tfpose_ros2/tfpose_ros2.egg-info/top_level.txt
[5.191s] file pafprocess.py (for module pafprocess) not found
[5.255s] reading manifest file '../../build/tfpose_ros2/tfpose_ros2.egg-info/SOURCES.txt'
[5.256s] writing manifest file '../../build/tfpose_ros2/tfpose_ros2.egg-info/SOURCES.txt'
[5.256s] running build
[5.256s] running build_py
[5.256s] file pafprocess.py (for module pafprocess) not found
[5.257s] copying tfpose_ros2/node_image_subscriber.py -> /home/vlad/ros2_ws/build/tfpose_ros2/build/lib.linux-x86_64-3.8/tfpose_ros2
[5.260s] file pafprocess.py (for module pafprocess) not found
[5.260s] running build_ext
[5.261s] running install
[5.262s] running install_lib
[5.263s] copying /home/vlad/ros2_ws/build/tfpose_ros2/build/lib.linux-x86_64-3.8/tfpose_ros2/node_image_subscriber.py -> /home/vlad/ros2_ws/install/tfpose_ros2/lib/python3.8/site-packages/tfpose_ros2
[5.267s] byte-compiling /home/vlad/ros2_ws/install/tfpose_ros2/lib/python3.8/site-packages/tfpose_ros2/node_image_subscriber.py to node_image_subscriber.cpython-38.pyc
[5.268s]   File "/home/vlad/ros2_ws/install/tfpose_ros2/lib/python3.8/site-packages/tfpose_ros2/node_image_subscriber.py", line 54
[5.268s]     def point_cloud_listener_callback(self. msg)
[5.268s]                                           ^
[5.268s] SyntaxError: invalid syntax
[5.268s] 
[5.269s] running install_egg_info
[5.272s] removing '/home/vlad/ros2_ws/install/tfpose_ros2/lib/python3.8/site-packages/tfpose_ros2-0.1.1-py3.8.egg-info' (and everything under it)
[5.273s] Copying ../../build/tfpose_ros2/tfpose_ros2.egg-info to /home/vlad/ros2_ws/install/tfpose_ros2/lib/python3.8/site-packages/tfpose_ros2-0.1.1-py3.8.egg-info
[5.274s] running install_scripts
[5.296s] Installing image_listener script to /home/vlad/ros2_ws/install/tfpose_ros2/lib/tfpose_ros2
[5.297s] file pafprocess.py (for module pafprocess) not found
[5.298s] writing list of installed files to '/home/vlad/ros2_ws/build/tfpose_ros2/install.log'
[5.323s] Invoked command in '/home/vlad/ros2_ws/src/tfpose_ros2' returned '0': PYTHONPATH=/home/vlad/ros2_ws/install/tfpose_ros2/lib/python3.8/site-packages:${PYTHONPATH} /usr/bin/python3 setup.py egg_info --egg-base ../../build/tfpose_ros2 build --build-base /home/vlad/ros2_ws/build/tfpose_ros2/build install --prefix /home/vlad/ros2_ws/install/tfpose_ros2 --record /home/vlad/ros2_ws/build/tfpose_ros2/install.log --single-version-externally-managed
