[0.244s] Invoking command in '/home/vlad/ros2_ws/build/geometric_shapes': CMAKE_PREFIX_PATH=${CMAKE_PREFIX_PATH}:/home/vlad/dev_ws/install/py_pubsub:/home/vlad/ros2_foxy/install/ros2bag:/home/vlad/ros2_foxy/install/tracetools_launch:/home/vlad/ros2_foxy/install/topic_monitor:/home/vlad/ros2_foxy/install/examples_tf2_py:/home/vlad/ros2_foxy/install/sros2:/home/vlad/ros2_foxy/install/rqt_topic:/home/vlad/ros2_foxy/install/rqt_reconfigure:/home/vlad/ros2_foxy/install/rqt_action:/home/vlad/ros2_foxy/install/rqt:/home/vlad/ros2_foxy/install/rqt_graph:/home/vlad/ros2_foxy/install/rqt_gui_py:/home/vlad/ros2_foxy/install/rqt_gui:/home/vlad/ros2_foxy/install/ros2trace:/home/vlad/ros2_foxy/install/ros2topic:/home/vlad/ros2_foxy/install/ros2test:/home/vlad/ros2_foxy/install/ros2component:/home/vlad/ros2_foxy/install/ros2param:/home/vlad/ros2_foxy/install/ros2lifecycle:/home/vlad/ros2_foxy/install/ros2service:/home/vlad/ros2_foxy/install/ros2run:/home/vlad/ros2_foxy/install/ros2launch:/home/vlad/ros2_foxy/install/ros2pkg:/home/vlad/ros2_foxy/install/ros2node:/home/vlad/ros2_foxy/install/ros2multicast:/home/vlad/ros2_foxy/install/ros2interface:/home/vlad/ros2_foxy/install/ros2doctor:/home/vlad/ros2_foxy/install/ros2action:/home/vlad/ros2_foxy/install/ros2cli:/home/vlad/ros2_foxy/install/quality_of_service_demo_py:/home/vlad/ros2_foxy/install/launch_testing_ros:/home/vlad/ros2_foxy/install/launch_ros:/home/vlad/ros2_foxy/install/examples_rclpy_minimal_subscriber:/home/vlad/ros2_foxy/install/examples_rclpy_minimal_service:/home/vlad/ros2_foxy/install/examples_rclpy_minimal_publisher:/home/vlad/ros2_foxy/install/examples_rclpy_minimal_client:/home/vlad/ros2_foxy/install/examples_rclpy_minimal_action_server:/home/vlad/ros2_foxy/install/examples_rclpy_minimal_action_client:/home/vlad/ros2_foxy/install/examples_rclpy_executors:/home/vlad/ros2_foxy/install/demo_nodes_py:/home/vlad/ros2_foxy/install/action_tutorials_py:/home/vlad/ros2_foxy/install/ament_uncrustify:/home/vlad/ros2_foxy/install/tracetools_trace:/home/vlad/ros2_foxy/install/tracetools_read:/home/vlad/ros2_foxy/install/test_launch_ros:/home/vlad/ros2_foxy/install/rpyutils:/home/vlad/ros2_foxy/install/rosidl_runtime_py:/home/vlad/ros2_foxy/install/launch_yaml:/home/vlad/ros2_foxy/install/launch_xml:/home/vlad/ros2_foxy/install/launch_testing:/home/vlad/ros2_foxy/install/launch:/home/vlad/ros2_foxy/install/osrf_pycommon:/home/vlad/ros2_foxy/install/domain_coordinator:/home/vlad/ros2_foxy/install/ament_xmllint:/home/vlad/ros2_foxy/install/ament_pyflakes:/home/vlad/ros2_foxy/install/ament_pycodestyle:/home/vlad/ros2_foxy/install/ament_pep257:/home/vlad/ros2_foxy/install/ament_pclint:/home/vlad/ros2_foxy/install/ament_package:/home/vlad/ros2_foxy/install/ament_mypy:/home/vlad/ros2_foxy/install/ament_lint_cmake:/home/vlad/ros2_foxy/install/ament_flake8:/home/vlad/ros2_foxy/install/ament_copyright:/home/vlad/ros2_foxy/install/ament_lint:/home/vlad/ros2_foxy/install/ament_index_python:/home/vlad/ros2_foxy/install/ament_cpplint:/home/vlad/ros2_foxy/install/ament_cppcheck:/home/vlad/ros2_foxy/install/ament_clang_tidy:/home/vlad/ros2_foxy/install/ament_clang_format:/opt/ros/foxy /usr/bin/cmake /home/vlad/ros2_ws/src/geometric_shapes -DCMAKE_INSTALL_PREFIX=/home/vlad/ros2_ws/install/geometric_shapes
[0.311s] -- Found rclcpp: 2.2.0 (/home/vlad/ros2_foxy/install/rclcpp/share/rclcpp/cmake)
[0.665s] -- Using PYTHON_EXECUTABLE: /usr/bin/python3
[1.838s] -- Using all available rosidl_typesupport_c: rosidl_typesupport_introspection_c;rosidl_typesupport_fastrtps_c
[1.846s] -- Found rosidl_adapter: 1.1.0 (/home/vlad/ros2_foxy/install/rosidl_adapter/share/rosidl_adapter/cmake)
[2.208s] -- Using all available rosidl_typesupport_cpp: rosidl_typesupport_introspection_cpp;rosidl_typesupport_fastrtps_cpp
[2.272s] -- Found rmw_implementation_cmake: 1.0.2 (/home/vlad/ros2_foxy/install/rmw_implementation_cmake/share/rmw_implementation_cmake/cmake)
[2.312s] -- Using RMW implementation 'rmw_fastrtps_cpp' as default
[2.502s] -- Found console_bridge_vendor: 1.2.2 (/home/vlad/ros2_foxy/install/console_bridge_vendor/share/console_bridge_vendor/cmake)
[2.505s] -- Found eigen3_cmake_module: 0.1.1 (/home/vlad/ros2_foxy/install/eigen3_cmake_module/share/eigen3_cmake_module/cmake)
[2.511s] -- Found eigen_stl_containers: 1.0.0 (/opt/ros/foxy/share/eigen_stl_containers/cmake)
[2.513s] -- Found random_numbers: 2.0.0 (/opt/ros/foxy/share/random_numbers/cmake)
[2.517s] -- Found resource_retriever: 2.3.3 (/home/vlad/ros2_foxy/install/resource_retriever/share/resource_retriever/cmake)
[2.574s] -- library: /usr/lib/x86_64-linux-gnu/libcurl.so
[2.576s] -- Found shape_msgs: 2.0.3 (/home/vlad/ros2_foxy/install/shape_msgs/share/shape_msgs/cmake)
[2.742s] -- Found visualization_msgs: 2.0.3 (/home/vlad/ros2_foxy/install/visualization_msgs/share/visualization_msgs/cmake)
[2.889s] -- QHULL found (include: /usr/include/libqhull_r, lib: optimized;/usr/lib/x86_64-linux-gnu/libqhull_r.so;debug;/usr/lib/x86_64-linux-gnu/libqhull_r.so)
[3.719s] -- Found ament_cmake_gtest: 0.9.7 (/home/vlad/ros2_foxy/install/ament_cmake_gtest/share/ament_cmake_gtest/cmake)
[3.723s] -- Found gtest sources under '/home/vlad/ros2_foxy/install/gtest_vendor/src/gtest_vendor': C++ tests using 'Google Test' will be built
[3.795s] -- Configuring done
[3.975s] -- Generating done
[3.978s] -- Build files have been written to: /home/vlad/ros2_ws/build/geometric_shapes
[3.986s] Invoked command in '/home/vlad/ros2_ws/build/geometric_shapes' returned '0': CMAKE_PREFIX_PATH=${CMAKE_PREFIX_PATH}:/home/vlad/dev_ws/install/py_pubsub:/home/vlad/ros2_foxy/install/ros2bag:/home/vlad/ros2_foxy/install/tracetools_launch:/home/vlad/ros2_foxy/install/topic_monitor:/home/vlad/ros2_foxy/install/examples_tf2_py:/home/vlad/ros2_foxy/install/sros2:/home/vlad/ros2_foxy/install/rqt_topic:/home/vlad/ros2_foxy/install/rqt_reconfigure:/home/vlad/ros2_foxy/install/rqt_action:/home/vlad/ros2_foxy/install/rqt:/home/vlad/ros2_foxy/install/rqt_graph:/home/vlad/ros2_foxy/install/rqt_gui_py:/home/vlad/ros2_foxy/install/rqt_gui:/home/vlad/ros2_foxy/install/ros2trace:/home/vlad/ros2_foxy/install/ros2topic:/home/vlad/ros2_foxy/install/ros2test:/home/vlad/ros2_foxy/install/ros2component:/home/vlad/ros2_foxy/install/ros2param:/home/vlad/ros2_foxy/install/ros2lifecycle:/home/vlad/ros2_foxy/install/ros2service:/home/vlad/ros2_foxy/install/ros2run:/home/vlad/ros2_foxy/install/ros2launch:/home/vlad/ros2_foxy/install/ros2pkg:/home/vlad/ros2_foxy/install/ros2node:/home/vlad/ros2_foxy/install/ros2multicast:/home/vlad/ros2_foxy/install/ros2interface:/home/vlad/ros2_foxy/install/ros2doctor:/home/vlad/ros2_foxy/install/ros2action:/home/vlad/ros2_foxy/install/ros2cli:/home/vlad/ros2_foxy/install/quality_of_service_demo_py:/home/vlad/ros2_foxy/install/launch_testing_ros:/home/vlad/ros2_foxy/install/launch_ros:/home/vlad/ros2_foxy/install/examples_rclpy_minimal_subscriber:/home/vlad/ros2_foxy/install/examples_rclpy_minimal_service:/home/vlad/ros2_foxy/install/examples_rclpy_minimal_publisher:/home/vlad/ros2_foxy/install/examples_rclpy_minimal_client:/home/vlad/ros2_foxy/install/examples_rclpy_minimal_action_server:/home/vlad/ros2_foxy/install/examples_rclpy_minimal_action_client:/home/vlad/ros2_foxy/install/examples_rclpy_executors:/home/vlad/ros2_foxy/install/demo_nodes_py:/home/vlad/ros2_foxy/install/action_tutorials_py:/home/vlad/ros2_foxy/install/ament_uncrustify:/home/vlad/ros2_foxy/install/tracetools_trace:/home/vlad/ros2_foxy/install/tracetools_read:/home/vlad/ros2_foxy/install/test_launch_ros:/home/vlad/ros2_foxy/install/rpyutils:/home/vlad/ros2_foxy/install/rosidl_runtime_py:/home/vlad/ros2_foxy/install/launch_yaml:/home/vlad/ros2_foxy/install/launch_xml:/home/vlad/ros2_foxy/install/launch_testing:/home/vlad/ros2_foxy/install/launch:/home/vlad/ros2_foxy/install/osrf_pycommon:/home/vlad/ros2_foxy/install/domain_coordinator:/home/vlad/ros2_foxy/install/ament_xmllint:/home/vlad/ros2_foxy/install/ament_pyflakes:/home/vlad/ros2_foxy/install/ament_pycodestyle:/home/vlad/ros2_foxy/install/ament_pep257:/home/vlad/ros2_foxy/install/ament_pclint:/home/vlad/ros2_foxy/install/ament_package:/home/vlad/ros2_foxy/install/ament_mypy:/home/vlad/ros2_foxy/install/ament_lint_cmake:/home/vlad/ros2_foxy/install/ament_flake8:/home/vlad/ros2_foxy/install/ament_copyright:/home/vlad/ros2_foxy/install/ament_lint:/home/vlad/ros2_foxy/install/ament_index_python:/home/vlad/ros2_foxy/install/ament_cpplint:/home/vlad/ros2_foxy/install/ament_cppcheck:/home/vlad/ros2_foxy/install/ament_clang_tidy:/home/vlad/ros2_foxy/install/ament_clang_format:/opt/ros/foxy /usr/bin/cmake /home/vlad/ros2_ws/src/geometric_shapes -DCMAKE_INSTALL_PREFIX=/home/vlad/ros2_ws/install/geometric_shapes
[3.988s] Invoking command in '/home/vlad/ros2_ws/build/geometric_shapes': CMAKE_PREFIX_PATH=${CMAKE_PREFIX_PATH}:/home/vlad/dev_ws/install/py_pubsub:/home/vlad/ros2_foxy/install/ros2bag:/home/vlad/ros2_foxy/install/tracetools_launch:/home/vlad/ros2_foxy/install/topic_monitor:/home/vlad/ros2_foxy/install/examples_tf2_py:/home/vlad/ros2_foxy/install/sros2:/home/vlad/ros2_foxy/install/rqt_topic:/home/vlad/ros2_foxy/install/rqt_reconfigure:/home/vlad/ros2_foxy/install/rqt_action:/home/vlad/ros2_foxy/install/rqt:/home/vlad/ros2_foxy/install/rqt_graph:/home/vlad/ros2_foxy/install/rqt_gui_py:/home/vlad/ros2_foxy/install/rqt_gui:/home/vlad/ros2_foxy/install/ros2trace:/home/vlad/ros2_foxy/install/ros2topic:/home/vlad/ros2_foxy/install/ros2test:/home/vlad/ros2_foxy/install/ros2component:/home/vlad/ros2_foxy/install/ros2param:/home/vlad/ros2_foxy/install/ros2lifecycle:/home/vlad/ros2_foxy/install/ros2service:/home/vlad/ros2_foxy/install/ros2run:/home/vlad/ros2_foxy/install/ros2launch:/home/vlad/ros2_foxy/install/ros2pkg:/home/vlad/ros2_foxy/install/ros2node:/home/vlad/ros2_foxy/install/ros2multicast:/home/vlad/ros2_foxy/install/ros2interface:/home/vlad/ros2_foxy/install/ros2doctor:/home/vlad/ros2_foxy/install/ros2action:/home/vlad/ros2_foxy/install/ros2cli:/home/vlad/ros2_foxy/install/quality_of_service_demo_py:/home/vlad/ros2_foxy/install/launch_testing_ros:/home/vlad/ros2_foxy/install/launch_ros:/home/vlad/ros2_foxy/install/examples_rclpy_minimal_subscriber:/home/vlad/ros2_foxy/install/examples_rclpy_minimal_service:/home/vlad/ros2_foxy/install/examples_rclpy_minimal_publisher:/home/vlad/ros2_foxy/install/examples_rclpy_minimal_client:/home/vlad/ros2_foxy/install/examples_rclpy_minimal_action_server:/home/vlad/ros2_foxy/install/examples_rclpy_minimal_action_client:/home/vlad/ros2_foxy/install/examples_rclpy_executors:/home/vlad/ros2_foxy/install/demo_nodes_py:/home/vlad/ros2_foxy/install/action_tutorials_py:/home/vlad/ros2_foxy/install/ament_uncrustify:/home/vlad/ros2_foxy/install/tracetools_trace:/home/vlad/ros2_foxy/install/tracetools_read:/home/vlad/ros2_foxy/install/test_launch_ros:/home/vlad/ros2_foxy/install/rpyutils:/home/vlad/ros2_foxy/install/rosidl_runtime_py:/home/vlad/ros2_foxy/install/launch_yaml:/home/vlad/ros2_foxy/install/launch_xml:/home/vlad/ros2_foxy/install/launch_testing:/home/vlad/ros2_foxy/install/launch:/home/vlad/ros2_foxy/install/osrf_pycommon:/home/vlad/ros2_foxy/install/domain_coordinator:/home/vlad/ros2_foxy/install/ament_xmllint:/home/vlad/ros2_foxy/install/ament_pyflakes:/home/vlad/ros2_foxy/install/ament_pycodestyle:/home/vlad/ros2_foxy/install/ament_pep257:/home/vlad/ros2_foxy/install/ament_pclint:/home/vlad/ros2_foxy/install/ament_package:/home/vlad/ros2_foxy/install/ament_mypy:/home/vlad/ros2_foxy/install/ament_lint_cmake:/home/vlad/ros2_foxy/install/ament_flake8:/home/vlad/ros2_foxy/install/ament_copyright:/home/vlad/ros2_foxy/install/ament_lint:/home/vlad/ros2_foxy/install/ament_index_python:/home/vlad/ros2_foxy/install/ament_cpplint:/home/vlad/ros2_foxy/install/ament_cppcheck:/home/vlad/ros2_foxy/install/ament_clang_tidy:/home/vlad/ros2_foxy/install/ament_clang_format:/opt/ros/foxy /usr/bin/cmake --build /home/vlad/ros2_ws/build/geometric_shapes -- -j12 -l12
[4.158s] [  9%] Built target gtest_main
[4.158s] [ 12%] Built target gtest
[4.187s] [ 15%] [32mBuilding CXX object CMakeFiles/geometric_shapes.dir/src/aabb.cpp.o[0m
[4.197s] [ 18%] [32mBuilding CXX object CMakeFiles/geometric_shapes.dir/src/bodies.cpp.o[0m
[4.199s] [ 21%] [32mBuilding CXX object CMakeFiles/geometric_shapes.dir/src/body_operations.cpp.o[0m
[4.203s] [ 24%] [32mBuilding CXX object CMakeFiles/geometric_shapes.dir/src/shape_extents.cpp.o[0m
[4.208s] [ 27%] [32mBuilding CXX object CMakeFiles/geometric_shapes.dir/src/mesh_operations.cpp.o[0m
[4.214s] [ 30%] [32mBuilding CXX object CMakeFiles/geometric_shapes.dir/src/shape_operations.cpp.o[0m
[4.230s] [ 33%] [32mBuilding CXX object CMakeFiles/geometric_shapes.dir/src/shape_to_marker.cpp.o[0m
[4.236s] [ 36%] [32mBuilding CXX object CMakeFiles/geometric_shapes.dir/src/shapes.cpp.o[0m
[4.311s] [ 39%] [32mBuilding CXX object test/CMakeFiles/test_basics.dir/test_basics.cpp.o[0m
[10.493s] [ 42%] [32m[1mLinking CXX executable test_basics[0m
[10.721s] [ 42%] Built target test_basics
[16.470s] [ 45%] [32m[1mLinking CXX shared library libgeometric_shapes.so[0m
[16.716s] [ 45%] Built target geometric_shapes
[16.915s] [ 48%] [32mBuilding CXX object test/CMakeFiles/test_bounding_sphere.dir/test_bounding_sphere.cpp.o[0m
[16.945s] [ 51%] [32mBuilding CXX object test/CMakeFiles/test_bounding_cylinder.dir/test_bounding_cylinder.cpp.o[0m
[16.992s] [ 54%] [32mBuilding CXX object test/CMakeFiles/test_create_mesh.dir/test_create_mesh.cpp.o[0m
[16.994s] [ 57%] [32mBuilding CXX object test/CMakeFiles/test_point_inclusion.dir/test_point_inclusion.cpp.o[0m
[17.041s] [ 60%] [32mBuilding CXX object test/CMakeFiles/test_ray_intersection.dir/test_ray_intersection.cpp.o[0m
[17.078s] [ 63%] [32mBuilding CXX object test/CMakeFiles/test_bounding_box.dir/test_bounding_box.cpp.o[0m
[17.128s] [ 66%] [32mBuilding CXX object test/CMakeFiles/test_loaded_meshes.dir/test_loaded_meshes.cpp.o[0m
[17.138s] [ 69%] [32mBuilding CXX object test/CMakeFiles/test_shapes.dir/test_shapes.cpp.o[0m
[17.147s] [ 72%] [32mBuilding CXX object test/CMakeFiles/test_body_operations.dir/test_body_operations.cpp.o[0m
[21.183s] [ 75%] [32m[1mLinking CXX executable test_create_mesh[0m
[21.966s] [ 75%] Built target test_create_mesh
[24.396s] [ 78%] [32m[1mLinking CXX executable test_bounding_sphere[0m
[25.313s] [ 78%] Built target test_bounding_sphere
[25.360s] [ 81%] [32m[1mLinking CXX executable test_loaded_meshes[0m
[25.847s] [ 84%] [32m[1mLinking CXX executable test_bounding_box[0m
[26.048s] [ 84%] Built target test_loaded_meshes
[26.478s] [ 84%] Built target test_bounding_box
[27.027s] [ 87%] [32m[1mLinking CXX executable test_body_operations[0m
[27.213s] [ 90%] [32m[1mLinking CXX executable test_shapes[0m
[27.498s] [ 90%] Built target test_body_operations
[27.647s] [ 90%] Built target test_shapes
[28.439s] [ 93%] [32m[1mLinking CXX executable test_bounding_cylinder[0m
[28.847s] [ 93%] Built target test_bounding_cylinder
[30.986s] [ 96%] [32m[1mLinking CXX executable test_point_inclusion[0m
[31.858s] [ 96%] Built target test_point_inclusion
[72.208s] [100%] [32m[1mLinking CXX executable test_ray_intersection[0m
[72.531s] [100%] Built target test_ray_intersection
[72.559s] Invoked command in '/home/vlad/ros2_ws/build/geometric_shapes' returned '0': CMAKE_PREFIX_PATH=${CMAKE_PREFIX_PATH}:/home/vlad/dev_ws/install/py_pubsub:/home/vlad/ros2_foxy/install/ros2bag:/home/vlad/ros2_foxy/install/tracetools_launch:/home/vlad/ros2_foxy/install/topic_monitor:/home/vlad/ros2_foxy/install/examples_tf2_py:/home/vlad/ros2_foxy/install/sros2:/home/vlad/ros2_foxy/install/rqt_topic:/home/vlad/ros2_foxy/install/rqt_reconfigure:/home/vlad/ros2_foxy/install/rqt_action:/home/vlad/ros2_foxy/install/rqt:/home/vlad/ros2_foxy/install/rqt_graph:/home/vlad/ros2_foxy/install/rqt_gui_py:/home/vlad/ros2_foxy/install/rqt_gui:/home/vlad/ros2_foxy/install/ros2trace:/home/vlad/ros2_foxy/install/ros2topic:/home/vlad/ros2_foxy/install/ros2test:/home/vlad/ros2_foxy/install/ros2component:/home/vlad/ros2_foxy/install/ros2param:/home/vlad/ros2_foxy/install/ros2lifecycle:/home/vlad/ros2_foxy/install/ros2service:/home/vlad/ros2_foxy/install/ros2run:/home/vlad/ros2_foxy/install/ros2launch:/home/vlad/ros2_foxy/install/ros2pkg:/home/vlad/ros2_foxy/install/ros2node:/home/vlad/ros2_foxy/install/ros2multicast:/home/vlad/ros2_foxy/install/ros2interface:/home/vlad/ros2_foxy/install/ros2doctor:/home/vlad/ros2_foxy/install/ros2action:/home/vlad/ros2_foxy/install/ros2cli:/home/vlad/ros2_foxy/install/quality_of_service_demo_py:/home/vlad/ros2_foxy/install/launch_testing_ros:/home/vlad/ros2_foxy/install/launch_ros:/home/vlad/ros2_foxy/install/examples_rclpy_minimal_subscriber:/home/vlad/ros2_foxy/install/examples_rclpy_minimal_service:/home/vlad/ros2_foxy/install/examples_rclpy_minimal_publisher:/home/vlad/ros2_foxy/install/examples_rclpy_minimal_client:/home/vlad/ros2_foxy/install/examples_rclpy_minimal_action_server:/home/vlad/ros2_foxy/install/examples_rclpy_minimal_action_client:/home/vlad/ros2_foxy/install/examples_rclpy_executors:/home/vlad/ros2_foxy/install/demo_nodes_py:/home/vlad/ros2_foxy/install/action_tutorials_py:/home/vlad/ros2_foxy/install/ament_uncrustify:/home/vlad/ros2_foxy/install/tracetools_trace:/home/vlad/ros2_foxy/install/tracetools_read:/home/vlad/ros2_foxy/install/test_launch_ros:/home/vlad/ros2_foxy/install/rpyutils:/home/vlad/ros2_foxy/install/rosidl_runtime_py:/home/vlad/ros2_foxy/install/launch_yaml:/home/vlad/ros2_foxy/install/launch_xml:/home/vlad/ros2_foxy/install/launch_testing:/home/vlad/ros2_foxy/install/launch:/home/vlad/ros2_foxy/install/osrf_pycommon:/home/vlad/ros2_foxy/install/domain_coordinator:/home/vlad/ros2_foxy/install/ament_xmllint:/home/vlad/ros2_foxy/install/ament_pyflakes:/home/vlad/ros2_foxy/install/ament_pycodestyle:/home/vlad/ros2_foxy/install/ament_pep257:/home/vlad/ros2_foxy/install/ament_pclint:/home/vlad/ros2_foxy/install/ament_package:/home/vlad/ros2_foxy/install/ament_mypy:/home/vlad/ros2_foxy/install/ament_lint_cmake:/home/vlad/ros2_foxy/install/ament_flake8:/home/vlad/ros2_foxy/install/ament_copyright:/home/vlad/ros2_foxy/install/ament_lint:/home/vlad/ros2_foxy/install/ament_index_python:/home/vlad/ros2_foxy/install/ament_cpplint:/home/vlad/ros2_foxy/install/ament_cppcheck:/home/vlad/ros2_foxy/install/ament_clang_tidy:/home/vlad/ros2_foxy/install/ament_clang_format:/opt/ros/foxy /usr/bin/cmake --build /home/vlad/ros2_ws/build/geometric_shapes -- -j12 -l12
[72.763s] Invoking command in '/home/vlad/ros2_ws/build/geometric_shapes': CMAKE_PREFIX_PATH=${CMAKE_PREFIX_PATH}:/home/vlad/dev_ws/install/py_pubsub:/home/vlad/ros2_foxy/install/ros2bag:/home/vlad/ros2_foxy/install/tracetools_launch:/home/vlad/ros2_foxy/install/topic_monitor:/home/vlad/ros2_foxy/install/examples_tf2_py:/home/vlad/ros2_foxy/install/sros2:/home/vlad/ros2_foxy/install/rqt_topic:/home/vlad/ros2_foxy/install/rqt_reconfigure:/home/vlad/ros2_foxy/install/rqt_action:/home/vlad/ros2_foxy/install/rqt:/home/vlad/ros2_foxy/install/rqt_graph:/home/vlad/ros2_foxy/install/rqt_gui_py:/home/vlad/ros2_foxy/install/rqt_gui:/home/vlad/ros2_foxy/install/ros2trace:/home/vlad/ros2_foxy/install/ros2topic:/home/vlad/ros2_foxy/install/ros2test:/home/vlad/ros2_foxy/install/ros2component:/home/vlad/ros2_foxy/install/ros2param:/home/vlad/ros2_foxy/install/ros2lifecycle:/home/vlad/ros2_foxy/install/ros2service:/home/vlad/ros2_foxy/install/ros2run:/home/vlad/ros2_foxy/install/ros2launch:/home/vlad/ros2_foxy/install/ros2pkg:/home/vlad/ros2_foxy/install/ros2node:/home/vlad/ros2_foxy/install/ros2multicast:/home/vlad/ros2_foxy/install/ros2interface:/home/vlad/ros2_foxy/install/ros2doctor:/home/vlad/ros2_foxy/install/ros2action:/home/vlad/ros2_foxy/install/ros2cli:/home/vlad/ros2_foxy/install/quality_of_service_demo_py:/home/vlad/ros2_foxy/install/launch_testing_ros:/home/vlad/ros2_foxy/install/launch_ros:/home/vlad/ros2_foxy/install/examples_rclpy_minimal_subscriber:/home/vlad/ros2_foxy/install/examples_rclpy_minimal_service:/home/vlad/ros2_foxy/install/examples_rclpy_minimal_publisher:/home/vlad/ros2_foxy/install/examples_rclpy_minimal_client:/home/vlad/ros2_foxy/install/examples_rclpy_minimal_action_server:/home/vlad/ros2_foxy/install/examples_rclpy_minimal_action_client:/home/vlad/ros2_foxy/install/examples_rclpy_executors:/home/vlad/ros2_foxy/install/demo_nodes_py:/home/vlad/ros2_foxy/install/action_tutorials_py:/home/vlad/ros2_foxy/install/ament_uncrustify:/home/vlad/ros2_foxy/install/tracetools_trace:/home/vlad/ros2_foxy/install/tracetools_read:/home/vlad/ros2_foxy/install/test_launch_ros:/home/vlad/ros2_foxy/install/rpyutils:/home/vlad/ros2_foxy/install/rosidl_runtime_py:/home/vlad/ros2_foxy/install/launch_yaml:/home/vlad/ros2_foxy/install/launch_xml:/home/vlad/ros2_foxy/install/launch_testing:/home/vlad/ros2_foxy/install/launch:/home/vlad/ros2_foxy/install/osrf_pycommon:/home/vlad/ros2_foxy/install/domain_coordinator:/home/vlad/ros2_foxy/install/ament_xmllint:/home/vlad/ros2_foxy/install/ament_pyflakes:/home/vlad/ros2_foxy/install/ament_pycodestyle:/home/vlad/ros2_foxy/install/ament_pep257:/home/vlad/ros2_foxy/install/ament_pclint:/home/vlad/ros2_foxy/install/ament_package:/home/vlad/ros2_foxy/install/ament_mypy:/home/vlad/ros2_foxy/install/ament_lint_cmake:/home/vlad/ros2_foxy/install/ament_flake8:/home/vlad/ros2_foxy/install/ament_copyright:/home/vlad/ros2_foxy/install/ament_lint:/home/vlad/ros2_foxy/install/ament_index_python:/home/vlad/ros2_foxy/install/ament_cpplint:/home/vlad/ros2_foxy/install/ament_cppcheck:/home/vlad/ros2_foxy/install/ament_clang_tidy:/home/vlad/ros2_foxy/install/ament_clang_format:/opt/ros/foxy /usr/bin/cmake --install /home/vlad/ros2_ws/build/geometric_shapes
[72.786s] -- Install configuration: "Release"
[72.786s] -- Installing: /home/vlad/ros2_ws/install/geometric_shapes/share/geometric_shapes/environment/library_path.sh
[72.786s] -- Installing: /home/vlad/ros2_ws/install/geometric_shapes/share/geometric_shapes/environment/library_path.dsv
[72.787s] -- Up-to-date: /home/vlad/ros2_ws/install/geometric_shapes/include
[72.787s] -- Up-to-date: /home/vlad/ros2_ws/install/geometric_shapes/include/geometric_shapes
[72.787s] -- Up-to-date: /home/vlad/ros2_ws/install/geometric_shapes/include/geometric_shapes/aabb.h
[72.787s] -- Up-to-date: /home/vlad/ros2_ws/install/geometric_shapes/include/geometric_shapes/shape_extents.h
[72.787s] -- Up-to-date: /home/vlad/ros2_ws/install/geometric_shapes/include/geometric_shapes/body_operations.h
[72.787s] -- Up-to-date: /home/vlad/ros2_ws/install/geometric_shapes/include/geometric_shapes/shape_to_marker.h
[72.787s] -- Up-to-date: /home/vlad/ros2_ws/install/geometric_shapes/include/geometric_shapes/mesh_operations.h
[72.787s] -- Up-to-date: /home/vlad/ros2_ws/install/geometric_shapes/include/geometric_shapes/shape_messages.h
[72.788s] -- Up-to-date: /home/vlad/ros2_ws/install/geometric_shapes/include/geometric_shapes/check_isometry.h
[72.788s] -- Up-to-date: /home/vlad/ros2_ws/install/geometric_shapes/include/geometric_shapes/solid_primitive_dims.h
[72.788s] -- Up-to-date: /home/vlad/ros2_ws/install/geometric_shapes/include/geometric_shapes/bodies.h
[72.788s] -- Up-to-date: /home/vlad/ros2_ws/install/geometric_shapes/include/geometric_shapes/shapes.h
[72.788s] -- Up-to-date: /home/vlad/ros2_ws/install/geometric_shapes/include/geometric_shapes/shape_operations.h
[72.788s] -- Installing: /home/vlad/ros2_ws/install/geometric_shapes/lib/libgeometric_shapes.so.2.0.0
[72.788s] -- Set runtime path of "/home/vlad/ros2_ws/install/geometric_shapes/lib/libgeometric_shapes.so.2.0.0" to ""
[72.788s] -- Up-to-date: /home/vlad/ros2_ws/install/geometric_shapes/lib/libgeometric_shapes.so
[72.789s] -- Up-to-date: /home/vlad/ros2_ws/install/geometric_shapes/share/ament_index/resource_index/package_run_dependencies/geometric_shapes
[72.789s] -- Installing: /home/vlad/ros2_ws/install/geometric_shapes/share/ament_index/resource_index/parent_prefix_path/geometric_shapes
[72.789s] -- Installing: /home/vlad/ros2_ws/install/geometric_shapes/share/geometric_shapes/environment/ament_prefix_path.dsv
[72.789s] -- Installing: /home/vlad/ros2_ws/install/geometric_shapes/share/geometric_shapes/environment/path.dsv
[72.789s] -- Up-to-date: /home/vlad/ros2_ws/install/geometric_shapes/share/geometric_shapes/local_setup.bash
[72.789s] -- Up-to-date: /home/vlad/ros2_ws/install/geometric_shapes/share/geometric_shapes/local_setup.sh
[72.790s] -- Up-to-date: /home/vlad/ros2_ws/install/geometric_shapes/share/geometric_shapes/local_setup.zsh
[72.790s] -- Installing: /home/vlad/ros2_ws/install/geometric_shapes/share/geometric_shapes/local_setup.dsv
[72.790s] -- Installing: /home/vlad/ros2_ws/install/geometric_shapes/share/geometric_shapes/package.dsv
[72.790s] -- Up-to-date: /home/vlad/ros2_ws/install/geometric_shapes/share/ament_index/resource_index/packages/geometric_shapes
[72.790s] -- Up-to-date: /home/vlad/ros2_ws/install/geometric_shapes/share/geometric_shapes/cmake/ament_cmake_export_libraries-extras.cmake
[72.790s] -- Up-to-date: /home/vlad/ros2_ws/install/geometric_shapes/share/geometric_shapes/cmake/ament_cmake_export_include_directories-extras.cmake
[72.790s] -- Up-to-date: /home/vlad/ros2_ws/install/geometric_shapes/share/geometric_shapes/cmake/ament_cmake_export_dependencies-extras.cmake
[72.790s] -- Up-to-date: /home/vlad/ros2_ws/install/geometric_shapes/share/geometric_shapes/cmake/geometric_shapesConfig.cmake
[72.790s] -- Up-to-date: /home/vlad/ros2_ws/install/geometric_shapes/share/geometric_shapes/cmake/geometric_shapesConfig-version.cmake
[72.791s] -- Up-to-date: /home/vlad/ros2_ws/install/geometric_shapes/share/geometric_shapes/package.xml
[72.795s] Invoked command in '/home/vlad/ros2_ws/build/geometric_shapes' returned '0': CMAKE_PREFIX_PATH=${CMAKE_PREFIX_PATH}:/home/vlad/dev_ws/install/py_pubsub:/home/vlad/ros2_foxy/install/ros2bag:/home/vlad/ros2_foxy/install/tracetools_launch:/home/vlad/ros2_foxy/install/topic_monitor:/home/vlad/ros2_foxy/install/examples_tf2_py:/home/vlad/ros2_foxy/install/sros2:/home/vlad/ros2_foxy/install/rqt_topic:/home/vlad/ros2_foxy/install/rqt_reconfigure:/home/vlad/ros2_foxy/install/rqt_action:/home/vlad/ros2_foxy/install/rqt:/home/vlad/ros2_foxy/install/rqt_graph:/home/vlad/ros2_foxy/install/rqt_gui_py:/home/vlad/ros2_foxy/install/rqt_gui:/home/vlad/ros2_foxy/install/ros2trace:/home/vlad/ros2_foxy/install/ros2topic:/home/vlad/ros2_foxy/install/ros2test:/home/vlad/ros2_foxy/install/ros2component:/home/vlad/ros2_foxy/install/ros2param:/home/vlad/ros2_foxy/install/ros2lifecycle:/home/vlad/ros2_foxy/install/ros2service:/home/vlad/ros2_foxy/install/ros2run:/home/vlad/ros2_foxy/install/ros2launch:/home/vlad/ros2_foxy/install/ros2pkg:/home/vlad/ros2_foxy/install/ros2node:/home/vlad/ros2_foxy/install/ros2multicast:/home/vlad/ros2_foxy/install/ros2interface:/home/vlad/ros2_foxy/install/ros2doctor:/home/vlad/ros2_foxy/install/ros2action:/home/vlad/ros2_foxy/install/ros2cli:/home/vlad/ros2_foxy/install/quality_of_service_demo_py:/home/vlad/ros2_foxy/install/launch_testing_ros:/home/vlad/ros2_foxy/install/launch_ros:/home/vlad/ros2_foxy/install/examples_rclpy_minimal_subscriber:/home/vlad/ros2_foxy/install/examples_rclpy_minimal_service:/home/vlad/ros2_foxy/install/examples_rclpy_minimal_publisher:/home/vlad/ros2_foxy/install/examples_rclpy_minimal_client:/home/vlad/ros2_foxy/install/examples_rclpy_minimal_action_server:/home/vlad/ros2_foxy/install/examples_rclpy_minimal_action_client:/home/vlad/ros2_foxy/install/examples_rclpy_executors:/home/vlad/ros2_foxy/install/demo_nodes_py:/home/vlad/ros2_foxy/install/action_tutorials_py:/home/vlad/ros2_foxy/install/ament_uncrustify:/home/vlad/ros2_foxy/install/tracetools_trace:/home/vlad/ros2_foxy/install/tracetools_read:/home/vlad/ros2_foxy/install/test_launch_ros:/home/vlad/ros2_foxy/install/rpyutils:/home/vlad/ros2_foxy/install/rosidl_runtime_py:/home/vlad/ros2_foxy/install/launch_yaml:/home/vlad/ros2_foxy/install/launch_xml:/home/vlad/ros2_foxy/install/launch_testing:/home/vlad/ros2_foxy/install/launch:/home/vlad/ros2_foxy/install/osrf_pycommon:/home/vlad/ros2_foxy/install/domain_coordinator:/home/vlad/ros2_foxy/install/ament_xmllint:/home/vlad/ros2_foxy/install/ament_pyflakes:/home/vlad/ros2_foxy/install/ament_pycodestyle:/home/vlad/ros2_foxy/install/ament_pep257:/home/vlad/ros2_foxy/install/ament_pclint:/home/vlad/ros2_foxy/install/ament_package:/home/vlad/ros2_foxy/install/ament_mypy:/home/vlad/ros2_foxy/install/ament_lint_cmake:/home/vlad/ros2_foxy/install/ament_flake8:/home/vlad/ros2_foxy/install/ament_copyright:/home/vlad/ros2_foxy/install/ament_lint:/home/vlad/ros2_foxy/install/ament_index_python:/home/vlad/ros2_foxy/install/ament_cpplint:/home/vlad/ros2_foxy/install/ament_cppcheck:/home/vlad/ros2_foxy/install/ament_clang_tidy:/home/vlad/ros2_foxy/install/ament_clang_format:/opt/ros/foxy /usr/bin/cmake --install /home/vlad/ros2_ws/build/geometric_shapes
