[2.630s] Invoking command in '/home/vlad/ros2_ws/src/tfpose_ros2': PYTHONPATH=/home/vlad/ros2_ws/install/tfpose_ros2/lib/python3.8/site-packages:${PYTHONPATH} /usr/bin/python3 setup.py egg_info --egg-base ../../build/tfpose_ros2 build --build-base /home/vlad/ros2_ws/build/tfpose_ros2/build install --prefix /home/vlad/ros2_ws/install/tfpose_ros2 --record /home/vlad/ros2_ws/build/tfpose_ros2/install.log --single-version-externally-managed
[5.060s] --2021-01-16 22:43:25--  http://download2260.mediafire.com/vrhrh0lea9kg/qlzzr20mpocnpa3/graph_opt.pb
[5.145s] Resolving download2260.mediafire.com (download2260.mediafire.com)... 199.91.155.1
[5.313s] Connecting to download2260.mediafire.com (download2260.mediafire.com)|199.91.155.1|:80... connected.
[5.822s] HTTP request sent, awaiting response... 416 Range Not Satisfiable
[5.823s] 
[5.823s]     The file is already fully retrieved; nothing to do.
[5.823s] 
[5.882s] running egg_info
[5.883s] writing ../../build/tfpose_ros2/tfpose_ros2.egg-info/PKG-INFO
[5.883s] writing dependency_links to ../../build/tfpose_ros2/tfpose_ros2.egg-info/dependency_links.txt
[5.884s] writing entry points to ../../build/tfpose_ros2/tfpose_ros2.egg-info/entry_points.txt
[5.884s] writing top-level names to ../../build/tfpose_ros2/tfpose_ros2.egg-info/top_level.txt
[5.912s] file pafprocess.py (for module pafprocess) not found
[5.963s] reading manifest file '../../build/tfpose_ros2/tfpose_ros2.egg-info/SOURCES.txt'
[5.964s] writing manifest file '../../build/tfpose_ros2/tfpose_ros2.egg-info/SOURCES.txt'
[5.964s] running build
[5.964s] running build_py
[5.964s] file pafprocess.py (for module pafprocess) not found
[5.965s] copying tfpose_ros2/node_image_subscriber.py -> /home/vlad/ros2_ws/build/tfpose_ros2/build/lib.linux-x86_64-3.8/tfpose_ros2
[5.966s] file pafprocess.py (for module pafprocess) not found
[5.967s] running build_ext
[5.968s] running install
[5.968s] running install_lib
[5.968s] copying /home/vlad/ros2_ws/build/tfpose_ros2/build/lib.linux-x86_64-3.8/tfpose_ros2/node_image_subscriber.py -> /home/vlad/ros2_ws/install/tfpose_ros2/lib/python3.8/site-packages/tfpose_ros2
[5.971s] byte-compiling /home/vlad/ros2_ws/install/tfpose_ros2/lib/python3.8/site-packages/tfpose_ros2/node_image_subscriber.py to node_image_subscriber.cpython-38.pyc
[5.972s] running install_egg_info
[5.975s] removing '/home/vlad/ros2_ws/install/tfpose_ros2/lib/python3.8/site-packages/tfpose_ros2-0.1.1-py3.8.egg-info' (and everything under it)
[5.975s] Copying ../../build/tfpose_ros2/tfpose_ros2.egg-info to /home/vlad/ros2_ws/install/tfpose_ros2/lib/python3.8/site-packages/tfpose_ros2-0.1.1-py3.8.egg-info
[5.976s] running install_scripts
[5.996s] Installing image_listener script to /home/vlad/ros2_ws/install/tfpose_ros2/lib/tfpose_ros2
[5.996s] file pafprocess.py (for module pafprocess) not found
[5.996s] writing list of installed files to '/home/vlad/ros2_ws/build/tfpose_ros2/install.log'
[6.023s] Invoked command in '/home/vlad/ros2_ws/src/tfpose_ros2' returned '0': PYTHONPATH=/home/vlad/ros2_ws/install/tfpose_ros2/lib/python3.8/site-packages:${PYTHONPATH} /usr/bin/python3 setup.py egg_info --egg-base ../../build/tfpose_ros2 build --build-base /home/vlad/ros2_ws/build/tfpose_ros2/build install --prefix /home/vlad/ros2_ws/install/tfpose_ros2 --record /home/vlad/ros2_ws/build/tfpose_ros2/install.log --single-version-externally-managed
