-- The C compiler identification is GNU 9.3.0
-- The CXX compiler identification is GNU 9.3.0
-- Check for working C compiler: /usr/bin/cc
-- Check for working C compiler: /usr/bin/cc -- works
-- Detecting C compiler ABI info
-- Detecting C compiler ABI info - done
-- Detecting C compile features
-- Detecting C compile features - done
-- Check for working CXX compiler: /usr/bin/c++
-- Check for working CXX compiler: /usr/bin/c++ -- works
-- Detecting CXX compiler ABI info
-- Detecting CXX compiler ABI info - done
-- Detecting CXX compile features
-- Detecting CXX compile features - done
-- Found moveit_common: 2.1.0 (/home/vlad/ros2_ws/install/moveit_common/share/moveit_common/cmake)
-- Found Boost: /usr/lib/x86_64-linux-gnu/cmake/Boost-1.71.0/BoostConfig.cmake (found version "1.71.0") found components: thread 
-- Found moveit_ros_planning: 2.1.0 (/home/vlad/ros2_ws/install/moveit_ros_planning/share/moveit_ros_planning/cmake)
-- Found PythonInterp: /usr/bin/python3 (found suitable version "3.8.5", minimum required is "3") 
-- Using PYTHON_EXECUTABLE: /usr/bin/python3
-- Using all available rosidl_typesupport_c: rosidl_typesupport_fastrtps_c;rosidl_typesupport_introspection_c
-- Found rosidl_adapter: 1.1.0 (/home/vlad/ros2_foxy/install/rosidl_adapter/share/rosidl_adapter/cmake)
-- Found OpenSSL: /usr/lib/x86_64-linux-gnu/libcrypto.so (found version "1.1.1f")  
-- Found FastRTPS: /home/vlad/ros2_foxy/install/fastrtps/include  
-- Using all available rosidl_typesupport_cpp: rosidl_typesupport_fastrtps_cpp;rosidl_typesupport_introspection_cpp
-- Found rmw_implementation_cmake: 1.0.2 (/home/vlad/ros2_foxy/install/rmw_implementation_cmake/share/rmw_implementation_cmake/cmake)
-- Using RMW implementation 'rmw_fastrtps_cpp' as default
-- Found Threads: TRUE  
-- Found Eigen3: TRUE (found version "3.3.7") 
-- Found interactive_markers: 2.1.2 (/home/vlad/ros2_foxy/install/interactive_markers/share/interactive_markers/cmake)
-- Found ament_cmake_gtest: 0.9.7 (/home/vlad/ros2_foxy/install/ament_cmake_gtest/share/ament_cmake_gtest/cmake)
-- Found gtest sources under '/home/vlad/ros2_foxy/install/gtest_vendor/src/gtest_vendor': C++ tests using 'Google Test' will be built
-- Check if compiler accepts -pthread
-- Check if compiler accepts -pthread - yes
-- Configuring done
-- Generating done
-- Build files have been written to: /home/vlad/ros2_ws/build/moveit_ros_robot_interaction
[35m[1mScanning dependencies of target gtest_main[0m
[35m[1mScanning dependencies of target gtest[0m
[35m[1mScanning dependencies of target moveit_robot_interaction[0m
[  7%] [32mBuilding CXX object gtest/CMakeFiles/gtest_main.dir/src/gtest_main.cc.o[0m
[ 15%] [32mBuilding CXX object gtest/CMakeFiles/gtest.dir/src/gtest-all.cc.o[0m
[ 23%] [32mBuilding CXX object CMakeFiles/moveit_robot_interaction.dir/src/interactive_marker_helpers.cpp.o[0m
[ 46%] [32mBuilding CXX object CMakeFiles/moveit_robot_interaction.dir/src/locked_robot_state.cpp.o[0m
[ 46%] [32mBuilding CXX object CMakeFiles/moveit_robot_interaction.dir/src/kinematic_options_map.cpp.o[0m
[ 46%] [32mBuilding CXX object CMakeFiles/moveit_robot_interaction.dir/src/kinematic_options.cpp.o[0m
[ 61%] [32mBuilding CXX object CMakeFiles/moveit_robot_interaction.dir/src/robot_interaction.cpp.o[0m
[ 61%] [32mBuilding CXX object CMakeFiles/moveit_robot_interaction.dir/src/interaction_handler.cpp.o[0m
[ 69%] [32m[1mLinking CXX static library libgtest_main.a[0m
[ 69%] Built target gtest_main
[ 76%] [32m[1mLinking CXX static library libgtest.a[0m
[ 76%] Built target gtest
[ 84%] [32m[1mLinking CXX shared library libmoveit_robot_interaction.so[0m
[ 84%] Built target moveit_robot_interaction
[35m[1mScanning dependencies of target locked_robot_state_test[0m
[ 92%] [32mBuilding CXX object CMakeFiles/locked_robot_state_test.dir/test/locked_robot_state_test.cpp.o[0m
[100%] [32m[1mLinking CXX executable locked_robot_state_test[0m
[100%] Built target locked_robot_state_test
-- Install configuration: "Release"
-- Installing: /home/vlad/ros2_ws/install/moveit_ros_robot_interaction/lib/libmoveit_robot_interaction.so.
-- Set runtime path of "/home/vlad/ros2_ws/install/moveit_ros_robot_interaction/lib/libmoveit_robot_interaction.so." to ""
-- Installing: /home/vlad/ros2_ws/install/moveit_ros_robot_interaction/lib/libmoveit_robot_interaction.so
-- Installing: /home/vlad/ros2_ws/install/moveit_ros_robot_interaction/include
-- Installing: /home/vlad/ros2_ws/install/moveit_ros_robot_interaction/include/moveit
-- Installing: /home/vlad/ros2_ws/install/moveit_ros_robot_interaction/include/moveit/robot_interaction
-- Installing: /home/vlad/ros2_ws/install/moveit_ros_robot_interaction/include/moveit/robot_interaction/interaction_handler.h
-- Installing: /home/vlad/ros2_ws/install/moveit_ros_robot_interaction/include/moveit/robot_interaction/interactive_marker_helpers.h
-- Installing: /home/vlad/ros2_ws/install/moveit_ros_robot_interaction/include/moveit/robot_interaction/robot_interaction.h
-- Installing: /home/vlad/ros2_ws/install/moveit_ros_robot_interaction/include/moveit/robot_interaction/locked_robot_state.h
-- Installing: /home/vlad/ros2_ws/install/moveit_ros_robot_interaction/include/moveit/robot_interaction/kinematic_options.h
-- Installing: /home/vlad/ros2_ws/install/moveit_ros_robot_interaction/include/moveit/robot_interaction/kinematic_options_map.h
-- Installing: /home/vlad/ros2_ws/install/moveit_ros_robot_interaction/include/moveit/robot_interaction/interaction.h
-- Installing: /home/vlad/ros2_ws/install/moveit_ros_robot_interaction/share/moveit_ros_robot_interaction/resources
-- Installing: /home/vlad/ros2_ws/install/moveit_ros_robot_interaction/share/moveit_ros_robot_interaction/resources/access-denied.dae
-- Installing: /home/vlad/ros2_ws/install/moveit_ros_robot_interaction/share/moveit_ros_robot_interaction/resources/access-denied.stl
-- Installing: /home/vlad/ros2_ws/install/moveit_ros_robot_interaction/share/moveit_ros_robot_interaction/environment/library_path.sh
-- Installing: /home/vlad/ros2_ws/install/moveit_ros_robot_interaction/share/moveit_ros_robot_interaction/environment/library_path.dsv
-- Installing: /home/vlad/ros2_ws/install/moveit_ros_robot_interaction/share/ament_index/resource_index/package_run_dependencies/moveit_ros_robot_interaction
-- Installing: /home/vlad/ros2_ws/install/moveit_ros_robot_interaction/share/ament_index/resource_index/parent_prefix_path/moveit_ros_robot_interaction
-- Installing: /home/vlad/ros2_ws/install/moveit_ros_robot_interaction/share/moveit_ros_robot_interaction/environment/ament_prefix_path.sh
-- Installing: /home/vlad/ros2_ws/install/moveit_ros_robot_interaction/share/moveit_ros_robot_interaction/environment/ament_prefix_path.dsv
-- Installing: /home/vlad/ros2_ws/install/moveit_ros_robot_interaction/share/moveit_ros_robot_interaction/environment/path.sh
-- Installing: /home/vlad/ros2_ws/install/moveit_ros_robot_interaction/share/moveit_ros_robot_interaction/environment/path.dsv
-- Installing: /home/vlad/ros2_ws/install/moveit_ros_robot_interaction/share/moveit_ros_robot_interaction/local_setup.bash
-- Installing: /home/vlad/ros2_ws/install/moveit_ros_robot_interaction/share/moveit_ros_robot_interaction/local_setup.sh
-- Installing: /home/vlad/ros2_ws/install/moveit_ros_robot_interaction/share/moveit_ros_robot_interaction/local_setup.zsh
-- Installing: /home/vlad/ros2_ws/install/moveit_ros_robot_interaction/share/moveit_ros_robot_interaction/local_setup.dsv
-- Installing: /home/vlad/ros2_ws/install/moveit_ros_robot_interaction/share/moveit_ros_robot_interaction/package.dsv
-- Installing: /home/vlad/ros2_ws/install/moveit_ros_robot_interaction/share/ament_index/resource_index/packages/moveit_ros_robot_interaction
-- Installing: /home/vlad/ros2_ws/install/moveit_ros_robot_interaction/share/moveit_ros_robot_interaction/cmake/ament_cmake_export_include_directories-extras.cmake
-- Installing: /home/vlad/ros2_ws/install/moveit_ros_robot_interaction/share/moveit_ros_robot_interaction/cmake/ament_cmake_export_libraries-extras.cmake
-- Installing: /home/vlad/ros2_ws/install/moveit_ros_robot_interaction/share/moveit_ros_robot_interaction/cmake/moveit_ros_robot_interactionConfig.cmake
-- Installing: /home/vlad/ros2_ws/install/moveit_ros_robot_interaction/share/moveit_ros_robot_interaction/cmake/moveit_ros_robot_interactionConfig-version.cmake
-- Installing: /home/vlad/ros2_ws/install/moveit_ros_robot_interaction/share/moveit_ros_robot_interaction/package.xml
