[35m[1mScanning dependencies of target moveit_profiler[0m
[35m[1mScanning dependencies of target moveit_kinematics_base[0m
[35m[1mScanning dependencies of target moveit_distance_field[0m
[35m[1mScanning dependencies of target moveit_transforms[0m
[  2%] Built target gtest_main
[  3%] Built target moveit_version
[  4%] Built target gtest
[  7%] Built target moveit_utils
[  8%] Built target moveit_exceptions
[  9%] Built target moveit_background_processing
[ 10%] [32mBuilding CXX object profiler/CMakeFiles/moveit_profiler.dir/src/profiler.cpp.o[0m
[ 11%] [32mBuilding CXX object kinematics_base/CMakeFiles/moveit_kinematics_base.dir/src/kinematics_base.cpp.o[0m
[ 12%] [32mBuilding CXX object transforms/CMakeFiles/moveit_transforms.dir/src/transforms.cpp.o[0m
[ 13%] [32mBuilding CXX object distance_field/CMakeFiles/moveit_distance_field.dir/src/propagation_distance_field.cpp.o[0m
[ 14%] [32mBuilding CXX object distance_field/CMakeFiles/moveit_distance_field.dir/src/distance_field.cpp.o[0m
In file included from [01m[K/opt/ros/foxy/include/octomap/octomap.h:36[m[K,
                 from [01m[K/home/vlad/ros2_ws/src/moveit2/moveit_core/distance_field/src/distance_field.cpp:41[m[K:
[01m[K/opt/ros/foxy/include/octomap/ScanGraph.h:[m[K In constructor ‘[01m[Koctomap::ScanNode::ScanNode(octomap::Pointcloud*, octomap::pose6d, unsigned int)[m[K’:
[01m[K/opt/ros/foxy/include/octomap/ScanGraph.h:57:41:[m[K [01;35m[Kwarning: [m[Kimplicitly-declared ‘[01m[Koctomath::Pose6D::Pose6D(const octomath::Pose6D&)[m[K’ is deprecated [[01;35m[K-Wdeprecated-copy[m[K]
   57 |       : scan(_scan), pose(_pose), id(_id[01;35m[K)[m[K {}
      |                                         [01;35m[K^[m[K
In file included from [01m[K/opt/ros/foxy/include/octomap/octomap_types.h:43[m[K,
                 from [01m[K/opt/ros/foxy/include/octomap/octomap.h:34[m[K,
                 from [01m[K/home/vlad/ros2_ws/src/moveit2/moveit_core/distance_field/src/distance_field.cpp:41[m[K:
[01m[K/opt/ros/foxy/include/octomap/math/Pose6D.h:71:13:[m[K [01;36m[Knote: [m[Kbecause ‘[01m[Koctomath::Pose6D[m[K’ has user-provided ‘[01m[Koctomath::Pose6D& octomath::Pose6D::operator=(const octomath::Pose6D&)[m[K’
   71 |     Pose6D& [01;36m[Koperator[m[K= (const Pose6D& other);
      |             [01;36m[K^~~~~~~~[m[K
In file included from [01m[K/opt/ros/foxy/include/octomap/octomap.h:36[m[K,
                 from [01m[K/home/vlad/ros2_ws/src/moveit2/moveit_core/distance_field/src/distance_field.cpp:41[m[K:
[01m[K/opt/ros/foxy/include/octomap/ScanGraph.h:[m[K In constructor ‘[01m[Koctomap::ScanEdge::ScanEdge(octomap::ScanNode*, octomap::ScanNode*, octomap::pose6d)[m[K’:
[01m[K/opt/ros/foxy/include/octomap/ScanGraph.h:87:76:[m[K [01;35m[Kwarning: [m[Kimplicitly-declared ‘[01m[Koctomath::Pose6D::Pose6D(const octomath::Pose6D&)[m[K’ is deprecated [[01;35m[K-Wdeprecated-copy[m[K]
   87 |       : first(_first), second(_second), constraint(_constraint), weight(1.0[01;35m[K)[m[K { }
      |                                                                            [01;35m[K^[m[K
In file included from [01m[K/opt/ros/foxy/include/octomap/octomap_types.h:43[m[K,
                 from [01m[K/opt/ros/foxy/include/octomap/octomap.h:34[m[K,
                 from [01m[K/home/vlad/ros2_ws/src/moveit2/moveit_core/distance_field/src/distance_field.cpp:41[m[K:
[01m[K/opt/ros/foxy/include/octomap/math/Pose6D.h:71:13:[m[K [01;36m[Knote: [m[Kbecause ‘[01m[Koctomath::Pose6D[m[K’ has user-provided ‘[01m[Koctomath::Pose6D& octomath::Pose6D::operator=(const octomath::Pose6D&)[m[K’
   71 |     Pose6D& [01;36m[Koperator[m[K= (const Pose6D& other);
      |             [01;36m[K^~~~~~~~[m[K
In file included from [01m[K/opt/ros/foxy/include/octomap/octomap.h:36[m[K,
                 from [01m[K/home/vlad/ros2_ws/src/moveit2/moveit_core/distance_field/include/moveit/distance_field/propagation_distance_field.h:44[m[K,
                 from [01m[K/home/vlad/ros2_ws/src/moveit2/moveit_core/distance_field/src/propagation_distance_field.cpp:37[m[K:
[01m[K/opt/ros/foxy/include/octomap/ScanGraph.h:[m[K In constructor ‘[01m[Koctomap::ScanNode::ScanNode(octomap::Pointcloud*, octomap::pose6d, unsigned int)[m[K’:
[01m[K/opt/ros/foxy/include/octomap/ScanGraph.h:57:41:[m[K [01;35m[Kwarning: [m[Kimplicitly-declared ‘[01m[Koctomath::Pose6D::Pose6D(const octomath::Pose6D&)[m[K’ is deprecated [[01;35m[K-Wdeprecated-copy[m[K]
   57 |       : scan(_scan), pose(_pose), id(_id[01;35m[K)[m[K {}
      |                                         [01;35m[K^[m[K
In file included from [01m[K/opt/ros/foxy/include/octomap/octomap_types.h:43[m[K,
                 from [01m[K/opt/ros/foxy/include/octomap/octomap.h:34[m[K,
                 from [01m[K/home/vlad/ros2_ws/src/moveit2/moveit_core/distance_field/include/moveit/distance_field/propagation_distance_field.h:44[m[K,
                 from [01m[K/home/vlad/ros2_ws/src/moveit2/moveit_core/distance_field/src/propagation_distance_field.cpp:37[m[K:
[01m[K/opt/ros/foxy/include/octomap/math/Pose6D.h:71:13:[m[K [01;36m[Knote: [m[Kbecause ‘[01m[Koctomath::Pose6D[m[K’ has user-provided ‘[01m[Koctomath::Pose6D& octomath::Pose6D::operator=(const octomath::Pose6D&)[m[K’
   71 |     Pose6D& [01;36m[Koperator[m[K= (const Pose6D& other);
      |             [01;36m[K^~~~~~~~[m[K
In file included from [01m[K/opt/ros/foxy/include/octomap/octomap.h:36[m[K,
                 from [01m[K/home/vlad/ros2_ws/src/moveit2/moveit_core/distance_field/include/moveit/distance_field/propagation_distance_field.h:44[m[K,
                 from [01m[K/home/vlad/ros2_ws/src/moveit2/moveit_core/distance_field/src/propagation_distance_field.cpp:37[m[K:
[01m[K/opt/ros/foxy/include/octomap/ScanGraph.h:[m[K In constructor ‘[01m[Koctomap::ScanEdge::ScanEdge(octomap::ScanNode*, octomap::ScanNode*, octomap::pose6d)[m[K’:
[01m[K/opt/ros/foxy/include/octomap/ScanGraph.h:87:76:[m[K [01;35m[Kwarning: [m[Kimplicitly-declared ‘[01m[Koctomath::Pose6D::Pose6D(const octomath::Pose6D&)[m[K’ is deprecated [[01;35m[K-Wdeprecated-copy[m[K]
   87 |       : first(_first), second(_second), constraint(_constraint), weight(1.0[01;35m[K)[m[K { }
      |                                                                            [01;35m[K^[m[K
In file included from [01m[K/opt/ros/foxy/include/octomap/octomap_types.h:43[m[K,
                 from [01m[K/opt/ros/foxy/include/octomap/octomap.h:34[m[K,
                 from [01m[K/home/vlad/ros2_ws/src/moveit2/moveit_core/distance_field/include/moveit/distance_field/propagation_distance_field.h:44[m[K,
                 from [01m[K/home/vlad/ros2_ws/src/moveit2/moveit_core/distance_field/src/propagation_distance_field.cpp:37[m[K:
[01m[K/opt/ros/foxy/include/octomap/math/Pose6D.h:71:13:[m[K [01;36m[Knote: [m[Kbecause ‘[01m[Koctomath::Pose6D[m[K’ has user-provided ‘[01m[Koctomath::Pose6D& octomath::Pose6D::operator=(const octomath::Pose6D&)[m[K’
   71 |     Pose6D& [01;36m[Koperator[m[K= (const Pose6D& other);
      |             [01;36m[K^~~~~~~~[m[K
In file included from [01m[K/opt/ros/foxy/include/octomap/OccupancyOcTreeBase.h:506[m[K,
                 from [01m[K/opt/ros/foxy/include/octomap/OcTree.h:38[m[K,
                 from [01m[K/opt/ros/foxy/include/octomap/octomap.h:37[m[K,
                 from [01m[K/home/vlad/ros2_ws/src/moveit2/moveit_core/distance_field/src/distance_field.cpp:41[m[K:
/opt/ros/foxy/include/octomap/OccupancyOcTreeBase.hxx: In instantiation of ‘[01m[Kvoid octomap::OccupancyOcTreeBase<NODE>::insertPointCloud(const octomap::Pointcloud&, const point3d&, const pose6d&, double, bool, bool) [with NODE = octomap::OcTreeNode; octomap::point3d = octomath::Vector3; octomap::pose6d = octomath::Pose6D][m[K’:
[01m[K/opt/ros/foxy/include/octomap/OccupancyOcTreeBase.hxx:105:8:[m[K   required from here
[01m[K/opt/ros/foxy/include/octomap/OccupancyOcTreeBase.hxx:109:31:[m[K [01;35m[Kwarning: [m[Kimplicitly-declared ‘[01m[Koctomath::Pose6D::Pose6D(const octomath::Pose6D&)[m[K’ is deprecated [[01;35m[K-Wdeprecated-copy[m[K]
  109 |     [01;35m[Ktransformed_scan.transform(frame_origin)[m[K;
      |     [01;35m[K~~~~~~~~~~~~~~~~~~~~~~~~~~^~~~~~~~~~~~~~[m[K
In file included from [01m[K/opt/ros/foxy/include/octomap/octomap_types.h:43[m[K,
                 from [01m[K/opt/ros/foxy/include/octomap/octomap.h:34[m[K,
                 from [01m[K/home/vlad/ros2_ws/src/moveit2/moveit_core/distance_field/src/distance_field.cpp:41[m[K:
[01m[K/opt/ros/foxy/include/octomap/math/Pose6D.h:71:13:[m[K [01;36m[Knote: [m[Kbecause ‘[01m[Koctomath::Pose6D[m[K’ has user-provided ‘[01m[Koctomath::Pose6D& octomath::Pose6D::operator=(const octomath::Pose6D&)[m[K’
   71 |     Pose6D& [01;36m[Koperator[m[K= (const Pose6D& other);
      |             [01;36m[K^~~~~~~~[m[K
In file included from [01m[K/opt/ros/foxy/include/octomap/octomap.h:35[m[K,
                 from [01m[K/home/vlad/ros2_ws/src/moveit2/moveit_core/distance_field/src/distance_field.cpp:41[m[K:
[01m[K/opt/ros/foxy/include/octomap/Pointcloud.h:78:27:[m[K [01;36m[Knote: [m[K  initializing argument 1 of ‘[01m[Kvoid octomap::Pointcloud::transform(octomap::pose6d)[m[K’
   78 |     void transform([01;36m[Kpose6d transform[m[K);
      |                    [01;36m[K~~~~~~~^~~~~~~~~[m[K
In file included from [01m[K/opt/ros/foxy/include/octomap/OccupancyOcTreeBase.h:506[m[K,
                 from [01m[K/opt/ros/foxy/include/octomap/OcTree.h:38[m[K,
                 from [01m[K/opt/ros/foxy/include/octomap/octomap.h:37[m[K,
                 from [01m[K/home/vlad/ros2_ws/src/moveit2/moveit_core/distance_field/src/distance_field.cpp:41[m[K:
/opt/ros/foxy/include/octomap/OccupancyOcTreeBase.hxx: In instantiation of ‘[01m[Kvoid octomap::OccupancyOcTreeBase<NODE>::insertPointCloud(const octomap::ScanNode&, double, bool, bool) [with NODE = octomap::OcTreeNode][m[K’:
[01m[K/opt/ros/foxy/include/octomap/OccupancyOcTreeBase.hxx:76:8:[m[K   required from here
[01m[K/opt/ros/foxy/include/octomap/OccupancyOcTreeBase.hxx:79:12:[m[K [01;35m[Kwarning: [m[Kimplicitly-declared ‘[01m[Koctomath::Pose6D::Pose6D(const octomath::Pose6D&)[m[K’ is deprecated [[01;35m[K-Wdeprecated-copy[m[K]
   79 |     pose6d [01;35m[Kframe_origin[m[K = scan.pose;
      |            [01;35m[K^~~~~~~~~~~~[m[K
In file included from [01m[K/opt/ros/foxy/include/octomap/octomap_types.h:43[m[K,
                 from [01m[K/opt/ros/foxy/include/octomap/octomap.h:34[m[K,
                 from [01m[K/home/vlad/ros2_ws/src/moveit2/moveit_core/distance_field/src/distance_field.cpp:41[m[K:
[01m[K/opt/ros/foxy/include/octomap/math/Pose6D.h:71:13:[m[K [01;36m[Knote: [m[Kbecause ‘[01m[Koctomath::Pose6D[m[K’ has user-provided ‘[01m[Koctomath::Pose6D& octomath::Pose6D::operator=(const octomath::Pose6D&)[m[K’
   71 |     Pose6D& [01;36m[Koperator[m[K= (const Pose6D& other);
      |             [01;36m[K^~~~~~~~[m[K
[ 15%] [32m[1mLinking CXX shared library libmoveit_kinematics_base.so[0m
In file included from [01m[K/opt/ros/foxy/include/octomap/OccupancyOcTreeBase.h:506[m[K,
                 from [01m[K/opt/ros/foxy/include/octomap/OcTree.h:38[m[K,
                 from [01m[K/opt/ros/foxy/include/octomap/octomap.h:37[m[K,
                 from [01m[K/home/vlad/ros2_ws/src/moveit2/moveit_core/distance_field/include/moveit/distance_field/propagation_distance_field.h:44[m[K,
                 from [01m[K/home/vlad/ros2_ws/src/moveit2/moveit_core/distance_field/src/propagation_distance_field.cpp:37[m[K:
/opt/ros/foxy/include/octomap/OccupancyOcTreeBase.hxx: In instantiation of ‘[01m[Kvoid octomap::OccupancyOcTreeBase<NODE>::insertPointCloud(const octomap::Pointcloud&, const point3d&, const pose6d&, double, bool, bool) [with NODE = octomap::OcTreeNode; octomap::point3d = octomath::Vector3; octomap::pose6d = octomath::Pose6D][m[K’:
[01m[K/opt/ros/foxy/include/octomap/OccupancyOcTreeBase.hxx:105:8:[m[K   required from here
[01m[K/opt/ros/foxy/include/octomap/OccupancyOcTreeBase.hxx:109:31:[m[K [01;35m[Kwarning: [m[Kimplicitly-declared ‘[01m[Koctomath::Pose6D::Pose6D(const octomath::Pose6D&)[m[K’ is deprecated [[01;35m[K-Wdeprecated-copy[m[K]
  109 |     [01;35m[Ktransformed_scan.transform(frame_origin)[m[K;
      |     [01;35m[K~~~~~~~~~~~~~~~~~~~~~~~~~~^~~~~~~~~~~~~~[m[K
In file included from [01m[K/opt/ros/foxy/include/octomap/octomap_types.h:43[m[K,
                 from [01m[K/opt/ros/foxy/include/octomap/octomap.h:34[m[K,
                 from [01m[K/home/vlad/ros2_ws/src/moveit2/moveit_core/distance_field/include/moveit/distance_field/propagation_distance_field.h:44[m[K,
                 from [01m[K/home/vlad/ros2_ws/src/moveit2/moveit_core/distance_field/src/propagation_distance_field.cpp:37[m[K:
[01m[K/opt/ros/foxy/include/octomap/math/Pose6D.h:71:13:[m[K [01;36m[Knote: [m[Kbecause ‘[01m[Koctomath::Pose6D[m[K’ has user-provided ‘[01m[Koctomath::Pose6D& octomath::Pose6D::operator=(const octomath::Pose6D&)[m[K’
   71 |     Pose6D& [01;36m[Koperator[m[K= (const Pose6D& other);
      |             [01;36m[K^~~~~~~~[m[K
In file included from [01m[K/opt/ros/foxy/include/octomap/octomap.h:35[m[K,
                 from [01m[K/home/vlad/ros2_ws/src/moveit2/moveit_core/distance_field/include/moveit/distance_field/propagation_distance_field.h:44[m[K,
                 from [01m[K/home/vlad/ros2_ws/src/moveit2/moveit_core/distance_field/src/propagation_distance_field.cpp:37[m[K:
[01m[K/opt/ros/foxy/include/octomap/Pointcloud.h:78:27:[m[K [01;36m[Knote: [m[K  initializing argument 1 of ‘[01m[Kvoid octomap::Pointcloud::transform(octomap::pose6d)[m[K’
   78 |     void transform([01;36m[Kpose6d transform[m[K);
      |                    [01;36m[K~~~~~~~^~~~~~~~~[m[K
In file included from [01m[K/opt/ros/foxy/include/octomap/OccupancyOcTreeBase.h:506[m[K,
                 from [01m[K/opt/ros/foxy/include/octomap/OcTree.h:38[m[K,
                 from [01m[K/opt/ros/foxy/include/octomap/octomap.h:37[m[K,
                 from [01m[K/home/vlad/ros2_ws/src/moveit2/moveit_core/distance_field/include/moveit/distance_field/propagation_distance_field.h:44[m[K,
                 from [01m[K/home/vlad/ros2_ws/src/moveit2/moveit_core/distance_field/src/propagation_distance_field.cpp:37[m[K:
/opt/ros/foxy/include/octomap/OccupancyOcTreeBase.hxx: In instantiation of ‘[01m[Kvoid octomap::OccupancyOcTreeBase<NODE>::insertPointCloud(const octomap::ScanNode&, double, bool, bool) [with NODE = octomap::OcTreeNode][m[K’:
[01m[K/opt/ros/foxy/include/octomap/OccupancyOcTreeBase.hxx:76:8:[m[K   required from here
[01m[K/opt/ros/foxy/include/octomap/OccupancyOcTreeBase.hxx:79:12:[m[K [01;35m[Kwarning: [m[Kimplicitly-declared ‘[01m[Koctomath::Pose6D::Pose6D(const octomath::Pose6D&)[m[K’ is deprecated [[01;35m[K-Wdeprecated-copy[m[K]
   79 |     pose6d [01;35m[Kframe_origin[m[K = scan.pose;
      |            [01;35m[K^~~~~~~~~~~~[m[K
In file included from [01m[K/opt/ros/foxy/include/octomap/octomap_types.h:43[m[K,
                 from [01m[K/opt/ros/foxy/include/octomap/octomap.h:34[m[K,
                 from [01m[K/home/vlad/ros2_ws/src/moveit2/moveit_core/distance_field/include/moveit/distance_field/propagation_distance_field.h:44[m[K,
                 from [01m[K/home/vlad/ros2_ws/src/moveit2/moveit_core/distance_field/src/propagation_distance_field.cpp:37[m[K:
[01m[K/opt/ros/foxy/include/octomap/math/Pose6D.h:71:13:[m[K [01;36m[Knote: [m[Kbecause ‘[01m[Koctomath::Pose6D[m[K’ has user-provided ‘[01m[Koctomath::Pose6D& octomath::Pose6D::operator=(const octomath::Pose6D&)[m[K’
   71 |     Pose6D& [01;36m[Koperator[m[K= (const Pose6D& other);
      |             [01;36m[K^~~~~~~~[m[K
[ 15%] Built target moveit_kinematics_base
[ 16%] [32m[1mLinking CXX shared library libmoveit_transforms.so[0m
[ 16%] Built target moveit_transforms
[ 17%] [32m[1mLinking CXX executable test_transforms[0m
[ 17%] Built target test_transforms
[ 17%] [32m[1mLinking CXX shared library libmoveit_distance_field.so[0m
[ 18%] [32m[1mLinking CXX shared library libmoveit_profiler.so[0m
[ 19%] Built target moveit_distance_field
[35m[1mScanning dependencies of target test_voxel_grid[0m
[35m[1mScanning dependencies of target test_distance_field[0m
[ 20%] [32mBuilding CXX object distance_field/CMakeFiles/test_voxel_grid.dir/test/test_voxel_grid.cpp.o[0m
[ 20%] [32mBuilding CXX object distance_field/CMakeFiles/test_distance_field.dir/test/test_distance_field.cpp.o[0m
[ 20%] Built target moveit_profiler
[35m[1mScanning dependencies of target moveit_robot_model[0m
[ 21%] [32mBuilding CXX object robot_model/CMakeFiles/moveit_robot_model.dir/src/floating_joint_model.cpp.o[0m
[ 22%] [32mBuilding CXX object robot_model/CMakeFiles/moveit_robot_model.dir/src/joint_model_group.cpp.o[0m
[ 22%] [32mBuilding CXX object robot_model/CMakeFiles/moveit_robot_model.dir/src/robot_model.cpp.o[0m
In file included from [01m[K/opt/ros/foxy/include/octomap/octomap.h:36[m[K,
                 from [01m[K/home/vlad/ros2_ws/src/moveit2/moveit_core/distance_field/include/moveit/distance_field/propagation_distance_field.h:44[m[K,
                 from [01m[K/home/vlad/ros2_ws/src/moveit2/moveit_core/distance_field/test/test_distance_field.cpp:40[m[K:
[01m[K/opt/ros/foxy/include/octomap/ScanGraph.h:[m[K In constructor ‘[01m[Koctomap::ScanNode::ScanNode(octomap::Pointcloud*, octomap::pose6d, unsigned int)[m[K’:
[01m[K/opt/ros/foxy/include/octomap/ScanGraph.h:57:41:[m[K [01;35m[Kwarning: [m[Kimplicitly-declared ‘[01m[Koctomath::Pose6D::Pose6D(const octomath::Pose6D&)[m[K’ is deprecated [[01;35m[K-Wdeprecated-copy[m[K]
   57 |       : scan(_scan), pose(_pose), id(_id[01;35m[K)[m[K {}
      |                                         [01;35m[K^[m[K
In file included from [01m[K/opt/ros/foxy/include/octomap/octomap_types.h:43[m[K,
                 from [01m[K/opt/ros/foxy/include/octomap/octomap.h:34[m[K,
                 from [01m[K/home/vlad/ros2_ws/src/moveit2/moveit_core/distance_field/include/moveit/distance_field/propagation_distance_field.h:44[m[K,
                 from [01m[K/home/vlad/ros2_ws/src/moveit2/moveit_core/distance_field/test/test_distance_field.cpp:40[m[K:
[01m[K/opt/ros/foxy/include/octomap/math/Pose6D.h:71:13:[m[K [01;36m[Knote: [m[Kbecause ‘[01m[Koctomath::Pose6D[m[K’ has user-provided ‘[01m[Koctomath::Pose6D& octomath::Pose6D::operator=(const octomath::Pose6D&)[m[K’
   71 |     Pose6D& [01;36m[Koperator[m[K= (const Pose6D& other);
      |             [01;36m[K^~~~~~~~[m[K
In file included from [01m[K/opt/ros/foxy/include/octomap/octomap.h:36[m[K,
                 from [01m[K/home/vlad/ros2_ws/src/moveit2/moveit_core/distance_field/include/moveit/distance_field/propagation_distance_field.h:44[m[K,
                 from [01m[K/home/vlad/ros2_ws/src/moveit2/moveit_core/distance_field/test/test_distance_field.cpp:40[m[K:
[01m[K/opt/ros/foxy/include/octomap/ScanGraph.h:[m[K In constructor ‘[01m[Koctomap::ScanEdge::ScanEdge(octomap::ScanNode*, octomap::ScanNode*, octomap::pose6d)[m[K’:
[01m[K/opt/ros/foxy/include/octomap/ScanGraph.h:87:76:[m[K [01;35m[Kwarning: [m[Kimplicitly-declared ‘[01m[Koctomath::Pose6D::Pose6D(const octomath::Pose6D&)[m[K’ is deprecated [[01;35m[K-Wdeprecated-copy[m[K]
   87 |       : first(_first), second(_second), constraint(_constraint), weight(1.0[01;35m[K)[m[K { }
      |                                                                            [01;35m[K^[m[K
In file included from [01m[K/opt/ros/foxy/include/octomap/octomap_types.h:43[m[K,
                 from [01m[K/opt/ros/foxy/include/octomap/octomap.h:34[m[K,
                 from [01m[K/home/vlad/ros2_ws/src/moveit2/moveit_core/distance_field/include/moveit/distance_field/propagation_distance_field.h:44[m[K,
                 from [01m[K/home/vlad/ros2_ws/src/moveit2/moveit_core/distance_field/test/test_distance_field.cpp:40[m[K:
[01m[K/opt/ros/foxy/include/octomap/math/Pose6D.h:71:13:[m[K [01;36m[Knote: [m[Kbecause ‘[01m[Koctomath::Pose6D[m[K’ has user-provided ‘[01m[Koctomath::Pose6D& octomath::Pose6D::operator=(const octomath::Pose6D&)[m[K’
   71 |     Pose6D& [01;36m[Koperator[m[K= (const Pose6D& other);
      |             [01;36m[K^~~~~~~~[m[K
[ 23%] [32m[1mLinking CXX executable test_voxel_grid[0m
[ 23%] Built target test_voxel_grid
In file included from [01m[K/opt/ros/foxy/include/octomap/OccupancyOcTreeBase.h:506[m[K,
                 from [01m[K/opt/ros/foxy/include/octomap/OcTree.h:38[m[K,
                 from [01m[K/opt/ros/foxy/include/octomap/octomap.h:37[m[K,
                 from [01m[K/home/vlad/ros2_ws/src/moveit2/moveit_core/distance_field/include/moveit/distance_field/propagation_distance_field.h:44[m[K,
                 from [01m[K/home/vlad/ros2_ws/src/moveit2/moveit_core/distance_field/test/test_distance_field.cpp:40[m[K:
/opt/ros/foxy/include/octomap/OccupancyOcTreeBase.hxx: In instantiation of ‘[01m[Kvoid octomap::OccupancyOcTreeBase<NODE>::insertPointCloud(const octomap::Pointcloud&, const point3d&, const pose6d&, double, bool, bool) [with NODE = octomap::OcTreeNode; octomap::point3d = octomath::Vector3; octomap::pose6d = octomath::Pose6D][m[K’:
[01m[K/opt/ros/foxy/include/octomap/OccupancyOcTreeBase.hxx:105:8:[m[K   required from here
[01m[K/opt/ros/foxy/include/octomap/OccupancyOcTreeBase.hxx:109:31:[m[K [01;35m[Kwarning: [m[Kimplicitly-declared ‘[01m[Koctomath::Pose6D::Pose6D(const octomath::Pose6D&)[m[K’ is deprecated [[01;35m[K-Wdeprecated-copy[m[K]
  109 |     [01;35m[Ktransformed_scan.transform(frame_origin)[m[K;
      |     [01;35m[K~~~~~~~~~~~~~~~~~~~~~~~~~~^~~~~~~~~~~~~~[m[K
In file included from [01m[K/opt/ros/foxy/include/octomap/octomap_types.h:43[m[K,
                 from [01m[K/opt/ros/foxy/include/octomap/octomap.h:34[m[K,
                 from [01m[K/home/vlad/ros2_ws/src/moveit2/moveit_core/distance_field/include/moveit/distance_field/propagation_distance_field.h:44[m[K,
                 from [01m[K/home/vlad/ros2_ws/src/moveit2/moveit_core/distance_field/test/test_distance_field.cpp:40[m[K:
[01m[K/opt/ros/foxy/include/octomap/math/Pose6D.h:71:13:[m[K [01;36m[Knote: [m[Kbecause ‘[01m[Koctomath::Pose6D[m[K’ has user-provided ‘[01m[Koctomath::Pose6D& octomath::Pose6D::operator=(const octomath::Pose6D&)[m[K’
   71 |     Pose6D& [01;36m[Koperator[m[K= (const Pose6D& other);
      |             [01;36m[K^~~~~~~~[m[K
In file included from [01m[K/opt/ros/foxy/include/octomap/octomap.h:35[m[K,
                 from [01m[K/home/vlad/ros2_ws/src/moveit2/moveit_core/distance_field/include/moveit/distance_field/propagation_distance_field.h:44[m[K,
                 from [01m[K/home/vlad/ros2_ws/src/moveit2/moveit_core/distance_field/test/test_distance_field.cpp:40[m[K:
[01m[K/opt/ros/foxy/include/octomap/Pointcloud.h:78:27:[m[K [01;36m[Knote: [m[K  initializing argument 1 of ‘[01m[Kvoid octomap::Pointcloud::transform(octomap::pose6d)[m[K’
   78 |     void transform([01;36m[Kpose6d transform[m[K);
      |                    [01;36m[K~~~~~~~^~~~~~~~~[m[K
In file included from [01m[K/opt/ros/foxy/include/octomap/OccupancyOcTreeBase.h:506[m[K,
                 from [01m[K/opt/ros/foxy/include/octomap/OcTree.h:38[m[K,
                 from [01m[K/opt/ros/foxy/include/octomap/octomap.h:37[m[K,
                 from [01m[K/home/vlad/ros2_ws/src/moveit2/moveit_core/distance_field/include/moveit/distance_field/propagation_distance_field.h:44[m[K,
                 from [01m[K/home/vlad/ros2_ws/src/moveit2/moveit_core/distance_field/test/test_distance_field.cpp:40[m[K:
/opt/ros/foxy/include/octomap/OccupancyOcTreeBase.hxx: In instantiation of ‘[01m[Kvoid octomap::OccupancyOcTreeBase<NODE>::insertPointCloud(const octomap::ScanNode&, double, bool, bool) [with NODE = octomap::OcTreeNode][m[K’:
[01m[K/opt/ros/foxy/include/octomap/OccupancyOcTreeBase.hxx:76:8:[m[K   required from here
[01m[K/opt/ros/foxy/include/octomap/OccupancyOcTreeBase.hxx:79:12:[m[K [01;35m[Kwarning: [m[Kimplicitly-declared ‘[01m[Koctomath::Pose6D::Pose6D(const octomath::Pose6D&)[m[K’ is deprecated [[01;35m[K-Wdeprecated-copy[m[K]
   79 |     pose6d [01;35m[Kframe_origin[m[K = scan.pose;
      |            [01;35m[K^~~~~~~~~~~~[m[K
In file included from [01m[K/opt/ros/foxy/include/octomap/octomap_types.h:43[m[K,
                 from [01m[K/opt/ros/foxy/include/octomap/octomap.h:34[m[K,
                 from [01m[K/home/vlad/ros2_ws/src/moveit2/moveit_core/distance_field/include/moveit/distance_field/propagation_distance_field.h:44[m[K,
                 from [01m[K/home/vlad/ros2_ws/src/moveit2/moveit_core/distance_field/test/test_distance_field.cpp:40[m[K:
[01m[K/opt/ros/foxy/include/octomap/math/Pose6D.h:71:13:[m[K [01;36m[Knote: [m[Kbecause ‘[01m[Koctomath::Pose6D[m[K’ has user-provided ‘[01m[Koctomath::Pose6D& octomath::Pose6D::operator=(const octomath::Pose6D&)[m[K’
   71 |     Pose6D& [01;36m[Koperator[m[K= (const Pose6D& other);
      |             [01;36m[K^~~~~~~~[m[K
[ 24%] [32m[1mLinking CXX executable test_distance_field[0m
[ 24%] Built target test_distance_field
[ 25%] [32m[1mLinking CXX shared library libmoveit_robot_model.so[0m
[ 30%] Built target moveit_robot_model
[35m[1mScanning dependencies of target moveit_test_utils[0m
[35m[1mScanning dependencies of target moveit_robot_state[0m
[ 31%] [32mBuilding CXX object utils/CMakeFiles/moveit_test_utils.dir/src/robot_model_test_utils.cpp.o[0m
[ 31%] [32mBuilding CXX object robot_state/CMakeFiles/moveit_robot_state.dir/src/robot_state.cpp.o[0m
[ 33%] [32mBuilding CXX object robot_state/CMakeFiles/moveit_robot_state.dir/src/conversions.cpp.o[0m
[ 33%] [32mBuilding CXX object robot_state/CMakeFiles/moveit_robot_state.dir/src/cartesian_interpolator.cpp.o[0m
[ 34%] [32m[1mLinking CXX shared library libmoveit_test_utils.so[0m
[ 34%] Built target moveit_test_utils
[ 35%] [32m[1mLinking CXX executable test_robot_model[0m
[ 36%] Built target test_robot_model
[ 37%] [32m[1mLinking CXX shared library libmoveit_robot_state.so[0m
[ 38%] Built target moveit_robot_state
[35m[1mScanning dependencies of target test_robot_state_complex[0m
[35m[1mScanning dependencies of target test_robot_state_benchmark[0m
[35m[1mScanning dependencies of target test_cartesian_interpolator[0m
[35m[1mScanning dependencies of target moveit_kinematics_metrics[0m
[35m[1mScanning dependencies of target test_aabb[0m
[35m[1mScanning dependencies of target test_robot_state[0m
[35m[1mScanning dependencies of target moveit_dynamics_solver[0m
[35m[1mScanning dependencies of target moveit_collision_detection[0m
[ 39%] [32m[1mLinking CXX shared library libmoveit_robot_trajectory.so[0m
[ 40%] [32mBuilding CXX object robot_state/CMakeFiles/test_robot_state.dir/test/robot_state_test.cpp.o[0m
[ 41%] [32mBuilding CXX object robot_state/CMakeFiles/test_cartesian_interpolator.dir/test/test_cartesian_interpolator.cpp.o[0m
[ 42%] [32mBuilding CXX object kinematics_metrics/CMakeFiles/moveit_kinematics_metrics.dir/src/kinematics_metrics.cpp.o[0m
[ 43%] [32mBuilding CXX object robot_state/CMakeFiles/test_robot_state_benchmark.dir/test/robot_state_benchmark.cpp.o[0m
[ 43%] [32mBuilding CXX object robot_state/CMakeFiles/test_robot_state_complex.dir/test/test_kinematic_complex.cpp.o[0m
[ 44%] [32mBuilding CXX object dynamics_solver/CMakeFiles/moveit_dynamics_solver.dir/src/dynamics_solver.cpp.o[0m
[ 45%] [32mBuilding CXX object robot_state/CMakeFiles/test_aabb.dir/test/test_aabb.cpp.o[0m
[ 46%] [32mBuilding CXX object collision_detection/CMakeFiles/moveit_collision_detection.dir/src/allvalid/collision_env_allvalid.cpp.o[0m
[ 47%] [32mBuilding CXX object collision_detection/CMakeFiles/moveit_collision_detection.dir/src/collision_common.cpp.o[0m
[ 47%] [32mBuilding CXX object collision_detection/CMakeFiles/moveit_collision_detection.dir/src/collision_octomap_filter.cpp.o[0m
[ 48%] [32mBuilding CXX object collision_detection/CMakeFiles/moveit_collision_detection.dir/src/collision_matrix.cpp.o[0m
[ 48%] Built target moveit_robot_trajectory
[ 48%] [32m[1mLinking CXX shared library libmoveit_trajectory_processing.so[0m
[ 51%] Built target moveit_trajectory_processing
[35m[1mScanning dependencies of target test_robot_trajectory[0m
[ 52%] [32mBuilding CXX object robot_trajectory/CMakeFiles/test_robot_trajectory.dir/test/test_robot_trajectory.cpp.o[0m
[ 53%] [32mBuilding CXX object collision_detection/CMakeFiles/moveit_collision_detection.dir/src/collision_tools.cpp.o[0m
[ 54%] [32mBuilding CXX object collision_detection/CMakeFiles/moveit_collision_detection.dir/src/world.cpp.o[0m
[ 55%] [32m[1mLinking CXX shared library libmoveit_dynamics_solver.so[0m
[ 56%] [32m[1mLinking CXX executable test_cartesian_interpolator[0m
[ 56%] Built target test_cartesian_interpolator
[ 57%] [32m[1mLinking CXX executable test_time_optimal_trajectory_generation[0m
[35m[1mScanning dependencies of target test_time_parameterization[0m
[ 57%] Built target moveit_dynamics_solver
[ 58%] [32mBuilding CXX object trajectory_processing/CMakeFiles/test_time_parameterization.dir/test/test_time_parameterization.cpp.o[0m
[35m[1mScanning dependencies of target moveit_planning_interface[0m
[ 59%] [32mBuilding CXX object planning_interface/CMakeFiles/moveit_planning_interface.dir/src/planning_interface.cpp.o[0m
[ 59%] Built target test_time_optimal_trajectory_generation
[ 60%] [32mBuilding CXX object planning_interface/CMakeFiles/moveit_planning_interface.dir/src/planning_response.cpp.o[0m
[ 60%] [32mBuilding CXX object collision_detection/CMakeFiles/moveit_collision_detection.dir/src/collision_env.cpp.o[0m
[ 61%] [32m[1mLinking CXX executable test_robot_state_benchmark[0m
[ 62%] [32m[1mLinking CXX executable test_aabb[0m
[ 62%] Built target test_robot_state_benchmark
[ 62%] Built target test_aabb
[ 62%] [32m[1mLinking CXX executable test_robot_state[0m
[ 63%] [32m[1mLinking CXX executable test_robot_trajectory[0m
[ 63%] Built target test_robot_state
[ 63%] Built target test_robot_trajectory
[ 64%] [32m[1mLinking CXX executable test_robot_state_complex[0m
[ 64%] Built target test_robot_state_complex
[ 65%] [32m[1mLinking CXX executable test_time_parameterization[0m
[ 65%] Built target test_time_parameterization
[ 66%] [32m[1mLinking CXX shared library libmoveit_collision_detection.so[0m
[ 67%] Built target moveit_collision_detection
[35m[1mScanning dependencies of target test_all_valid[0m
[ 68%] [32m[1mLinking CXX executable test_world[0m
[ 69%] [32m[1mLinking CXX executable test_world_diff[0m
[ 70%] [32m[1mLinking CXX shared library libmoveit_collision_detection_fcl.so[0m
[ 70%] [32mBuilding CXX object collision_detection/CMakeFiles/test_all_valid.dir/test/test_all_valid.cpp.o[0m
[ 70%] Built target test_world
[ 71%] Built target test_world_diff
[ 72%] Built target moveit_collision_detection_fcl
[35m[1mScanning dependencies of target test_fcl_collision_env[0m
[35m[1mScanning dependencies of target test_fcl_collision_detection[0m
[35m[1mScanning dependencies of target test_fcl_collision_detection_panda[0m
[ 72%] [32m[1mLinking CXX shared library libmoveit_kinematic_constraints.so[0m
[ 73%] [32mBuilding CXX object collision_detection_fcl/CMakeFiles/test_fcl_collision_env.dir/test/test_fcl_env.cpp.o[0m
[ 74%] [32mBuilding CXX object collision_detection_fcl/CMakeFiles/test_fcl_collision_detection_panda.dir/test/test_fcl_collision_detection_panda.cpp.o[0m
[ 75%] [32mBuilding CXX object collision_detection_fcl/CMakeFiles/test_fcl_collision_detection.dir/test/test_fcl_collision_detection_pr2.cpp.o[0m
[ 76%] [32m[1mLinking CXX shared library libmoveit_planning_interface.so[0m
[ 76%] Built target moveit_planning_interface
[ 78%] Built target moveit_kinematic_constraints
[35m[1mScanning dependencies of target moveit_planning_scene[0m
[35m[1mScanning dependencies of target test_constraints[0m
[ 79%] [32mBuilding CXX object planning_scene/CMakeFiles/moveit_planning_scene.dir/src/planning_scene.cpp.o[0m
[ 80%] [32mBuilding CXX object kinematic_constraints/CMakeFiles/test_constraints.dir/test/test_constraints.cpp.o[0m
[ 80%] [32m[1mLinking CXX shared library libmoveit_kinematics_metrics.so[0m
[ 80%] Built target moveit_kinematics_metrics
[ 81%] [32m[1mLinking CXX executable test_all_valid[0m
[ 81%] Built target test_all_valid
[ 81%] [32m[1mLinking CXX executable test_fcl_collision_env[0m
[ 81%] Built target test_fcl_collision_env
[ 82%] [32m[1mLinking CXX executable test_fcl_collision_detection_panda[0m
[ 82%] [32m[1mLinking CXX executable test_fcl_collision_detection[0m
[ 82%] Built target test_fcl_collision_detection_panda
[ 82%] Built target test_fcl_collision_detection
[ 83%] [32m[1mLinking CXX executable test_constraints[0m
[ 83%] Built target test_constraints
[ 83%] [32m[1mLinking CXX shared library libmoveit_planning_scene.so[0m
[ 83%] Built target moveit_planning_scene
[35m[1mScanning dependencies of target test_planning_scene[0m
[35m[1mScanning dependencies of target test_multi_threaded[0m
[35m[1mScanning dependencies of target moveit_collision_distance_field[0m
[35m[1mScanning dependencies of target moveit_constraint_samplers[0m
[ 84%] [32m[1mLinking CXX shared library libcollision_detector_fcl_plugin.so[0m
[ 85%] [32m[1mLinking CXX shared library libmoveit_planning_request_adapter.so[0m
[ 86%] [32mBuilding CXX object planning_scene/CMakeFiles/test_planning_scene.dir/test/test_planning_scene.cpp.o[0m
[ 87%] [32mBuilding CXX object planning_scene/CMakeFiles/test_multi_threaded.dir/test/test_multi_threaded.cpp.o[0m
[ 88%] [32mBuilding CXX object constraint_samplers/CMakeFiles/moveit_constraint_samplers.dir/src/constraint_sampler.cpp.o[0m
[ 89%] [32mBuilding CXX object constraint_samplers/CMakeFiles/moveit_constraint_samplers.dir/src/constraint_sampler_tools.cpp.o[0m
[ 90%] [32mBuilding CXX object constraint_samplers/CMakeFiles/moveit_constraint_samplers.dir/src/default_constraint_samplers.cpp.o[0m
[ 90%] [32mBuilding CXX object constraint_samplers/CMakeFiles/moveit_constraint_samplers.dir/src/constraint_sampler_manager.cpp.o[0m
[ 91%] [32mBuilding CXX object constraint_samplers/CMakeFiles/moveit_constraint_samplers.dir/src/union_constraint_sampler.cpp.o[0m
[ 92%] [32mBuilding CXX object collision_distance_field/CMakeFiles/moveit_collision_distance_field.dir/src/collision_distance_field_types.cpp.o[0m
[ 93%] [32mBuilding CXX object collision_distance_field/CMakeFiles/moveit_collision_distance_field.dir/src/collision_common_distance_field.cpp.o[0m
[ 93%] [32mBuilding CXX object collision_distance_field/CMakeFiles/moveit_collision_distance_field.dir/src/collision_env_distance_field.cpp.o[0m
[ 93%] Built target collision_detector_fcl_plugin
[ 94%] [32mBuilding CXX object collision_distance_field/CMakeFiles/moveit_collision_distance_field.dir/src/collision_env_hybrid.cpp.o[0m
[ 94%] Built target moveit_planning_request_adapter
[ 95%] [32m[1mLinking CXX executable test_multi_threaded[0m
[ 95%] Built target test_multi_threaded
[ 95%] [32m[1mLinking CXX executable test_planning_scene[0m
[ 95%] Built target test_planning_scene
[ 95%] [32m[1mLinking CXX shared library libmoveit_constraint_samplers.so[0m
[ 95%] Built target moveit_constraint_samplers
[35m[1mScanning dependencies of target test_constraint_samplers[0m
[ 97%] [32mBuilding CXX object constraint_samplers/CMakeFiles/test_constraint_samplers.dir/test/pr2_arm_ik.cpp.o[0m
[ 97%] [32mBuilding CXX object constraint_samplers/CMakeFiles/test_constraint_samplers.dir/test/pr2_arm_kinematics_plugin.cpp.o[0m
[ 97%] [32mBuilding CXX object constraint_samplers/CMakeFiles/test_constraint_samplers.dir/test/test_constraint_samplers.cpp.o[0m
[ 98%] [32m[1mLinking CXX shared library libmoveit_collision_distance_field.so[0m
[ 98%] Built target moveit_collision_distance_field
[35m[1mScanning dependencies of target test_collision_distance_field[0m
[ 98%] [32mBuilding CXX object collision_distance_field/CMakeFiles/test_collision_distance_field.dir/test/test_collision_distance_field.cpp.o[0m
[ 99%] [32m[1mLinking CXX executable test_constraint_samplers[0m
[ 99%] Built target test_constraint_samplers
[100%] [32m[1mLinking CXX executable test_collision_distance_field[0m
[100%] Built target test_collision_distance_field
-- Install configuration: "Release"
-- Up-to-date: /home/vlad/ros2_ws/install/moveit_core/share/moveit_core/collision_detector_fcl_description.xml
-- Up-to-date: /home/vlad/ros2_ws/install/moveit_core/include/moveit/version.h
-- Up-to-date: /home/vlad/ros2_ws/install/moveit_core/share/moveit_core/environment/library_path.sh
-- Up-to-date: /home/vlad/ros2_ws/install/moveit_core/share/moveit_core/environment/library_path.dsv
-- Up-to-date: /home/vlad/ros2_ws/install/moveit_core/share/ament_index/resource_index/package_run_dependencies/moveit_core
-- Up-to-date: /home/vlad/ros2_ws/install/moveit_core/share/ament_index/resource_index/parent_prefix_path/moveit_core
-- Up-to-date: /home/vlad/ros2_ws/install/moveit_core/share/moveit_core/environment/ament_prefix_path.dsv
-- Up-to-date: /home/vlad/ros2_ws/install/moveit_core/share/moveit_core/environment/path.dsv
-- Up-to-date: /home/vlad/ros2_ws/install/moveit_core/share/moveit_core/local_setup.bash
-- Up-to-date: /home/vlad/ros2_ws/install/moveit_core/share/moveit_core/local_setup.sh
-- Up-to-date: /home/vlad/ros2_ws/install/moveit_core/share/moveit_core/local_setup.zsh
-- Up-to-date: /home/vlad/ros2_ws/install/moveit_core/share/moveit_core/local_setup.dsv
-- Installing: /home/vlad/ros2_ws/install/moveit_core/share/moveit_core/package.dsv
-- Up-to-date: /home/vlad/ros2_ws/install/moveit_core/share/ament_index/resource_index/packages/moveit_core
-- Up-to-date: /home/vlad/ros2_ws/install/moveit_core/share/ament_index/resource_index/moveit_core__pluginlib__plugin/moveit_core
-- Up-to-date: /home/vlad/ros2_ws/install/moveit_core/share/moveit_core/cmake/ament_cmake_export_include_directories-extras.cmake
-- Up-to-date: /home/vlad/ros2_ws/install/moveit_core/share/moveit_core/cmake/ament_cmake_export_libraries-extras.cmake
-- Up-to-date: /home/vlad/ros2_ws/install/moveit_core/share/moveit_core/cmake/ament_cmake_export_dependencies-extras.cmake
-- Up-to-date: /home/vlad/ros2_ws/install/moveit_core/share/moveit_core/cmake/moveit_coreConfig.cmake
-- Up-to-date: /home/vlad/ros2_ws/install/moveit_core/share/moveit_core/cmake/moveit_coreConfig-version.cmake
-- Up-to-date: /home/vlad/ros2_ws/install/moveit_core/share/moveit_core/package.xml
-- Up-to-date: /home/vlad/ros2_ws/install/moveit_core/bin/moveit_version
-- Up-to-date: /home/vlad/ros2_ws/install/moveit_core/include
-- Up-to-date: /home/vlad/ros2_ws/install/moveit_core/include/moveit
-- Up-to-date: /home/vlad/ros2_ws/install/moveit_core/include/moveit/macros
-- Up-to-date: /home/vlad/ros2_ws/install/moveit_core/include/moveit/macros/class_forward.h
-- Up-to-date: /home/vlad/ros2_ws/install/moveit_core/include/moveit/macros/console_colors.h
-- Up-to-date: /home/vlad/ros2_ws/install/moveit_core/include/moveit/macros/declare_ptr.h
-- Up-to-date: /home/vlad/ros2_ws/install/moveit_core/include/moveit/macros/deprecation.h
-- Up-to-date: /home/vlad/ros2_ws/install/moveit_core/include
-- Up-to-date: /home/vlad/ros2_ws/install/moveit_core/include/moveit
-- Up-to-date: /home/vlad/ros2_ws/install/moveit_core/include/moveit/backtrace
-- Up-to-date: /home/vlad/ros2_ws/install/moveit_core/include/moveit/backtrace/backtrace.h
-- Up-to-date: /home/vlad/ros2_ws/install/moveit_core/lib/libmoveit_exceptions.so.2.0.0
-- Up-to-date: /home/vlad/ros2_ws/install/moveit_core/lib/libmoveit_exceptions.so
-- Up-to-date: /home/vlad/ros2_ws/install/moveit_core/include
-- Up-to-date: /home/vlad/ros2_ws/install/moveit_core/include/moveit
-- Up-to-date: /home/vlad/ros2_ws/install/moveit_core/include/moveit/exceptions
-- Up-to-date: /home/vlad/ros2_ws/install/moveit_core/include/moveit/exceptions/exceptions.h
-- Installing: /home/vlad/ros2_ws/install/moveit_core/lib/libmoveit_profiler.so.2.0.0
-- Set runtime path of "/home/vlad/ros2_ws/install/moveit_core/lib/libmoveit_profiler.so.2.0.0" to ""
-- Up-to-date: /home/vlad/ros2_ws/install/moveit_core/lib/libmoveit_profiler.so
-- Up-to-date: /home/vlad/ros2_ws/install/moveit_core/include
-- Up-to-date: /home/vlad/ros2_ws/install/moveit_core/include/moveit
-- Up-to-date: /home/vlad/ros2_ws/install/moveit_core/include/moveit/profiler
-- Up-to-date: /home/vlad/ros2_ws/install/moveit_core/include/moveit/profiler/profiler.h
-- Up-to-date: /home/vlad/ros2_ws/install/moveit_core/lib/libmoveit_utils.so.2.0.0
-- Up-to-date: /home/vlad/ros2_ws/install/moveit_core/lib/libmoveit_utils.so
-- Up-to-date: /home/vlad/ros2_ws/install/moveit_core/include
-- Up-to-date: /home/vlad/ros2_ws/install/moveit_core/include/moveit
-- Up-to-date: /home/vlad/ros2_ws/install/moveit_core/include/moveit/utils
-- Up-to-date: /home/vlad/ros2_ws/install/moveit_core/include/moveit/utils/lexical_casts.h
-- Up-to-date: /home/vlad/ros2_ws/install/moveit_core/include/moveit/utils/rclcpp_utils.h
-- Up-to-date: /home/vlad/ros2_ws/install/moveit_core/include/moveit/utils/message_checks.h
-- Up-to-date: /home/vlad/ros2_ws/install/moveit_core/include/moveit/utils/robot_model_test_utils.h
-- Up-to-date: /home/vlad/ros2_ws/install/moveit_core/share/moveit_core/environment/library_path.sh
-- Up-to-date: /home/vlad/ros2_ws/install/moveit_core/share/moveit_core/environment/library_path.dsv
-- Installing: /home/vlad/ros2_ws/install/moveit_core/lib/libmoveit_test_utils.so.2.0.0
-- Set runtime path of "/home/vlad/ros2_ws/install/moveit_core/lib/libmoveit_test_utils.so.2.0.0" to ""
-- Up-to-date: /home/vlad/ros2_ws/install/moveit_core/lib/libmoveit_test_utils.so
-- Up-to-date: /home/vlad/ros2_ws/install/moveit_core/lib/libmoveit_background_processing.so.2.0.0
-- Up-to-date: /home/vlad/ros2_ws/install/moveit_core/lib/libmoveit_background_processing.so
-- Up-to-date: /home/vlad/ros2_ws/install/moveit_core/include
-- Up-to-date: /home/vlad/ros2_ws/install/moveit_core/include/moveit
-- Up-to-date: /home/vlad/ros2_ws/install/moveit_core/include/moveit/background_processing
-- Up-to-date: /home/vlad/ros2_ws/install/moveit_core/include/moveit/background_processing/background_processing.h
-- Installing: /home/vlad/ros2_ws/install/moveit_core/lib/libmoveit_robot_model.so.2.0.0
-- Set runtime path of "/home/vlad/ros2_ws/install/moveit_core/lib/libmoveit_robot_model.so.2.0.0" to ""
-- Up-to-date: /home/vlad/ros2_ws/install/moveit_core/lib/libmoveit_robot_model.so
-- Up-to-date: /home/vlad/ros2_ws/install/moveit_core/include
-- Up-to-date: /home/vlad/ros2_ws/install/moveit_core/include/moveit
-- Up-to-date: /home/vlad/ros2_ws/install/moveit_core/include/moveit/robot_model
-- Up-to-date: /home/vlad/ros2_ws/install/moveit_core/include/moveit/robot_model/aabb.h
-- Up-to-date: /home/vlad/ros2_ws/install/moveit_core/include/moveit/robot_model/fixed_joint_model.h
-- Up-to-date: /home/vlad/ros2_ws/install/moveit_core/include/moveit/robot_model/joint_model_group.h
-- Up-to-date: /home/vlad/ros2_ws/install/moveit_core/include/moveit/robot_model/planar_joint_model.h
-- Up-to-date: /home/vlad/ros2_ws/install/moveit_core/include/moveit/robot_model/joint_model.h
-- Up-to-date: /home/vlad/ros2_ws/install/moveit_core/include/moveit/robot_model/prismatic_joint_model.h
-- Up-to-date: /home/vlad/ros2_ws/install/moveit_core/include/moveit/robot_model/link_model.h
-- Up-to-date: /home/vlad/ros2_ws/install/moveit_core/include/moveit/robot_model/revolute_joint_model.h
-- Up-to-date: /home/vlad/ros2_ws/install/moveit_core/include/moveit/robot_model/floating_joint_model.h
-- Up-to-date: /home/vlad/ros2_ws/install/moveit_core/include/moveit/robot_model/robot_model.h
-- Installing: /home/vlad/ros2_ws/install/moveit_core/lib/libmoveit_collision_detection.so.2.0.0
-- Set runtime path of "/home/vlad/ros2_ws/install/moveit_core/lib/libmoveit_collision_detection.so.2.0.0" to ""
-- Up-to-date: /home/vlad/ros2_ws/install/moveit_core/lib/libmoveit_collision_detection.so
-- Up-to-date: /home/vlad/ros2_ws/install/moveit_core/include
-- Up-to-date: /home/vlad/ros2_ws/install/moveit_core/include/moveit
-- Up-to-date: /home/vlad/ros2_ws/install/moveit_core/include/moveit/collision_detection
-- Up-to-date: /home/vlad/ros2_ws/install/moveit_core/include/moveit/collision_detection/collision_env.h
-- Up-to-date: /home/vlad/ros2_ws/install/moveit_core/include/moveit/collision_detection/collision_matrix.h
-- Up-to-date: /home/vlad/ros2_ws/install/moveit_core/include/moveit/collision_detection/collision_common.h
-- Up-to-date: /home/vlad/ros2_ws/install/moveit_core/include/moveit/collision_detection/collision_octomap_filter.h
-- Up-to-date: /home/vlad/ros2_ws/install/moveit_core/include/moveit/collision_detection/collision_detector_allocator.h
-- Up-to-date: /home/vlad/ros2_ws/install/moveit_core/include/moveit/collision_detection/collision_plugin.h
-- Up-to-date: /home/vlad/ros2_ws/install/moveit_core/include/moveit/collision_detection/collision_tools.h
-- Up-to-date: /home/vlad/ros2_ws/install/moveit_core/include/moveit/collision_detection/test_collision_common_panda.h
-- Up-to-date: /home/vlad/ros2_ws/install/moveit_core/include/moveit/collision_detection/test_collision_common_pr2.h
-- Up-to-date: /home/vlad/ros2_ws/install/moveit_core/include/moveit/collision_detection/world.h
-- Up-to-date: /home/vlad/ros2_ws/install/moveit_core/include/moveit/collision_detection/allvalid
-- Up-to-date: /home/vlad/ros2_ws/install/moveit_core/include/moveit/collision_detection/allvalid/collision_detector_allocator_allvalid.h
-- Up-to-date: /home/vlad/ros2_ws/install/moveit_core/include/moveit/collision_detection/allvalid/collision_env_allvalid.h
-- Up-to-date: /home/vlad/ros2_ws/install/moveit_core/include/moveit/collision_detection/world_diff.h
-- Installing: /home/vlad/ros2_ws/install/moveit_core/lib/libmoveit_kinematics_base.so.2.0.0
-- Set runtime path of "/home/vlad/ros2_ws/install/moveit_core/lib/libmoveit_kinematics_base.so.2.0.0" to ""
-- Up-to-date: /home/vlad/ros2_ws/install/moveit_core/lib/libmoveit_kinematics_base.so
-- Up-to-date: /home/vlad/ros2_ws/install/moveit_core/include
-- Up-to-date: /home/vlad/ros2_ws/install/moveit_core/include/moveit
-- Up-to-date: /home/vlad/ros2_ws/install/moveit_core/include/moveit/kinematics_base
-- Up-to-date: /home/vlad/ros2_ws/install/moveit_core/include/moveit/kinematics_base/kinematics_base.h
-- Installing: /home/vlad/ros2_ws/install/moveit_core/lib/libmoveit_transforms.so.2.0.0
-- Set runtime path of "/home/vlad/ros2_ws/install/moveit_core/lib/libmoveit_transforms.so.2.0.0" to ""
-- Up-to-date: /home/vlad/ros2_ws/install/moveit_core/lib/libmoveit_transforms.so
-- Up-to-date: /home/vlad/ros2_ws/install/moveit_core/include
-- Up-to-date: /home/vlad/ros2_ws/install/moveit_core/include/moveit
-- Up-to-date: /home/vlad/ros2_ws/install/moveit_core/include/moveit/transforms
-- Up-to-date: /home/vlad/ros2_ws/install/moveit_core/include/moveit/transforms/transforms.h
-- Installing: /home/vlad/ros2_ws/install/moveit_core/lib/libmoveit_robot_state.so.2.0.0
-- Set runtime path of "/home/vlad/ros2_ws/install/moveit_core/lib/libmoveit_robot_state.so.2.0.0" to ""
-- Up-to-date: /home/vlad/ros2_ws/install/moveit_core/lib/libmoveit_robot_state.so
-- Up-to-date: /home/vlad/ros2_ws/install/moveit_core/include
-- Up-to-date: /home/vlad/ros2_ws/install/moveit_core/include/moveit
-- Up-to-date: /home/vlad/ros2_ws/install/moveit_core/include/moveit/robot_state
-- Up-to-date: /home/vlad/ros2_ws/install/moveit_core/include/moveit/robot_state/attached_body.h
-- Up-to-date: /home/vlad/ros2_ws/install/moveit_core/include/moveit/robot_state/conversions.h
-- Up-to-date: /home/vlad/ros2_ws/install/moveit_core/include/moveit/robot_state/cartesian_interpolator.h
-- Up-to-date: /home/vlad/ros2_ws/install/moveit_core/include/moveit/robot_state/robot_state.h
-- Installing: /home/vlad/ros2_ws/install/moveit_core/lib/libmoveit_collision_detection_fcl.so.2.0.0
-- Set runtime path of "/home/vlad/ros2_ws/install/moveit_core/lib/libmoveit_collision_detection_fcl.so.2.0.0" to ""
-- Up-to-date: /home/vlad/ros2_ws/install/moveit_core/lib/libmoveit_collision_detection_fcl.so
-- Installing: /home/vlad/ros2_ws/install/moveit_core/lib/libcollision_detector_fcl_plugin.so.2.0.0
-- Set runtime path of "/home/vlad/ros2_ws/install/moveit_core/lib/libcollision_detector_fcl_plugin.so.2.0.0" to ""
-- Up-to-date: /home/vlad/ros2_ws/install/moveit_core/lib/libcollision_detector_fcl_plugin.so
-- Up-to-date: /home/vlad/ros2_ws/install/moveit_core/include
-- Up-to-date: /home/vlad/ros2_ws/install/moveit_core/include/moveit
-- Up-to-date: /home/vlad/ros2_ws/install/moveit_core/include/moveit/collision_detection_fcl
-- Up-to-date: /home/vlad/ros2_ws/install/moveit_core/include/moveit/collision_detection_fcl/collision_detector_fcl_plugin_loader.h
-- Up-to-date: /home/vlad/ros2_ws/install/moveit_core/include/moveit/collision_detection_fcl/collision_common.h
-- Up-to-date: /home/vlad/ros2_ws/install/moveit_core/include/moveit/collision_detection_fcl/fcl_compat.h
-- Up-to-date: /home/vlad/ros2_ws/install/moveit_core/include/moveit/collision_detection_fcl/collision_detector_allocator_fcl.h
-- Up-to-date: /home/vlad/ros2_ws/install/moveit_core/include/moveit/collision_detection_fcl/collision_env_fcl.h
-- Installing: /home/vlad/ros2_ws/install/moveit_core/lib/libmoveit_robot_trajectory.so.2.0.0
-- Set runtime path of "/home/vlad/ros2_ws/install/moveit_core/lib/libmoveit_robot_trajectory.so.2.0.0" to ""
-- Up-to-date: /home/vlad/ros2_ws/install/moveit_core/lib/libmoveit_robot_trajectory.so
-- Up-to-date: /home/vlad/ros2_ws/install/moveit_core/include
-- Up-to-date: /home/vlad/ros2_ws/install/moveit_core/include/moveit
-- Up-to-date: /home/vlad/ros2_ws/install/moveit_core/include/moveit/robot_trajectory
-- Up-to-date: /home/vlad/ros2_ws/install/moveit_core/include/moveit/robot_trajectory/robot_trajectory.h
-- Installing: /home/vlad/ros2_ws/install/moveit_core/lib/libmoveit_kinematic_constraints.so.2.0.0
-- Set runtime path of "/home/vlad/ros2_ws/install/moveit_core/lib/libmoveit_kinematic_constraints.so.2.0.0" to ""
-- Up-to-date: /home/vlad/ros2_ws/install/moveit_core/lib/libmoveit_kinematic_constraints.so
-- Up-to-date: /home/vlad/ros2_ws/install/moveit_core/include
-- Up-to-date: /home/vlad/ros2_ws/install/moveit_core/include/moveit
-- Up-to-date: /home/vlad/ros2_ws/install/moveit_core/include/moveit/kinematic_constraints
-- Up-to-date: /home/vlad/ros2_ws/install/moveit_core/include/moveit/kinematic_constraints/kinematic_constraint.h
-- Up-to-date: /home/vlad/ros2_ws/install/moveit_core/include/moveit/kinematic_constraints/utils.h
-- Installing: /home/vlad/ros2_ws/install/moveit_core/lib/libmoveit_trajectory_processing.so.2.0.0
-- Set runtime path of "/home/vlad/ros2_ws/install/moveit_core/lib/libmoveit_trajectory_processing.so.2.0.0" to ""
-- Up-to-date: /home/vlad/ros2_ws/install/moveit_core/lib/libmoveit_trajectory_processing.so
-- Up-to-date: /home/vlad/ros2_ws/install/moveit_core/include
-- Up-to-date: /home/vlad/ros2_ws/install/moveit_core/include/moveit
-- Up-to-date: /home/vlad/ros2_ws/install/moveit_core/include/moveit/trajectory_processing
-- Up-to-date: /home/vlad/ros2_ws/install/moveit_core/include/moveit/trajectory_processing/trajectory_tools.h
-- Up-to-date: /home/vlad/ros2_ws/install/moveit_core/include/moveit/trajectory_processing/time_optimal_trajectory_generation.h
-- Up-to-date: /home/vlad/ros2_ws/install/moveit_core/include/moveit/trajectory_processing/iterative_time_parameterization.h
-- Up-to-date: /home/vlad/ros2_ws/install/moveit_core/include/moveit/trajectory_processing/iterative_spline_parameterization.h
-- Installing: /home/vlad/ros2_ws/install/moveit_core/lib/libmoveit_planning_scene.so.2.0.0
-- Set runtime path of "/home/vlad/ros2_ws/install/moveit_core/lib/libmoveit_planning_scene.so.2.0.0" to ""
-- Up-to-date: /home/vlad/ros2_ws/install/moveit_core/lib/libmoveit_planning_scene.so
-- Up-to-date: /home/vlad/ros2_ws/install/moveit_core/include
-- Up-to-date: /home/vlad/ros2_ws/install/moveit_core/include/moveit
-- Up-to-date: /home/vlad/ros2_ws/install/moveit_core/include/moveit/planning_scene
-- Up-to-date: /home/vlad/ros2_ws/install/moveit_core/include/moveit/planning_scene/planning_scene.h
-- Up-to-date: /home/vlad/ros2_ws/install/moveit_core/include
-- Up-to-date: /home/vlad/ros2_ws/install/moveit_core/include/moveit
-- Up-to-date: /home/vlad/ros2_ws/install/moveit_core/include/moveit/controller_manager
-- Up-to-date: /home/vlad/ros2_ws/install/moveit_core/include/moveit/controller_manager/controller_manager.h
-- Up-to-date: /home/vlad/ros2_ws/install/moveit_core/include
-- Up-to-date: /home/vlad/ros2_ws/install/moveit_core/include/moveit
-- Up-to-date: /home/vlad/ros2_ws/install/moveit_core/include/moveit/sensor_manager
-- Up-to-date: /home/vlad/ros2_ws/install/moveit_core/include/moveit/sensor_manager/sensor_manager.h
-- Installing: /home/vlad/ros2_ws/install/moveit_core/lib/libmoveit_constraint_samplers.so.2.0.0
-- Set runtime path of "/home/vlad/ros2_ws/install/moveit_core/lib/libmoveit_constraint_samplers.so.2.0.0" to ""
-- Up-to-date: /home/vlad/ros2_ws/install/moveit_core/lib/libmoveit_constraint_samplers.so
-- Up-to-date: /home/vlad/ros2_ws/install/moveit_core/include
-- Up-to-date: /home/vlad/ros2_ws/install/moveit_core/include/moveit
-- Up-to-date: /home/vlad/ros2_ws/install/moveit_core/include/moveit/constraint_samplers
-- Up-to-date: /home/vlad/ros2_ws/install/moveit_core/include/moveit/constraint_samplers/union_constraint_sampler.h
-- Up-to-date: /home/vlad/ros2_ws/install/moveit_core/include/moveit/constraint_samplers/constraint_sampler_tools.h
-- Up-to-date: /home/vlad/ros2_ws/install/moveit_core/include/moveit/constraint_samplers/constraint_sampler.h
-- Up-to-date: /home/vlad/ros2_ws/install/moveit_core/include/moveit/constraint_samplers/default_constraint_samplers.h
-- Up-to-date: /home/vlad/ros2_ws/install/moveit_core/include/moveit/constraint_samplers/constraint_sampler_allocator.h
-- Up-to-date: /home/vlad/ros2_ws/install/moveit_core/include/moveit/constraint_samplers/constraint_sampler_manager.h
-- Installing: /home/vlad/ros2_ws/install/moveit_core/lib/libmoveit_planning_interface.so.2.0.0
-- Set runtime path of "/home/vlad/ros2_ws/install/moveit_core/lib/libmoveit_planning_interface.so.2.0.0" to ""
-- Up-to-date: /home/vlad/ros2_ws/install/moveit_core/lib/libmoveit_planning_interface.so
-- Up-to-date: /home/vlad/ros2_ws/install/moveit_core/include
-- Up-to-date: /home/vlad/ros2_ws/install/moveit_core/include/moveit
-- Up-to-date: /home/vlad/ros2_ws/install/moveit_core/include/moveit/planning_interface
-- Up-to-date: /home/vlad/ros2_ws/install/moveit_core/include/moveit/planning_interface/planning_interface.h
-- Up-to-date: /home/vlad/ros2_ws/install/moveit_core/include/moveit/planning_interface/planning_request.h
-- Up-to-date: /home/vlad/ros2_ws/install/moveit_core/include/moveit/planning_interface/planning_response.h
-- Installing: /home/vlad/ros2_ws/install/moveit_core/lib/libmoveit_planning_request_adapter.so.2.0.0
-- Set runtime path of "/home/vlad/ros2_ws/install/moveit_core/lib/libmoveit_planning_request_adapter.so.2.0.0" to ""
-- Up-to-date: /home/vlad/ros2_ws/install/moveit_core/lib/libmoveit_planning_request_adapter.so
-- Up-to-date: /home/vlad/ros2_ws/install/moveit_core/include
-- Up-to-date: /home/vlad/ros2_ws/install/moveit_core/include/moveit
-- Up-to-date: /home/vlad/ros2_ws/install/moveit_core/include/moveit/planning_request_adapter
-- Up-to-date: /home/vlad/ros2_ws/install/moveit_core/include/moveit/planning_request_adapter/planning_request_adapter.h
-- Installing: /home/vlad/ros2_ws/install/moveit_core/lib/libmoveit_distance_field.so.2.0.0
-- Set runtime path of "/home/vlad/ros2_ws/install/moveit_core/lib/libmoveit_distance_field.so.2.0.0" to ""
-- Up-to-date: /home/vlad/ros2_ws/install/moveit_core/lib/libmoveit_distance_field.so
-- Up-to-date: /home/vlad/ros2_ws/install/moveit_core/include
-- Up-to-date: /home/vlad/ros2_ws/install/moveit_core/include/moveit
-- Up-to-date: /home/vlad/ros2_ws/install/moveit_core/include/moveit/distance_field
-- Up-to-date: /home/vlad/ros2_ws/install/moveit_core/include/moveit/distance_field/propagation_distance_field.h
-- Up-to-date: /home/vlad/ros2_ws/install/moveit_core/include/moveit/distance_field/voxel_grid.h
-- Up-to-date: /home/vlad/ros2_ws/install/moveit_core/include/moveit/distance_field/distance_field.h
-- Up-to-date: /home/vlad/ros2_ws/install/moveit_core/include/moveit/distance_field/find_internal_points.h
-- Installing: /home/vlad/ros2_ws/install/moveit_core/lib/libmoveit_collision_distance_field.so.2.0.0
-- Set runtime path of "/home/vlad/ros2_ws/install/moveit_core/lib/libmoveit_collision_distance_field.so.2.0.0" to ""
-- Up-to-date: /home/vlad/ros2_ws/install/moveit_core/lib/libmoveit_collision_distance_field.so
-- Up-to-date: /home/vlad/ros2_ws/install/moveit_core/include
-- Up-to-date: /home/vlad/ros2_ws/install/moveit_core/include/moveit
-- Up-to-date: /home/vlad/ros2_ws/install/moveit_core/include/moveit/collision_distance_field
-- Up-to-date: /home/vlad/ros2_ws/install/moveit_core/include/moveit/collision_distance_field/collision_distance_field_types.h
-- Up-to-date: /home/vlad/ros2_ws/install/moveit_core/include/moveit/collision_distance_field/collision_detector_allocator_hybrid.h
-- Up-to-date: /home/vlad/ros2_ws/install/moveit_core/include/moveit/collision_distance_field/collision_detector_allocator_distance_field.h
-- Up-to-date: /home/vlad/ros2_ws/install/moveit_core/include/moveit/collision_distance_field/collision_common_distance_field.h
-- Up-to-date: /home/vlad/ros2_ws/install/moveit_core/include/moveit/collision_distance_field/collision_env_distance_field.h
-- Up-to-date: /home/vlad/ros2_ws/install/moveit_core/include/moveit/collision_distance_field/collision_env_hybrid.h
-- Installing: /home/vlad/ros2_ws/install/moveit_core/lib/libmoveit_kinematics_metrics.so.2.0.0
-- Set runtime path of "/home/vlad/ros2_ws/install/moveit_core/lib/libmoveit_kinematics_metrics.so.2.0.0" to ""
-- Up-to-date: /home/vlad/ros2_ws/install/moveit_core/lib/libmoveit_kinematics_metrics.so
-- Up-to-date: /home/vlad/ros2_ws/install/moveit_core/include
-- Up-to-date: /home/vlad/ros2_ws/install/moveit_core/include/moveit
-- Up-to-date: /home/vlad/ros2_ws/install/moveit_core/include/moveit/kinematics_metrics
-- Up-to-date: /home/vlad/ros2_ws/install/moveit_core/include/moveit/kinematics_metrics/kinematics_metrics.h
-- Installing: /home/vlad/ros2_ws/install/moveit_core/lib/libmoveit_dynamics_solver.so.2.0.0
-- Set runtime path of "/home/vlad/ros2_ws/install/moveit_core/lib/libmoveit_dynamics_solver.so.2.0.0" to ""
-- Up-to-date: /home/vlad/ros2_ws/install/moveit_core/lib/libmoveit_dynamics_solver.so
-- Up-to-date: /home/vlad/ros2_ws/install/moveit_core/include
-- Up-to-date: /home/vlad/ros2_ws/install/moveit_core/include/moveit
-- Up-to-date: /home/vlad/ros2_ws/install/moveit_core/include/moveit/dynamics_solver
-- Up-to-date: /home/vlad/ros2_ws/install/moveit_core/include/moveit/dynamics_solver/dynamics_solver.h
