[2.608s] Invoking command in '/home/vlad/ros2_ws/src/tfpose_ros2': PYTHONPATH=/home/vlad/ros2_ws/install/tfpose_ros2/lib/python3.8/site-packages:${PYTHONPATH} /usr/bin/python3 setup.py egg_info --egg-base ../../build/tfpose_ros2 build --build-base /home/vlad/ros2_ws/build/tfpose_ros2/build install --prefix /home/vlad/ros2_ws/install/tfpose_ros2 --record /home/vlad/ros2_ws/build/tfpose_ros2/install.log --single-version-externally-managed
[4.388s] --2021-01-26 19:42:39--  http://download2260.mediafire.com/nqs9nzdh24vg/qlzzr20mpocnpa3/graph_opt.pb
[4.406s] Resolving download2260.mediafire.com (download2260.mediafire.com)... 199.91.155.1
[4.670s] Connecting to download2260.mediafire.com (download2260.mediafire.com)|199.91.155.1|:80... connected.
[5.163s] HTTP request sent, awaiting response... 416 Range Not Satisfiable
[5.163s] 
[5.163s]     The file is already fully retrieved; nothing to do.
[5.164s] 
[5.199s] running egg_info
[5.199s] writing ../../build/tfpose_ros2/tfpose_ros2.egg-info/PKG-INFO
[5.199s] writing dependency_links to ../../build/tfpose_ros2/tfpose_ros2.egg-info/dependency_links.txt
[5.200s] writing entry points to ../../build/tfpose_ros2/tfpose_ros2.egg-info/entry_points.txt
[5.200s] writing top-level names to ../../build/tfpose_ros2/tfpose_ros2.egg-info/top_level.txt
[5.231s] file pafprocess.py (for module pafprocess) not found
[5.284s] reading manifest file '../../build/tfpose_ros2/tfpose_ros2.egg-info/SOURCES.txt'
[5.285s] writing manifest file '../../build/tfpose_ros2/tfpose_ros2.egg-info/SOURCES.txt'
[5.286s] file pafprocess.py (for module pafprocess) not found
[5.286s] running build
[5.286s] running build_py
[5.286s] copying tfpose_ros2/node_get_pose_service.py -> /home/vlad/ros2_ws/build/tfpose_ros2/build/lib.linux-x86_64-3.8/tfpose_ros2
[5.287s] file pafprocess.py (for module pafprocess) not found
[5.288s] running build_ext
[5.289s] running install
[5.289s] running install_lib
[5.290s] copying /home/vlad/ros2_ws/build/tfpose_ros2/build/lib.linux-x86_64-3.8/tfpose_ros2/node_get_pose_service.py -> /home/vlad/ros2_ws/install/tfpose_ros2/lib/python3.8/site-packages/tfpose_ros2
[5.292s] byte-compiling /home/vlad/ros2_ws/install/tfpose_ros2/lib/python3.8/site-packages/tfpose_ros2/node_get_pose_service.py to node_get_pose_service.cpython-38.pyc
[5.294s] running install_egg_info
[5.297s] removing '/home/vlad/ros2_ws/install/tfpose_ros2/lib/python3.8/site-packages/tfpose_ros2-0.1.1-py3.8.egg-info' (and everything under it)
[5.297s] Copying ../../build/tfpose_ros2/tfpose_ros2.egg-info to /home/vlad/ros2_ws/install/tfpose_ros2/lib/python3.8/site-packages/tfpose_ros2-0.1.1-py3.8.egg-info
[5.297s] running install_scripts
[5.318s] Installing get_pose_service script to /home/vlad/ros2_ws/install/tfpose_ros2/lib/tfpose_ros2
[5.318s] file pafprocess.py (for module pafprocess) not found
[5.319s] writing list of installed files to '/home/vlad/ros2_ws/build/tfpose_ros2/install.log'
[5.347s] Invoked command in '/home/vlad/ros2_ws/src/tfpose_ros2' returned '0': PYTHONPATH=/home/vlad/ros2_ws/install/tfpose_ros2/lib/python3.8/site-packages:${PYTHONPATH} /usr/bin/python3 setup.py egg_info --egg-base ../../build/tfpose_ros2 build --build-base /home/vlad/ros2_ws/build/tfpose_ros2/build install --prefix /home/vlad/ros2_ws/install/tfpose_ros2 --record /home/vlad/ros2_ws/build/tfpose_ros2/install.log --single-version-externally-managed
