-- Found ament_cmake: 0.9.7 (/home/vlad/ros2_foxy/install/ament_cmake/share/ament_cmake/cmake)
-- Using PYTHON_EXECUTABLE: /usr/bin/python3
-- Found controller_interface: 0.0.0 (/home/vlad/ros2_ws/install/controller_interface/share/controller_interface/cmake)
-- Using all available rosidl_typesupport_c: rosidl_typesupport_introspection_c;rosidl_typesupport_fastrtps_c
-- Found rosidl_adapter: 1.1.0 (/home/vlad/ros2_foxy/install/rosidl_adapter/share/rosidl_adapter/cmake)
-- Using all available rosidl_typesupport_cpp: rosidl_typesupport_introspection_cpp;rosidl_typesupport_fastrtps_cpp
-- Found rmw_implementation_cmake: 1.0.2 (/home/vlad/ros2_foxy/install/rmw_implementation_cmake/share/rmw_implementation_cmake/cmake)
-- Using RMW implementation 'rmw_fastrtps_cpp' as default
-- Found nav_msgs: 2.0.3 (/home/vlad/ros2_foxy/install/nav_msgs/share/nav_msgs/cmake)
-- Found pluginlib: 2.5.2 (/home/vlad/ros2_foxy/install/pluginlib/share/pluginlib/cmake)
-- Found realtime_tools: 2.1.0 (/opt/ros/foxy/share/realtime_tools/cmake)
-- Found sensor_msgs: 2.0.3 (/home/vlad/ros2_foxy/install/sensor_msgs/share/sensor_msgs/cmake)
-- Found tf2: 0.13.7 (/home/vlad/ros2_foxy/install/tf2/share/tf2/cmake)
-- Found tf2_msgs: 0.13.7 (/home/vlad/ros2_foxy/install/tf2_msgs/share/tf2_msgs/cmake)
-- Found ament_cmake_gtest: 0.9.7 (/home/vlad/ros2_foxy/install/ament_cmake_gtest/share/ament_cmake_gtest/cmake)
-- Found ament_lint_auto: 0.9.5 (/home/vlad/ros2_foxy/install/ament_lint_auto/share/ament_lint_auto/cmake)
-- Found controller_manager: 0.0.0 (/home/vlad/ros2_ws/install/controller_manager/share/controller_manager/cmake)
-- Found test_robot_hardware: 0.0.0 (/home/vlad/ros2_ws/install/test_robot_hardware/share/test_robot_hardware/cmake)
-- Found gtest sources under '/home/vlad/ros2_foxy/install/gtest_vendor/src/gtest_vendor': C++ tests using 'Google Test' will be built
-- Added test 'copyright' to check source files copyright and LICENSE
-- Added test 'cppcheck' to perform static code analysis on C / C++ code
-- Configured cppcheck include dirs: /home/vlad/ros2_ws/src/ros2_controllers/diff_drive_controller/include
-- Configured cppcheck exclude dirs and/or files: 
-- Added test 'cpplint' to check C / C++ code against the Google style
-- Configured cpplint exclude dirs and/or files: 
-- Added test 'lint_cmake' to check CMake code style
-- Added test 'uncrustify' to check C / C++ code style
-- Configured uncrustify additional arguments: 
-- Added test 'xmllint' to check XML markup files
-- Configuring done
-- Generating done
-- Build files have been written to: /home/vlad/ros2_ws/build/diff_drive_controller
[35m[1mScanning dependencies of target diff_drive_controller[0m
[ 14%] Built target gtest_main
[ 28%] Built target gtest
[35m[1mScanning dependencies of target test_load_diff_drive_controller[0m
[ 42%] Built target test_accumulator
[ 50%] [32mBuilding CXX object CMakeFiles/diff_drive_controller.dir/src/diff_drive_controller.cpp.o[0m
[ 57%] [32mBuilding CXX object CMakeFiles/test_load_diff_drive_controller.dir/test/test_load_diff_drive_controller.cpp.o[0m
[ 64%] [32m[1mLinking CXX executable test_load_diff_drive_controller[0m
[ 64%] Built target test_load_diff_drive_controller
[ 71%] [32m[1mLinking CXX shared library libdiff_drive_controller.so[0m
[ 85%] Built target diff_drive_controller
[35m[1mScanning dependencies of target test_diff_drive_controller[0m
[ 92%] [32mBuilding CXX object CMakeFiles/test_diff_drive_controller.dir/test/test_diff_drive_controller.cpp.o[0m
[100%] [32m[1mLinking CXX executable test_diff_drive_controller[0m
[100%] Built target test_diff_drive_controller
-- Install configuration: "Release"
-- Up-to-date: /home/vlad/ros2_ws/install/diff_drive_controller/share/diff_drive_controller/diff_drive_plugin.xml
-- Up-to-date: /home/vlad/ros2_ws/install/diff_drive_controller/include
-- Up-to-date: /home/vlad/ros2_ws/install/diff_drive_controller/include/diff_drive_controller
-- Up-to-date: /home/vlad/ros2_ws/install/diff_drive_controller/include/diff_drive_controller/visibility_control.h
-- Up-to-date: /home/vlad/ros2_ws/install/diff_drive_controller/include/diff_drive_controller/speed_limiter.hpp
-- Up-to-date: /home/vlad/ros2_ws/install/diff_drive_controller/include/diff_drive_controller/rolling_mean_accumulator.hpp
-- Up-to-date: /home/vlad/ros2_ws/install/diff_drive_controller/include/diff_drive_controller/diff_drive_controller.hpp
-- Up-to-date: /home/vlad/ros2_ws/install/diff_drive_controller/include/diff_drive_controller/odometry.hpp
-- Installing: /home/vlad/ros2_ws/install/diff_drive_controller/lib/libdiff_drive_controller.so
-- Set runtime path of "/home/vlad/ros2_ws/install/diff_drive_controller/lib/libdiff_drive_controller.so" to ""
-- Up-to-date: /home/vlad/ros2_ws/install/diff_drive_controller/share/diff_drive_controller/environment/library_path.sh
-- Installing: /home/vlad/ros2_ws/install/diff_drive_controller/share/diff_drive_controller/environment/library_path.dsv
-- Up-to-date: /home/vlad/ros2_ws/install/diff_drive_controller/share/ament_index/resource_index/package_run_dependencies/diff_drive_controller
-- Installing: /home/vlad/ros2_ws/install/diff_drive_controller/share/ament_index/resource_index/parent_prefix_path/diff_drive_controller
-- Installing: /home/vlad/ros2_ws/install/diff_drive_controller/share/diff_drive_controller/environment/ament_prefix_path.dsv
-- Installing: /home/vlad/ros2_ws/install/diff_drive_controller/share/diff_drive_controller/environment/path.dsv
-- Up-to-date: /home/vlad/ros2_ws/install/diff_drive_controller/share/diff_drive_controller/local_setup.bash
-- Up-to-date: /home/vlad/ros2_ws/install/diff_drive_controller/share/diff_drive_controller/local_setup.sh
-- Up-to-date: /home/vlad/ros2_ws/install/diff_drive_controller/share/diff_drive_controller/local_setup.zsh
-- Installing: /home/vlad/ros2_ws/install/diff_drive_controller/share/diff_drive_controller/local_setup.dsv
-- Installing: /home/vlad/ros2_ws/install/diff_drive_controller/share/diff_drive_controller/package.dsv
-- Up-to-date: /home/vlad/ros2_ws/install/diff_drive_controller/share/ament_index/resource_index/packages/diff_drive_controller
-- Up-to-date: /home/vlad/ros2_ws/install/diff_drive_controller/share/ament_index/resource_index/controller_interface__pluginlib__plugin/diff_drive_controller
-- Up-to-date: /home/vlad/ros2_ws/install/diff_drive_controller/share/diff_drive_controller/cmake/ament_cmake_export_dependencies-extras.cmake
-- Up-to-date: /home/vlad/ros2_ws/install/diff_drive_controller/share/diff_drive_controller/cmake/ament_cmake_export_include_directories-extras.cmake
-- Up-to-date: /home/vlad/ros2_ws/install/diff_drive_controller/share/diff_drive_controller/cmake/ament_cmake_export_libraries-extras.cmake
-- Up-to-date: /home/vlad/ros2_ws/install/diff_drive_controller/share/diff_drive_controller/cmake/diff_drive_controllerConfig.cmake
-- Up-to-date: /home/vlad/ros2_ws/install/diff_drive_controller/share/diff_drive_controller/cmake/diff_drive_controllerConfig-version.cmake
-- Up-to-date: /home/vlad/ros2_ws/install/diff_drive_controller/share/diff_drive_controller/package.xml
