[2.429s] Invoking command in '/home/vlad/ros2_ws/src/tfpose_ros2': PYTHONPATH=/home/vlad/ros2_ws/install/tfpose_ros2/lib/python3.8/site-packages:${PYTHONPATH} /usr/bin/python3 setup.py egg_info --egg-base ../../build/tfpose_ros2 build --build-base /home/vlad/ros2_ws/build/tfpose_ros2/build install --prefix /home/vlad/ros2_ws/install/tfpose_ros2 --record /home/vlad/ros2_ws/build/tfpose_ros2/install.log --single-version-externally-managed
[3.952s] --2021-01-16 20:38:06--  http://download1412.mediafire.com/59p9zpjw5aqg/qlzzr20mpocnpa3/graph_opt.pb
[3.971s] Resolving download1412.mediafire.com (download1412.mediafire.com)... 205.196.123.100
[4.201s] Connecting to download1412.mediafire.com (download1412.mediafire.com)|205.196.123.100|:80... connected.
[4.611s] HTTP request sent, awaiting response... 416 Range Not Satisfiable
[4.612s] 
[4.612s]     The file is already fully retrieved; nothing to do.
[4.612s] 
[4.637s] running egg_info
[4.637s] writing ../../build/tfpose_ros2/tfpose_ros2.egg-info/PKG-INFO
[4.637s] writing dependency_links to ../../build/tfpose_ros2/tfpose_ros2.egg-info/dependency_links.txt
[4.638s] writing entry points to ../../build/tfpose_ros2/tfpose_ros2.egg-info/entry_points.txt
[4.638s] writing top-level names to ../../build/tfpose_ros2/tfpose_ros2.egg-info/top_level.txt
[4.666s] file pafprocess.py (for module pafprocess) not found
[4.716s] reading manifest file '../../build/tfpose_ros2/tfpose_ros2.egg-info/SOURCES.txt'
[4.717s] writing manifest file '../../build/tfpose_ros2/tfpose_ros2.egg-info/SOURCES.txt'
[4.717s] running build
[4.717s] running build_py
[4.717s] file pafprocess.py (for module pafprocess) not found
[4.718s] copying tfpose_ros2/node_image_subscriber.py -> /home/vlad/ros2_ws/build/tfpose_ros2/build/lib.linux-x86_64-3.8/tfpose_ros2
[4.719s] file pafprocess.py (for module pafprocess) not found
[4.719s] running build_ext
[4.720s] running install
[4.721s] running install_lib
[4.721s] copying /home/vlad/ros2_ws/build/tfpose_ros2/build/lib.linux-x86_64-3.8/tfpose_ros2/node_image_subscriber.py -> /home/vlad/ros2_ws/install/tfpose_ros2/lib/python3.8/site-packages/tfpose_ros2
[4.724s] byte-compiling /home/vlad/ros2_ws/install/tfpose_ros2/lib/python3.8/site-packages/tfpose_ros2/node_image_subscriber.py to node_image_subscriber.cpython-38.pyc
[4.725s] running install_egg_info
[4.728s] removing '/home/vlad/ros2_ws/install/tfpose_ros2/lib/python3.8/site-packages/tfpose_ros2-0.1.1-py3.8.egg-info' (and everything under it)
[4.728s] Copying ../../build/tfpose_ros2/tfpose_ros2.egg-info to /home/vlad/ros2_ws/install/tfpose_ros2/lib/python3.8/site-packages/tfpose_ros2-0.1.1-py3.8.egg-info
[4.729s] running install_scripts
[4.748s] Installing image_listener script to /home/vlad/ros2_ws/install/tfpose_ros2/lib/tfpose_ros2
[4.749s] file pafprocess.py (for module pafprocess) not found
[4.750s] writing list of installed files to '/home/vlad/ros2_ws/build/tfpose_ros2/install.log'
[4.776s] Invoked command in '/home/vlad/ros2_ws/src/tfpose_ros2' returned '0': PYTHONPATH=/home/vlad/ros2_ws/install/tfpose_ros2/lib/python3.8/site-packages:${PYTHONPATH} /usr/bin/python3 setup.py egg_info --egg-base ../../build/tfpose_ros2 build --build-base /home/vlad/ros2_ws/build/tfpose_ros2/build install --prefix /home/vlad/ros2_ws/install/tfpose_ros2 --record /home/vlad/ros2_ws/build/tfpose_ros2/install.log --single-version-externally-managed
