-- The C compiler identification is GNU 9.3.0
-- The CXX compiler identification is GNU 9.3.0
-- Check for working C compiler: /usr/bin/cc
-- Check for working C compiler: /usr/bin/cc -- works
-- Detecting C compiler ABI info
-- Detecting C compiler ABI info - done
-- Detecting C compile features
-- Detecting C compile features - done
-- Check for working CXX compiler: /usr/bin/c++
-- Check for working CXX compiler: /usr/bin/c++ -- works
-- Detecting CXX compiler ABI info
-- Detecting CXX compiler ABI info - done
-- Detecting CXX compile features
-- Detecting CXX compile features - done
-- Found moveit_common: 2.1.0 (/home/vlad/ros2_ws/install/moveit_common/share/moveit_common/cmake)
-- Found Boost: /usr/lib/x86_64-linux-gnu/cmake/Boost-1.71.0/BoostConfig.cmake (found version "1.71.0") found components: thread date_time system filesystem 
-- Found ament_cmake: 0.9.7 (/home/vlad/ros2_foxy/install/ament_cmake/share/ament_cmake/cmake)
-- Found PythonInterp: /usr/bin/python3 (found suitable version "3.8.5", minimum required is "3") 
-- Using PYTHON_EXECUTABLE: /usr/bin/python3
-- Found class_loader: 2.0.1 (/home/vlad/ros2_foxy/install/class_loader/share/class_loader/cmake)
-- Found geometric_shapes: 2.0.0 (/home/vlad/ros2_ws/install/geometric_shapes/share/geometric_shapes/cmake)
-- Using all available rosidl_typesupport_c: rosidl_typesupport_fastrtps_c;rosidl_typesupport_introspection_c
-- Found rosidl_adapter: 1.1.0 (/home/vlad/ros2_foxy/install/rosidl_adapter/share/rosidl_adapter/cmake)
-- Found OpenSSL: /usr/lib/x86_64-linux-gnu/libcrypto.so (found version "1.1.1f")  
-- Found FastRTPS: /home/vlad/ros2_foxy/install/fastrtps/include  
-- Using all available rosidl_typesupport_cpp: rosidl_typesupport_fastrtps_cpp;rosidl_typesupport_introspection_cpp
-- Found interactive_markers: 2.1.2 (/home/vlad/ros2_foxy/install/interactive_markers/share/interactive_markers/cmake)
-- Found rmw_implementation_cmake: 1.0.2 (/home/vlad/ros2_foxy/install/rmw_implementation_cmake/share/rmw_implementation_cmake/cmake)
-- Using RMW implementation 'rmw_fastrtps_cpp' as default
-- Found Threads: TRUE  
-- Found Eigen3: TRUE (found version "3.3.7") 
-- Found moveit_ros_planning: 2.1.0 (/home/vlad/ros2_ws/install/moveit_ros_planning/share/moveit_ros_planning/cmake)
-- Found moveit_ros_planning_interface: 2.1.0 (/home/vlad/ros2_ws/install/moveit_ros_planning_interface/share/moveit_ros_planning_interface/cmake)
-- Found moveit_ros_robot_interaction: 2.1.0 (/home/vlad/ros2_ws/install/moveit_ros_robot_interaction/share/moveit_ros_robot_interaction/cmake)
-- Found moveit_ros_warehouse: 2.1.0 (/home/vlad/ros2_ws/install/moveit_ros_warehouse/share/moveit_ros_warehouse/cmake)
-- Found rclpy: 1.0.4 (/home/vlad/ros2_foxy/install/rclpy/share/rclpy/cmake)
-- Found rviz2: 8.2.0 (/home/vlad/ros2_foxy/install/rviz2/share/rviz2/cmake)
-- Found rviz_common: 8.2.0 (/home/vlad/ros2_foxy/install/rviz_common/share/rviz_common/cmake)
-- Setting OGRE_DIR to: '/home/vlad/ros2_foxy/install/rviz_ogre_vendor/share/rviz_ogre_vendor/cmake/../../../opt/rviz_ogre_vendor/lib/OGRE/cmake'
-- Found OGRE
--   static     : OFF
--   components : HLMS;MeshLodGenerator;Overlay;Paging;Property;RTShaderSystem;Terrain;Volume
--   plugins    : Plugin_BSPSceneManager;Plugin_OctreeSceneManager;Plugin_PCZSceneManager;Plugin_ParticleFX;RenderSystem_GL;RenderSystem_GL3Plus;Codec_STBI;Codec_EXR
--   media      : /home/vlad/ros2_foxy/install/rviz_ogre_vendor/opt/rviz_ogre_vendor/share/OGRE/Media
-- OGRE_LIBRARIES: OgreHLMS;OgreMeshLodGenerator;OgreOverlay;OgrePaging;OgreProperty;OgreRTShaderSystem;OgreTerrain;OgreVolume;OgreMain
-- OGRE_LIBRARY_DIRS: /home/vlad/ros2_foxy/install/rviz_ogre_vendor/opt/rviz_ogre_vendor/lib
-- OGRE_PLUGINS: Plugin_BSPSceneManager;Plugin_OctreeSceneManager;Plugin_PCZSceneManager;Plugin_ParticleFX;RenderSystem_GL;RenderSystem_GL3Plus;Codec_STBI;Codec_EXR
-- OGRE_PLUGIN_DIR: /home/vlad/ros2_foxy/install/rviz_ogre_vendor/opt/rviz_ogre_vendor/lib/OGRE
-- rviz_ogre_vendor::OgreOverlay for IMPORTED_LOCATION_RELEASE: /home/vlad/ros2_foxy/install/rviz_ogre_vendor/opt/rviz_ogre_vendor/lib/libOgreOverlay.so
-- rviz_ogre_vendor::OgreOverlay for IMPORTED_LOCATION_DEBUG: /home/vlad/ros2_foxy/install/rviz_ogre_vendor/opt/rviz_ogre_vendor/lib/libOgreOverlay.so
-- rviz_ogre_vendor::OgreMain for IMPORTED_LOCATION_RELEASE: /home/vlad/ros2_foxy/install/rviz_ogre_vendor/opt/rviz_ogre_vendor/lib/libOgreMain.so
-- rviz_ogre_vendor::OgreMain for IMPORTED_LOCATION_DEBUG: /home/vlad/ros2_foxy/install/rviz_ogre_vendor/opt/rviz_ogre_vendor/lib/libOgreMain.so
-- Could not find freeimage library
-- Found ZLIB: /usr/lib/x86_64-linux-gnu/libz.so (found version "1.2.11") 
-- Found OpenGL: /usr/lib/x86_64-linux-gnu/libOpenGL.so   
-- Found X11: /usr/include   
-- Looking for XOpenDisplay in /usr/lib/x86_64-linux-gnu/libX11.so;/usr/lib/x86_64-linux-gnu/libXext.so
-- Looking for XOpenDisplay in /usr/lib/x86_64-linux-gnu/libX11.so;/usr/lib/x86_64-linux-gnu/libXext.so - found
-- Looking for gethostbyname
-- Looking for gethostbyname - found
-- Looking for connect
-- Looking for connect - found
-- Looking for remove
-- Looking for remove - found
-- Looking for shmat
-- Looking for shmat - found
-- Looking for IceConnectionNumber in ICE
-- Looking for IceConnectionNumber in ICE - found
-- rviz_ogre_vendor::RenderSystem_GL for IMPORTED_LOCATION_RELEASE: _render_system_gl_static_library_abs-NOTFOUND
-- rviz_ogre_vendor::RenderSystem_GL for IMPORTED_LOCATION_DEBUG: _render_system_gl_static_library_abs-NOTFOUND
-- library: /usr/lib/x86_64-linux-gnu/libcurl.so
-- Setting yaml-cpp_DIR to: '/home/vlad/ros2_foxy/install/yaml_cpp_vendor/share/yaml_cpp_vendor/cmake/../../../opt/yaml_cpp_vendor/lib/cmake/yaml-cpp'
-- Found rviz_default_plugins: 8.2.0 (/home/vlad/ros2_foxy/install/rviz_default_plugins/share/rviz_default_plugins/cmake)
-- Configuring done
-- Generating done
-- Build files have been written to: /home/vlad/ros2_ws/build/moveit_ros_visualization
[35m[1mScanning dependencies of target moveit_rviz_plugin_render_tools_autogen[0m
[  1%] [34m[1mAutomatic MOC for target moveit_rviz_plugin_render_tools[0m
[  1%] Built target moveit_rviz_plugin_render_tools_autogen
[35m[1mScanning dependencies of target moveit_rviz_plugin_render_tools[0m
[  3%] [32mBuilding CXX object rviz_plugin_render_tools/CMakeFiles/moveit_rviz_plugin_render_tools.dir/moveit_rviz_plugin_render_tools_autogen/mocs_compilation.cpp.o[0m
[  5%] [32mBuilding CXX object rviz_plugin_render_tools/CMakeFiles/moveit_rviz_plugin_render_tools.dir/src/render_shapes.cpp.o[0m
[  7%] [32mBuilding CXX object rviz_plugin_render_tools/CMakeFiles/moveit_rviz_plugin_render_tools.dir/src/robot_state_visualization.cpp.o[0m
[  8%] [32mBuilding CXX object rviz_plugin_render_tools/CMakeFiles/moveit_rviz_plugin_render_tools.dir/src/planning_link_updater.cpp.o[0m
[ 10%] [32mBuilding CXX object rviz_plugin_render_tools/CMakeFiles/moveit_rviz_plugin_render_tools.dir/src/planning_scene_render.cpp.o[0m
[ 14%] [32mBuilding CXX object rviz_plugin_render_tools/CMakeFiles/moveit_rviz_plugin_render_tools.dir/src/trajectory_visualization.cpp.o[0m
[ 14%] [32mBuilding CXX object rviz_plugin_render_tools/CMakeFiles/moveit_rviz_plugin_render_tools.dir/src/trajectory_panel.cpp.o[0m
[ 16%] [32mBuilding CXX object rviz_plugin_render_tools/CMakeFiles/moveit_rviz_plugin_render_tools.dir/src/octomap_render.cpp.o[0m
[ 17%] [32mBuilding CXX object rviz_plugin_render_tools/CMakeFiles/moveit_rviz_plugin_render_tools.dir/src/mesh_shape.cpp.o[0m
[ 19%] [32m[1mLinking CXX shared library libmoveit_rviz_plugin_render_tools.so[0m
[ 19%] Built target moveit_rviz_plugin_render_tools
[35m[1mScanning dependencies of target moveit_planning_scene_rviz_plugin_core_autogen[0m
[35m[1mScanning dependencies of target moveit_robot_state_rviz_plugin_core_autogen[0m
[ 23%] [34m[1mAutomatic MOC for target moveit_robot_state_rviz_plugin_core[0m
[ 23%] [34m[1mAutomatic MOC for target moveit_planning_scene_rviz_plugin_core[0m
[ 23%] Built target moveit_robot_state_rviz_plugin_core_autogen
[35m[1mScanning dependencies of target moveit_robot_state_rviz_plugin_core[0m
[ 23%] Built target moveit_planning_scene_rviz_plugin_core_autogen
[35m[1mScanning dependencies of target moveit_planning_scene_rviz_plugin_core[0m
[ 25%] [32mBuilding CXX object robot_state_rviz_plugin/CMakeFiles/moveit_robot_state_rviz_plugin_core.dir/moveit_robot_state_rviz_plugin_core_autogen/mocs_compilation.cpp.o[0m
[ 26%] [32mBuilding CXX object robot_state_rviz_plugin/CMakeFiles/moveit_robot_state_rviz_plugin_core.dir/src/robot_state_display.cpp.o[0m
[ 28%] [32mBuilding CXX object planning_scene_rviz_plugin/CMakeFiles/moveit_planning_scene_rviz_plugin_core.dir/moveit_planning_scene_rviz_plugin_core_autogen/mocs_compilation.cpp.o[0m
[ 30%] [32mBuilding CXX object planning_scene_rviz_plugin/CMakeFiles/moveit_planning_scene_rviz_plugin_core.dir/src/planning_scene_display.cpp.o[0m
[ 32%] [32m[1mLinking CXX shared library libmoveit_robot_state_rviz_plugin_core.so[0m
[ 32%] Built target moveit_robot_state_rviz_plugin_core
[35m[1mScanning dependencies of target moveit_robot_state_rviz_plugin_autogen[0m
[ 33%] [34m[1mAutomatic MOC for target moveit_robot_state_rviz_plugin[0m
[ 33%] Built target moveit_robot_state_rviz_plugin_autogen
[35m[1mScanning dependencies of target moveit_robot_state_rviz_plugin[0m
[ 35%] [32mBuilding CXX object robot_state_rviz_plugin/CMakeFiles/moveit_robot_state_rviz_plugin.dir/moveit_robot_state_rviz_plugin_autogen/mocs_compilation.cpp.o[0m
[ 37%] [32mBuilding CXX object robot_state_rviz_plugin/CMakeFiles/moveit_robot_state_rviz_plugin.dir/src/plugin_init.cpp.o[0m
[ 39%] [32m[1mLinking CXX shared library libmoveit_planning_scene_rviz_plugin_core.so[0m
[ 39%] Built target moveit_planning_scene_rviz_plugin_core
[35m[1mScanning dependencies of target moveit_trajectory_rviz_plugin_core_autogen[0m
[35m[1mScanning dependencies of target moveit_planning_scene_rviz_plugin_autogen[0m
[ 42%] [34m[1mAutomatic MOC for target moveit_trajectory_rviz_plugin_core[0m
[ 42%] [34m[1mAutomatic MOC for target moveit_planning_scene_rviz_plugin[0m
[ 42%] Built target moveit_planning_scene_rviz_plugin_autogen
[35m[1mScanning dependencies of target moveit_planning_scene_rviz_plugin[0m
[ 44%] [32mBuilding CXX object planning_scene_rviz_plugin/CMakeFiles/moveit_planning_scene_rviz_plugin.dir/moveit_planning_scene_rviz_plugin_autogen/mocs_compilation.cpp.o[0m
[ 46%] [32mBuilding CXX object planning_scene_rviz_plugin/CMakeFiles/moveit_planning_scene_rviz_plugin.dir/src/plugin_init.cpp.o[0m
[ 46%] Built target moveit_trajectory_rviz_plugin_core_autogen
[35m[1mScanning dependencies of target moveit_trajectory_rviz_plugin_core[0m
[ 50%] [32mBuilding CXX object trajectory_rviz_plugin/CMakeFiles/moveit_trajectory_rviz_plugin_core.dir/src/trajectory_display.cpp.o[0m
[ 50%] [32mBuilding CXX object trajectory_rviz_plugin/CMakeFiles/moveit_trajectory_rviz_plugin_core.dir/moveit_trajectory_rviz_plugin_core_autogen/mocs_compilation.cpp.o[0m
[ 51%] [32m[1mLinking CXX shared library libmoveit_robot_state_rviz_plugin.so[0m
[ 51%] Built target moveit_robot_state_rviz_plugin
[ 53%] [32m[1mLinking CXX shared library libmoveit_trajectory_rviz_plugin_core.so[0m
[ 53%] Built target moveit_trajectory_rviz_plugin_core
[35m[1mScanning dependencies of target moveit_trajectory_rviz_plugin_autogen[0m
[ 55%] [34m[1mAutomatic MOC for target moveit_trajectory_rviz_plugin[0m
[ 55%] Built target moveit_trajectory_rviz_plugin_autogen
[35m[1mScanning dependencies of target moveit_trajectory_rviz_plugin[0m
[ 57%] [32mBuilding CXX object trajectory_rviz_plugin/CMakeFiles/moveit_trajectory_rviz_plugin.dir/moveit_trajectory_rviz_plugin_autogen/mocs_compilation.cpp.o[0m
[ 58%] [32mBuilding CXX object trajectory_rviz_plugin/CMakeFiles/moveit_trajectory_rviz_plugin.dir/src/plugin_init.cpp.o[0m
[ 60%] [32m[1mLinking CXX shared library libmoveit_planning_scene_rviz_plugin.so[0m
[ 60%] Built target moveit_planning_scene_rviz_plugin
[35m[1mScanning dependencies of target moveit_motion_planning_rviz_plugin_core_autogen[0m
[ 62%] [34m[1mAutomatic MOC for target moveit_motion_planning_rviz_plugin_core[0m
[ 62%] Built target moveit_motion_planning_rviz_plugin_core_autogen
[ 67%] [34m[1mAutomatic RCC for src/icons/icons.qrc[0m
[ 67%] [34m[1mGenerating ui_motion_planning_rviz_plugin_frame_joints.h[0m
[ 67%] [34m[1mGenerating ui_motion_planning_rviz_plugin_frame.h[0m
[35m[1mScanning dependencies of target moveit_motion_planning_rviz_plugin_core[0m
[ 69%] [32mBuilding CXX object motion_planning_rviz_plugin/CMakeFiles/moveit_motion_planning_rviz_plugin_core.dir/src/motion_planning_frame_context.cpp.o[0m
[ 71%] [32mBuilding CXX object motion_planning_rviz_plugin/CMakeFiles/moveit_motion_planning_rviz_plugin_core.dir/moveit_motion_planning_rviz_plugin_core_autogen/mocs_compilation.cpp.o[0m
[ 73%] [32mBuilding CXX object motion_planning_rviz_plugin/CMakeFiles/moveit_motion_planning_rviz_plugin_core.dir/src/motion_planning_frame.cpp.o[0m
[ 75%] [32mBuilding CXX object motion_planning_rviz_plugin/CMakeFiles/moveit_motion_planning_rviz_plugin_core.dir/src/motion_planning_frame_planning.cpp.o[0m
[ 76%] [32mBuilding CXX object motion_planning_rviz_plugin/CMakeFiles/moveit_motion_planning_rviz_plugin_core.dir/src/motion_planning_frame_objects.cpp.o[0m
[ 78%] [32mBuilding CXX object motion_planning_rviz_plugin/CMakeFiles/moveit_motion_planning_rviz_plugin_core.dir/src/motion_planning_frame_scenes.cpp.o[0m
[ 80%] [32mBuilding CXX object motion_planning_rviz_plugin/CMakeFiles/moveit_motion_planning_rviz_plugin_core.dir/src/motion_planning_frame_states.cpp.o[0m
[ 82%] [32mBuilding CXX object motion_planning_rviz_plugin/CMakeFiles/moveit_motion_planning_rviz_plugin_core.dir/src/motion_planning_display.cpp.o[0m
[ 83%] [32mBuilding CXX object motion_planning_rviz_plugin/CMakeFiles/moveit_motion_planning_rviz_plugin_core.dir/src/motion_planning_frame_manipulation.cpp.o[0m
[ 87%] [32mBuilding CXX object motion_planning_rviz_plugin/CMakeFiles/moveit_motion_planning_rviz_plugin_core.dir/src/motion_planning_param_widget.cpp.o[0m
[ 87%] [32mBuilding CXX object motion_planning_rviz_plugin/CMakeFiles/moveit_motion_planning_rviz_plugin_core.dir/src/motion_planning_frame_joints_widget.cpp.o[0m
[ 89%] [32m[1mLinking CXX shared library libmoveit_trajectory_rviz_plugin.so[0m
[ 89%] Built target moveit_trajectory_rviz_plugin
[ 91%] [32mBuilding CXX object motion_planning_rviz_plugin/CMakeFiles/moveit_motion_planning_rviz_plugin_core.dir/moveit_motion_planning_rviz_plugin_core_autogen/2OST2OT5Q2/qrc_icons.cpp.o[0m
[ 92%] [32m[1mLinking CXX shared library libmoveit_motion_planning_rviz_plugin_core.so[0m
[ 92%] Built target moveit_motion_planning_rviz_plugin_core
[35m[1mScanning dependencies of target moveit_motion_planning_rviz_plugin_autogen[0m
[ 94%] [34m[1mAutomatic MOC for target moveit_motion_planning_rviz_plugin[0m
[ 94%] Built target moveit_motion_planning_rviz_plugin_autogen
[35m[1mScanning dependencies of target moveit_motion_planning_rviz_plugin[0m
[ 96%] [32mBuilding CXX object motion_planning_rviz_plugin/CMakeFiles/moveit_motion_planning_rviz_plugin.dir/moveit_motion_planning_rviz_plugin_autogen/mocs_compilation.cpp.o[0m
[ 98%] [32mBuilding CXX object motion_planning_rviz_plugin/CMakeFiles/moveit_motion_planning_rviz_plugin.dir/src/plugin_init.cpp.o[0m
[100%] [32m[1mLinking CXX shared library libmoveit_motion_planning_rviz_plugin.so[0m
[100%] Built target moveit_motion_planning_rviz_plugin
-- Install configuration: "Release"
-- Installing: /home/vlad/ros2_ws/install/moveit_ros_visualization/share/moveit_ros_visualization/icons
-- Installing: /home/vlad/ros2_ws/install/moveit_ros_visualization/share/moveit_ros_visualization/icons/classes
-- Installing: /home/vlad/ros2_ws/install/moveit_ros_visualization/share/moveit_ros_visualization/icons/classes/MotionPlanning.png
-- Installing: /home/vlad/ros2_ws/install/moveit_ros_visualization/share/moveit_ros_visualization/icons/classes/PlanningScene.png
-- Installing: /home/vlad/ros2_ws/install/moveit_ros_visualization/share/moveit_ros_visualization/icons/classes/Trajectory.png
-- Installing: /home/vlad/ros2_ws/install/moveit_ros_visualization/share/moveit_ros_visualization/icons/classes/RobotState.png
-- Installing: /home/vlad/ros2_ws/install/moveit_ros_visualization/share/moveit_ros_visualization/motion_planning_rviz_plugin_description.xml
-- Installing: /home/vlad/ros2_ws/install/moveit_ros_visualization/share/moveit_ros_visualization/trajectory_rviz_plugin_description.xml
-- Installing: /home/vlad/ros2_ws/install/moveit_ros_visualization/share/moveit_ros_visualization/planning_scene_rviz_plugin_description.xml
-- Installing: /home/vlad/ros2_ws/install/moveit_ros_visualization/share/moveit_ros_visualization/robot_state_rviz_plugin_description.xml
-- Installing: /home/vlad/ros2_ws/install/moveit_ros_visualization/share/ament_index/resource_index/package_run_dependencies/moveit_ros_visualization
-- Installing: /home/vlad/ros2_ws/install/moveit_ros_visualization/share/ament_index/resource_index/parent_prefix_path/moveit_ros_visualization
-- Installing: /home/vlad/ros2_ws/install/moveit_ros_visualization/share/moveit_ros_visualization/environment/ament_prefix_path.sh
-- Installing: /home/vlad/ros2_ws/install/moveit_ros_visualization/share/moveit_ros_visualization/environment/ament_prefix_path.dsv
-- Installing: /home/vlad/ros2_ws/install/moveit_ros_visualization/share/moveit_ros_visualization/environment/path.sh
-- Installing: /home/vlad/ros2_ws/install/moveit_ros_visualization/share/moveit_ros_visualization/environment/path.dsv
-- Installing: /home/vlad/ros2_ws/install/moveit_ros_visualization/share/moveit_ros_visualization/local_setup.bash
-- Installing: /home/vlad/ros2_ws/install/moveit_ros_visualization/share/moveit_ros_visualization/local_setup.sh
-- Installing: /home/vlad/ros2_ws/install/moveit_ros_visualization/share/moveit_ros_visualization/local_setup.zsh
-- Installing: /home/vlad/ros2_ws/install/moveit_ros_visualization/share/moveit_ros_visualization/local_setup.dsv
-- Installing: /home/vlad/ros2_ws/install/moveit_ros_visualization/share/moveit_ros_visualization/package.dsv
-- Installing: /home/vlad/ros2_ws/install/moveit_ros_visualization/share/ament_index/resource_index/packages/moveit_ros_visualization
-- Installing: /home/vlad/ros2_ws/install/moveit_ros_visualization/share/ament_index/resource_index/rviz_common__pluginlib__plugin/moveit_ros_visualization
-- Installing: /home/vlad/ros2_ws/install/moveit_ros_visualization/share/moveit_ros_visualization/cmake/ament_cmake_export_dependencies-extras.cmake
-- Installing: /home/vlad/ros2_ws/install/moveit_ros_visualization/share/moveit_ros_visualization/cmake/moveit_ros_visualizationConfig.cmake
-- Installing: /home/vlad/ros2_ws/install/moveit_ros_visualization/share/moveit_ros_visualization/cmake/moveit_ros_visualizationConfig-version.cmake
-- Installing: /home/vlad/ros2_ws/install/moveit_ros_visualization/share/moveit_ros_visualization/package.xml
-- Installing: /home/vlad/ros2_ws/install/moveit_ros_visualization/include
-- Installing: /home/vlad/ros2_ws/install/moveit_ros_visualization/include/moveit
-- Installing: /home/vlad/ros2_ws/install/moveit_ros_visualization/include/moveit/rviz_plugin_render_tools
-- Installing: /home/vlad/ros2_ws/install/moveit_ros_visualization/include/moveit/rviz_plugin_render_tools/planning_link_updater.h
-- Installing: /home/vlad/ros2_ws/install/moveit_ros_visualization/include/moveit/rviz_plugin_render_tools/octomap_render.h
-- Installing: /home/vlad/ros2_ws/install/moveit_ros_visualization/include/moveit/rviz_plugin_render_tools/robot_state_visualization.h
-- Installing: /home/vlad/ros2_ws/install/moveit_ros_visualization/include/moveit/rviz_plugin_render_tools/trajectory_visualization.h
-- Installing: /home/vlad/ros2_ws/install/moveit_ros_visualization/include/moveit/rviz_plugin_render_tools/trajectory_panel.h
-- Installing: /home/vlad/ros2_ws/install/moveit_ros_visualization/include/moveit/rviz_plugin_render_tools/render_shapes.h
-- Installing: /home/vlad/ros2_ws/install/moveit_ros_visualization/include/moveit/rviz_plugin_render_tools/planning_scene_render.h
-- Installing: /home/vlad/ros2_ws/install/moveit_ros_visualization/include/ogre_helpers
-- Installing: /home/vlad/ros2_ws/install/moveit_ros_visualization/include/ogre_helpers/mesh_shape.hpp
-- Installing: /home/vlad/ros2_ws/install/moveit_ros_visualization/lib/libmoveit_rviz_plugin_render_tools.so.
-- Set runtime path of "/home/vlad/ros2_ws/install/moveit_ros_visualization/lib/libmoveit_rviz_plugin_render_tools.so." to ""
-- Installing: /home/vlad/ros2_ws/install/moveit_ros_visualization/lib/libmoveit_rviz_plugin_render_tools.so
-- Up-to-date: /home/vlad/ros2_ws/install/moveit_ros_visualization/include
-- Up-to-date: /home/vlad/ros2_ws/install/moveit_ros_visualization/include/moveit
-- Installing: /home/vlad/ros2_ws/install/moveit_ros_visualization/include/moveit/robot_state_rviz_plugin
-- Installing: /home/vlad/ros2_ws/install/moveit_ros_visualization/include/moveit/robot_state_rviz_plugin/robot_state_display.h
-- Installing: /home/vlad/ros2_ws/install/moveit_ros_visualization/lib/libmoveit_robot_state_rviz_plugin_core.so.
-- Set runtime path of "/home/vlad/ros2_ws/install/moveit_ros_visualization/lib/libmoveit_robot_state_rviz_plugin_core.so." to ""
-- Installing: /home/vlad/ros2_ws/install/moveit_ros_visualization/lib/libmoveit_robot_state_rviz_plugin_core.so
-- Installing: /home/vlad/ros2_ws/install/moveit_ros_visualization/lib/libmoveit_robot_state_rviz_plugin.so.
-- Set runtime path of "/home/vlad/ros2_ws/install/moveit_ros_visualization/lib/libmoveit_robot_state_rviz_plugin.so." to ""
-- Installing: /home/vlad/ros2_ws/install/moveit_ros_visualization/lib/libmoveit_robot_state_rviz_plugin.so
-- Installing: /home/vlad/ros2_ws/install/moveit_ros_visualization/share/moveit_ros_visualization/environment/library_path.sh
-- Installing: /home/vlad/ros2_ws/install/moveit_ros_visualization/share/moveit_ros_visualization/environment/library_path.dsv
-- Up-to-date: /home/vlad/ros2_ws/install/moveit_ros_visualization/include
-- Up-to-date: /home/vlad/ros2_ws/install/moveit_ros_visualization/include/moveit
-- Installing: /home/vlad/ros2_ws/install/moveit_ros_visualization/include/moveit/planning_scene_rviz_plugin
-- Installing: /home/vlad/ros2_ws/install/moveit_ros_visualization/include/moveit/planning_scene_rviz_plugin/planning_scene_display.h
-- Installing: /home/vlad/ros2_ws/install/moveit_ros_visualization/lib/libmoveit_planning_scene_rviz_plugin_core.so.
-- Set runtime path of "/home/vlad/ros2_ws/install/moveit_ros_visualization/lib/libmoveit_planning_scene_rviz_plugin_core.so." to ""
-- Installing: /home/vlad/ros2_ws/install/moveit_ros_visualization/lib/libmoveit_planning_scene_rviz_plugin_core.so
-- Installing: /home/vlad/ros2_ws/install/moveit_ros_visualization/lib/libmoveit_planning_scene_rviz_plugin.so.
-- Set runtime path of "/home/vlad/ros2_ws/install/moveit_ros_visualization/lib/libmoveit_planning_scene_rviz_plugin.so." to ""
-- Installing: /home/vlad/ros2_ws/install/moveit_ros_visualization/lib/libmoveit_planning_scene_rviz_plugin.so
-- Up-to-date: /home/vlad/ros2_ws/install/moveit_ros_visualization/share/moveit_ros_visualization/environment/library_path.sh
-- Up-to-date: /home/vlad/ros2_ws/install/moveit_ros_visualization/share/moveit_ros_visualization/environment/library_path.dsv
-- Up-to-date: /home/vlad/ros2_ws/install/moveit_ros_visualization/include
-- Up-to-date: /home/vlad/ros2_ws/install/moveit_ros_visualization/include/moveit
-- Installing: /home/vlad/ros2_ws/install/moveit_ros_visualization/include/moveit/motion_planning_rviz_plugin
-- Installing: /home/vlad/ros2_ws/install/moveit_ros_visualization/include/moveit/motion_planning_rviz_plugin/motion_planning_frame.h
-- Installing: /home/vlad/ros2_ws/install/moveit_ros_visualization/include/moveit/motion_planning_rviz_plugin/motion_planning_frame_joints_widget.h
-- Installing: /home/vlad/ros2_ws/install/moveit_ros_visualization/include/moveit/motion_planning_rviz_plugin/motion_planning_display.h
-- Installing: /home/vlad/ros2_ws/install/moveit_ros_visualization/include/moveit/motion_planning_rviz_plugin/motion_planning_param_widget.h
-- Installing: /home/vlad/ros2_ws/install/moveit_ros_visualization/lib/libmoveit_motion_planning_rviz_plugin.so.
-- Set runtime path of "/home/vlad/ros2_ws/install/moveit_ros_visualization/lib/libmoveit_motion_planning_rviz_plugin.so." to ""
-- Installing: /home/vlad/ros2_ws/install/moveit_ros_visualization/lib/libmoveit_motion_planning_rviz_plugin.so
-- Installing: /home/vlad/ros2_ws/install/moveit_ros_visualization/lib/libmoveit_motion_planning_rviz_plugin_core.so.
-- Set runtime path of "/home/vlad/ros2_ws/install/moveit_ros_visualization/lib/libmoveit_motion_planning_rviz_plugin_core.so." to ""
-- Installing: /home/vlad/ros2_ws/install/moveit_ros_visualization/lib/libmoveit_motion_planning_rviz_plugin_core.so
-- Up-to-date: /home/vlad/ros2_ws/install/moveit_ros_visualization/share/moveit_ros_visualization/environment/library_path.sh
-- Up-to-date: /home/vlad/ros2_ws/install/moveit_ros_visualization/share/moveit_ros_visualization/environment/library_path.dsv
-- Up-to-date: /home/vlad/ros2_ws/install/moveit_ros_visualization/include
-- Up-to-date: /home/vlad/ros2_ws/install/moveit_ros_visualization/include/moveit
-- Installing: /home/vlad/ros2_ws/install/moveit_ros_visualization/include/moveit/trajectory_rviz_plugin
-- Installing: /home/vlad/ros2_ws/install/moveit_ros_visualization/include/moveit/trajectory_rviz_plugin/trajectory_display.h
-- Installing: /home/vlad/ros2_ws/install/moveit_ros_visualization/lib/libmoveit_trajectory_rviz_plugin.so.
-- Set runtime path of "/home/vlad/ros2_ws/install/moveit_ros_visualization/lib/libmoveit_trajectory_rviz_plugin.so." to ""
-- Installing: /home/vlad/ros2_ws/install/moveit_ros_visualization/lib/libmoveit_trajectory_rviz_plugin.so
-- Installing: /home/vlad/ros2_ws/install/moveit_ros_visualization/lib/libmoveit_trajectory_rviz_plugin_core.so.
-- Set runtime path of "/home/vlad/ros2_ws/install/moveit_ros_visualization/lib/libmoveit_trajectory_rviz_plugin_core.so." to ""
-- Installing: /home/vlad/ros2_ws/install/moveit_ros_visualization/lib/libmoveit_trajectory_rviz_plugin_core.so
-- Up-to-date: /home/vlad/ros2_ws/install/moveit_ros_visualization/share/moveit_ros_visualization/environment/library_path.sh
-- Up-to-date: /home/vlad/ros2_ws/install/moveit_ros_visualization/share/moveit_ros_visualization/environment/library_path.dsv
