-- Create Debug Build.
-- Found ament_cmake: 0.9.7 (/home/vlad/ros2_foxy/install/ament_cmake/share/ament_cmake/cmake)
-- Using PYTHON_EXECUTABLE: /usr/bin/python3
-- Override CMake install command with custom implementation using symlinks instead of copying resources
-- Found rclcpp: 2.2.0 (/home/vlad/ros2_foxy/install/rclcpp/share/rclcpp/cmake)
-- Using all available rosidl_typesupport_c: rosidl_typesupport_fastrtps_c;rosidl_typesupport_introspection_c
-- Found rosidl_adapter: 1.1.0 (/home/vlad/ros2_foxy/install/rosidl_adapter/share/rosidl_adapter/cmake)
-- Using all available rosidl_typesupport_cpp: rosidl_typesupport_fastrtps_cpp;rosidl_typesupport_introspection_cpp
-- Found rmw_implementation_cmake: 1.0.2 (/home/vlad/ros2_foxy/install/rmw_implementation_cmake/share/rmw_implementation_cmake/cmake)
-- Using RMW implementation 'rmw_fastrtps_cpp' as default
-- Found rclcpp_components: 2.2.0 (/home/vlad/ros2_foxy/install/rclcpp_components/share/rclcpp_components/cmake)
-- Found nav_msgs: 2.0.3 (/home/vlad/ros2_foxy/install/nav_msgs/share/nav_msgs/cmake)
-- Found sensor_msgs: 2.0.3 (/home/vlad/ros2_foxy/install/sensor_msgs/share/sensor_msgs/cmake)
-- Found tf2: 0.13.7 (/home/vlad/ros2_foxy/install/tf2/share/tf2/cmake)
-- Found tf2_ros: 0.13.7 (/home/vlad/ros2_foxy/install/tf2_ros/share/tf2_ros/cmake)
-- Found realsense_msgs: 2.0.8 (/home/vlad/ros2_ws/install/realsense_msgs/share/realsense_msgs/cmake)
-- Found ament_lint_auto: 0.9.5 (/home/vlad/ros2_foxy/install/ament_lint_auto/share/ament_lint_auto/cmake)
-- Found gtest sources under '/home/vlad/ros2_foxy/install/gtest_vendor/src/gtest_vendor': C++ tests using 'Google Test' will be built
-- Added test 'copyright' to check source files copyright and LICENSE
-- Added test 'cppcheck' to perform static code analysis on C / C++ code
-- Configured cppcheck include dirs: /home/vlad/ros2_ws/src/ros2_intel_realsense/realsense_ros/include
-- Configured cppcheck exclude dirs and/or files: 
-- Added test 'cpplint' to check C / C++ code against the Google style
-- Configured cpplint exclude dirs and/or files: 
-- Added test 'lint_cmake' to check CMake code style
-- Added test 'uncrustify' to check C / C++ code style
-- Configured uncrustify additional arguments: 
-- Added test 'xmllint' to check XML markup files
-- Configuring done
-- Generating done
-- Build files have been written to: /home/vlad/ros2_ws/build/realsense_ros
[35m[1mScanning dependencies of target realsense_ros[0m
[  8%] [32mBuilding CXX object gtest/CMakeFiles/gtest.dir/src/gtest-all.cc.o[0m
[ 16%] [32mBuilding CXX object gtest/CMakeFiles/gtest_main.dir/src/gtest_main.cc.o[0m
[ 25%] [32mBuilding CXX object CMakeFiles/realsense_ros.dir/src/rs_factory.cpp.o[0m
[ 33%] [32mBuilding CXX object CMakeFiles/realsense_ros.dir/src/rs_d435.cpp.o[0m
[ 41%] [32mBuilding CXX object CMakeFiles/realsense_ros.dir/src/rs_base.cpp.o[0m
[ 50%] [32mBuilding CXX object CMakeFiles/realsense_ros.dir/src/rs_d435i.cpp.o[0m
[ 58%] [32mBuilding CXX object CMakeFiles/realsense_ros.dir/src/rs_t265.cpp.o[0m
[ 66%] [32m[1mLinking CXX static library libgtest_main.a[0m
[ 66%] Built target gtest_main
[ 75%] [32m[1mLinking CXX static library libgtest.a[0m
[ 75%] Built target gtest
[ 83%] [32m[1mLinking CXX shared library librealsense_ros.so[0m
[ 83%] Built target realsense_ros
[35m[1mScanning dependencies of target camera_core[0m
[ 91%] [32mBuilding CXX object CMakeFiles/camera_core.dir/tests/camera_core.cpp.o[0m
[100%] [32m[1mLinking CXX executable camera_core[0m
[100%] Built target camera_core
-- Install configuration: "Release"
-- Execute custom install script
-- Up-to-date symlink: /home/vlad/ros2_ws/install/realsense_ros/lib/librealsense_ros.so
-- Up-to-date symlink: /home/vlad/ros2_ws/install/realsense_ros/include/realsense/rs_base.hpp
-- Up-to-date symlink: /home/vlad/ros2_ws/install/realsense_ros/include/realsense/rs_constants.hpp
-- Up-to-date symlink: /home/vlad/ros2_ws/install/realsense_ros/include/realsense/rs_d435.hpp
-- Up-to-date symlink: /home/vlad/ros2_ws/install/realsense_ros/include/realsense/rs_d435i.hpp
-- Up-to-date symlink: /home/vlad/ros2_ws/install/realsense_ros/include/realsense/rs_factory.hpp
-- Up-to-date symlink: /home/vlad/ros2_ws/install/realsense_ros/include/realsense/rs_t265.hpp
-- Up-to-date symlink: /home/vlad/ros2_ws/install/realsense_ros/share/realsense_ros/environment/library_path.sh
-- Up-to-date symlink: /home/vlad/ros2_ws/install/realsense_ros/share/realsense_ros/environment/library_path.dsv
-- Up-to-date symlink: /home/vlad/ros2_ws/install/realsense_ros/share/ament_index/resource_index/package_run_dependencies/realsense_ros
-- Up-to-date symlink: /home/vlad/ros2_ws/install/realsense_ros/share/ament_index/resource_index/parent_prefix_path/realsense_ros
-- Up-to-date symlink: /home/vlad/ros2_ws/install/realsense_ros/share/realsense_ros/environment/ament_prefix_path.sh
-- Up-to-date symlink: /home/vlad/ros2_ws/install/realsense_ros/share/realsense_ros/environment/ament_prefix_path.dsv
-- Up-to-date symlink: /home/vlad/ros2_ws/install/realsense_ros/share/realsense_ros/environment/path.sh
-- Up-to-date symlink: /home/vlad/ros2_ws/install/realsense_ros/share/realsense_ros/environment/path.dsv
-- Up-to-date symlink: /home/vlad/ros2_ws/install/realsense_ros/share/realsense_ros/local_setup.bash
-- Up-to-date symlink: /home/vlad/ros2_ws/install/realsense_ros/share/realsense_ros/local_setup.sh
-- Up-to-date symlink: /home/vlad/ros2_ws/install/realsense_ros/share/realsense_ros/local_setup.zsh
-- Up-to-date symlink: /home/vlad/ros2_ws/install/realsense_ros/share/realsense_ros/local_setup.dsv
-- Symlinking: /home/vlad/ros2_ws/install/realsense_ros/share/realsense_ros/package.dsv
-- Up-to-date symlink: /home/vlad/ros2_ws/install/realsense_ros/share/ament_index/resource_index/packages/realsense_ros
-- Up-to-date symlink: /home/vlad/ros2_ws/install/realsense_ros/share/ament_index/resource_index/rclcpp_components/realsense_ros
-- Up-to-date symlink: /home/vlad/ros2_ws/install/realsense_ros/share/realsense_ros/cmake/ament_cmake_export_include_directories-extras.cmake
-- Up-to-date symlink: /home/vlad/ros2_ws/install/realsense_ros/share/realsense_ros/cmake/ament_cmake_export_libraries-extras.cmake
-- Up-to-date symlink: /home/vlad/ros2_ws/install/realsense_ros/share/realsense_ros/cmake/realsense_rosConfig.cmake
-- Up-to-date symlink: /home/vlad/ros2_ws/install/realsense_ros/share/realsense_ros/cmake/realsense_rosConfig-version.cmake
-- Up-to-date symlink: /home/vlad/ros2_ws/install/realsense_ros/share/realsense_ros/package.xml
