-- The C compiler identification is GNU 9.3.0
-- The CXX compiler identification is GNU 9.3.0
-- Check for working C compiler: /usr/bin/cc
-- Check for working C compiler: /usr/bin/cc -- works
-- Detecting C compiler ABI info
-- Detecting C compiler ABI info - done
-- Detecting C compile features
-- Detecting C compile features - done
-- Check for working CXX compiler: /usr/bin/c++
-- Check for working CXX compiler: /usr/bin/c++ -- works
-- Detecting CXX compiler ABI info
-- Detecting CXX compiler ABI info - done
-- Detecting CXX compile features
-- Detecting CXX compile features - done
-- Found ament_cmake: 0.9.7 (/home/vlad/ros2_foxy/install/ament_cmake/share/ament_cmake/cmake)
-- Found PythonInterp: /usr/bin/python3 (found suitable version "3.8.5", minimum required is "3") 
-- Using PYTHON_EXECUTABLE: /usr/bin/python3
-- Found hardware_interface: 0.0.0 (/home/vlad/ros2_ws/install/hardware_interface/share/hardware_interface/cmake)
-- Using all available rosidl_typesupport_c: rosidl_typesupport_fastrtps_c;rosidl_typesupport_introspection_c
-- Found rosidl_adapter: 1.1.0 (/home/vlad/ros2_foxy/install/rosidl_adapter/share/rosidl_adapter/cmake)
-- Found OpenSSL: /usr/lib/x86_64-linux-gnu/libcrypto.so (found version "1.1.1f")  
-- Found FastRTPS: /home/vlad/ros2_foxy/install/fastrtps/include  
-- Using all available rosidl_typesupport_cpp: rosidl_typesupport_fastrtps_cpp;rosidl_typesupport_introspection_cpp
-- Found rmw_implementation_cmake: 1.0.2 (/home/vlad/ros2_foxy/install/rmw_implementation_cmake/share/rmw_implementation_cmake/cmake)
-- Using RMW implementation 'rmw_fastrtps_cpp' as default
-- Looking for pthread.h
-- Looking for pthread.h - found
-- Performing Test CMAKE_HAVE_LIBC_PTHREAD
-- Performing Test CMAKE_HAVE_LIBC_PTHREAD - Failed
-- Looking for pthread_create in pthreads
-- Looking for pthread_create in pthreads - not found
-- Looking for pthread_create in pthread
-- Looking for pthread_create in pthread - found
-- Found Threads: TRUE  
-- Found controller_manager: 0.0.0 (/home/vlad/ros2_ws/install/controller_manager/share/controller_manager/cmake)
-- Found urdf: 2.4.0 (/home/vlad/ros2_foxy/install/urdf/share/urdf/cmake)
-- Found xacro: 2.0.4 (/opt/ros/foxy/share/xacro/cmake)
-- Configuring done
-- Generating done
-- Build files have been written to: /home/vlad/ros2_ws/build/fake_joint_driver
[35m[1mScanning dependencies of target fake_joint_driver_node[0m
[ 66%] [32mBuilding CXX object CMakeFiles/fake_joint_driver_node.dir/src/fake_joint_driver.cpp.o[0m
[ 66%] [32mBuilding CXX object CMakeFiles/fake_joint_driver_node.dir/src/fake_joint_driver_node.cpp.o[0m
[100%] [32m[1mLinking CXX executable fake_joint_driver_node[0m
[100%] Built target fake_joint_driver_node
-- Install configuration: "Release"
-- Installing: /home/vlad/ros2_ws/install/fake_joint_driver/lib/fake_joint_driver/fake_joint_driver_node
-- Set runtime path of "/home/vlad/ros2_ws/install/fake_joint_driver/lib/fake_joint_driver/fake_joint_driver_node" to ""
-- Installing: /home/vlad/ros2_ws/install/fake_joint_driver/share/config
-- Installing: /home/vlad/ros2_ws/install/fake_joint_driver/share/config/controllers.yaml
-- Installing: /home/vlad/ros2_ws/install/fake_joint_driver/share/robot
-- Installing: /home/vlad/ros2_ws/install/fake_joint_driver/share/robot/arm3.urdf.xacro
-- Installing: /home/vlad/ros2_ws/install/fake_joint_driver/share/test
-- Installing: /home/vlad/ros2_ws/install/fake_joint_driver/share/test/test_fake_joint_driver.py
-- Installing: /home/vlad/ros2_ws/install/fake_joint_driver/share/test/fake_joint_driver.test
-- Installing: /home/vlad/ros2_ws/install/fake_joint_driver/include
-- Installing: /home/vlad/ros2_ws/install/fake_joint_driver/include/fake_joint_driver.h
-- Installing: /home/vlad/ros2_ws/install/fake_joint_driver/share/ament_index/resource_index/package_run_dependencies/fake_joint_driver
-- Installing: /home/vlad/ros2_ws/install/fake_joint_driver/share/ament_index/resource_index/parent_prefix_path/fake_joint_driver
-- Installing: /home/vlad/ros2_ws/install/fake_joint_driver/share/fake_joint_driver/environment/ament_prefix_path.sh
-- Installing: /home/vlad/ros2_ws/install/fake_joint_driver/share/fake_joint_driver/environment/ament_prefix_path.dsv
-- Installing: /home/vlad/ros2_ws/install/fake_joint_driver/share/fake_joint_driver/environment/path.sh
-- Installing: /home/vlad/ros2_ws/install/fake_joint_driver/share/fake_joint_driver/environment/path.dsv
-- Installing: /home/vlad/ros2_ws/install/fake_joint_driver/share/fake_joint_driver/local_setup.bash
-- Installing: /home/vlad/ros2_ws/install/fake_joint_driver/share/fake_joint_driver/local_setup.sh
-- Installing: /home/vlad/ros2_ws/install/fake_joint_driver/share/fake_joint_driver/local_setup.zsh
-- Installing: /home/vlad/ros2_ws/install/fake_joint_driver/share/fake_joint_driver/local_setup.dsv
-- Installing: /home/vlad/ros2_ws/install/fake_joint_driver/share/fake_joint_driver/package.dsv
-- Installing: /home/vlad/ros2_ws/install/fake_joint_driver/share/ament_index/resource_index/packages/fake_joint_driver
-- Installing: /home/vlad/ros2_ws/install/fake_joint_driver/share/fake_joint_driver/cmake/ament_cmake_export_dependencies-extras.cmake
-- Installing: /home/vlad/ros2_ws/install/fake_joint_driver/share/fake_joint_driver/cmake/fake_joint_driverConfig.cmake
-- Installing: /home/vlad/ros2_ws/install/fake_joint_driver/share/fake_joint_driver/cmake/fake_joint_driverConfig-version.cmake
-- Installing: /home/vlad/ros2_ws/install/fake_joint_driver/share/fake_joint_driver/package.xml
