-- The C compiler identification is GNU 9.3.0
-- The CXX compiler identification is GNU 9.3.0
-- Check for working C compiler: /usr/bin/cc
-- Check for working C compiler: /usr/bin/cc -- works
-- Detecting C compiler ABI info
-- Detecting C compiler ABI info - done
-- Detecting C compile features
-- Detecting C compile features - done
-- Check for working CXX compiler: /usr/bin/c++
-- Check for working CXX compiler: /usr/bin/c++ -- works
-- Detecting CXX compiler ABI info
-- Detecting CXX compiler ABI info - done
-- Detecting CXX compile features
-- Detecting CXX compile features - done
-- Create Debug Build.
-- Found ament_cmake: 0.9.7 (/home/vlad/ros2_foxy/install/ament_cmake/share/ament_cmake/cmake)
-- Found PythonInterp: /usr/bin/python3 (found suitable version "3.8.5", minimum required is "3") 
-- Using PYTHON_EXECUTABLE: /usr/bin/python3
-- Override CMake install command with custom implementation using symlinks instead of copying resources
-- Found rclcpp: 2.2.0 (/home/vlad/ros2_foxy/install/rclcpp/share/rclcpp/cmake)
-- Using all available rosidl_typesupport_c: rosidl_typesupport_fastrtps_c;rosidl_typesupport_introspection_c
-- Found rosidl_adapter: 1.1.0 (/home/vlad/ros2_foxy/install/rosidl_adapter/share/rosidl_adapter/cmake)
-- Found OpenSSL: /usr/lib/x86_64-linux-gnu/libcrypto.so (found version "1.1.1f")  
-- Found FastRTPS: /home/vlad/ros2_foxy/install/fastrtps/include  
-- Using all available rosidl_typesupport_cpp: rosidl_typesupport_fastrtps_cpp;rosidl_typesupport_introspection_cpp
-- Found rmw_implementation_cmake: 1.0.2 (/home/vlad/ros2_foxy/install/rmw_implementation_cmake/share/rmw_implementation_cmake/cmake)
-- Using RMW implementation 'rmw_fastrtps_cpp' as default
-- Looking for pthread.h
-- Looking for pthread.h - found
-- Performing Test CMAKE_HAVE_LIBC_PTHREAD
-- Performing Test CMAKE_HAVE_LIBC_PTHREAD - Failed
-- Looking for pthread_create in pthreads
-- Looking for pthread_create in pthreads - not found
-- Looking for pthread_create in pthread
-- Looking for pthread_create in pthread - found
-- Found Threads: TRUE  
-- Found rclcpp_components: 2.2.0 (/home/vlad/ros2_foxy/install/rclcpp_components/share/rclcpp_components/cmake)
-- Found nav_msgs: 2.0.3 (/home/vlad/ros2_foxy/install/nav_msgs/share/nav_msgs/cmake)
-- Found sensor_msgs: 2.0.3 (/home/vlad/ros2_foxy/install/sensor_msgs/share/sensor_msgs/cmake)
-- Found OpenCV: /usr (found version "4.2.0") 
-- Found tf2: 0.13.7 (/home/vlad/ros2_foxy/install/tf2/share/tf2/cmake)
-- Found tf2_ros: 0.13.7 (/home/vlad/ros2_foxy/install/tf2_ros/share/tf2_ros/cmake)
-- Found realsense_msgs: 2.0.8 (/home/vlad/ros2_ws/install/realsense_msgs/share/realsense_msgs/cmake)
-- Found ament_lint_auto: 0.9.5 (/home/vlad/ros2_foxy/install/ament_lint_auto/share/ament_lint_auto/cmake)
-- Found gtest sources under '/home/vlad/ros2_foxy/install/gtest_vendor/src/gtest_vendor': C++ tests using 'Google Test' will be built
-- Check if compiler accepts -pthread
-- Check if compiler accepts -pthread - yes
-- Added test 'copyright' to check source files copyright and LICENSE
-- Added test 'cppcheck' to perform static code analysis on C / C++ code
-- Configured cppcheck include dirs: /home/vlad/ros2_ws/src/ros2_intel_realsense/realsense_ros/include
-- Configured cppcheck exclude dirs and/or files: 
-- Added test 'cpplint' to check C / C++ code against the Google style
-- Configured cpplint exclude dirs and/or files: 
-- Added test 'lint_cmake' to check CMake code style
-- Added test 'uncrustify' to check C / C++ code style
-- Configured uncrustify additional arguments: 
-- Added test 'xmllint' to check XML markup files
-- Configuring done
-- Generating done
-- Build files have been written to: /home/vlad/ros2_ws/build/realsense_ros
[35m[1mScanning dependencies of target gtest_main[0m
[35m[1mScanning dependencies of target gtest[0m
[35m[1mScanning dependencies of target realsense_ros[0m
[  8%] [32mBuilding CXX object gtest/CMakeFiles/gtest_main.dir/src/gtest_main.cc.o[0m
[ 16%] [32mBuilding CXX object gtest/CMakeFiles/gtest.dir/src/gtest-all.cc.o[0m
[ 25%] [32mBuilding CXX object CMakeFiles/realsense_ros.dir/src/rs_base.cpp.o[0m
[ 33%] [32mBuilding CXX object CMakeFiles/realsense_ros.dir/src/rs_d435i.cpp.o[0m
[ 41%] [32mBuilding CXX object CMakeFiles/realsense_ros.dir/src/rs_factory.cpp.o[0m
[ 50%] [32mBuilding CXX object CMakeFiles/realsense_ros.dir/src/rs_d435.cpp.o[0m
[ 58%] [32mBuilding CXX object CMakeFiles/realsense_ros.dir/src/rs_t265.cpp.o[0m
[01m[K/home/vlad/ros2_ws/src/ros2_intel_realsense/realsense_ros/src/rs_base.cpp:15:10:[m[K [01;31m[Kfatal error: [m[Kboost/endian/conversion.hpp: No such file or directory
   15 | #include [01;31m[K<boost/endian/conversion.hpp>[m[K
      |          [01;31m[K^~~~~~~~~~~~~~~~~~~~~~~~~~~~~[m[K
compilation terminated.
make[2]: *** [CMakeFiles/realsense_ros.dir/build.make:76: CMakeFiles/realsense_ros.dir/src/rs_base.cpp.o] Error 1
make[2]: *** Waiting for unfinished jobs....
[ 66%] [32m[1mLinking CXX static library libgtest_main.a[0m
[ 66%] Built target gtest_main
In file included from [01m[K/opt/ros/foxy/include/librealsense2/hpp/rs_sensor.hpp:8[m[K,
                 from [01m[K/opt/ros/foxy/include/librealsense2/hpp/rs_device.hpp:8[m[K,
                 from [01m[K/opt/ros/foxy/include/librealsense2/hpp/rs_record_playback.hpp:8[m[K,
                 from [01m[K/opt/ros/foxy/include/librealsense2/hpp/rs_context.hpp:8[m[K,
                 from [01m[K/opt/ros/foxy/include/librealsense2/rs.hpp:9[m[K,
                 from [01m[K/home/vlad/ros2_ws/src/ros2_intel_realsense/realsense_ros/include/realsense/rs_base.hpp:31[m[K,
                 from [01m[K/home/vlad/ros2_ws/src/ros2_intel_realsense/realsense_ros/include/realsense/rs_d435.hpp:23[m[K,
                 from [01m[K/home/vlad/ros2_ws/src/ros2_intel_realsense/realsense_ros/include/realsense/rs_d435i.hpp:19[m[K,
                 from [01m[K/home/vlad/ros2_ws/src/ros2_intel_realsense/realsense_ros/src/rs_d435i.cpp:17[m[K:
[01m[K/opt/ros/foxy/include/librealsense2/hpp/rs_frame.hpp:526:9:[m[K [01;35m[Kwarning: [m[Ktype qualifiers ignored on function return type [[01;35m[K-Wignored-qualifiers[m[K]
  526 |         [01;35m[Kconst[m[K int get_data_size() const
      |         [01;35m[K^~~~~[m[K
[01m[K/opt/ros/foxy/include/librealsense2/hpp/rs_frame.hpp:[m[K In lambda function:
[01m[K/opt/ros/foxy/include/librealsense2/hpp/rs_frame.hpp:1020:58:[m[K [01;35m[Kwarning: [m[Kcomparison of integer expressions of different signedness: ‘[01m[Kint[m[K’ and ‘[01m[Kconst size_t[m[K’ {aka ‘[01m[Kconst long unsigned int[m[K’} [[01;35m[K-Wsign-compare[m[K]
 1020 |                         [01;35m[Kfrm.get_profile().stream_index() == index[m[K) f = frm;
      |                         [01;35m[K~~~~~~~~~~~~~~~~~~~~~~~~~~~~~~~~~^~~~~~~~[m[K
[01m[K/opt/ros/foxy/include/librealsense2/hpp/rs_frame.hpp:[m[K In lambda function:
[01m[K/opt/ros/foxy/include/librealsense2/hpp/rs_frame.hpp:1042:58:[m[K [01;35m[Kwarning: [m[Kcomparison of integer expressions of different signedness: ‘[01m[Kint[m[K’ and ‘[01m[Kconst size_t[m[K’ {aka ‘[01m[Kconst long unsigned int[m[K’} [[01;35m[K-Wsign-compare[m[K]
 1042 |                         [01;35m[Kfrm.get_profile().stream_index() == index[m[K) f = frm;
      |                         [01;35m[K~~~~~~~~~~~~~~~~~~~~~~~~~~~~~~~~~^~~~~~~~[m[K
[01m[K/opt/ros/foxy/include/librealsense2/hpp/rs_frame.hpp:[m[K In lambda function:
[01m[K/opt/ros/foxy/include/librealsense2/hpp/rs_frame.hpp:1064:58:[m[K [01;35m[Kwarning: [m[Kcomparison of integer expressions of different signedness: ‘[01m[Kint[m[K’ and ‘[01m[Kconst size_t[m[K’ {aka ‘[01m[Kconst long unsigned int[m[K’} [[01;35m[K-Wsign-compare[m[K]
 1064 |                         [01;35m[Kfrm.get_profile().stream_index() == index[m[K) f = frm;
      |                         [01;35m[K~~~~~~~~~~~~~~~~~~~~~~~~~~~~~~~~~^~~~~~~~[m[K
In file included from [01m[K/opt/ros/foxy/include/librealsense2/hpp/rs_sensor.hpp:8[m[K,
                 from [01m[K/opt/ros/foxy/include/librealsense2/hpp/rs_device.hpp:8[m[K,
                 from [01m[K/opt/ros/foxy/include/librealsense2/hpp/rs_record_playback.hpp:8[m[K,
                 from [01m[K/opt/ros/foxy/include/librealsense2/hpp/rs_context.hpp:8[m[K,
                 from [01m[K/opt/ros/foxy/include/librealsense2/rs.hpp:9[m[K,
                 from [01m[K/home/vlad/ros2_ws/src/ros2_intel_realsense/realsense_ros/include/realsense/rs_base.hpp:31[m[K,
                 from [01m[K/home/vlad/ros2_ws/src/ros2_intel_realsense/realsense_ros/include/realsense/rs_t265.hpp:19[m[K,
                 from [01m[K/home/vlad/ros2_ws/src/ros2_intel_realsense/realsense_ros/src/rs_t265.cpp:24[m[K:
[01m[K/opt/ros/foxy/include/librealsense2/hpp/rs_frame.hpp:526:9:[m[K [01;35m[Kwarning: [m[Ktype qualifiers ignored on function return type [[01;35m[K-Wignored-qualifiers[m[K]
  526 |         [01;35m[Kconst[m[K int get_data_size() const
      |         [01;35m[K^~~~~[m[K
[01m[K/opt/ros/foxy/include/librealsense2/hpp/rs_frame.hpp:[m[K In lambda function:
[01m[K/opt/ros/foxy/include/librealsense2/hpp/rs_frame.hpp:1020:58:[m[K [01;35m[Kwarning: [m[Kcomparison of integer expressions of different signedness: ‘[01m[Kint[m[K’ and ‘[01m[Kconst size_t[m[K’ {aka ‘[01m[Kconst long unsigned int[m[K’} [[01;35m[K-Wsign-compare[m[K]
 1020 |                         [01;35m[Kfrm.get_profile().stream_index() == index[m[K) f = frm;
      |                         [01;35m[K~~~~~~~~~~~~~~~~~~~~~~~~~~~~~~~~~^~~~~~~~[m[K
[01m[K/opt/ros/foxy/include/librealsense2/hpp/rs_frame.hpp:[m[K In lambda function:
[01m[K/opt/ros/foxy/include/librealsense2/hpp/rs_frame.hpp:1042:58:[m[K [01;35m[Kwarning: [m[Kcomparison of integer expressions of different signedness: ‘[01m[Kint[m[K’ and ‘[01m[Kconst size_t[m[K’ {aka ‘[01m[Kconst long unsigned int[m[K’} [[01;35m[K-Wsign-compare[m[K]
 1042 |                         [01;35m[Kfrm.get_profile().stream_index() == index[m[K) f = frm;
      |                         [01;35m[K~~~~~~~~~~~~~~~~~~~~~~~~~~~~~~~~~^~~~~~~~[m[K
[01m[K/opt/ros/foxy/include/librealsense2/hpp/rs_frame.hpp:[m[K In lambda function:
[01m[K/opt/ros/foxy/include/librealsense2/hpp/rs_frame.hpp:1064:58:[m[K [01;35m[Kwarning: [m[Kcomparison of integer expressions of different signedness: ‘[01m[Kint[m[K’ and ‘[01m[Kconst size_t[m[K’ {aka ‘[01m[Kconst long unsigned int[m[K’} [[01;35m[K-Wsign-compare[m[K]
 1064 |                         [01;35m[Kfrm.get_profile().stream_index() == index[m[K) f = frm;
      |                         [01;35m[K~~~~~~~~~~~~~~~~~~~~~~~~~~~~~~~~~^~~~~~~~[m[K
In file included from [01m[K/opt/ros/foxy/include/librealsense2/hpp/rs_device.hpp:8[m[K,
                 from [01m[K/opt/ros/foxy/include/librealsense2/hpp/rs_record_playback.hpp:8[m[K,
                 from [01m[K/opt/ros/foxy/include/librealsense2/hpp/rs_context.hpp:8[m[K,
                 from [01m[K/opt/ros/foxy/include/librealsense2/rs.hpp:9[m[K,
                 from [01m[K/home/vlad/ros2_ws/src/ros2_intel_realsense/realsense_ros/include/realsense/rs_base.hpp:31[m[K,
                 from [01m[K/home/vlad/ros2_ws/src/ros2_intel_realsense/realsense_ros/include/realsense/rs_d435.hpp:23[m[K,
                 from [01m[K/home/vlad/ros2_ws/src/ros2_intel_realsense/realsense_ros/include/realsense/rs_d435i.hpp:19[m[K,
                 from [01m[K/home/vlad/ros2_ws/src/ros2_intel_realsense/realsense_ros/src/rs_d435i.cpp:17[m[K:
[01m[K/opt/ros/foxy/include/librealsense2/hpp/rs_sensor.hpp:[m[K In constructor ‘[01m[Krs2::depth_stereo_sensor::depth_stereo_sensor(rs2::sensor)[m[K’:
[01m[K/opt/ros/foxy/include/librealsense2/hpp/rs_sensor.hpp:488:54:[m[K [01;35m[Kwarning: [m[Kimplicitly-declared ‘[01m[Krs2::sensor::sensor(const rs2::sensor&)[m[K’ is deprecated [[01;35m[K-Wdeprecated-copy[m[K]
  488 |         depth_stereo_sensor(sensor s): depth_sensor(s[01;35m[K)[m[K
      |                                                      [01;35m[K^[m[K
[01m[K/opt/ros/foxy/include/librealsense2/hpp/rs_sensor.hpp:308:17:[m[K [01;36m[Knote: [m[Kbecause ‘[01m[Krs2::sensor[m[K’ has user-provided ‘[01m[Krs2::sensor& rs2::sensor::operator=(const rs2::sensor&)[m[K’
  308 |         sensor& [01;36m[Koperator[m[K=(const sensor& other)
      |                 [01;36m[K^~~~~~~~[m[K
[01m[K/opt/ros/foxy/include/librealsense2/hpp/rs_sensor.hpp:459:29:[m[K [01;36m[Knote: [m[K  initializing argument 1 of ‘[01m[Krs2::depth_sensor::depth_sensor(rs2::sensor)[m[K’
  459 |         depth_sensor([01;36m[Ksensor s[m[K)
      |                      [01;36m[K~~~~~~~^[m[K
In file included from [01m[K/opt/ros/foxy/include/librealsense2/hpp/rs_record_playback.hpp:8[m[K,
                 from [01m[K/opt/ros/foxy/include/librealsense2/hpp/rs_context.hpp:8[m[K,
                 from [01m[K/opt/ros/foxy/include/librealsense2/rs.hpp:9[m[K,
                 from [01m[K/home/vlad/ros2_ws/src/ros2_intel_realsense/realsense_ros/include/realsense/rs_base.hpp:31[m[K,
                 from [01m[K/home/vlad/ros2_ws/src/ros2_intel_realsense/realsense_ros/include/realsense/rs_d435.hpp:23[m[K,
                 from [01m[K/home/vlad/ros2_ws/src/ros2_intel_realsense/realsense_ros/include/realsense/rs_d435i.hpp:19[m[K,
                 from [01m[K/home/vlad/ros2_ws/src/ros2_intel_realsense/realsense_ros/src/rs_d435i.cpp:17[m[K:
[01m[K/opt/ros/foxy/include/librealsense2/hpp/rs_device.hpp:[m[K In constructor ‘[01m[Krs2::auto_calibrated_device::auto_calibrated_device(rs2::device)[m[K’:
[01m[K/opt/ros/foxy/include/librealsense2/hpp/rs_device.hpp:319:34:[m[K [01;35m[Kwarning: [m[Kimplicitly-declared ‘[01m[Krs2::device::device(const rs2::device&)[m[K’ is deprecated [[01;35m[K-Wdeprecated-copy[m[K]
  319 |             : calibrated_device(d[01;35m[K)[m[K
      |                                  [01;35m[K^[m[K
In file included from [01m[K/opt/ros/foxy/include/librealsense2/hpp/rs_record_playback.hpp:8[m[K,
                 from [01m[K/opt/ros/foxy/include/librealsense2/hpp/rs_context.hpp:8[m[K,
                 from [01m[K/opt/ros/foxy/include/librealsense2/rs.hpp:9[m[K,
                 from [01m[K/home/vlad/ros2_ws/src/ros2_intel_realsense/realsense_ros/include/realsense/rs_base.hpp:31[m[K,
                 from [01m[K/home/vlad/ros2_ws/src/ros2_intel_realsense/realsense_ros/include/realsense/rs_d435.hpp:23[m[K,
                 from [01m[K/home/vlad/ros2_ws/src/ros2_intel_realsense/realsense_ros/include/realsense/rs_d435i.hpp:19[m[K,
                 from [01m[K/home/vlad/ros2_ws/src/ros2_intel_realsense/realsense_ros/src/rs_d435i.cpp:17[m[K:
[01m[K/opt/ros/foxy/include/librealsense2/hpp/rs_device.hpp:104:17:[m[K [01;36m[Knote: [m[Kbecause ‘[01m[Krs2::device[m[K’ has user-provided ‘[01m[Krs2::device& rs2::device::operator=(const rs2::device&)[m[K’
  104 |         device& [01;36m[Koperator[m[K=(const device& dev)
      |                 [01;36m[K^~~~~~~~[m[K
In file included from [01m[K/opt/ros/foxy/include/librealsense2/hpp/rs_record_playback.hpp:8[m[K,
                 from [01m[K/opt/ros/foxy/include/librealsense2/hpp/rs_context.hpp:8[m[K,
                 from [01m[K/opt/ros/foxy/include/librealsense2/rs.hpp:9[m[K,
                 from [01m[K/home/vlad/ros2_ws/src/ros2_intel_realsense/realsense_ros/include/realsense/rs_base.hpp:31[m[K,
                 from [01m[K/home/vlad/ros2_ws/src/ros2_intel_realsense/realsense_ros/include/realsense/rs_d435.hpp:23[m[K,
                 from [01m[K/home/vlad/ros2_ws/src/ros2_intel_realsense/realsense_ros/include/realsense/rs_d435i.hpp:19[m[K,
                 from [01m[K/home/vlad/ros2_ws/src/ros2_intel_realsense/realsense_ros/src/rs_d435i.cpp:17[m[K:
[01m[K/opt/ros/foxy/include/librealsense2/hpp/rs_device.hpp:290:34:[m[K [01;36m[Knote: [m[K  initializing argument 1 of ‘[01m[Krs2::calibrated_device::calibrated_device(rs2::device)[m[K’
  290 |         calibrated_device([01;36m[Kdevice d[m[K)
      |                           [01;36m[K~~~~~~~^[m[K
[01m[K/opt/ros/foxy/include/librealsense2/hpp/rs_device.hpp:[m[K In member function ‘[01m[Krs2::device rs2::device_list::front() const[m[K’:
[01m[K/opt/ros/foxy/include/librealsense2/hpp/rs_device.hpp:614:59:[m[K [01;35m[Kwarning: [m[Kimplicitly-declared ‘[01m[Krs2::device::device(const rs2::device&)[m[K’ is deprecated [[01;35m[K-Wdeprecated-copy[m[K]
  614 |         device front() const { return std::move((*this)[0][01;35m[K)[m[K; }
      |                                                           [01;35m[K^[m[K
In file included from [01m[K/opt/ros/foxy/include/librealsense2/hpp/rs_record_playback.hpp:8[m[K,
                 from [01m[K/opt/ros/foxy/include/librealsense2/hpp/rs_context.hpp:8[m[K,
                 from [01m[K/opt/ros/foxy/include/librealsense2/rs.hpp:9[m[K,
                 from [01m[K/home/vlad/ros2_ws/src/ros2_intel_realsense/realsense_ros/include/realsense/rs_base.hpp:31[m[K,
                 from [01m[K/home/vlad/ros2_ws/src/ros2_intel_realsense/realsense_ros/include/realsense/rs_d435.hpp:23[m[K,
                 from [01m[K/home/vlad/ros2_ws/src/ros2_intel_realsense/realsense_ros/include/realsense/rs_d435i.hpp:19[m[K,
                 from [01m[K/home/vlad/ros2_ws/src/ros2_intel_realsense/realsense_ros/src/rs_d435i.cpp:17[m[K:
[01m[K/opt/ros/foxy/include/librealsense2/hpp/rs_device.hpp:104:17:[m[K [01;36m[Knote: [m[Kbecause ‘[01m[Krs2::device[m[K’ has user-provided ‘[01m[Krs2::device& rs2::device::operator=(const rs2::device&)[m[K’
  104 |         device& [01;36m[Koperator[m[K=(const device& dev)
      |                 [01;36m[K^~~~~~~~[m[K
In file included from [01m[K/opt/ros/foxy/include/librealsense2/hpp/rs_record_playback.hpp:8[m[K,
                 from [01m[K/opt/ros/foxy/include/librealsense2/hpp/rs_context.hpp:8[m[K,
                 from [01m[K/opt/ros/foxy/include/librealsense2/rs.hpp:9[m[K,
                 from [01m[K/home/vlad/ros2_ws/src/ros2_intel_realsense/realsense_ros/include/realsense/rs_base.hpp:31[m[K,
                 from [01m[K/home/vlad/ros2_ws/src/ros2_intel_realsense/realsense_ros/include/realsense/rs_d435.hpp:23[m[K,
                 from [01m[K/home/vlad/ros2_ws/src/ros2_intel_realsense/realsense_ros/include/realsense/rs_d435i.hpp:19[m[K,
                 from [01m[K/home/vlad/ros2_ws/src/ros2_intel_realsense/realsense_ros/src/rs_d435i.cpp:17[m[K:
[01m[K/opt/ros/foxy/include/librealsense2/hpp/rs_device.hpp:[m[K In member function ‘[01m[Krs2::device rs2::device_list::back() const[m[K’:
[01m[K/opt/ros/foxy/include/librealsense2/hpp/rs_device.hpp:617:49:[m[K [01;35m[Kwarning: [m[Kimplicitly-declared ‘[01m[Krs2::device::device(const rs2::device&)[m[K’ is deprecated [[01;35m[K-Wdeprecated-copy[m[K]
  617 |             return std::move((*this)[size() - 1][01;35m[K)[m[K;
      |                                                 [01;35m[K^[m[K
In file included from [01m[K/opt/ros/foxy/include/librealsense2/hpp/rs_record_playback.hpp:8[m[K,
                 from [01m[K/opt/ros/foxy/include/librealsense2/hpp/rs_context.hpp:8[m[K,
                 from [01m[K/opt/ros/foxy/include/librealsense2/rs.hpp:9[m[K,
                 from [01m[K/home/vlad/ros2_ws/src/ros2_intel_realsense/realsense_ros/include/realsense/rs_base.hpp:31[m[K,
                 from [01m[K/home/vlad/ros2_ws/src/ros2_intel_realsense/realsense_ros/include/realsense/rs_d435.hpp:23[m[K,
                 from [01m[K/home/vlad/ros2_ws/src/ros2_intel_realsense/realsense_ros/include/realsense/rs_d435i.hpp:19[m[K,
                 from [01m[K/home/vlad/ros2_ws/src/ros2_intel_realsense/realsense_ros/src/rs_d435i.cpp:17[m[K:
[01m[K/opt/ros/foxy/include/librealsense2/hpp/rs_device.hpp:104:17:[m[K [01;36m[Knote: [m[Kbecause ‘[01m[Krs2::device[m[K’ has user-provided ‘[01m[Krs2::device& rs2::device::operator=(const rs2::device&)[m[K’
  104 |         device& [01;36m[Koperator[m[K=(const device& dev)
      |                 [01;36m[K^~~~~~~~[m[K
In file included from [01m[K/opt/ros/foxy/include/librealsense2/hpp/rs_record_playback.hpp:8[m[K,
                 from [01m[K/opt/ros/foxy/include/librealsense2/hpp/rs_context.hpp:8[m[K,
                 from [01m[K/opt/ros/foxy/include/librealsense2/rs.hpp:9[m[K,
                 from [01m[K/home/vlad/ros2_ws/src/ros2_intel_realsense/realsense_ros/include/realsense/rs_base.hpp:31[m[K,
                 from [01m[K/home/vlad/ros2_ws/src/ros2_intel_realsense/realsense_ros/include/realsense/rs_d435.hpp:23[m[K,
                 from [01m[K/home/vlad/ros2_ws/src/ros2_intel_realsense/realsense_ros/include/realsense/rs_d435i.hpp:19[m[K,
                 from [01m[K/home/vlad/ros2_ws/src/ros2_intel_realsense/realsense_ros/src/rs_d435i.cpp:17[m[K:
[01m[K/opt/ros/foxy/include/librealsense2/hpp/rs_device.hpp:[m[K In constructor ‘[01m[Krs2::tm2::tm2(rs2::device)[m[K’:
[01m[K/opt/ros/foxy/include/librealsense2/hpp/rs_device.hpp:686:34:[m[K [01;35m[Kwarning: [m[Kimplicitly-declared ‘[01m[Krs2::device::device(const rs2::device&)[m[K’ is deprecated [[01;35m[K-Wdeprecated-copy[m[K]
  686 |             : calibrated_device(d[01;35m[K)[m[K
      |                                  [01;35m[K^[m[K
In file included from [01m[K/opt/ros/foxy/include/librealsense2/hpp/rs_record_playback.hpp:8[m[K,
                 from [01m[K/opt/ros/foxy/include/librealsense2/hpp/rs_context.hpp:8[m[K,
                 from [01m[K/opt/ros/foxy/include/librealsense2/rs.hpp:9[m[K,
                 from [01m[K/home/vlad/ros2_ws/src/ros2_intel_realsense/realsense_ros/include/realsense/rs_base.hpp:31[m[K,
                 from [01m[K/home/vlad/ros2_ws/src/ros2_intel_realsense/realsense_ros/include/realsense/rs_d435.hpp:23[m[K,
                 from [01m[K/home/vlad/ros2_ws/src/ros2_intel_realsense/realsense_ros/include/realsense/rs_d435i.hpp:19[m[K,
                 from [01m[K/home/vlad/ros2_ws/src/ros2_intel_realsense/realsense_ros/src/rs_d435i.cpp:17[m[K:
[01m[K/opt/ros/foxy/include/librealsense2/hpp/rs_device.hpp:104:17:[m[K [01;36m[Knote: [m[Kbecause ‘[01m[Krs2::device[m[K’ has user-provided ‘[01m[Krs2::device& rs2::device::operator=(const rs2::device&)[m[K’
  104 |         device& [01;36m[Koperator[m[K=(const device& dev)
      |                 [01;36m[K^~~~~~~~[m[K
In file included from [01m[K/opt/ros/foxy/include/librealsense2/hpp/rs_record_playback.hpp:8[m[K,
                 from [01m[K/opt/ros/foxy/include/librealsense2/hpp/rs_context.hpp:8[m[K,
                 from [01m[K/opt/ros/foxy/include/librealsense2/rs.hpp:9[m[K,
                 from [01m[K/home/vlad/ros2_ws/src/ros2_intel_realsense/realsense_ros/include/realsense/rs_base.hpp:31[m[K,
                 from [01m[K/home/vlad/ros2_ws/src/ros2_intel_realsense/realsense_ros/include/realsense/rs_d435.hpp:23[m[K,
                 from [01m[K/home/vlad/ros2_ws/src/ros2_intel_realsense/realsense_ros/include/realsense/rs_d435i.hpp:19[m[K,
                 from [01m[K/home/vlad/ros2_ws/src/ros2_intel_realsense/realsense_ros/src/rs_d435i.cpp:17[m[K:
[01m[K/opt/ros/foxy/include/librealsense2/hpp/rs_device.hpp:290:34:[m[K [01;36m[Knote: [m[K  initializing argument 1 of ‘[01m[Krs2::calibrated_device::calibrated_device(rs2::device)[m[K’
  290 |         calibrated_device([01;36m[Kdevice d[m[K)
      |                           [01;36m[K~~~~~~~^[m[K
[01m[K/opt/ros/foxy/include/librealsense2/hpp/rs_device.hpp:[m[K In member function ‘[01m[Kstd::pair<rs2::sensor, rs2::stream_profile> rs2::tm2::get_sensor_profile(rs2_stream, int)[m[K’:
[01m[K/opt/ros/foxy/include/librealsense2/hpp/rs_device.hpp:797:41:[m[K [01;35m[Kwarning: [m[Kimplicitly-declared ‘[01m[Krs2::sensor::sensor(const rs2::sensor&)[m[K’ is deprecated [[01;35m[K-Wdeprecated-copy[m[K]
  797 |             for (auto s : query_sensors([01;35m[K)[m[K) {
      |                                         [01;35m[K^[m[K
In file included from [01m[K/opt/ros/foxy/include/librealsense2/hpp/rs_device.hpp:8[m[K,
                 from [01m[K/opt/ros/foxy/include/librealsense2/hpp/rs_record_playback.hpp:8[m[K,
                 from [01m[K/opt/ros/foxy/include/librealsense2/hpp/rs_context.hpp:8[m[K,
                 from [01m[K/opt/ros/foxy/include/librealsense2/rs.hpp:9[m[K,
                 from [01m[K/home/vlad/ros2_ws/src/ros2_intel_realsense/realsense_ros/include/realsense/rs_base.hpp:31[m[K,
                 from [01m[K/home/vlad/ros2_ws/src/ros2_intel_realsense/realsense_ros/include/realsense/rs_d435.hpp:23[m[K,
                 from [01m[K/home/vlad/ros2_ws/src/ros2_intel_realsense/realsense_ros/include/realsense/rs_d435i.hpp:19[m[K,
                 from [01m[K/home/vlad/ros2_ws/src/ros2_intel_realsense/realsense_ros/src/rs_d435i.cpp:17[m[K:
[01m[K/opt/ros/foxy/include/librealsense2/hpp/rs_sensor.hpp:308:17:[m[K [01;36m[Knote: [m[Kbecause ‘[01m[Krs2::sensor[m[K’ has user-provided ‘[01m[Krs2::sensor& rs2::sensor::operator=(const rs2::sensor&)[m[K’
  308 |         sensor& [01;36m[Koperator[m[K=(const sensor& other)
      |                 [01;36m[K^~~~~~~~[m[K
In file included from [01m[K/opt/ros/foxy/include/librealsense2/hpp/rs_device.hpp:8[m[K,
                 from [01m[K/opt/ros/foxy/include/librealsense2/hpp/rs_record_playback.hpp:8[m[K,
                 from [01m[K/opt/ros/foxy/include/librealsense2/hpp/rs_context.hpp:8[m[K,
                 from [01m[K/opt/ros/foxy/include/librealsense2/rs.hpp:9[m[K,
                 from [01m[K/home/vlad/ros2_ws/src/ros2_intel_realsense/realsense_ros/include/realsense/rs_base.hpp:31[m[K,
                 from [01m[K/home/vlad/ros2_ws/src/ros2_intel_realsense/realsense_ros/include/realsense/rs_t265.hpp:19[m[K,
                 from [01m[K/home/vlad/ros2_ws/src/ros2_intel_realsense/realsense_ros/src/rs_t265.cpp:24[m[K:
[01m[K/opt/ros/foxy/include/librealsense2/hpp/rs_sensor.hpp:[m[K In constructor ‘[01m[Krs2::depth_stereo_sensor::depth_stereo_sensor(rs2::sensor)[m[K’:
[01m[K/opt/ros/foxy/include/librealsense2/hpp/rs_sensor.hpp:488:54:[m[K [01;35m[Kwarning: [m[Kimplicitly-declared ‘[01m[Krs2::sensor::sensor(const rs2::sensor&)[m[K’ is deprecated [[01;35m[K-Wdeprecated-copy[m[K]
  488 |         depth_stereo_sensor(sensor s): depth_sensor(s[01;35m[K)[m[K
      |                                                      [01;35m[K^[m[K
[01m[K/opt/ros/foxy/include/librealsense2/hpp/rs_sensor.hpp:308:17:[m[K [01;36m[Knote: [m[Kbecause ‘[01m[Krs2::sensor[m[K’ has user-provided ‘[01m[Krs2::sensor& rs2::sensor::operator=(const rs2::sensor&)[m[K’
  308 |         sensor& [01;36m[Koperator[m[K=(const sensor& other)
      |                 [01;36m[K^~~~~~~~[m[K
[01m[K/opt/ros/foxy/include/librealsense2/hpp/rs_sensor.hpp:459:29:[m[K [01;36m[Knote: [m[K  initializing argument 1 of ‘[01m[Krs2::depth_sensor::depth_sensor(rs2::sensor)[m[K’
  459 |         depth_sensor([01;36m[Ksensor s[m[K)
      |                      [01;36m[K~~~~~~~^[m[K
In file included from [01m[K/opt/ros/foxy/include/librealsense2/hpp/rs_record_playback.hpp:8[m[K,
                 from [01m[K/opt/ros/foxy/include/librealsense2/hpp/rs_context.hpp:8[m[K,
                 from [01m[K/opt/ros/foxy/include/librealsense2/rs.hpp:9[m[K,
                 from [01m[K/home/vlad/ros2_ws/src/ros2_intel_realsense/realsense_ros/include/realsense/rs_base.hpp:31[m[K,
                 from [01m[K/home/vlad/ros2_ws/src/ros2_intel_realsense/realsense_ros/include/realsense/rs_t265.hpp:19[m[K,
                 from [01m[K/home/vlad/ros2_ws/src/ros2_intel_realsense/realsense_ros/src/rs_t265.cpp:24[m[K:
[01m[K/opt/ros/foxy/include/librealsense2/hpp/rs_device.hpp:[m[K In constructor ‘[01m[Krs2::auto_calibrated_device::auto_calibrated_device(rs2::device)[m[K’:
[01m[K/opt/ros/foxy/include/librealsense2/hpp/rs_device.hpp:319:34:[m[K [01;35m[Kwarning: [m[Kimplicitly-declared ‘[01m[Krs2::device::device(const rs2::device&)[m[K’ is deprecated [[01;35m[K-Wdeprecated-copy[m[K]
  319 |             : calibrated_device(d[01;35m[K)[m[K
      |                                  [01;35m[K^[m[K
In file included from [01m[K/opt/ros/foxy/include/librealsense2/hpp/rs_record_playback.hpp:8[m[K,
                 from [01m[K/opt/ros/foxy/include/librealsense2/hpp/rs_context.hpp:8[m[K,
                 from [01m[K/opt/ros/foxy/include/librealsense2/rs.hpp:9[m[K,
                 from [01m[K/home/vlad/ros2_ws/src/ros2_intel_realsense/realsense_ros/include/realsense/rs_base.hpp:31[m[K,
                 from [01m[K/home/vlad/ros2_ws/src/ros2_intel_realsense/realsense_ros/include/realsense/rs_t265.hpp:19[m[K,
                 from [01m[K/home/vlad/ros2_ws/src/ros2_intel_realsense/realsense_ros/src/rs_t265.cpp:24[m[K:
[01m[K/opt/ros/foxy/include/librealsense2/hpp/rs_device.hpp:104:17:[m[K [01;36m[Knote: [m[Kbecause ‘[01m[Krs2::device[m[K’ has user-provided ‘[01m[Krs2::device& rs2::device::operator=(const rs2::device&)[m[K’
  104 |         device& [01;36m[Koperator[m[K=(const device& dev)
      |                 [01;36m[K^~~~~~~~[m[K
In file included from [01m[K/opt/ros/foxy/include/librealsense2/hpp/rs_record_playback.hpp:8[m[K,
                 from [01m[K/opt/ros/foxy/include/librealsense2/hpp/rs_context.hpp:8[m[K,
                 from [01m[K/opt/ros/foxy/include/librealsense2/rs.hpp:9[m[K,
                 from [01m[K/home/vlad/ros2_ws/src/ros2_intel_realsense/realsense_ros/include/realsense/rs_base.hpp:31[m[K,
                 from [01m[K/home/vlad/ros2_ws/src/ros2_intel_realsense/realsense_ros/include/realsense/rs_t265.hpp:19[m[K,
                 from [01m[K/home/vlad/ros2_ws/src/ros2_intel_realsense/realsense_ros/src/rs_t265.cpp:24[m[K:
[01m[K/opt/ros/foxy/include/librealsense2/hpp/rs_device.hpp:290:34:[m[K [01;36m[Knote: [m[K  initializing argument 1 of ‘[01m[Krs2::calibrated_device::calibrated_device(rs2::device)[m[K’
  290 |         calibrated_device([01;36m[Kdevice d[m[K)
      |                           [01;36m[K~~~~~~~^[m[K
[01m[K/opt/ros/foxy/include/librealsense2/hpp/rs_device.hpp:[m[K In member function ‘[01m[Krs2::device rs2::device_list::front() const[m[K’:
[01m[K/opt/ros/foxy/include/librealsense2/hpp/rs_device.hpp:614:59:[m[K [01;35m[Kwarning: [m[Kimplicitly-declared ‘[01m[Krs2::device::device(const rs2::device&)[m[K’ is deprecated [[01;35m[K-Wdeprecated-copy[m[K]
  614 |         device front() const { return std::move((*this)[0][01;35m[K)[m[K; }
      |                                                           [01;35m[K^[m[K
In file included from [01m[K/opt/ros/foxy/include/librealsense2/hpp/rs_record_playback.hpp:8[m[K,
                 from [01m[K/opt/ros/foxy/include/librealsense2/hpp/rs_context.hpp:8[m[K,
                 from [01m[K/opt/ros/foxy/include/librealsense2/rs.hpp:9[m[K,
                 from [01m[K/home/vlad/ros2_ws/src/ros2_intel_realsense/realsense_ros/include/realsense/rs_base.hpp:31[m[K,
                 from [01m[K/home/vlad/ros2_ws/src/ros2_intel_realsense/realsense_ros/include/realsense/rs_t265.hpp:19[m[K,
                 from [01m[K/home/vlad/ros2_ws/src/ros2_intel_realsense/realsense_ros/src/rs_t265.cpp:24[m[K:
[01m[K/opt/ros/foxy/include/librealsense2/hpp/rs_device.hpp:104:17:[m[K [01;36m[Knote: [m[Kbecause ‘[01m[Krs2::device[m[K’ has user-provided ‘[01m[Krs2::device& rs2::device::operator=(const rs2::device&)[m[K’
  104 |         device& [01;36m[Koperator[m[K=(const device& dev)
      |                 [01;36m[K^~~~~~~~[m[K
In file included from [01m[K/opt/ros/foxy/include/librealsense2/hpp/rs_record_playback.hpp:8[m[K,
                 from [01m[K/opt/ros/foxy/include/librealsense2/hpp/rs_context.hpp:8[m[K,
                 from [01m[K/opt/ros/foxy/include/librealsense2/rs.hpp:9[m[K,
                 from [01m[K/home/vlad/ros2_ws/src/ros2_intel_realsense/realsense_ros/include/realsense/rs_base.hpp:31[m[K,
                 from [01m[K/home/vlad/ros2_ws/src/ros2_intel_realsense/realsense_ros/include/realsense/rs_t265.hpp:19[m[K,
                 from [01m[K/home/vlad/ros2_ws/src/ros2_intel_realsense/realsense_ros/src/rs_t265.cpp:24[m[K:
[01m[K/opt/ros/foxy/include/librealsense2/hpp/rs_device.hpp:[m[K In member function ‘[01m[Krs2::device rs2::device_list::back() const[m[K’:
[01m[K/opt/ros/foxy/include/librealsense2/hpp/rs_device.hpp:617:49:[m[K [01;35m[Kwarning: [m[Kimplicitly-declared ‘[01m[Krs2::device::device(const rs2::device&)[m[K’ is deprecated [[01;35m[K-Wdeprecated-copy[m[K]
  617 |             return std::move((*this)[size() - 1][01;35m[K)[m[K;
      |                                                 [01;35m[K^[m[K
In file included from [01m[K/opt/ros/foxy/include/librealsense2/hpp/rs_record_playback.hpp:8[m[K,
                 from [01m[K/opt/ros/foxy/include/librealsense2/hpp/rs_context.hpp:8[m[K,
                 from [01m[K/opt/ros/foxy/include/librealsense2/rs.hpp:9[m[K,
                 from [01m[K/home/vlad/ros2_ws/src/ros2_intel_realsense/realsense_ros/include/realsense/rs_base.hpp:31[m[K,
                 from [01m[K/home/vlad/ros2_ws/src/ros2_intel_realsense/realsense_ros/include/realsense/rs_t265.hpp:19[m[K,
                 from [01m[K/home/vlad/ros2_ws/src/ros2_intel_realsense/realsense_ros/src/rs_t265.cpp:24[m[K:
[01m[K/opt/ros/foxy/include/librealsense2/hpp/rs_device.hpp:104:17:[m[K [01;36m[Knote: [m[Kbecause ‘[01m[Krs2::device[m[K’ has user-provided ‘[01m[Krs2::device& rs2::device::operator=(const rs2::device&)[m[K’
  104 |         device& [01;36m[Koperator[m[K=(const device& dev)
      |                 [01;36m[K^~~~~~~~[m[K
In file included from [01m[K/opt/ros/foxy/include/librealsense2/hpp/rs_record_playback.hpp:8[m[K,
                 from [01m[K/opt/ros/foxy/include/librealsense2/hpp/rs_context.hpp:8[m[K,
                 from [01m[K/opt/ros/foxy/include/librealsense2/rs.hpp:9[m[K,
                 from [01m[K/home/vlad/ros2_ws/src/ros2_intel_realsense/realsense_ros/include/realsense/rs_base.hpp:31[m[K,
                 from [01m[K/home/vlad/ros2_ws/src/ros2_intel_realsense/realsense_ros/include/realsense/rs_t265.hpp:19[m[K,
                 from [01m[K/home/vlad/ros2_ws/src/ros2_intel_realsense/realsense_ros/src/rs_t265.cpp:24[m[K:
[01m[K/opt/ros/foxy/include/librealsense2/hpp/rs_device.hpp:[m[K In constructor ‘[01m[Krs2::tm2::tm2(rs2::device)[m[K’:
[01m[K/opt/ros/foxy/include/librealsense2/hpp/rs_device.hpp:686:34:[m[K [01;35m[Kwarning: [m[Kimplicitly-declared ‘[01m[Krs2::device::device(const rs2::device&)[m[K’ is deprecated [[01;35m[K-Wdeprecated-copy[m[K]
  686 |             : calibrated_device(d[01;35m[K)[m[K
      |                                  [01;35m[K^[m[K
In file included from [01m[K/opt/ros/foxy/include/librealsense2/hpp/rs_record_playback.hpp:8[m[K,
                 from [01m[K/opt/ros/foxy/include/librealsense2/hpp/rs_context.hpp:8[m[K,
                 from [01m[K/opt/ros/foxy/include/librealsense2/rs.hpp:9[m[K,
                 from [01m[K/home/vlad/ros2_ws/src/ros2_intel_realsense/realsense_ros/include/realsense/rs_base.hpp:31[m[K,
                 from [01m[K/home/vlad/ros2_ws/src/ros2_intel_realsense/realsense_ros/include/realsense/rs_t265.hpp:19[m[K,
                 from [01m[K/home/vlad/ros2_ws/src/ros2_intel_realsense/realsense_ros/src/rs_t265.cpp:24[m[K:
[01m[K/opt/ros/foxy/include/librealsense2/hpp/rs_device.hpp:104:17:[m[K [01;36m[Knote: [m[Kbecause ‘[01m[Krs2::device[m[K’ has user-provided ‘[01m[Krs2::device& rs2::device::operator=(const rs2::device&)[m[K’
  104 |         device& [01;36m[Koperator[m[K=(const device& dev)
      |                 [01;36m[K^~~~~~~~[m[K
In file included from [01m[K/opt/ros/foxy/include/librealsense2/hpp/rs_record_playback.hpp:8[m[K,
                 from [01m[K/opt/ros/foxy/include/librealsense2/hpp/rs_context.hpp:8[m[K,
                 from [01m[K/opt/ros/foxy/include/librealsense2/rs.hpp:9[m[K,
                 from [01m[K/home/vlad/ros2_ws/src/ros2_intel_realsense/realsense_ros/include/realsense/rs_base.hpp:31[m[K,
                 from [01m[K/home/vlad/ros2_ws/src/ros2_intel_realsense/realsense_ros/include/realsense/rs_t265.hpp:19[m[K,
                 from [01m[K/home/vlad/ros2_ws/src/ros2_intel_realsense/realsense_ros/src/rs_t265.cpp:24[m[K:
[01m[K/opt/ros/foxy/include/librealsense2/hpp/rs_device.hpp:290:34:[m[K [01;36m[Knote: [m[K  initializing argument 1 of ‘[01m[Krs2::calibrated_device::calibrated_device(rs2::device)[m[K’
  290 |         calibrated_device([01;36m[Kdevice d[m[K)
      |                           [01;36m[K~~~~~~~^[m[K
[01m[K/opt/ros/foxy/include/librealsense2/hpp/rs_device.hpp:[m[K In member function ‘[01m[Kstd::pair<rs2::sensor, rs2::stream_profile> rs2::tm2::get_sensor_profile(rs2_stream, int)[m[K’:
[01m[K/opt/ros/foxy/include/librealsense2/hpp/rs_device.hpp:797:41:[m[K [01;35m[Kwarning: [m[Kimplicitly-declared ‘[01m[Krs2::sensor::sensor(const rs2::sensor&)[m[K’ is deprecated [[01;35m[K-Wdeprecated-copy[m[K]
  797 |             for (auto s : query_sensors([01;35m[K)[m[K) {
      |                                         [01;35m[K^[m[K
In file included from [01m[K/opt/ros/foxy/include/librealsense2/hpp/rs_device.hpp:8[m[K,
                 from [01m[K/opt/ros/foxy/include/librealsense2/hpp/rs_record_playback.hpp:8[m[K,
                 from [01m[K/opt/ros/foxy/include/librealsense2/hpp/rs_context.hpp:8[m[K,
                 from [01m[K/opt/ros/foxy/include/librealsense2/rs.hpp:9[m[K,
                 from [01m[K/home/vlad/ros2_ws/src/ros2_intel_realsense/realsense_ros/include/realsense/rs_base.hpp:31[m[K,
                 from [01m[K/home/vlad/ros2_ws/src/ros2_intel_realsense/realsense_ros/include/realsense/rs_t265.hpp:19[m[K,
                 from [01m[K/home/vlad/ros2_ws/src/ros2_intel_realsense/realsense_ros/src/rs_t265.cpp:24[m[K:
[01m[K/opt/ros/foxy/include/librealsense2/hpp/rs_sensor.hpp:308:17:[m[K [01;36m[Knote: [m[Kbecause ‘[01m[Krs2::sensor[m[K’ has user-provided ‘[01m[Krs2::sensor& rs2::sensor::operator=(const rs2::sensor&)[m[K’
  308 |         sensor& [01;36m[Koperator[m[K=(const sensor& other)
      |                 [01;36m[K^~~~~~~~[m[K
[01m[K/home/vlad/ros2_ws/src/ros2_intel_realsense/realsense_ros/src/rs_d435i.cpp:[m[K In constructor ‘[01m[Krealsense::RealSenseD435I::RealSenseD435I(rs2::context, rs2::device, rclcpp::Node&)[m[K’:
[01m[K/home/vlad/ros2_ws/src/ros2_intel_realsense/realsense_ros/src/rs_d435i.cpp:22:31:[m[K [01;35m[Kwarning: [m[Kimplicitly-declared ‘[01m[Krs2::device::device(const rs2::device&)[m[K’ is deprecated [[01;35m[K-Wdeprecated-copy[m[K]
   22 | : RealSenseD435(ctx, dev, node[01;35m[K)[m[K
      |                               [01;35m[K^[m[K
In file included from [01m[K/opt/ros/foxy/include/librealsense2/hpp/rs_record_playback.hpp:8[m[K,
                 from [01m[K/opt/ros/foxy/include/librealsense2/hpp/rs_context.hpp:8[m[K,
                 from [01m[K/opt/ros/foxy/include/librealsense2/rs.hpp:9[m[K,
                 from [01m[K/home/vlad/ros2_ws/src/ros2_intel_realsense/realsense_ros/include/realsense/rs_base.hpp:31[m[K,
                 from [01m[K/home/vlad/ros2_ws/src/ros2_intel_realsense/realsense_ros/include/realsense/rs_d435.hpp:23[m[K,
                 from [01m[K/home/vlad/ros2_ws/src/ros2_intel_realsense/realsense_ros/include/realsense/rs_d435i.hpp:19[m[K,
                 from [01m[K/home/vlad/ros2_ws/src/ros2_intel_realsense/realsense_ros/src/rs_d435i.cpp:17[m[K:
[01m[K/opt/ros/foxy/include/librealsense2/hpp/rs_device.hpp:104:17:[m[K [01;36m[Knote: [m[Kbecause ‘[01m[Krs2::device[m[K’ has user-provided ‘[01m[Krs2::device& rs2::device::operator=(const rs2::device&)[m[K’
  104 |         device& [01;36m[Koperator[m[K=(const device& dev)
      |                 [01;36m[K^~~~~~~~[m[K
In file included from [01m[K/home/vlad/ros2_ws/src/ros2_intel_realsense/realsense_ros/include/realsense/rs_d435i.hpp:19[m[K,
                 from [01m[K/home/vlad/ros2_ws/src/ros2_intel_realsense/realsense_ros/src/rs_d435i.cpp:17[m[K:
[01m[K/home/vlad/ros2_ws/src/ros2_intel_realsense/realsense_ros/include/realsense/rs_d435.hpp:33:47:[m[K [01;36m[Knote: [m[K  initializing argument 2 of ‘[01m[Krealsense::RealSenseD435::RealSenseD435(rs2::context, rs2::device, rclcpp::Node&)[m[K’
   33 |   RealSenseD435(rs2::context ctx, [01;36m[Krs2::device dev[m[K, rclcpp::Node & node);
      |                                   [01;36m[K~~~~~~~~~~~~^~~[m[K
In file included from [01m[K/opt/ros/foxy/include/librealsense2/hpp/rs_sensor.hpp:8[m[K,
                 from [01m[K/opt/ros/foxy/include/librealsense2/hpp/rs_device.hpp:8[m[K,
                 from [01m[K/opt/ros/foxy/include/librealsense2/hpp/rs_record_playback.hpp:8[m[K,
                 from [01m[K/opt/ros/foxy/include/librealsense2/hpp/rs_context.hpp:8[m[K,
                 from [01m[K/opt/ros/foxy/include/librealsense2/rs.hpp:9[m[K,
                 from [01m[K/home/vlad/ros2_ws/src/ros2_intel_realsense/realsense_ros/include/realsense/rs_factory.hpp:21[m[K,
                 from [01m[K/home/vlad/ros2_ws/src/ros2_intel_realsense/realsense_ros/src/rs_factory.cpp:18[m[K:
[01m[K/opt/ros/foxy/include/librealsense2/hpp/rs_frame.hpp:526:9:[m[K [01;35m[Kwarning: [m[Ktype qualifiers ignored on function return type [[01;35m[K-Wignored-qualifiers[m[K]
  526 |         [01;35m[Kconst[m[K int get_data_size() const
      |         [01;35m[K^~~~~[m[K
[01m[K/opt/ros/foxy/include/librealsense2/hpp/rs_frame.hpp:[m[K In lambda function:
[01m[K/opt/ros/foxy/include/librealsense2/hpp/rs_frame.hpp:1020:58:[m[K [01;35m[Kwarning: [m[Kcomparison of integer expressions of different signedness: ‘[01m[Kint[m[K’ and ‘[01m[Kconst size_t[m[K’ {aka ‘[01m[Kconst long unsigned int[m[K’} [[01;35m[K-Wsign-compare[m[K]
 1020 |                         [01;35m[Kfrm.get_profile().stream_index() == index[m[K) f = frm;
      |                         [01;35m[K~~~~~~~~~~~~~~~~~~~~~~~~~~~~~~~~~^~~~~~~~[m[K
[01m[K/opt/ros/foxy/include/librealsense2/hpp/rs_frame.hpp:[m[K In lambda function:
[01m[K/opt/ros/foxy/include/librealsense2/hpp/rs_frame.hpp:1042:58:[m[K [01;35m[Kwarning: [m[Kcomparison of integer expressions of different signedness: ‘[01m[Kint[m[K’ and ‘[01m[Kconst size_t[m[K’ {aka ‘[01m[Kconst long unsigned int[m[K’} [[01;35m[K-Wsign-compare[m[K]
 1042 |                         [01;35m[Kfrm.get_profile().stream_index() == index[m[K) f = frm;
      |                         [01;35m[K~~~~~~~~~~~~~~~~~~~~~~~~~~~~~~~~~^~~~~~~~[m[K
[01m[K/opt/ros/foxy/include/librealsense2/hpp/rs_frame.hpp:[m[K In lambda function:
[01m[K/opt/ros/foxy/include/librealsense2/hpp/rs_frame.hpp:1064:58:[m[K [01;35m[Kwarning: [m[Kcomparison of integer expressions of different signedness: ‘[01m[Kint[m[K’ and ‘[01m[Kconst size_t[m[K’ {aka ‘[01m[Kconst long unsigned int[m[K’} [[01;35m[K-Wsign-compare[m[K]
 1064 |                         [01;35m[Kfrm.get_profile().stream_index() == index[m[K) f = frm;
      |                         [01;35m[K~~~~~~~~~~~~~~~~~~~~~~~~~~~~~~~~~^~~~~~~~[m[K
[01m[K/home/vlad/ros2_ws/src/ros2_intel_realsense/realsense_ros/src/rs_t265.cpp:[m[K In constructor ‘[01m[Krealsense::RealSenseT265::RealSenseT265(rs2::context, rs2::device, rclcpp::Node&)[m[K’:
[01m[K/home/vlad/ros2_ws/src/ros2_intel_realsense/realsense_ros/src/rs_t265.cpp:29:31:[m[K [01;35m[Kwarning: [m[Kimplicitly-declared ‘[01m[Krs2::device::device(const rs2::device&)[m[K’ is deprecated [[01;35m[K-Wdeprecated-copy[m[K]
   29 | : RealSenseBase(ctx, dev, node[01;35m[K)[m[K
      |                               [01;35m[K^[m[K
In file included from [01m[K/opt/ros/foxy/include/librealsense2/hpp/rs_record_playback.hpp:8[m[K,
                 from [01m[K/opt/ros/foxy/include/librealsense2/hpp/rs_context.hpp:8[m[K,
                 from [01m[K/opt/ros/foxy/include/librealsense2/rs.hpp:9[m[K,
                 from [01m[K/home/vlad/ros2_ws/src/ros2_intel_realsense/realsense_ros/include/realsense/rs_base.hpp:31[m[K,
                 from [01m[K/home/vlad/ros2_ws/src/ros2_intel_realsense/realsense_ros/include/realsense/rs_t265.hpp:19[m[K,
                 from [01m[K/home/vlad/ros2_ws/src/ros2_intel_realsense/realsense_ros/src/rs_t265.cpp:24[m[K:
[01m[K/opt/ros/foxy/include/librealsense2/hpp/rs_device.hpp:104:17:[m[K [01;36m[Knote: [m[Kbecause ‘[01m[Krs2::device[m[K’ has user-provided ‘[01m[Krs2::device& rs2::device::operator=(const rs2::device&)[m[K’
  104 |         device& [01;36m[Koperator[m[K=(const device& dev)
      |                 [01;36m[K^~~~~~~~[m[K
In file included from [01m[K/home/vlad/ros2_ws/src/ros2_intel_realsense/realsense_ros/include/realsense/rs_t265.hpp:19[m[K,
                 from [01m[K/home/vlad/ros2_ws/src/ros2_intel_realsense/realsense_ros/src/rs_t265.cpp:24[m[K:
[01m[K/home/vlad/ros2_ws/src/ros2_intel_realsense/realsense_ros/include/realsense/rs_base.hpp:64:47:[m[K [01;36m[Knote: [m[K  initializing argument 2 of ‘[01m[Krealsense::RealSenseBase::RealSenseBase(rs2::context, rs2::device, rclcpp::Node&)[m[K’
   64 |   RealSenseBase(rs2::context ctx, [01;36m[Krs2::device dev[m[K, rclcpp::Node & node);
      |                                   [01;36m[K~~~~~~~~~~~~^~~[m[K
In file included from [01m[K/opt/ros/foxy/include/librealsense2/hpp/rs_device.hpp:8[m[K,
                 from [01m[K/opt/ros/foxy/include/librealsense2/hpp/rs_record_playback.hpp:8[m[K,
                 from [01m[K/opt/ros/foxy/include/librealsense2/hpp/rs_context.hpp:8[m[K,
                 from [01m[K/opt/ros/foxy/include/librealsense2/rs.hpp:9[m[K,
                 from [01m[K/home/vlad/ros2_ws/src/ros2_intel_realsense/realsense_ros/include/realsense/rs_factory.hpp:21[m[K,
                 from [01m[K/home/vlad/ros2_ws/src/ros2_intel_realsense/realsense_ros/src/rs_factory.cpp:18[m[K:
[01m[K/opt/ros/foxy/include/librealsense2/hpp/rs_sensor.hpp:[m[K In constructor ‘[01m[Krs2::depth_stereo_sensor::depth_stereo_sensor(rs2::sensor)[m[K’:
[01m[K/opt/ros/foxy/include/librealsense2/hpp/rs_sensor.hpp:488:54:[m[K [01;35m[Kwarning: [m[Kimplicitly-declared ‘[01m[Krs2::sensor::sensor(const rs2::sensor&)[m[K’ is deprecated [[01;35m[K-Wdeprecated-copy[m[K]
  488 |         depth_stereo_sensor(sensor s): depth_sensor(s[01;35m[K)[m[K
      |                                                      [01;35m[K^[m[K
[01m[K/opt/ros/foxy/include/librealsense2/hpp/rs_sensor.hpp:308:17:[m[K [01;36m[Knote: [m[Kbecause ‘[01m[Krs2::sensor[m[K’ has user-provided ‘[01m[Krs2::sensor& rs2::sensor::operator=(const rs2::sensor&)[m[K’
  308 |         sensor& [01;36m[Koperator[m[K=(const sensor& other)
      |                 [01;36m[K^~~~~~~~[m[K
[01m[K/opt/ros/foxy/include/librealsense2/hpp/rs_sensor.hpp:459:29:[m[K [01;36m[Knote: [m[K  initializing argument 1 of ‘[01m[Krs2::depth_sensor::depth_sensor(rs2::sensor)[m[K’
  459 |         depth_sensor([01;36m[Ksensor s[m[K)
      |                      [01;36m[K~~~~~~~^[m[K
In file included from [01m[K/opt/ros/foxy/include/librealsense2/hpp/rs_record_playback.hpp:8[m[K,
                 from [01m[K/opt/ros/foxy/include/librealsense2/hpp/rs_context.hpp:8[m[K,
                 from [01m[K/opt/ros/foxy/include/librealsense2/rs.hpp:9[m[K,
                 from [01m[K/home/vlad/ros2_ws/src/ros2_intel_realsense/realsense_ros/include/realsense/rs_factory.hpp:21[m[K,
                 from [01m[K/home/vlad/ros2_ws/src/ros2_intel_realsense/realsense_ros/src/rs_factory.cpp:18[m[K:
[01m[K/opt/ros/foxy/include/librealsense2/hpp/rs_device.hpp:[m[K In constructor ‘[01m[Krs2::auto_calibrated_device::auto_calibrated_device(rs2::device)[m[K’:
[01m[K/opt/ros/foxy/include/librealsense2/hpp/rs_device.hpp:319:34:[m[K [01;35m[Kwarning: [m[Kimplicitly-declared ‘[01m[Krs2::device::device(const rs2::device&)[m[K’ is deprecated [[01;35m[K-Wdeprecated-copy[m[K]
  319 |             : calibrated_device(d[01;35m[K)[m[K
      |                                  [01;35m[K^[m[K
In file included from [01m[K/opt/ros/foxy/include/librealsense2/hpp/rs_record_playback.hpp:8[m[K,
                 from [01m[K/opt/ros/foxy/include/librealsense2/hpp/rs_context.hpp:8[m[K,
                 from [01m[K/opt/ros/foxy/include/librealsense2/rs.hpp:9[m[K,
                 from [01m[K/home/vlad/ros2_ws/src/ros2_intel_realsense/realsense_ros/include/realsense/rs_factory.hpp:21[m[K,
                 from [01m[K/home/vlad/ros2_ws/src/ros2_intel_realsense/realsense_ros/src/rs_factory.cpp:18[m[K:
[01m[K/opt/ros/foxy/include/librealsense2/hpp/rs_device.hpp:104:17:[m[K [01;36m[Knote: [m[Kbecause ‘[01m[Krs2::device[m[K’ has user-provided ‘[01m[Krs2::device& rs2::device::operator=(const rs2::device&)[m[K’
  104 |         device& [01;36m[Koperator[m[K=(const device& dev)
      |                 [01;36m[K^~~~~~~~[m[K
In file included from [01m[K/opt/ros/foxy/include/librealsense2/hpp/rs_record_playback.hpp:8[m[K,
                 from [01m[K/opt/ros/foxy/include/librealsense2/hpp/rs_context.hpp:8[m[K,
                 from [01m[K/opt/ros/foxy/include/librealsense2/rs.hpp:9[m[K,
                 from [01m[K/home/vlad/ros2_ws/src/ros2_intel_realsense/realsense_ros/include/realsense/rs_factory.hpp:21[m[K,
                 from [01m[K/home/vlad/ros2_ws/src/ros2_intel_realsense/realsense_ros/src/rs_factory.cpp:18[m[K:
[01m[K/opt/ros/foxy/include/librealsense2/hpp/rs_device.hpp:290:34:[m[K [01;36m[Knote: [m[K  initializing argument 1 of ‘[01m[Krs2::calibrated_device::calibrated_device(rs2::device)[m[K’
  290 |         calibrated_device([01;36m[Kdevice d[m[K)
      |                           [01;36m[K~~~~~~~^[m[K
[01m[K/opt/ros/foxy/include/librealsense2/hpp/rs_device.hpp:[m[K In member function ‘[01m[Krs2::device rs2::device_list::front() const[m[K’:
[01m[K/opt/ros/foxy/include/librealsense2/hpp/rs_device.hpp:614:59:[m[K [01;35m[Kwarning: [m[Kimplicitly-declared ‘[01m[Krs2::device::device(const rs2::device&)[m[K’ is deprecated [[01;35m[K-Wdeprecated-copy[m[K]
  614 |         device front() const { return std::move((*this)[0][01;35m[K)[m[K; }
      |                                                           [01;35m[K^[m[K
In file included from [01m[K/opt/ros/foxy/include/librealsense2/hpp/rs_record_playback.hpp:8[m[K,
                 from [01m[K/opt/ros/foxy/include/librealsense2/hpp/rs_context.hpp:8[m[K,
                 from [01m[K/opt/ros/foxy/include/librealsense2/rs.hpp:9[m[K,
                 from [01m[K/home/vlad/ros2_ws/src/ros2_intel_realsense/realsense_ros/include/realsense/rs_factory.hpp:21[m[K,
                 from [01m[K/home/vlad/ros2_ws/src/ros2_intel_realsense/realsense_ros/src/rs_factory.cpp:18[m[K:
[01m[K/opt/ros/foxy/include/librealsense2/hpp/rs_device.hpp:104:17:[m[K [01;36m[Knote: [m[Kbecause ‘[01m[Krs2::device[m[K’ has user-provided ‘[01m[Krs2::device& rs2::device::operator=(const rs2::device&)[m[K’
  104 |         device& [01;36m[Koperator[m[K=(const device& dev)
      |                 [01;36m[K^~~~~~~~[m[K
In file included from [01m[K/opt/ros/foxy/include/librealsense2/hpp/rs_record_playback.hpp:8[m[K,
                 from [01m[K/opt/ros/foxy/include/librealsense2/hpp/rs_context.hpp:8[m[K,
                 from [01m[K/opt/ros/foxy/include/librealsense2/rs.hpp:9[m[K,
                 from [01m[K/home/vlad/ros2_ws/src/ros2_intel_realsense/realsense_ros/include/realsense/rs_factory.hpp:21[m[K,
                 from [01m[K/home/vlad/ros2_ws/src/ros2_intel_realsense/realsense_ros/src/rs_factory.cpp:18[m[K:
[01m[K/opt/ros/foxy/include/librealsense2/hpp/rs_device.hpp:[m[K In member function ‘[01m[Krs2::device rs2::device_list::back() const[m[K’:
[01m[K/opt/ros/foxy/include/librealsense2/hpp/rs_device.hpp:617:49:[m[K [01;35m[Kwarning: [m[Kimplicitly-declared ‘[01m[Krs2::device::device(const rs2::device&)[m[K’ is deprecated [[01;35m[K-Wdeprecated-copy[m[K]
  617 |             return std::move((*this)[size() - 1][01;35m[K)[m[K;
      |                                                 [01;35m[K^[m[K
In file included from [01m[K/opt/ros/foxy/include/librealsense2/hpp/rs_record_playback.hpp:8[m[K,
                 from [01m[K/opt/ros/foxy/include/librealsense2/hpp/rs_context.hpp:8[m[K,
                 from [01m[K/opt/ros/foxy/include/librealsense2/rs.hpp:9[m[K,
                 from [01m[K/home/vlad/ros2_ws/src/ros2_intel_realsense/realsense_ros/include/realsense/rs_factory.hpp:21[m[K,
                 from [01m[K/home/vlad/ros2_ws/src/ros2_intel_realsense/realsense_ros/src/rs_factory.cpp:18[m[K:
[01m[K/opt/ros/foxy/include/librealsense2/hpp/rs_device.hpp:104:17:[m[K [01;36m[Knote: [m[Kbecause ‘[01m[Krs2::device[m[K’ has user-provided ‘[01m[Krs2::device& rs2::device::operator=(const rs2::device&)[m[K’
  104 |         device& [01;36m[Koperator[m[K=(const device& dev)
      |                 [01;36m[K^~~~~~~~[m[K
In file included from [01m[K/opt/ros/foxy/include/librealsense2/hpp/rs_record_playback.hpp:8[m[K,
                 from [01m[K/opt/ros/foxy/include/librealsense2/hpp/rs_context.hpp:8[m[K,
                 from [01m[K/opt/ros/foxy/include/librealsense2/rs.hpp:9[m[K,
                 from [01m[K/home/vlad/ros2_ws/src/ros2_intel_realsense/realsense_ros/include/realsense/rs_factory.hpp:21[m[K,
                 from [01m[K/home/vlad/ros2_ws/src/ros2_intel_realsense/realsense_ros/src/rs_factory.cpp:18[m[K:
[01m[K/opt/ros/foxy/include/librealsense2/hpp/rs_device.hpp:[m[K In constructor ‘[01m[Krs2::tm2::tm2(rs2::device)[m[K’:
[01m[K/opt/ros/foxy/include/librealsense2/hpp/rs_device.hpp:686:34:[m[K [01;35m[Kwarning: [m[Kimplicitly-declared ‘[01m[Krs2::device::device(const rs2::device&)[m[K’ is deprecated [[01;35m[K-Wdeprecated-copy[m[K]
  686 |             : calibrated_device(d[01;35m[K)[m[K
      |                                  [01;35m[K^[m[K
In file included from [01m[K/opt/ros/foxy/include/librealsense2/hpp/rs_record_playback.hpp:8[m[K,
                 from [01m[K/opt/ros/foxy/include/librealsense2/hpp/rs_context.hpp:8[m[K,
                 from [01m[K/opt/ros/foxy/include/librealsense2/rs.hpp:9[m[K,
                 from [01m[K/home/vlad/ros2_ws/src/ros2_intel_realsense/realsense_ros/include/realsense/rs_factory.hpp:21[m[K,
                 from [01m[K/home/vlad/ros2_ws/src/ros2_intel_realsense/realsense_ros/src/rs_factory.cpp:18[m[K:
[01m[K/opt/ros/foxy/include/librealsense2/hpp/rs_device.hpp:104:17:[m[K [01;36m[Knote: [m[Kbecause ‘[01m[Krs2::device[m[K’ has user-provided ‘[01m[Krs2::device& rs2::device::operator=(const rs2::device&)[m[K’
  104 |         device& [01;36m[Koperator[m[K=(const device& dev)
      |                 [01;36m[K^~~~~~~~[m[K
In file included from [01m[K/opt/ros/foxy/include/librealsense2/hpp/rs_record_playback.hpp:8[m[K,
                 from [01m[K/opt/ros/foxy/include/librealsense2/hpp/rs_context.hpp:8[m[K,
                 from [01m[K/opt/ros/foxy/include/librealsense2/rs.hpp:9[m[K,
                 from [01m[K/home/vlad/ros2_ws/src/ros2_intel_realsense/realsense_ros/include/realsense/rs_factory.hpp:21[m[K,
                 from [01m[K/home/vlad/ros2_ws/src/ros2_intel_realsense/realsense_ros/src/rs_factory.cpp:18[m[K:
[01m[K/opt/ros/foxy/include/librealsense2/hpp/rs_device.hpp:290:34:[m[K [01;36m[Knote: [m[K  initializing argument 1 of ‘[01m[Krs2::calibrated_device::calibrated_device(rs2::device)[m[K’
  290 |         calibrated_device([01;36m[Kdevice d[m[K)
      |                           [01;36m[K~~~~~~~^[m[K
[01m[K/opt/ros/foxy/include/librealsense2/hpp/rs_device.hpp:[m[K In member function ‘[01m[Kstd::pair<rs2::sensor, rs2::stream_profile> rs2::tm2::get_sensor_profile(rs2_stream, int)[m[K’:
[01m[K/opt/ros/foxy/include/librealsense2/hpp/rs_device.hpp:797:41:[m[K [01;35m[Kwarning: [m[Kimplicitly-declared ‘[01m[Krs2::sensor::sensor(const rs2::sensor&)[m[K’ is deprecated [[01;35m[K-Wdeprecated-copy[m[K]
  797 |             for (auto s : query_sensors([01;35m[K)[m[K) {
      |                                         [01;35m[K^[m[K
In file included from [01m[K/opt/ros/foxy/include/librealsense2/hpp/rs_device.hpp:8[m[K,
                 from [01m[K/opt/ros/foxy/include/librealsense2/hpp/rs_record_playback.hpp:8[m[K,
                 from [01m[K/opt/ros/foxy/include/librealsense2/hpp/rs_context.hpp:8[m[K,
                 from [01m[K/opt/ros/foxy/include/librealsense2/rs.hpp:9[m[K,
                 from [01m[K/home/vlad/ros2_ws/src/ros2_intel_realsense/realsense_ros/include/realsense/rs_factory.hpp:21[m[K,
                 from [01m[K/home/vlad/ros2_ws/src/ros2_intel_realsense/realsense_ros/src/rs_factory.cpp:18[m[K:
[01m[K/opt/ros/foxy/include/librealsense2/hpp/rs_sensor.hpp:308:17:[m[K [01;36m[Knote: [m[Kbecause ‘[01m[Krs2::sensor[m[K’ has user-provided ‘[01m[Krs2::sensor& rs2::sensor::operator=(const rs2::sensor&)[m[K’
  308 |         sensor& [01;36m[Koperator[m[K=(const sensor& other)
      |                 [01;36m[K^~~~~~~~[m[K
[ 75%] [32m[1mLinking CXX static library libgtest.a[0m
In file included from [01m[K/opt/ros/foxy/include/librealsense2/hpp/rs_sensor.hpp:8[m[K,
                 from [01m[K/opt/ros/foxy/include/librealsense2/hpp/rs_device.hpp:8[m[K,
                 from [01m[K/opt/ros/foxy/include/librealsense2/hpp/rs_record_playback.hpp:8[m[K,
                 from [01m[K/opt/ros/foxy/include/librealsense2/hpp/rs_context.hpp:8[m[K,
                 from [01m[K/opt/ros/foxy/include/librealsense2/rs.hpp:9[m[K,
                 from [01m[K/home/vlad/ros2_ws/src/ros2_intel_realsense/realsense_ros/include/realsense/rs_base.hpp:31[m[K,
                 from [01m[K/home/vlad/ros2_ws/src/ros2_intel_realsense/realsense_ros/include/realsense/rs_d435.hpp:23[m[K,
                 from [01m[K/home/vlad/ros2_ws/src/ros2_intel_realsense/realsense_ros/src/rs_d435.cpp:20[m[K:
[01m[K/opt/ros/foxy/include/librealsense2/hpp/rs_frame.hpp:526:9:[m[K [01;35m[Kwarning: [m[Ktype qualifiers ignored on function return type [[01;35m[K-Wignored-qualifiers[m[K]
  526 |         [01;35m[Kconst[m[K int get_data_size() const
      |         [01;35m[K^~~~~[m[K
[01m[K/opt/ros/foxy/include/librealsense2/hpp/rs_frame.hpp:[m[K In lambda function:
[01m[K/opt/ros/foxy/include/librealsense2/hpp/rs_frame.hpp:1020:58:[m[K [01;35m[Kwarning: [m[Kcomparison of integer expressions of different signedness: ‘[01m[Kint[m[K’ and ‘[01m[Kconst size_t[m[K’ {aka ‘[01m[Kconst long unsigned int[m[K’} [[01;35m[K-Wsign-compare[m[K]
 1020 |                         [01;35m[Kfrm.get_profile().stream_index() == index[m[K) f = frm;
      |                         [01;35m[K~~~~~~~~~~~~~~~~~~~~~~~~~~~~~~~~~^~~~~~~~[m[K
[01m[K/opt/ros/foxy/include/librealsense2/hpp/rs_frame.hpp:[m[K In lambda function:
[01m[K/opt/ros/foxy/include/librealsense2/hpp/rs_frame.hpp:1042:58:[m[K [01;35m[Kwarning: [m[Kcomparison of integer expressions of different signedness: ‘[01m[Kint[m[K’ and ‘[01m[Kconst size_t[m[K’ {aka ‘[01m[Kconst long unsigned int[m[K’} [[01;35m[K-Wsign-compare[m[K]
 1042 |                         [01;35m[Kfrm.get_profile().stream_index() == index[m[K) f = frm;
      |                         [01;35m[K~~~~~~~~~~~~~~~~~~~~~~~~~~~~~~~~~^~~~~~~~[m[K
[01m[K/opt/ros/foxy/include/librealsense2/hpp/rs_frame.hpp:[m[K In lambda function:
[01m[K/opt/ros/foxy/include/librealsense2/hpp/rs_frame.hpp:1064:58:[m[K [01;35m[Kwarning: [m[Kcomparison of integer expressions of different signedness: ‘[01m[Kint[m[K’ and ‘[01m[Kconst size_t[m[K’ {aka ‘[01m[Kconst long unsigned int[m[K’} [[01;35m[K-Wsign-compare[m[K]
 1064 |                         [01;35m[Kfrm.get_profile().stream_index() == index[m[K) f = frm;
      |                         [01;35m[K~~~~~~~~~~~~~~~~~~~~~~~~~~~~~~~~~^~~~~~~~[m[K
[ 75%] Built target gtest
In file included from [01m[K/opt/ros/foxy/include/librealsense2/hpp/rs_device.hpp:8[m[K,
                 from [01m[K/opt/ros/foxy/include/librealsense2/hpp/rs_record_playback.hpp:8[m[K,
                 from [01m[K/opt/ros/foxy/include/librealsense2/hpp/rs_context.hpp:8[m[K,
                 from [01m[K/opt/ros/foxy/include/librealsense2/rs.hpp:9[m[K,
                 from [01m[K/home/vlad/ros2_ws/src/ros2_intel_realsense/realsense_ros/include/realsense/rs_base.hpp:31[m[K,
                 from [01m[K/home/vlad/ros2_ws/src/ros2_intel_realsense/realsense_ros/include/realsense/rs_d435.hpp:23[m[K,
                 from [01m[K/home/vlad/ros2_ws/src/ros2_intel_realsense/realsense_ros/src/rs_d435.cpp:20[m[K:
[01m[K/opt/ros/foxy/include/librealsense2/hpp/rs_sensor.hpp:[m[K In constructor ‘[01m[Krs2::depth_stereo_sensor::depth_stereo_sensor(rs2::sensor)[m[K’:
[01m[K/opt/ros/foxy/include/librealsense2/hpp/rs_sensor.hpp:488:54:[m[K [01;35m[Kwarning: [m[Kimplicitly-declared ‘[01m[Krs2::sensor::sensor(const rs2::sensor&)[m[K’ is deprecated [[01;35m[K-Wdeprecated-copy[m[K]
  488 |         depth_stereo_sensor(sensor s): depth_sensor(s[01;35m[K)[m[K
      |                                                      [01;35m[K^[m[K
[01m[K/opt/ros/foxy/include/librealsense2/hpp/rs_sensor.hpp:308:17:[m[K [01;36m[Knote: [m[Kbecause ‘[01m[Krs2::sensor[m[K’ has user-provided ‘[01m[Krs2::sensor& rs2::sensor::operator=(const rs2::sensor&)[m[K’
  308 |         sensor& [01;36m[Koperator[m[K=(const sensor& other)
      |                 [01;36m[K^~~~~~~~[m[K
[01m[K/opt/ros/foxy/include/librealsense2/hpp/rs_sensor.hpp:459:29:[m[K [01;36m[Knote: [m[K  initializing argument 1 of ‘[01m[Krs2::depth_sensor::depth_sensor(rs2::sensor)[m[K’
  459 |         depth_sensor([01;36m[Ksensor s[m[K)
      |                      [01;36m[K~~~~~~~^[m[K
In file included from [01m[K/opt/ros/foxy/include/librealsense2/hpp/rs_record_playback.hpp:8[m[K,
                 from [01m[K/opt/ros/foxy/include/librealsense2/hpp/rs_context.hpp:8[m[K,
                 from [01m[K/opt/ros/foxy/include/librealsense2/rs.hpp:9[m[K,
                 from [01m[K/home/vlad/ros2_ws/src/ros2_intel_realsense/realsense_ros/include/realsense/rs_base.hpp:31[m[K,
                 from [01m[K/home/vlad/ros2_ws/src/ros2_intel_realsense/realsense_ros/include/realsense/rs_d435.hpp:23[m[K,
                 from [01m[K/home/vlad/ros2_ws/src/ros2_intel_realsense/realsense_ros/src/rs_d435.cpp:20[m[K:
[01m[K/opt/ros/foxy/include/librealsense2/hpp/rs_device.hpp:[m[K In constructor ‘[01m[Krs2::auto_calibrated_device::auto_calibrated_device(rs2::device)[m[K’:
[01m[K/opt/ros/foxy/include/librealsense2/hpp/rs_device.hpp:319:34:[m[K [01;35m[Kwarning: [m[Kimplicitly-declared ‘[01m[Krs2::device::device(const rs2::device&)[m[K’ is deprecated [[01;35m[K-Wdeprecated-copy[m[K]
  319 |             : calibrated_device(d[01;35m[K)[m[K
      |                                  [01;35m[K^[m[K
In file included from [01m[K/opt/ros/foxy/include/librealsense2/hpp/rs_record_playback.hpp:8[m[K,
                 from [01m[K/opt/ros/foxy/include/librealsense2/hpp/rs_context.hpp:8[m[K,
                 from [01m[K/opt/ros/foxy/include/librealsense2/rs.hpp:9[m[K,
                 from [01m[K/home/vlad/ros2_ws/src/ros2_intel_realsense/realsense_ros/include/realsense/rs_base.hpp:31[m[K,
                 from [01m[K/home/vlad/ros2_ws/src/ros2_intel_realsense/realsense_ros/include/realsense/rs_d435.hpp:23[m[K,
                 from [01m[K/home/vlad/ros2_ws/src/ros2_intel_realsense/realsense_ros/src/rs_d435.cpp:20[m[K:
[01m[K/opt/ros/foxy/include/librealsense2/hpp/rs_device.hpp:104:17:[m[K [01;36m[Knote: [m[Kbecause ‘[01m[Krs2::device[m[K’ has user-provided ‘[01m[Krs2::device& rs2::device::operator=(const rs2::device&)[m[K’
  104 |         device& [01;36m[Koperator[m[K=(const device& dev)
      |                 [01;36m[K^~~~~~~~[m[K
In file included from [01m[K/opt/ros/foxy/include/librealsense2/hpp/rs_record_playback.hpp:8[m[K,
                 from [01m[K/opt/ros/foxy/include/librealsense2/hpp/rs_context.hpp:8[m[K,
                 from [01m[K/opt/ros/foxy/include/librealsense2/rs.hpp:9[m[K,
                 from [01m[K/home/vlad/ros2_ws/src/ros2_intel_realsense/realsense_ros/include/realsense/rs_base.hpp:31[m[K,
                 from [01m[K/home/vlad/ros2_ws/src/ros2_intel_realsense/realsense_ros/include/realsense/rs_d435.hpp:23[m[K,
                 from [01m[K/home/vlad/ros2_ws/src/ros2_intel_realsense/realsense_ros/src/rs_d435.cpp:20[m[K:
[01m[K/opt/ros/foxy/include/librealsense2/hpp/rs_device.hpp:290:34:[m[K [01;36m[Knote: [m[K  initializing argument 1 of ‘[01m[Krs2::calibrated_device::calibrated_device(rs2::device)[m[K’
  290 |         calibrated_device([01;36m[Kdevice d[m[K)
      |                           [01;36m[K~~~~~~~^[m[K
[01m[K/opt/ros/foxy/include/librealsense2/hpp/rs_device.hpp:[m[K In member function ‘[01m[Krs2::device rs2::device_list::front() const[m[K’:
[01m[K/opt/ros/foxy/include/librealsense2/hpp/rs_device.hpp:614:59:[m[K [01;35m[Kwarning: [m[Kimplicitly-declared ‘[01m[Krs2::device::device(const rs2::device&)[m[K’ is deprecated [[01;35m[K-Wdeprecated-copy[m[K]
  614 |         device front() const { return std::move((*this)[0][01;35m[K)[m[K; }
      |                                                           [01;35m[K^[m[K
In file included from [01m[K/opt/ros/foxy/include/librealsense2/hpp/rs_record_playback.hpp:8[m[K,
                 from [01m[K/opt/ros/foxy/include/librealsense2/hpp/rs_context.hpp:8[m[K,
                 from [01m[K/opt/ros/foxy/include/librealsense2/rs.hpp:9[m[K,
                 from [01m[K/home/vlad/ros2_ws/src/ros2_intel_realsense/realsense_ros/include/realsense/rs_base.hpp:31[m[K,
                 from [01m[K/home/vlad/ros2_ws/src/ros2_intel_realsense/realsense_ros/include/realsense/rs_d435.hpp:23[m[K,
                 from [01m[K/home/vlad/ros2_ws/src/ros2_intel_realsense/realsense_ros/src/rs_d435.cpp:20[m[K:
[01m[K/opt/ros/foxy/include/librealsense2/hpp/rs_device.hpp:104:17:[m[K [01;36m[Knote: [m[Kbecause ‘[01m[Krs2::device[m[K’ has user-provided ‘[01m[Krs2::device& rs2::device::operator=(const rs2::device&)[m[K’
  104 |         device& [01;36m[Koperator[m[K=(const device& dev)
      |                 [01;36m[K^~~~~~~~[m[K
In file included from [01m[K/opt/ros/foxy/include/librealsense2/hpp/rs_record_playback.hpp:8[m[K,
                 from [01m[K/opt/ros/foxy/include/librealsense2/hpp/rs_context.hpp:8[m[K,
                 from [01m[K/opt/ros/foxy/include/librealsense2/rs.hpp:9[m[K,
                 from [01m[K/home/vlad/ros2_ws/src/ros2_intel_realsense/realsense_ros/include/realsense/rs_base.hpp:31[m[K,
                 from [01m[K/home/vlad/ros2_ws/src/ros2_intel_realsense/realsense_ros/include/realsense/rs_d435.hpp:23[m[K,
                 from [01m[K/home/vlad/ros2_ws/src/ros2_intel_realsense/realsense_ros/src/rs_d435.cpp:20[m[K:
[01m[K/opt/ros/foxy/include/librealsense2/hpp/rs_device.hpp:[m[K In member function ‘[01m[Krs2::device rs2::device_list::back() const[m[K’:
[01m[K/opt/ros/foxy/include/librealsense2/hpp/rs_device.hpp:617:49:[m[K [01;35m[Kwarning: [m[Kimplicitly-declared ‘[01m[Krs2::device::device(const rs2::device&)[m[K’ is deprecated [[01;35m[K-Wdeprecated-copy[m[K]
  617 |             return std::move((*this)[size() - 1][01;35m[K)[m[K;
      |                                                 [01;35m[K^[m[K
In file included from [01m[K/opt/ros/foxy/include/librealsense2/hpp/rs_record_playback.hpp:8[m[K,
                 from [01m[K/opt/ros/foxy/include/librealsense2/hpp/rs_context.hpp:8[m[K,
                 from [01m[K/opt/ros/foxy/include/librealsense2/rs.hpp:9[m[K,
                 from [01m[K/home/vlad/ros2_ws/src/ros2_intel_realsense/realsense_ros/include/realsense/rs_base.hpp:31[m[K,
                 from [01m[K/home/vlad/ros2_ws/src/ros2_intel_realsense/realsense_ros/include/realsense/rs_d435.hpp:23[m[K,
                 from [01m[K/home/vlad/ros2_ws/src/ros2_intel_realsense/realsense_ros/src/rs_d435.cpp:20[m[K:
[01m[K/opt/ros/foxy/include/librealsense2/hpp/rs_device.hpp:104:17:[m[K [01;36m[Knote: [m[Kbecause ‘[01m[Krs2::device[m[K’ has user-provided ‘[01m[Krs2::device& rs2::device::operator=(const rs2::device&)[m[K’
  104 |         device& [01;36m[Koperator[m[K=(const device& dev)
      |                 [01;36m[K^~~~~~~~[m[K
In file included from [01m[K/opt/ros/foxy/include/librealsense2/hpp/rs_record_playback.hpp:8[m[K,
                 from [01m[K/opt/ros/foxy/include/librealsense2/hpp/rs_context.hpp:8[m[K,
                 from [01m[K/opt/ros/foxy/include/librealsense2/rs.hpp:9[m[K,
                 from [01m[K/home/vlad/ros2_ws/src/ros2_intel_realsense/realsense_ros/include/realsense/rs_base.hpp:31[m[K,
                 from [01m[K/home/vlad/ros2_ws/src/ros2_intel_realsense/realsense_ros/include/realsense/rs_d435.hpp:23[m[K,
                 from [01m[K/home/vlad/ros2_ws/src/ros2_intel_realsense/realsense_ros/src/rs_d435.cpp:20[m[K:
[01m[K/opt/ros/foxy/include/librealsense2/hpp/rs_device.hpp:[m[K In constructor ‘[01m[Krs2::tm2::tm2(rs2::device)[m[K’:
[01m[K/opt/ros/foxy/include/librealsense2/hpp/rs_device.hpp:686:34:[m[K [01;35m[Kwarning: [m[Kimplicitly-declared ‘[01m[Krs2::device::device(const rs2::device&)[m[K’ is deprecated [[01;35m[K-Wdeprecated-copy[m[K]
  686 |             : calibrated_device(d[01;35m[K)[m[K
      |                                  [01;35m[K^[m[K
In file included from [01m[K/opt/ros/foxy/include/librealsense2/hpp/rs_record_playback.hpp:8[m[K,
                 from [01m[K/opt/ros/foxy/include/librealsense2/hpp/rs_context.hpp:8[m[K,
                 from [01m[K/opt/ros/foxy/include/librealsense2/rs.hpp:9[m[K,
                 from [01m[K/home/vlad/ros2_ws/src/ros2_intel_realsense/realsense_ros/include/realsense/rs_base.hpp:31[m[K,
                 from [01m[K/home/vlad/ros2_ws/src/ros2_intel_realsense/realsense_ros/include/realsense/rs_d435.hpp:23[m[K,
                 from [01m[K/home/vlad/ros2_ws/src/ros2_intel_realsense/realsense_ros/src/rs_d435.cpp:20[m[K:
[01m[K/opt/ros/foxy/include/librealsense2/hpp/rs_device.hpp:104:17:[m[K [01;36m[Knote: [m[Kbecause ‘[01m[Krs2::device[m[K’ has user-provided ‘[01m[Krs2::device& rs2::device::operator=(const rs2::device&)[m[K’
  104 |         device& [01;36m[Koperator[m[K=(const device& dev)
      |                 [01;36m[K^~~~~~~~[m[K
In file included from [01m[K/opt/ros/foxy/include/librealsense2/hpp/rs_record_playback.hpp:8[m[K,
                 from [01m[K/opt/ros/foxy/include/librealsense2/hpp/rs_context.hpp:8[m[K,
                 from [01m[K/opt/ros/foxy/include/librealsense2/rs.hpp:9[m[K,
                 from [01m[K/home/vlad/ros2_ws/src/ros2_intel_realsense/realsense_ros/include/realsense/rs_base.hpp:31[m[K,
                 from [01m[K/home/vlad/ros2_ws/src/ros2_intel_realsense/realsense_ros/include/realsense/rs_d435.hpp:23[m[K,
                 from [01m[K/home/vlad/ros2_ws/src/ros2_intel_realsense/realsense_ros/src/rs_d435.cpp:20[m[K:
[01m[K/opt/ros/foxy/include/librealsense2/hpp/rs_device.hpp:290:34:[m[K [01;36m[Knote: [m[K  initializing argument 1 of ‘[01m[Krs2::calibrated_device::calibrated_device(rs2::device)[m[K’
  290 |         calibrated_device([01;36m[Kdevice d[m[K)
      |                           [01;36m[K~~~~~~~^[m[K
[01m[K/opt/ros/foxy/include/librealsense2/hpp/rs_device.hpp:[m[K In member function ‘[01m[Kstd::pair<rs2::sensor, rs2::stream_profile> rs2::tm2::get_sensor_profile(rs2_stream, int)[m[K’:
[01m[K/opt/ros/foxy/include/librealsense2/hpp/rs_device.hpp:797:41:[m[K [01;35m[Kwarning: [m[Kimplicitly-declared ‘[01m[Krs2::sensor::sensor(const rs2::sensor&)[m[K’ is deprecated [[01;35m[K-Wdeprecated-copy[m[K]
  797 |             for (auto s : query_sensors([01;35m[K)[m[K) {
      |                                         [01;35m[K^[m[K
In file included from [01m[K/opt/ros/foxy/include/librealsense2/hpp/rs_device.hpp:8[m[K,
                 from [01m[K/opt/ros/foxy/include/librealsense2/hpp/rs_record_playback.hpp:8[m[K,
                 from [01m[K/opt/ros/foxy/include/librealsense2/hpp/rs_context.hpp:8[m[K,
                 from [01m[K/opt/ros/foxy/include/librealsense2/rs.hpp:9[m[K,
                 from [01m[K/home/vlad/ros2_ws/src/ros2_intel_realsense/realsense_ros/include/realsense/rs_base.hpp:31[m[K,
                 from [01m[K/home/vlad/ros2_ws/src/ros2_intel_realsense/realsense_ros/include/realsense/rs_d435.hpp:23[m[K,
                 from [01m[K/home/vlad/ros2_ws/src/ros2_intel_realsense/realsense_ros/src/rs_d435.cpp:20[m[K:
[01m[K/opt/ros/foxy/include/librealsense2/hpp/rs_sensor.hpp:308:17:[m[K [01;36m[Knote: [m[Kbecause ‘[01m[Krs2::sensor[m[K’ has user-provided ‘[01m[Krs2::sensor& rs2::sensor::operator=(const rs2::sensor&)[m[K’
  308 |         sensor& [01;36m[Koperator[m[K=(const sensor& other)
      |                 [01;36m[K^~~~~~~~[m[K
[01m[K/home/vlad/ros2_ws/src/ros2_intel_realsense/realsense_ros/src/rs_d435.cpp:[m[K In constructor ‘[01m[Krealsense::RealSenseD435::RealSenseD435(rs2::context, rs2::device, rclcpp::Node&)[m[K’:
[01m[K/home/vlad/ros2_ws/src/ros2_intel_realsense/realsense_ros/src/rs_d435.cpp:25:31:[m[K [01;35m[Kwarning: [m[Kimplicitly-declared ‘[01m[Krs2::device::device(const rs2::device&)[m[K’ is deprecated [[01;35m[K-Wdeprecated-copy[m[K]
   25 | : RealSenseBase(ctx, dev, node[01;35m[K)[m[K
      |                               [01;35m[K^[m[K
In file included from [01m[K/opt/ros/foxy/include/librealsense2/hpp/rs_record_playback.hpp:8[m[K,
                 from [01m[K/opt/ros/foxy/include/librealsense2/hpp/rs_context.hpp:8[m[K,
                 from [01m[K/opt/ros/foxy/include/librealsense2/rs.hpp:9[m[K,
                 from [01m[K/home/vlad/ros2_ws/src/ros2_intel_realsense/realsense_ros/include/realsense/rs_base.hpp:31[m[K,
                 from [01m[K/home/vlad/ros2_ws/src/ros2_intel_realsense/realsense_ros/include/realsense/rs_d435.hpp:23[m[K,
                 from [01m[K/home/vlad/ros2_ws/src/ros2_intel_realsense/realsense_ros/src/rs_d435.cpp:20[m[K:
[01m[K/opt/ros/foxy/include/librealsense2/hpp/rs_device.hpp:104:17:[m[K [01;36m[Knote: [m[Kbecause ‘[01m[Krs2::device[m[K’ has user-provided ‘[01m[Krs2::device& rs2::device::operator=(const rs2::device&)[m[K’
  104 |         device& [01;36m[Koperator[m[K=(const device& dev)
      |                 [01;36m[K^~~~~~~~[m[K
In file included from [01m[K/home/vlad/ros2_ws/src/ros2_intel_realsense/realsense_ros/include/realsense/rs_d435.hpp:23[m[K,
                 from [01m[K/home/vlad/ros2_ws/src/ros2_intel_realsense/realsense_ros/src/rs_d435.cpp:20[m[K:
[01m[K/home/vlad/ros2_ws/src/ros2_intel_realsense/realsense_ros/include/realsense/rs_base.hpp:64:47:[m[K [01;36m[Knote: [m[K  initializing argument 2 of ‘[01m[Krealsense::RealSenseBase::RealSenseBase(rs2::context, rs2::device, rclcpp::Node&)[m[K’
   64 |   RealSenseBase(rs2::context ctx, [01;36m[Krs2::device dev[m[K, rclcpp::Node & node);
      |                                   [01;36m[K~~~~~~~~~~~~^~~[m[K
make[1]: *** [CMakeFiles/Makefile2:130: CMakeFiles/realsense_ros.dir/all] Error 2
make: *** [Makefile:141: all] Error 2
