-- Found moveit_common: 2.1.0 (/home/vlad/ros2_ws/install/moveit_common/share/moveit_common/cmake)
-- Found ament_cmake: 0.9.7 (/home/vlad/ros2_foxy/install/ament_cmake/share/ament_cmake/cmake)
-- Using PYTHON_EXECUTABLE: /usr/bin/python3
-- Found moveit_msgs: 2.0.0 (/home/vlad/ros2_ws/install/moveit_msgs/share/moveit_msgs/cmake)
-- Using all available rosidl_typesupport_c: rosidl_typesupport_introspection_c;rosidl_typesupport_fastrtps_c
-- Found rosidl_adapter: 1.1.0 (/home/vlad/ros2_foxy/install/rosidl_adapter/share/rosidl_adapter/cmake)
-- Using all available rosidl_typesupport_cpp: rosidl_typesupport_introspection_cpp;rosidl_typesupport_fastrtps_cpp
-- Found pluginlib: 2.5.2 (/home/vlad/ros2_foxy/install/pluginlib/share/pluginlib/cmake)
-- Found rclcpp: 2.2.0 (/home/vlad/ros2_foxy/install/rclcpp/share/rclcpp/cmake)
-- Found rmw_implementation_cmake: 1.0.2 (/home/vlad/ros2_foxy/install/rmw_implementation_cmake/share/rmw_implementation_cmake/cmake)
-- Using RMW implementation 'rmw_fastrtps_cpp' as default
-- Found message_filters: 3.2.4 (/home/vlad/ros2_foxy/install/message_filters/share/message_filters/cmake)
-- Found srdfdom: 2.0.0 (/home/vlad/ros2_ws/install/srdfdom/share/srdfdom/cmake)
-- Found tf2: 0.13.7 (/home/vlad/ros2_foxy/install/tf2/share/tf2/cmake)
-- Found tf2_geometry_msgs: 0.13.7 (/home/vlad/ros2_foxy/install/tf2_geometry_msgs/share/tf2_geometry_msgs/cmake)
-- Found eigen3_cmake_module: 0.1.1 (/home/vlad/ros2_foxy/install/eigen3_cmake_module/share/eigen3_cmake_module/cmake)
-- Found tf2_eigen: 0.13.7 (/home/vlad/ros2_foxy/install/tf2_eigen/share/tf2_eigen/cmake)
-- Found moveit_core: 2.1.0 (/home/vlad/ros2_ws/install/moveit_core/share/moveit_core/cmake)
-- Found moveit_ros_occupancy_map_monitor: 2.1.0 (/home/vlad/ros2_ws/install/moveit_ros_occupancy_map_monitor/share/moveit_ros_occupancy_map_monitor/cmake)
-- Configuring done
-- Generating done
-- Build files have been written to: /home/vlad/ros2_ws/build/moveit_ros_planning
[35m[1mScanning dependencies of target moveit_rdf_loader[0m
[35m[1mScanning dependencies of target moveit_list_request_adapter_plugins[0m
[35m[1mScanning dependencies of target moveit_collision_plugin_loader[0m
[35m[1mScanning dependencies of target moveit_planning_pipeline[0m
[35m[1mScanning dependencies of target moveit_default_planning_request_adapter_plugins[0m
[  1%] [32mBuilding CXX object rdf_loader/CMakeFiles/moveit_rdf_loader.dir/src/rdf_loader.cpp.o[0m
[  3%] [32mBuilding CXX object collision_plugin_loader/CMakeFiles/moveit_collision_plugin_loader.dir/src/collision_plugin_loader.cpp.o[0m
[  5%] [32mBuilding CXX object planning_request_adapter_plugins/CMakeFiles/moveit_list_request_adapter_plugins.dir/src/list.cpp.o[0m
[  7%] [32mBuilding CXX object planning_pipeline/CMakeFiles/moveit_planning_pipeline.dir/src/planning_pipeline.cpp.o[0m
[ 11%] [32mBuilding CXX object planning_request_adapter_plugins/CMakeFiles/moveit_default_planning_request_adapter_plugins.dir/src/fix_start_state_bounds.cpp.o[0m
[ 11%] [32mBuilding CXX object planning_request_adapter_plugins/CMakeFiles/moveit_default_planning_request_adapter_plugins.dir/src/empty.cpp.o[0m
[ 15%] [32mBuilding CXX object planning_request_adapter_plugins/CMakeFiles/moveit_default_planning_request_adapter_plugins.dir/src/fix_workspace_bounds.cpp.o[0m
[ 15%] [32mBuilding CXX object planning_request_adapter_plugins/CMakeFiles/moveit_default_planning_request_adapter_plugins.dir/src/fix_start_state_path_constraints.cpp.o[0m
[ 17%] [32mBuilding CXX object planning_request_adapter_plugins/CMakeFiles/moveit_default_planning_request_adapter_plugins.dir/src/add_time_parameterization.cpp.o[0m
[ 21%] [32mBuilding CXX object planning_request_adapter_plugins/CMakeFiles/moveit_default_planning_request_adapter_plugins.dir/src/add_iterative_spline_parameterization.cpp.o[0m
[ 21%] [32mBuilding CXX object planning_request_adapter_plugins/CMakeFiles/moveit_default_planning_request_adapter_plugins.dir/src/fix_start_state_collision.cpp.o[0m
[ 23%] [32mBuilding CXX object planning_request_adapter_plugins/CMakeFiles/moveit_default_planning_request_adapter_plugins.dir/src/add_time_optimal_parameterization.cpp.o[0m
[ 25%] [32mBuilding CXX object planning_request_adapter_plugins/CMakeFiles/moveit_default_planning_request_adapter_plugins.dir/src/resolve_constraint_frames.cpp.o[0m
[ 27%] [32m[1mLinking CXX shared library libmoveit_rdf_loader.so[0m
[ 27%] Built target moveit_rdf_loader
[35m[1mScanning dependencies of target moveit_constraint_sampler_manager_loader[0m
[35m[1mScanning dependencies of target moveit_kinematics_plugin_loader[0m
[ 29%] [32mBuilding CXX object constraint_sampler_manager_loader/CMakeFiles/moveit_constraint_sampler_manager_loader.dir/src/constraint_sampler_manager_loader.cpp.o[0m
[ 31%] [32mBuilding CXX object kinematics_plugin_loader/CMakeFiles/moveit_kinematics_plugin_loader.dir/src/kinematics_plugin_loader.cpp.o[0m
[ 33%] [32m[1mLinking CXX executable moveit_list_request_adapter_plugins[0m
[ 33%] Built target moveit_list_request_adapter_plugins
[ 35%] [32m[1mLinking CXX shared library libmoveit_collision_plugin_loader.so[0m
[ 35%] Built target moveit_collision_plugin_loader
[ 37%] [32m[1mLinking CXX shared library libmoveit_default_planning_request_adapter_plugins.so[0m
[ 37%] Built target moveit_default_planning_request_adapter_plugins
[ 39%] [32m[1mLinking CXX shared library libmoveit_planning_pipeline.so[0m
[ 39%] Built target moveit_planning_pipeline
[ 41%] [32m[1mLinking CXX shared library libmoveit_constraint_sampler_manager_loader.so[0m
[ 41%] Built target moveit_constraint_sampler_manager_loader
[ 43%] [32m[1mLinking CXX shared library libmoveit_kinematics_plugin_loader.so[0m
[ 43%] Built target moveit_kinematics_plugin_loader
[35m[1mScanning dependencies of target moveit_robot_model_loader[0m
[ 45%] [32mBuilding CXX object robot_model_loader/CMakeFiles/moveit_robot_model_loader.dir/src/robot_model_loader.cpp.o[0m
[ 47%] [32m[1mLinking CXX shared library libmoveit_robot_model_loader.so[0m
[ 47%] Built target moveit_robot_model_loader
[35m[1mScanning dependencies of target moveit_print_planning_model_info[0m
[35m[1mScanning dependencies of target moveit_kinematics_speed_and_validity_evaluator[0m
[35m[1mScanning dependencies of target moveit_evaluate_state_operations_speed[0m
[35m[1mScanning dependencies of target moveit_planning_scene_monitor[0m
[ 49%] [32mBuilding CXX object planning_components_tools/CMakeFiles/moveit_print_planning_model_info.dir/src/print_planning_model_info.cpp.o[0m
[ 50%] [32mBuilding CXX object planning_components_tools/CMakeFiles/moveit_kinematics_speed_and_validity_evaluator.dir/src/kinematics_speed_and_validity_evaluator.cpp.o[0m
[ 52%] [32mBuilding CXX object planning_components_tools/CMakeFiles/moveit_evaluate_state_operations_speed.dir/src/evaluate_state_operations_speed.cpp.o[0m
[ 56%] [32mBuilding CXX object planning_scene_monitor/CMakeFiles/moveit_planning_scene_monitor.dir/src/trajectory_monitor.cpp.o[0m
[ 56%] [32mBuilding CXX object planning_scene_monitor/CMakeFiles/moveit_planning_scene_monitor.dir/src/planning_scene_monitor.cpp.o[0m
[ 58%] [32mBuilding CXX object planning_scene_monitor/CMakeFiles/moveit_planning_scene_monitor.dir/src/current_state_monitor.cpp.o[0m
[ 60%] [32m[1mLinking CXX executable moveit_print_planning_model_info[0m
[ 60%] Built target moveit_print_planning_model_info
[ 62%] [32m[1mLinking CXX executable moveit_evaluate_state_operations_speed[0m
[ 62%] Built target moveit_evaluate_state_operations_speed
[ 64%] [32m[1mLinking CXX executable moveit_kinematics_speed_and_validity_evaluator[0m
[ 64%] Built target moveit_kinematics_speed_and_validity_evaluator
[ 66%] [32m[1mLinking CXX shared library libmoveit_planning_scene_monitor.so[0m
[ 66%] Built target moveit_planning_scene_monitor
[35m[1mScanning dependencies of target moveit_print_planning_scene_info[0m
[35m[1mScanning dependencies of target moveit_evaluate_collision_checking_speed[0m
[35m[1mScanning dependencies of target moveit_display_random_state[0m
[35m[1mScanning dependencies of target moveit_visualize_robot_collision_volume[0m
[35m[1mScanning dependencies of target moveit_trajectory_execution_manager[0m
[35m[1mScanning dependencies of target moveit_publish_scene_from_text[0m
[ 70%] [32m[1mLinking CXX executable demo_scene[0m
[ 70%] [32mBuilding CXX object planning_components_tools/CMakeFiles/moveit_print_planning_scene_info.dir/src/print_planning_scene_info.cpp.o[0m
[ 72%] [32mBuilding CXX object planning_components_tools/CMakeFiles/moveit_evaluate_collision_checking_speed.dir/src/evaluate_collision_checking_speed.cpp.o[0m
[ 74%] [32mBuilding CXX object planning_components_tools/CMakeFiles/moveit_publish_scene_from_text.dir/src/publish_scene_from_text.cpp.o[0m
[ 76%] [32mBuilding CXX object planning_components_tools/CMakeFiles/moveit_visualize_robot_collision_volume.dir/src/visualize_robot_collision_volume.cpp.o[0m
[ 78%] [32mBuilding CXX object trajectory_execution_manager/CMakeFiles/moveit_trajectory_execution_manager.dir/src/trajectory_execution_manager.cpp.o[0m
[ 80%] [32mBuilding CXX object planning_components_tools/CMakeFiles/moveit_display_random_state.dir/src/display_random_state.cpp.o[0m
[ 82%] Built target demo_scene
[ 84%] [32m[1mLinking CXX executable moveit_print_planning_scene_info[0m
[ 84%] Built target moveit_print_planning_scene_info
[ 86%] [32m[1mLinking CXX executable moveit_display_random_state[0m
[ 88%] [32m[1mLinking CXX executable moveit_publish_scene_from_text[0m
[ 90%] [32m[1mLinking CXX executable moveit_evaluate_collision_checking_speed[0m
[ 90%] Built target moveit_display_random_state
[ 90%] Built target moveit_publish_scene_from_text
[ 90%] Built target moveit_evaluate_collision_checking_speed
[ 92%] [32m[1mLinking CXX executable moveit_visualize_robot_collision_volume[0m
[ 92%] Built target moveit_visualize_robot_collision_volume
[ 94%] [32m[1mLinking CXX shared library libmoveit_trajectory_execution_manager.so[0m
[ 94%] Built target moveit_trajectory_execution_manager
[35m[1mScanning dependencies of target moveit_plan_execution[0m
[ 98%] [32mBuilding CXX object plan_execution/CMakeFiles/moveit_plan_execution.dir/src/plan_execution.cpp.o[0m
[ 98%] [32mBuilding CXX object plan_execution/CMakeFiles/moveit_plan_execution.dir/src/plan_with_sensing.cpp.o[0m
[100%] [32m[1mLinking CXX shared library libmoveit_plan_execution.so[0m
[100%] Built target moveit_plan_execution
-- Install configuration: "Release"
-- Installing: /home/vlad/ros2_ws/install/moveit_ros_planning/share/moveit_ros_planning/environment/library_path.sh
-- Installing: /home/vlad/ros2_ws/install/moveit_ros_planning/share/moveit_ros_planning/environment/library_path.dsv
-- Up-to-date: /home/vlad/ros2_ws/install/moveit_ros_planning/share/moveit_ros_planning/planning_request_adapters_plugin_description.xml
-- Up-to-date: /home/vlad/ros2_ws/install/moveit_ros_planning/share/ament_index/resource_index/package_run_dependencies/moveit_ros_planning
-- Installing: /home/vlad/ros2_ws/install/moveit_ros_planning/share/ament_index/resource_index/parent_prefix_path/moveit_ros_planning
-- Installing: /home/vlad/ros2_ws/install/moveit_ros_planning/share/moveit_ros_planning/environment/ament_prefix_path.dsv
-- Installing: /home/vlad/ros2_ws/install/moveit_ros_planning/share/moveit_ros_planning/environment/path.dsv
-- Up-to-date: /home/vlad/ros2_ws/install/moveit_ros_planning/share/moveit_ros_planning/local_setup.bash
-- Up-to-date: /home/vlad/ros2_ws/install/moveit_ros_planning/share/moveit_ros_planning/local_setup.sh
-- Up-to-date: /home/vlad/ros2_ws/install/moveit_ros_planning/share/moveit_ros_planning/local_setup.zsh
-- Installing: /home/vlad/ros2_ws/install/moveit_ros_planning/share/moveit_ros_planning/local_setup.dsv
-- Installing: /home/vlad/ros2_ws/install/moveit_ros_planning/share/moveit_ros_planning/package.dsv
-- Up-to-date: /home/vlad/ros2_ws/install/moveit_ros_planning/share/ament_index/resource_index/packages/moveit_ros_planning
-- Up-to-date: /home/vlad/ros2_ws/install/moveit_ros_planning/share/ament_index/resource_index/moveit_core__pluginlib__plugin/moveit_ros_planning
-- Up-to-date: /home/vlad/ros2_ws/install/moveit_ros_planning/share/moveit_ros_planning/cmake/ament_cmake_export_include_directories-extras.cmake
-- Up-to-date: /home/vlad/ros2_ws/install/moveit_ros_planning/share/moveit_ros_planning/cmake/ament_cmake_export_libraries-extras.cmake
-- Up-to-date: /home/vlad/ros2_ws/install/moveit_ros_planning/share/moveit_ros_planning/cmake/ament_cmake_export_dependencies-extras.cmake
-- Up-to-date: /home/vlad/ros2_ws/install/moveit_ros_planning/share/moveit_ros_planning/cmake/moveit_ros_planningConfig.cmake
-- Up-to-date: /home/vlad/ros2_ws/install/moveit_ros_planning/share/moveit_ros_planning/cmake/moveit_ros_planningConfig-version.cmake
-- Up-to-date: /home/vlad/ros2_ws/install/moveit_ros_planning/share/moveit_ros_planning/package.xml
-- Installing: /home/vlad/ros2_ws/install/moveit_ros_planning/lib/libmoveit_rdf_loader.so.
-- Set runtime path of "/home/vlad/ros2_ws/install/moveit_ros_planning/lib/libmoveit_rdf_loader.so." to ""
-- Up-to-date: /home/vlad/ros2_ws/install/moveit_ros_planning/lib/libmoveit_rdf_loader.so
-- Up-to-date: /home/vlad/ros2_ws/install/moveit_ros_planning/include
-- Up-to-date: /home/vlad/ros2_ws/install/moveit_ros_planning/include/moveit
-- Up-to-date: /home/vlad/ros2_ws/install/moveit_ros_planning/include/moveit/rdf_loader
-- Up-to-date: /home/vlad/ros2_ws/install/moveit_ros_planning/include/moveit/rdf_loader/rdf_loader.h
-- Installing: /home/vlad/ros2_ws/install/moveit_ros_planning/lib/libmoveit_collision_plugin_loader.so.
-- Set runtime path of "/home/vlad/ros2_ws/install/moveit_ros_planning/lib/libmoveit_collision_plugin_loader.so." to ""
-- Up-to-date: /home/vlad/ros2_ws/install/moveit_ros_planning/lib/libmoveit_collision_plugin_loader.so
-- Up-to-date: /home/vlad/ros2_ws/install/moveit_ros_planning/include
-- Up-to-date: /home/vlad/ros2_ws/install/moveit_ros_planning/include/moveit
-- Up-to-date: /home/vlad/ros2_ws/install/moveit_ros_planning/include/moveit/collision_plugin_loader
-- Up-to-date: /home/vlad/ros2_ws/install/moveit_ros_planning/include/moveit/collision_plugin_loader/collision_plugin_loader.h
-- Installing: /home/vlad/ros2_ws/install/moveit_ros_planning/lib/libmoveit_kinematics_plugin_loader.so.
-- Set runtime path of "/home/vlad/ros2_ws/install/moveit_ros_planning/lib/libmoveit_kinematics_plugin_loader.so." to ""
-- Up-to-date: /home/vlad/ros2_ws/install/moveit_ros_planning/lib/libmoveit_kinematics_plugin_loader.so
-- Up-to-date: /home/vlad/ros2_ws/install/moveit_ros_planning/include
-- Up-to-date: /home/vlad/ros2_ws/install/moveit_ros_planning/include/moveit
-- Up-to-date: /home/vlad/ros2_ws/install/moveit_ros_planning/include/moveit/kinematics_plugin_loader
-- Up-to-date: /home/vlad/ros2_ws/install/moveit_ros_planning/include/moveit/kinematics_plugin_loader/kinematics_plugin_loader.h
-- Installing: /home/vlad/ros2_ws/install/moveit_ros_planning/lib/libmoveit_robot_model_loader.so.
-- Set runtime path of "/home/vlad/ros2_ws/install/moveit_ros_planning/lib/libmoveit_robot_model_loader.so." to ""
-- Up-to-date: /home/vlad/ros2_ws/install/moveit_ros_planning/lib/libmoveit_robot_model_loader.so
-- Up-to-date: /home/vlad/ros2_ws/install/moveit_ros_planning/include
-- Up-to-date: /home/vlad/ros2_ws/install/moveit_ros_planning/include/moveit
-- Up-to-date: /home/vlad/ros2_ws/install/moveit_ros_planning/include/moveit/robot_model_loader
-- Up-to-date: /home/vlad/ros2_ws/install/moveit_ros_planning/include/moveit/robot_model_loader/robot_model_loader.h
-- Installing: /home/vlad/ros2_ws/install/moveit_ros_planning/lib/libmoveit_constraint_sampler_manager_loader.so.
-- Set runtime path of "/home/vlad/ros2_ws/install/moveit_ros_planning/lib/libmoveit_constraint_sampler_manager_loader.so." to ""
-- Up-to-date: /home/vlad/ros2_ws/install/moveit_ros_planning/lib/libmoveit_constraint_sampler_manager_loader.so
-- Up-to-date: /home/vlad/ros2_ws/install/moveit_ros_planning/include
-- Up-to-date: /home/vlad/ros2_ws/install/moveit_ros_planning/include/moveit
-- Up-to-date: /home/vlad/ros2_ws/install/moveit_ros_planning/include/moveit/constraint_sampler_manager_loader
-- Up-to-date: /home/vlad/ros2_ws/install/moveit_ros_planning/include/moveit/constraint_sampler_manager_loader/constraint_sampler_manager_loader.h
-- Installing: /home/vlad/ros2_ws/install/moveit_ros_planning/lib/libmoveit_planning_pipeline.so.
-- Set runtime path of "/home/vlad/ros2_ws/install/moveit_ros_planning/lib/libmoveit_planning_pipeline.so." to ""
-- Up-to-date: /home/vlad/ros2_ws/install/moveit_ros_planning/lib/libmoveit_planning_pipeline.so
-- Up-to-date: /home/vlad/ros2_ws/install/moveit_ros_planning/include
-- Up-to-date: /home/vlad/ros2_ws/install/moveit_ros_planning/include/moveit
-- Up-to-date: /home/vlad/ros2_ws/install/moveit_ros_planning/include/moveit/planning_pipeline
-- Up-to-date: /home/vlad/ros2_ws/install/moveit_ros_planning/include/moveit/planning_pipeline/planning_pipeline.h
-- Installing: /home/vlad/ros2_ws/install/moveit_ros_planning/lib/libmoveit_default_planning_request_adapter_plugins.so.
-- Set runtime path of "/home/vlad/ros2_ws/install/moveit_ros_planning/lib/libmoveit_default_planning_request_adapter_plugins.so." to ""
-- Up-to-date: /home/vlad/ros2_ws/install/moveit_ros_planning/lib/libmoveit_default_planning_request_adapter_plugins.so
-- Installing: /home/vlad/ros2_ws/install/moveit_ros_planning/lib/moveit_ros_planning/moveit_list_request_adapter_plugins
-- Set runtime path of "/home/vlad/ros2_ws/install/moveit_ros_planning/lib/moveit_ros_planning/moveit_list_request_adapter_plugins" to ""
-- Installing: /home/vlad/ros2_ws/install/moveit_ros_planning/lib/libmoveit_planning_scene_monitor.so.
-- Set runtime path of "/home/vlad/ros2_ws/install/moveit_ros_planning/lib/libmoveit_planning_scene_monitor.so." to ""
-- Up-to-date: /home/vlad/ros2_ws/install/moveit_ros_planning/lib/libmoveit_planning_scene_monitor.so
-- Installing: /home/vlad/ros2_ws/install/moveit_ros_planning/lib/moveit_ros_planning/demo_scene
-- Set runtime path of "/home/vlad/ros2_ws/install/moveit_ros_planning/lib/moveit_ros_planning/demo_scene" to ""
-- Up-to-date: /home/vlad/ros2_ws/install/moveit_ros_planning/include
-- Up-to-date: /home/vlad/ros2_ws/install/moveit_ros_planning/include/moveit
-- Up-to-date: /home/vlad/ros2_ws/install/moveit_ros_planning/include/moveit/planning_scene_monitor
-- Up-to-date: /home/vlad/ros2_ws/install/moveit_ros_planning/include/moveit/planning_scene_monitor/trajectory_monitor.h
-- Up-to-date: /home/vlad/ros2_ws/install/moveit_ros_planning/include/moveit/planning_scene_monitor/planning_scene_monitor.h
-- Up-to-date: /home/vlad/ros2_ws/install/moveit_ros_planning/include/moveit/planning_scene_monitor/current_state_monitor.h
-- Installing: /home/vlad/ros2_ws/install/moveit_ros_planning/lib/moveit_ros_planning/moveit_print_planning_model_info
-- Set runtime path of "/home/vlad/ros2_ws/install/moveit_ros_planning/lib/moveit_ros_planning/moveit_print_planning_model_info" to ""
-- Installing: /home/vlad/ros2_ws/install/moveit_ros_planning/lib/moveit_ros_planning/moveit_print_planning_scene_info
-- Set runtime path of "/home/vlad/ros2_ws/install/moveit_ros_planning/lib/moveit_ros_planning/moveit_print_planning_scene_info" to ""
-- Installing: /home/vlad/ros2_ws/install/moveit_ros_planning/lib/moveit_ros_planning/moveit_display_random_state
-- Set runtime path of "/home/vlad/ros2_ws/install/moveit_ros_planning/lib/moveit_ros_planning/moveit_display_random_state" to ""
-- Installing: /home/vlad/ros2_ws/install/moveit_ros_planning/lib/moveit_ros_planning/moveit_visualize_robot_collision_volume
-- Set runtime path of "/home/vlad/ros2_ws/install/moveit_ros_planning/lib/moveit_ros_planning/moveit_visualize_robot_collision_volume" to ""
-- Installing: /home/vlad/ros2_ws/install/moveit_ros_planning/lib/moveit_ros_planning/moveit_evaluate_collision_checking_speed
-- Set runtime path of "/home/vlad/ros2_ws/install/moveit_ros_planning/lib/moveit_ros_planning/moveit_evaluate_collision_checking_speed" to ""
-- Installing: /home/vlad/ros2_ws/install/moveit_ros_planning/lib/moveit_ros_planning/moveit_evaluate_state_operations_speed
-- Set runtime path of "/home/vlad/ros2_ws/install/moveit_ros_planning/lib/moveit_ros_planning/moveit_evaluate_state_operations_speed" to ""
-- Installing: /home/vlad/ros2_ws/install/moveit_ros_planning/lib/moveit_ros_planning/moveit_kinematics_speed_and_validity_evaluator
-- Set runtime path of "/home/vlad/ros2_ws/install/moveit_ros_planning/lib/moveit_ros_planning/moveit_kinematics_speed_and_validity_evaluator" to ""
-- Installing: /home/vlad/ros2_ws/install/moveit_ros_planning/lib/moveit_ros_planning/moveit_publish_scene_from_text
-- Set runtime path of "/home/vlad/ros2_ws/install/moveit_ros_planning/lib/moveit_ros_planning/moveit_publish_scene_from_text" to ""
-- Installing: /home/vlad/ros2_ws/install/moveit_ros_planning/lib/libmoveit_trajectory_execution_manager.so.
-- Set runtime path of "/home/vlad/ros2_ws/install/moveit_ros_planning/lib/libmoveit_trajectory_execution_manager.so." to ""
-- Up-to-date: /home/vlad/ros2_ws/install/moveit_ros_planning/lib/libmoveit_trajectory_execution_manager.so
-- Up-to-date: /home/vlad/ros2_ws/install/moveit_ros_planning/include
-- Up-to-date: /home/vlad/ros2_ws/install/moveit_ros_planning/include/moveit
-- Up-to-date: /home/vlad/ros2_ws/install/moveit_ros_planning/include/moveit/trajectory_execution_manager
-- Up-to-date: /home/vlad/ros2_ws/install/moveit_ros_planning/include/moveit/trajectory_execution_manager/trajectory_execution_manager.h
-- Installing: /home/vlad/ros2_ws/install/moveit_ros_planning/lib/libmoveit_plan_execution.so.
-- Set runtime path of "/home/vlad/ros2_ws/install/moveit_ros_planning/lib/libmoveit_plan_execution.so." to ""
-- Up-to-date: /home/vlad/ros2_ws/install/moveit_ros_planning/lib/libmoveit_plan_execution.so
-- Up-to-date: /home/vlad/ros2_ws/install/moveit_ros_planning/include
-- Up-to-date: /home/vlad/ros2_ws/install/moveit_ros_planning/include/moveit
-- Up-to-date: /home/vlad/ros2_ws/install/moveit_ros_planning/include/moveit/plan_execution
-- Up-to-date: /home/vlad/ros2_ws/install/moveit_ros_planning/include/moveit/plan_execution/plan_representation.h
-- Up-to-date: /home/vlad/ros2_ws/install/moveit_ros_planning/include/moveit/plan_execution/plan_with_sensing.h
-- Up-to-date: /home/vlad/ros2_ws/install/moveit_ros_planning/include/moveit/plan_execution/plan_execution.h
