[0.152s] Invoking command in '/home/vlad/ros2_ws/build/hardware_interface': CMAKE_PREFIX_PATH=${CMAKE_PREFIX_PATH}:/opt/ros/foxy:/home/vlad/ros2_foxy/install/ros2bag:/home/vlad/ros2_foxy/install/tracetools_launch:/home/vlad/ros2_foxy/install/topic_monitor:/home/vlad/ros2_foxy/install/examples_tf2_py:/home/vlad/ros2_foxy/install/sros2:/home/vlad/ros2_foxy/install/rqt_topic:/home/vlad/ros2_foxy/install/rqt_reconfigure:/home/vlad/ros2_foxy/install/rqt_action:/home/vlad/ros2_foxy/install/rqt:/home/vlad/ros2_foxy/install/rqt_graph:/home/vlad/ros2_foxy/install/rqt_gui_py:/home/vlad/ros2_foxy/install/rqt_gui:/home/vlad/ros2_foxy/install/ros2trace:/home/vlad/ros2_foxy/install/ros2topic:/home/vlad/ros2_foxy/install/ros2test:/home/vlad/ros2_foxy/install/ros2component:/home/vlad/ros2_foxy/install/ros2param:/home/vlad/ros2_foxy/install/ros2lifecycle:/home/vlad/ros2_foxy/install/ros2service:/home/vlad/ros2_foxy/install/ros2run:/home/vlad/ros2_foxy/install/ros2launch:/home/vlad/ros2_foxy/install/ros2pkg:/home/vlad/ros2_foxy/install/ros2node:/home/vlad/ros2_foxy/install/ros2multicast:/home/vlad/ros2_foxy/install/ros2interface:/home/vlad/ros2_foxy/install/ros2doctor:/home/vlad/ros2_foxy/install/ros2action:/home/vlad/ros2_foxy/install/ros2cli:/home/vlad/ros2_foxy/install/quality_of_service_demo_py:/home/vlad/ros2_foxy/install/launch_testing_ros:/home/vlad/ros2_foxy/install/launch_ros:/home/vlad/ros2_foxy/install/examples_rclpy_minimal_subscriber:/home/vlad/ros2_foxy/install/examples_rclpy_minimal_service:/home/vlad/ros2_foxy/install/examples_rclpy_minimal_publisher:/home/vlad/ros2_foxy/install/examples_rclpy_minimal_client:/home/vlad/ros2_foxy/install/examples_rclpy_minimal_action_server:/home/vlad/ros2_foxy/install/examples_rclpy_minimal_action_client:/home/vlad/ros2_foxy/install/examples_rclpy_executors:/home/vlad/ros2_foxy/install/demo_nodes_py:/home/vlad/ros2_foxy/install/action_tutorials_py:/home/vlad/ros2_foxy/install/ament_uncrustify:/home/vlad/ros2_foxy/install/tracetools_trace:/home/vlad/ros2_foxy/install/tracetools_read:/home/vlad/ros2_foxy/install/test_launch_ros:/home/vlad/ros2_foxy/install/rpyutils:/home/vlad/ros2_foxy/install/rosidl_runtime_py:/home/vlad/ros2_foxy/install/launch_yaml:/home/vlad/ros2_foxy/install/launch_xml:/home/vlad/ros2_foxy/install/launch_testing:/home/vlad/ros2_foxy/install/launch:/home/vlad/ros2_foxy/install/osrf_pycommon:/home/vlad/ros2_foxy/install/domain_coordinator:/home/vlad/ros2_foxy/install/ament_xmllint:/home/vlad/ros2_foxy/install/ament_pyflakes:/home/vlad/ros2_foxy/install/ament_pycodestyle:/home/vlad/ros2_foxy/install/ament_pep257:/home/vlad/ros2_foxy/install/ament_pclint:/home/vlad/ros2_foxy/install/ament_package:/home/vlad/ros2_foxy/install/ament_mypy:/home/vlad/ros2_foxy/install/ament_lint_cmake:/home/vlad/ros2_foxy/install/ament_flake8:/home/vlad/ros2_foxy/install/ament_copyright:/home/vlad/ros2_foxy/install/ament_lint:/home/vlad/ros2_foxy/install/ament_index_python:/home/vlad/ros2_foxy/install/ament_cpplint:/home/vlad/ros2_foxy/install/ament_cppcheck:/home/vlad/ros2_foxy/install/ament_clang_tidy:/home/vlad/ros2_foxy/install/ament_clang_format /usr/bin/cmake /home/vlad/ros2_ws/src/ros2_control/hardware_interface -DCMAKE_BUILD_TYPE=Release -DCMAKE_INSTALL_PREFIX=/home/vlad/ros2_ws/install/hardware_interface
[0.394s] -- The C compiler identification is GNU 9.3.0
[0.564s] -- The CXX compiler identification is GNU 9.3.0
[0.595s] -- Check for working C compiler: /usr/bin/cc
[0.765s] -- Check for working C compiler: /usr/bin/cc -- works
[0.766s] -- Detecting C compiler ABI info
[0.926s] -- Detecting C compiler ABI info - done
[0.944s] -- Detecting C compile features
[0.945s] -- Detecting C compile features - done
[0.949s] -- Check for working CXX compiler: /usr/bin/c++
[1.122s] -- Check for working CXX compiler: /usr/bin/c++ -- works
[1.124s] -- Detecting CXX compiler ABI info
[1.310s] -- Detecting CXX compiler ABI info - done
[1.333s] -- Detecting CXX compile features
[1.334s] -- Detecting CXX compile features - done
[1.361s] -- Found ament_cmake: 0.9.7 (/home/vlad/ros2_foxy/install/ament_cmake/share/ament_cmake/cmake)
[2.365s] -- Found PythonInterp: /usr/bin/python3 (found suitable version "3.8.5", minimum required is "3") 
[2.365s] -- Using PYTHON_EXECUTABLE: /usr/bin/python3
[3.778s] -- Found control_msgs: 2.4.1 (/opt/ros/foxy/share/control_msgs/cmake)
[3.966s] -- Using all available rosidl_typesupport_c: rosidl_typesupport_fastrtps_c;rosidl_typesupport_introspection_c
[4.008s] -- Found rosidl_adapter: 1.1.0 (/home/vlad/ros2_foxy/install/rosidl_adapter/share/rosidl_adapter/cmake)
[4.360s] -- Found OpenSSL: /usr/lib/x86_64-linux-gnu/libcrypto.so (found version "1.1.1f")  
[4.442s] -- Found FastRTPS: /home/vlad/ros2_foxy/install/fastrtps/include  
[4.728s] -- Using all available rosidl_typesupport_cpp: rosidl_typesupport_fastrtps_cpp;rosidl_typesupport_introspection_cpp
[5.667s] -- Found rclcpp: 2.2.0 (/home/vlad/ros2_foxy/install/rclcpp/share/rclcpp/cmake)
[5.880s] -- Found rmw_implementation_cmake: 1.0.2 (/home/vlad/ros2_foxy/install/rmw_implementation_cmake/share/rmw_implementation_cmake/cmake)
[5.932s] -- Using RMW implementation 'rmw_fastrtps_cpp' as default
[5.933s] -- Looking for pthread.h
[6.134s] -- Looking for pthread.h - found
[6.135s] -- Performing Test CMAKE_HAVE_LIBC_PTHREAD
[6.338s] -- Performing Test CMAKE_HAVE_LIBC_PTHREAD - Failed
[6.338s] -- Looking for pthread_create in pthreads
[6.531s] -- Looking for pthread_create in pthreads - not found
[6.531s] -- Looking for pthread_create in pthread
[6.718s] -- Looking for pthread_create in pthread - found
[6.719s] -- Found Threads: TRUE  
[7.060s] -- Found tinyxml2_vendor: 0.7.3 (/home/vlad/ros2_foxy/install/tinyxml2_vendor/share/tinyxml2_vendor/cmake)
[7.101s] -- Found TinyXML2: /usr/lib/x86_64-linux-gnu/libtinyxml2.so  
[7.182s] -- Found ament_lint_auto: 0.9.5 (/home/vlad/ros2_foxy/install/ament_lint_auto/share/ament_lint_auto/cmake)
[8.004s] -- Found gmock sources under '/home/vlad/ros2_foxy/install/gmock_vendor/src/gmock_vendor': C++ tests using 'Google Mock' will be built
[8.058s] -- Found ament_cmake_gtest: 0.9.7 (/home/vlad/ros2_foxy/install/ament_cmake_gtest/share/ament_cmake_gtest/cmake)
[8.061s] -- Found gtest sources under '/home/vlad/ros2_foxy/install/gtest_vendor/src/gtest_vendor': C++ tests using 'Google Test' will be built
[8.305s] -- Added test 'copyright' to check source files copyright and LICENSE
[8.317s] -- Added test 'cppcheck' to perform static code analysis on C / C++ code
[8.319s] -- Configured cppcheck include dirs: /home/vlad/ros2_ws/src/ros2_control/hardware_interface/include
[8.319s] -- Configured cppcheck exclude dirs and/or files: 
[8.334s] -- Added test 'cpplint' to check C / C++ code against the Google style
[8.334s] -- Configured cpplint exclude dirs and/or files: 
[8.340s] -- Added test 'lint_cmake' to check CMake code style
[8.351s] -- Added test 'uncrustify' to check C / C++ code style
[8.352s] -- Configured uncrustify additional arguments: 
[8.360s] -- Added test 'xmllint' to check XML markup files
[8.383s] -- Configuring done
[8.531s] -- Generating done
[8.536s] -- Build files have been written to: /home/vlad/ros2_ws/build/hardware_interface
[8.550s] Invoked command in '/home/vlad/ros2_ws/build/hardware_interface' returned '0': CMAKE_PREFIX_PATH=${CMAKE_PREFIX_PATH}:/opt/ros/foxy:/home/vlad/ros2_foxy/install/ros2bag:/home/vlad/ros2_foxy/install/tracetools_launch:/home/vlad/ros2_foxy/install/topic_monitor:/home/vlad/ros2_foxy/install/examples_tf2_py:/home/vlad/ros2_foxy/install/sros2:/home/vlad/ros2_foxy/install/rqt_topic:/home/vlad/ros2_foxy/install/rqt_reconfigure:/home/vlad/ros2_foxy/install/rqt_action:/home/vlad/ros2_foxy/install/rqt:/home/vlad/ros2_foxy/install/rqt_graph:/home/vlad/ros2_foxy/install/rqt_gui_py:/home/vlad/ros2_foxy/install/rqt_gui:/home/vlad/ros2_foxy/install/ros2trace:/home/vlad/ros2_foxy/install/ros2topic:/home/vlad/ros2_foxy/install/ros2test:/home/vlad/ros2_foxy/install/ros2component:/home/vlad/ros2_foxy/install/ros2param:/home/vlad/ros2_foxy/install/ros2lifecycle:/home/vlad/ros2_foxy/install/ros2service:/home/vlad/ros2_foxy/install/ros2run:/home/vlad/ros2_foxy/install/ros2launch:/home/vlad/ros2_foxy/install/ros2pkg:/home/vlad/ros2_foxy/install/ros2node:/home/vlad/ros2_foxy/install/ros2multicast:/home/vlad/ros2_foxy/install/ros2interface:/home/vlad/ros2_foxy/install/ros2doctor:/home/vlad/ros2_foxy/install/ros2action:/home/vlad/ros2_foxy/install/ros2cli:/home/vlad/ros2_foxy/install/quality_of_service_demo_py:/home/vlad/ros2_foxy/install/launch_testing_ros:/home/vlad/ros2_foxy/install/launch_ros:/home/vlad/ros2_foxy/install/examples_rclpy_minimal_subscriber:/home/vlad/ros2_foxy/install/examples_rclpy_minimal_service:/home/vlad/ros2_foxy/install/examples_rclpy_minimal_publisher:/home/vlad/ros2_foxy/install/examples_rclpy_minimal_client:/home/vlad/ros2_foxy/install/examples_rclpy_minimal_action_server:/home/vlad/ros2_foxy/install/examples_rclpy_minimal_action_client:/home/vlad/ros2_foxy/install/examples_rclpy_executors:/home/vlad/ros2_foxy/install/demo_nodes_py:/home/vlad/ros2_foxy/install/action_tutorials_py:/home/vlad/ros2_foxy/install/ament_uncrustify:/home/vlad/ros2_foxy/install/tracetools_trace:/home/vlad/ros2_foxy/install/tracetools_read:/home/vlad/ros2_foxy/install/test_launch_ros:/home/vlad/ros2_foxy/install/rpyutils:/home/vlad/ros2_foxy/install/rosidl_runtime_py:/home/vlad/ros2_foxy/install/launch_yaml:/home/vlad/ros2_foxy/install/launch_xml:/home/vlad/ros2_foxy/install/launch_testing:/home/vlad/ros2_foxy/install/launch:/home/vlad/ros2_foxy/install/osrf_pycommon:/home/vlad/ros2_foxy/install/domain_coordinator:/home/vlad/ros2_foxy/install/ament_xmllint:/home/vlad/ros2_foxy/install/ament_pyflakes:/home/vlad/ros2_foxy/install/ament_pycodestyle:/home/vlad/ros2_foxy/install/ament_pep257:/home/vlad/ros2_foxy/install/ament_pclint:/home/vlad/ros2_foxy/install/ament_package:/home/vlad/ros2_foxy/install/ament_mypy:/home/vlad/ros2_foxy/install/ament_lint_cmake:/home/vlad/ros2_foxy/install/ament_flake8:/home/vlad/ros2_foxy/install/ament_copyright:/home/vlad/ros2_foxy/install/ament_lint:/home/vlad/ros2_foxy/install/ament_index_python:/home/vlad/ros2_foxy/install/ament_cpplint:/home/vlad/ros2_foxy/install/ament_cppcheck:/home/vlad/ros2_foxy/install/ament_clang_tidy:/home/vlad/ros2_foxy/install/ament_clang_format /usr/bin/cmake /home/vlad/ros2_ws/src/ros2_control/hardware_interface -DCMAKE_BUILD_TYPE=Release -DCMAKE_INSTALL_PREFIX=/home/vlad/ros2_ws/install/hardware_interface
[8.554s] Invoking command in '/home/vlad/ros2_ws/build/hardware_interface': CMAKE_PREFIX_PATH=${CMAKE_PREFIX_PATH}:/opt/ros/foxy:/home/vlad/ros2_foxy/install/ros2bag:/home/vlad/ros2_foxy/install/tracetools_launch:/home/vlad/ros2_foxy/install/topic_monitor:/home/vlad/ros2_foxy/install/examples_tf2_py:/home/vlad/ros2_foxy/install/sros2:/home/vlad/ros2_foxy/install/rqt_topic:/home/vlad/ros2_foxy/install/rqt_reconfigure:/home/vlad/ros2_foxy/install/rqt_action:/home/vlad/ros2_foxy/install/rqt:/home/vlad/ros2_foxy/install/rqt_graph:/home/vlad/ros2_foxy/install/rqt_gui_py:/home/vlad/ros2_foxy/install/rqt_gui:/home/vlad/ros2_foxy/install/ros2trace:/home/vlad/ros2_foxy/install/ros2topic:/home/vlad/ros2_foxy/install/ros2test:/home/vlad/ros2_foxy/install/ros2component:/home/vlad/ros2_foxy/install/ros2param:/home/vlad/ros2_foxy/install/ros2lifecycle:/home/vlad/ros2_foxy/install/ros2service:/home/vlad/ros2_foxy/install/ros2run:/home/vlad/ros2_foxy/install/ros2launch:/home/vlad/ros2_foxy/install/ros2pkg:/home/vlad/ros2_foxy/install/ros2node:/home/vlad/ros2_foxy/install/ros2multicast:/home/vlad/ros2_foxy/install/ros2interface:/home/vlad/ros2_foxy/install/ros2doctor:/home/vlad/ros2_foxy/install/ros2action:/home/vlad/ros2_foxy/install/ros2cli:/home/vlad/ros2_foxy/install/quality_of_service_demo_py:/home/vlad/ros2_foxy/install/launch_testing_ros:/home/vlad/ros2_foxy/install/launch_ros:/home/vlad/ros2_foxy/install/examples_rclpy_minimal_subscriber:/home/vlad/ros2_foxy/install/examples_rclpy_minimal_service:/home/vlad/ros2_foxy/install/examples_rclpy_minimal_publisher:/home/vlad/ros2_foxy/install/examples_rclpy_minimal_client:/home/vlad/ros2_foxy/install/examples_rclpy_minimal_action_server:/home/vlad/ros2_foxy/install/examples_rclpy_minimal_action_client:/home/vlad/ros2_foxy/install/examples_rclpy_executors:/home/vlad/ros2_foxy/install/demo_nodes_py:/home/vlad/ros2_foxy/install/action_tutorials_py:/home/vlad/ros2_foxy/install/ament_uncrustify:/home/vlad/ros2_foxy/install/tracetools_trace:/home/vlad/ros2_foxy/install/tracetools_read:/home/vlad/ros2_foxy/install/test_launch_ros:/home/vlad/ros2_foxy/install/rpyutils:/home/vlad/ros2_foxy/install/rosidl_runtime_py:/home/vlad/ros2_foxy/install/launch_yaml:/home/vlad/ros2_foxy/install/launch_xml:/home/vlad/ros2_foxy/install/launch_testing:/home/vlad/ros2_foxy/install/launch:/home/vlad/ros2_foxy/install/osrf_pycommon:/home/vlad/ros2_foxy/install/domain_coordinator:/home/vlad/ros2_foxy/install/ament_xmllint:/home/vlad/ros2_foxy/install/ament_pyflakes:/home/vlad/ros2_foxy/install/ament_pycodestyle:/home/vlad/ros2_foxy/install/ament_pep257:/home/vlad/ros2_foxy/install/ament_pclint:/home/vlad/ros2_foxy/install/ament_package:/home/vlad/ros2_foxy/install/ament_mypy:/home/vlad/ros2_foxy/install/ament_lint_cmake:/home/vlad/ros2_foxy/install/ament_flake8:/home/vlad/ros2_foxy/install/ament_copyright:/home/vlad/ros2_foxy/install/ament_lint:/home/vlad/ros2_foxy/install/ament_index_python:/home/vlad/ros2_foxy/install/ament_cpplint:/home/vlad/ros2_foxy/install/ament_cppcheck:/home/vlad/ros2_foxy/install/ament_clang_tidy:/home/vlad/ros2_foxy/install/ament_clang_format /usr/bin/cmake --build /home/vlad/ros2_ws/build/hardware_interface -- -j12 -l12
[8.683s] [35m[1mScanning dependencies of target gmock[0m
[8.686s] [35m[1mScanning dependencies of target component_parser[0m
[8.700s] [35m[1mScanning dependencies of target gmock_main[0m
[8.703s] [35m[1mScanning dependencies of target hardware_interface[0m
[8.707s] [35m[1mScanning dependencies of target components[0m
[8.737s] [  2%] [32mBuilding CXX object CMakeFiles/component_parser.dir/src/component_parser.cpp.o[0m
[8.761s] [  5%] [32mBuilding CXX object CMakeFiles/components.dir/src/components/joint.cpp.o[0m
[8.771s] [  8%] [32mBuilding CXX object gmock/CMakeFiles/gmock.dir/home/vlad/ros2_foxy/install/gtest_vendor/src/gtest_vendor/src/gtest-all.cc.o[0m
[8.774s] [ 11%] [32mBuilding CXX object CMakeFiles/components.dir/src/components/sensor.cpp.o[0m
[8.790s] [ 17%] [32mBuilding CXX object gmock/CMakeFiles/gmock.dir/src/gmock-all.cc.o[0m
[8.790s] [ 17%] [32mBuilding CXX object gmock/CMakeFiles/gmock_main.dir/src/gmock_main.cc.o[0m
[9.023s] [ 20%] [32mBuilding CXX object CMakeFiles/hardware_interface.dir/src/joint_command_handle.cpp.o[0m
[9.029s] [ 23%] [32mBuilding CXX object CMakeFiles/hardware_interface.dir/src/operation_mode_handle.cpp.o[0m
[9.033s] [ 26%] [32mBuilding CXX object CMakeFiles/hardware_interface.dir/src/actuator_hardware.cpp.o[0m
[9.041s] [ 29%] [32mBuilding CXX object CMakeFiles/hardware_interface.dir/src/joint_state_handle.cpp.o[0m
[9.079s] [ 32%] [32mBuilding CXX object CMakeFiles/hardware_interface.dir/src/robot_hardware.cpp.o[0m
[9.095s] [ 35%] [32mBuilding CXX object CMakeFiles/hardware_interface.dir/src/sensor_hardware.cpp.o[0m
[10.150s] [ 38%] [32mBuilding CXX object CMakeFiles/hardware_interface.dir/src/system_hardware.cpp.o[0m
[10.294s] [ 41%] [32m[1mLinking CXX shared library libcomponents.so[0m
[10.859s] [ 41%] Built target components
[11.112s] [ 44%] [32m[1mLinking CXX static library libgmock_main.a[0m
[11.544s] [ 44%] Built target gmock_main
[12.580s] [ 47%] [32m[1mLinking CXX static library libcomponent_parser.a[0m
[12.947s] [ 47%] Built target component_parser
[18.259s] [ 50%] [32m[1mLinking CXX shared library libhardware_interface.so[0m
[18.964s] [ 50%] Built target hardware_interface
[23.031s] [ 52%] [32m[1mLinking CXX static library libgmock.a[0m
[23.152s] [ 52%] Built target gmock
[23.192s] [35m[1mScanning dependencies of target test_macros[0m
[23.192s] [35m[1mScanning dependencies of target test_register_actuators[0m
[23.199s] [35m[1mScanning dependencies of target test_component_interfaces[0m
[23.200s] [35m[1mScanning dependencies of target test_robot_hardware_interfaces[0m
[23.201s] [35m[1mScanning dependencies of target test_actuator_handle[0m
[23.230s] [35m[1mScanning dependencies of target test_joint_handle[0m
[23.230s] [35m[1mScanning dependencies of target test_register_joints[0m
[23.248s] [35m[1mScanning dependencies of target test_component_parser[0m
[23.271s] [ 55%] [32mBuilding CXX object CMakeFiles/test_macros.dir/test/test_macros.cpp.o[0m
[23.281s] [ 58%] [32mBuilding CXX object CMakeFiles/test_actuator_handle.dir/test/test_actuator_handle.cpp.o[0m
[23.292s] [ 61%] [32mBuilding CXX object CMakeFiles/test_register_actuators.dir/test/test_register_actuators.cpp.o[0m
[23.300s] [ 64%] [32mBuilding CXX object CMakeFiles/test_robot_hardware_interfaces.dir/test/test_robot_hardware_interface.cpp.o[0m
[23.305s] [ 67%] [32mBuilding CXX object CMakeFiles/test_component_interfaces.dir/test/test_component_interfaces.cpp.o[0m
[23.325s] [ 70%] [32mBuilding CXX object CMakeFiles/test_joint_handle.dir/test/test_joint_handle.cpp.o[0m
[23.330s] [ 73%] [32mBuilding CXX object CMakeFiles/test_register_joints.dir/test/test_register_joints.cpp.o[0m
[23.340s] [ 76%] [32mBuilding CXX object CMakeFiles/test_component_parser.dir/test/test_component_parser.cpp.o[0m
[26.075s] [ 79%] [32m[1mLinking CXX executable test_actuator_handle[0m
[26.592s] [ 82%] [32m[1mLinking CXX executable test_macros[0m
[26.868s] [ 85%] [32m[1mLinking CXX executable test_joint_handle[0m
[27.006s] [ 85%] Built target test_actuator_handle
[27.166s] [ 85%] Built target test_macros
[27.724s] [ 85%] Built target test_joint_handle
[31.919s] [ 88%] [32m[1mLinking CXX executable test_robot_hardware_interfaces[0m
[32.482s] [ 91%] [32m[1mLinking CXX executable test_register_actuators[0m
[32.893s] [ 91%] Built target test_robot_hardware_interfaces
[33.166s] [ 94%] [32m[1mLinking CXX executable test_register_joints[0m
[33.430s] [ 94%] Built target test_register_actuators
[34.065s] [ 94%] Built target test_register_joints
[38.738s] [ 97%] [32m[1mLinking CXX executable test_component_interfaces[0m
[39.523s] [ 97%] Built target test_component_interfaces
[40.736s] [100%] [32m[1mLinking CXX executable test_component_parser[0m
[41.288s] [100%] Built target test_component_parser
[41.389s] Invoked command in '/home/vlad/ros2_ws/build/hardware_interface' returned '0': CMAKE_PREFIX_PATH=${CMAKE_PREFIX_PATH}:/opt/ros/foxy:/home/vlad/ros2_foxy/install/ros2bag:/home/vlad/ros2_foxy/install/tracetools_launch:/home/vlad/ros2_foxy/install/topic_monitor:/home/vlad/ros2_foxy/install/examples_tf2_py:/home/vlad/ros2_foxy/install/sros2:/home/vlad/ros2_foxy/install/rqt_topic:/home/vlad/ros2_foxy/install/rqt_reconfigure:/home/vlad/ros2_foxy/install/rqt_action:/home/vlad/ros2_foxy/install/rqt:/home/vlad/ros2_foxy/install/rqt_graph:/home/vlad/ros2_foxy/install/rqt_gui_py:/home/vlad/ros2_foxy/install/rqt_gui:/home/vlad/ros2_foxy/install/ros2trace:/home/vlad/ros2_foxy/install/ros2topic:/home/vlad/ros2_foxy/install/ros2test:/home/vlad/ros2_foxy/install/ros2component:/home/vlad/ros2_foxy/install/ros2param:/home/vlad/ros2_foxy/install/ros2lifecycle:/home/vlad/ros2_foxy/install/ros2service:/home/vlad/ros2_foxy/install/ros2run:/home/vlad/ros2_foxy/install/ros2launch:/home/vlad/ros2_foxy/install/ros2pkg:/home/vlad/ros2_foxy/install/ros2node:/home/vlad/ros2_foxy/install/ros2multicast:/home/vlad/ros2_foxy/install/ros2interface:/home/vlad/ros2_foxy/install/ros2doctor:/home/vlad/ros2_foxy/install/ros2action:/home/vlad/ros2_foxy/install/ros2cli:/home/vlad/ros2_foxy/install/quality_of_service_demo_py:/home/vlad/ros2_foxy/install/launch_testing_ros:/home/vlad/ros2_foxy/install/launch_ros:/home/vlad/ros2_foxy/install/examples_rclpy_minimal_subscriber:/home/vlad/ros2_foxy/install/examples_rclpy_minimal_service:/home/vlad/ros2_foxy/install/examples_rclpy_minimal_publisher:/home/vlad/ros2_foxy/install/examples_rclpy_minimal_client:/home/vlad/ros2_foxy/install/examples_rclpy_minimal_action_server:/home/vlad/ros2_foxy/install/examples_rclpy_minimal_action_client:/home/vlad/ros2_foxy/install/examples_rclpy_executors:/home/vlad/ros2_foxy/install/demo_nodes_py:/home/vlad/ros2_foxy/install/action_tutorials_py:/home/vlad/ros2_foxy/install/ament_uncrustify:/home/vlad/ros2_foxy/install/tracetools_trace:/home/vlad/ros2_foxy/install/tracetools_read:/home/vlad/ros2_foxy/install/test_launch_ros:/home/vlad/ros2_foxy/install/rpyutils:/home/vlad/ros2_foxy/install/rosidl_runtime_py:/home/vlad/ros2_foxy/install/launch_yaml:/home/vlad/ros2_foxy/install/launch_xml:/home/vlad/ros2_foxy/install/launch_testing:/home/vlad/ros2_foxy/install/launch:/home/vlad/ros2_foxy/install/osrf_pycommon:/home/vlad/ros2_foxy/install/domain_coordinator:/home/vlad/ros2_foxy/install/ament_xmllint:/home/vlad/ros2_foxy/install/ament_pyflakes:/home/vlad/ros2_foxy/install/ament_pycodestyle:/home/vlad/ros2_foxy/install/ament_pep257:/home/vlad/ros2_foxy/install/ament_pclint:/home/vlad/ros2_foxy/install/ament_package:/home/vlad/ros2_foxy/install/ament_mypy:/home/vlad/ros2_foxy/install/ament_lint_cmake:/home/vlad/ros2_foxy/install/ament_flake8:/home/vlad/ros2_foxy/install/ament_copyright:/home/vlad/ros2_foxy/install/ament_lint:/home/vlad/ros2_foxy/install/ament_index_python:/home/vlad/ros2_foxy/install/ament_cpplint:/home/vlad/ros2_foxy/install/ament_cppcheck:/home/vlad/ros2_foxy/install/ament_clang_tidy:/home/vlad/ros2_foxy/install/ament_clang_format /usr/bin/cmake --build /home/vlad/ros2_ws/build/hardware_interface -- -j12 -l12
[41.952s] Invoking command in '/home/vlad/ros2_ws/build/hardware_interface': CMAKE_PREFIX_PATH=${CMAKE_PREFIX_PATH}:/opt/ros/foxy:/home/vlad/ros2_foxy/install/ros2bag:/home/vlad/ros2_foxy/install/tracetools_launch:/home/vlad/ros2_foxy/install/topic_monitor:/home/vlad/ros2_foxy/install/examples_tf2_py:/home/vlad/ros2_foxy/install/sros2:/home/vlad/ros2_foxy/install/rqt_topic:/home/vlad/ros2_foxy/install/rqt_reconfigure:/home/vlad/ros2_foxy/install/rqt_action:/home/vlad/ros2_foxy/install/rqt:/home/vlad/ros2_foxy/install/rqt_graph:/home/vlad/ros2_foxy/install/rqt_gui_py:/home/vlad/ros2_foxy/install/rqt_gui:/home/vlad/ros2_foxy/install/ros2trace:/home/vlad/ros2_foxy/install/ros2topic:/home/vlad/ros2_foxy/install/ros2test:/home/vlad/ros2_foxy/install/ros2component:/home/vlad/ros2_foxy/install/ros2param:/home/vlad/ros2_foxy/install/ros2lifecycle:/home/vlad/ros2_foxy/install/ros2service:/home/vlad/ros2_foxy/install/ros2run:/home/vlad/ros2_foxy/install/ros2launch:/home/vlad/ros2_foxy/install/ros2pkg:/home/vlad/ros2_foxy/install/ros2node:/home/vlad/ros2_foxy/install/ros2multicast:/home/vlad/ros2_foxy/install/ros2interface:/home/vlad/ros2_foxy/install/ros2doctor:/home/vlad/ros2_foxy/install/ros2action:/home/vlad/ros2_foxy/install/ros2cli:/home/vlad/ros2_foxy/install/quality_of_service_demo_py:/home/vlad/ros2_foxy/install/launch_testing_ros:/home/vlad/ros2_foxy/install/launch_ros:/home/vlad/ros2_foxy/install/examples_rclpy_minimal_subscriber:/home/vlad/ros2_foxy/install/examples_rclpy_minimal_service:/home/vlad/ros2_foxy/install/examples_rclpy_minimal_publisher:/home/vlad/ros2_foxy/install/examples_rclpy_minimal_client:/home/vlad/ros2_foxy/install/examples_rclpy_minimal_action_server:/home/vlad/ros2_foxy/install/examples_rclpy_minimal_action_client:/home/vlad/ros2_foxy/install/examples_rclpy_executors:/home/vlad/ros2_foxy/install/demo_nodes_py:/home/vlad/ros2_foxy/install/action_tutorials_py:/home/vlad/ros2_foxy/install/ament_uncrustify:/home/vlad/ros2_foxy/install/tracetools_trace:/home/vlad/ros2_foxy/install/tracetools_read:/home/vlad/ros2_foxy/install/test_launch_ros:/home/vlad/ros2_foxy/install/rpyutils:/home/vlad/ros2_foxy/install/rosidl_runtime_py:/home/vlad/ros2_foxy/install/launch_yaml:/home/vlad/ros2_foxy/install/launch_xml:/home/vlad/ros2_foxy/install/launch_testing:/home/vlad/ros2_foxy/install/launch:/home/vlad/ros2_foxy/install/osrf_pycommon:/home/vlad/ros2_foxy/install/domain_coordinator:/home/vlad/ros2_foxy/install/ament_xmllint:/home/vlad/ros2_foxy/install/ament_pyflakes:/home/vlad/ros2_foxy/install/ament_pycodestyle:/home/vlad/ros2_foxy/install/ament_pep257:/home/vlad/ros2_foxy/install/ament_pclint:/home/vlad/ros2_foxy/install/ament_package:/home/vlad/ros2_foxy/install/ament_mypy:/home/vlad/ros2_foxy/install/ament_lint_cmake:/home/vlad/ros2_foxy/install/ament_flake8:/home/vlad/ros2_foxy/install/ament_copyright:/home/vlad/ros2_foxy/install/ament_lint:/home/vlad/ros2_foxy/install/ament_index_python:/home/vlad/ros2_foxy/install/ament_cpplint:/home/vlad/ros2_foxy/install/ament_cppcheck:/home/vlad/ros2_foxy/install/ament_clang_tidy:/home/vlad/ros2_foxy/install/ament_clang_format /usr/bin/cmake --install /home/vlad/ros2_ws/build/hardware_interface
[41.987s] -- Install configuration: "Release"
[41.988s] -- Installing: /home/vlad/ros2_ws/install/hardware_interface/include
[41.988s] -- Installing: /home/vlad/ros2_ws/install/hardware_interface/include/hardware_interface
[41.988s] -- Installing: /home/vlad/ros2_ws/install/hardware_interface/include/hardware_interface/joint_state_handle.hpp
[41.989s] -- Installing: /home/vlad/ros2_ws/install/hardware_interface/include/hardware_interface/component_parser.hpp
[41.989s] -- Installing: /home/vlad/ros2_ws/install/hardware_interface/include/hardware_interface/actuator_hardware.hpp
[41.990s] -- Installing: /home/vlad/ros2_ws/install/hardware_interface/include/hardware_interface/visibility_control.h
[41.990s] -- Installing: /home/vlad/ros2_ws/install/hardware_interface/include/hardware_interface/robot_hardware_interface.hpp
[41.990s] -- Installing: /home/vlad/ros2_ws/install/hardware_interface/include/hardware_interface/system_hardware_interface.hpp
[41.991s] -- Installing: /home/vlad/ros2_ws/install/hardware_interface/include/hardware_interface/actuator_hardware_interface.hpp
[41.991s] -- Installing: /home/vlad/ros2_ws/install/hardware_interface/include/hardware_interface/handle.hpp
[41.991s] -- Installing: /home/vlad/ros2_ws/install/hardware_interface/include/hardware_interface/robot_hardware.hpp
[41.992s] -- Installing: /home/vlad/ros2_ws/install/hardware_interface/include/hardware_interface/types
[41.992s] -- Installing: /home/vlad/ros2_ws/install/hardware_interface/include/hardware_interface/types/hardware_interface_status_values.hpp
[41.993s] -- Installing: /home/vlad/ros2_ws/install/hardware_interface/include/hardware_interface/types/hardware_interface_return_values.hpp
[41.993s] -- Installing: /home/vlad/ros2_ws/install/hardware_interface/include/hardware_interface/types/hardware_interface_type_values.hpp
[41.994s] -- Installing: /home/vlad/ros2_ws/install/hardware_interface/include/hardware_interface/control_type.hpp
[41.994s] -- Installing: /home/vlad/ros2_ws/install/hardware_interface/include/hardware_interface/hardware_info.hpp
[41.994s] -- Installing: /home/vlad/ros2_ws/install/hardware_interface/include/hardware_interface/joint_handle.hpp
[41.995s] -- Installing: /home/vlad/ros2_ws/install/hardware_interface/include/hardware_interface/components
[41.995s] -- Installing: /home/vlad/ros2_ws/install/hardware_interface/include/hardware_interface/components/sensor.hpp
[41.996s] -- Installing: /home/vlad/ros2_ws/install/hardware_interface/include/hardware_interface/components/component_info.hpp
[41.996s] -- Installing: /home/vlad/ros2_ws/install/hardware_interface/include/hardware_interface/components/joint.hpp
[41.996s] -- Installing: /home/vlad/ros2_ws/install/hardware_interface/include/hardware_interface/sensor_hardware_interface.hpp
[41.997s] -- Installing: /home/vlad/ros2_ws/install/hardware_interface/include/hardware_interface/operation_mode_handle.hpp
[41.997s] -- Installing: /home/vlad/ros2_ws/install/hardware_interface/include/hardware_interface/joint_command_handle.hpp
[41.998s] -- Installing: /home/vlad/ros2_ws/install/hardware_interface/include/hardware_interface/system_hardware.hpp
[41.998s] -- Installing: /home/vlad/ros2_ws/install/hardware_interface/include/hardware_interface/macros.hpp
[41.999s] -- Installing: /home/vlad/ros2_ws/install/hardware_interface/include/hardware_interface/sensor_hardware.hpp
[41.999s] -- Installing: /home/vlad/ros2_ws/install/hardware_interface/include/hardware_interface/actuator_handle.hpp
[42.000s] -- Installing: /home/vlad/ros2_ws/install/hardware_interface/lib/libcomponent_parser.a
[42.000s] -- Installing: /home/vlad/ros2_ws/install/hardware_interface/lib/libcomponents.so
[42.001s] -- Installing: /home/vlad/ros2_ws/install/hardware_interface/lib/libhardware_interface.so
[42.002s] -- Set runtime path of "/home/vlad/ros2_ws/install/hardware_interface/lib/libhardware_interface.so" to ""
[42.003s] -- Installing: /home/vlad/ros2_ws/install/hardware_interface/share/hardware_interface/environment/library_path.sh
[42.003s] -- Installing: /home/vlad/ros2_ws/install/hardware_interface/share/hardware_interface/environment/library_path.dsv
[42.004s] -- Installing: /home/vlad/ros2_ws/install/hardware_interface/share/ament_index/resource_index/package_run_dependencies/hardware_interface
[42.005s] -- Installing: /home/vlad/ros2_ws/install/hardware_interface/share/ament_index/resource_index/parent_prefix_path/hardware_interface
[42.005s] -- Installing: /home/vlad/ros2_ws/install/hardware_interface/share/hardware_interface/environment/ament_prefix_path.sh
[42.006s] -- Installing: /home/vlad/ros2_ws/install/hardware_interface/share/hardware_interface/environment/ament_prefix_path.dsv
[42.006s] -- Installing: /home/vlad/ros2_ws/install/hardware_interface/share/hardware_interface/environment/path.sh
[42.007s] -- Installing: /home/vlad/ros2_ws/install/hardware_interface/share/hardware_interface/environment/path.dsv
[42.007s] -- Installing: /home/vlad/ros2_ws/install/hardware_interface/share/hardware_interface/local_setup.bash
[42.008s] -- Installing: /home/vlad/ros2_ws/install/hardware_interface/share/hardware_interface/local_setup.sh
[42.009s] -- Installing: /home/vlad/ros2_ws/install/hardware_interface/share/hardware_interface/local_setup.zsh
[42.009s] -- Installing: /home/vlad/ros2_ws/install/hardware_interface/share/hardware_interface/local_setup.dsv
[42.010s] -- Installing: /home/vlad/ros2_ws/install/hardware_interface/share/hardware_interface/package.dsv
[42.010s] -- Installing: /home/vlad/ros2_ws/install/hardware_interface/share/ament_index/resource_index/packages/hardware_interface
[42.011s] -- Installing: /home/vlad/ros2_ws/install/hardware_interface/share/hardware_interface/cmake/ament_cmake_export_dependencies-extras.cmake
[42.011s] -- Installing: /home/vlad/ros2_ws/install/hardware_interface/share/hardware_interface/cmake/ament_cmake_export_include_directories-extras.cmake
[42.012s] -- Installing: /home/vlad/ros2_ws/install/hardware_interface/share/hardware_interface/cmake/ament_cmake_export_libraries-extras.cmake
[42.012s] -- Installing: /home/vlad/ros2_ws/install/hardware_interface/share/hardware_interface/cmake/hardware_interfaceConfig.cmake
[42.012s] -- Installing: /home/vlad/ros2_ws/install/hardware_interface/share/hardware_interface/cmake/hardware_interfaceConfig-version.cmake
[42.012s] -- Installing: /home/vlad/ros2_ws/install/hardware_interface/share/hardware_interface/package.xml
[42.026s] Invoked command in '/home/vlad/ros2_ws/build/hardware_interface' returned '0': CMAKE_PREFIX_PATH=${CMAKE_PREFIX_PATH}:/opt/ros/foxy:/home/vlad/ros2_foxy/install/ros2bag:/home/vlad/ros2_foxy/install/tracetools_launch:/home/vlad/ros2_foxy/install/topic_monitor:/home/vlad/ros2_foxy/install/examples_tf2_py:/home/vlad/ros2_foxy/install/sros2:/home/vlad/ros2_foxy/install/rqt_topic:/home/vlad/ros2_foxy/install/rqt_reconfigure:/home/vlad/ros2_foxy/install/rqt_action:/home/vlad/ros2_foxy/install/rqt:/home/vlad/ros2_foxy/install/rqt_graph:/home/vlad/ros2_foxy/install/rqt_gui_py:/home/vlad/ros2_foxy/install/rqt_gui:/home/vlad/ros2_foxy/install/ros2trace:/home/vlad/ros2_foxy/install/ros2topic:/home/vlad/ros2_foxy/install/ros2test:/home/vlad/ros2_foxy/install/ros2component:/home/vlad/ros2_foxy/install/ros2param:/home/vlad/ros2_foxy/install/ros2lifecycle:/home/vlad/ros2_foxy/install/ros2service:/home/vlad/ros2_foxy/install/ros2run:/home/vlad/ros2_foxy/install/ros2launch:/home/vlad/ros2_foxy/install/ros2pkg:/home/vlad/ros2_foxy/install/ros2node:/home/vlad/ros2_foxy/install/ros2multicast:/home/vlad/ros2_foxy/install/ros2interface:/home/vlad/ros2_foxy/install/ros2doctor:/home/vlad/ros2_foxy/install/ros2action:/home/vlad/ros2_foxy/install/ros2cli:/home/vlad/ros2_foxy/install/quality_of_service_demo_py:/home/vlad/ros2_foxy/install/launch_testing_ros:/home/vlad/ros2_foxy/install/launch_ros:/home/vlad/ros2_foxy/install/examples_rclpy_minimal_subscriber:/home/vlad/ros2_foxy/install/examples_rclpy_minimal_service:/home/vlad/ros2_foxy/install/examples_rclpy_minimal_publisher:/home/vlad/ros2_foxy/install/examples_rclpy_minimal_client:/home/vlad/ros2_foxy/install/examples_rclpy_minimal_action_server:/home/vlad/ros2_foxy/install/examples_rclpy_minimal_action_client:/home/vlad/ros2_foxy/install/examples_rclpy_executors:/home/vlad/ros2_foxy/install/demo_nodes_py:/home/vlad/ros2_foxy/install/action_tutorials_py:/home/vlad/ros2_foxy/install/ament_uncrustify:/home/vlad/ros2_foxy/install/tracetools_trace:/home/vlad/ros2_foxy/install/tracetools_read:/home/vlad/ros2_foxy/install/test_launch_ros:/home/vlad/ros2_foxy/install/rpyutils:/home/vlad/ros2_foxy/install/rosidl_runtime_py:/home/vlad/ros2_foxy/install/launch_yaml:/home/vlad/ros2_foxy/install/launch_xml:/home/vlad/ros2_foxy/install/launch_testing:/home/vlad/ros2_foxy/install/launch:/home/vlad/ros2_foxy/install/osrf_pycommon:/home/vlad/ros2_foxy/install/domain_coordinator:/home/vlad/ros2_foxy/install/ament_xmllint:/home/vlad/ros2_foxy/install/ament_pyflakes:/home/vlad/ros2_foxy/install/ament_pycodestyle:/home/vlad/ros2_foxy/install/ament_pep257:/home/vlad/ros2_foxy/install/ament_pclint:/home/vlad/ros2_foxy/install/ament_package:/home/vlad/ros2_foxy/install/ament_mypy:/home/vlad/ros2_foxy/install/ament_lint_cmake:/home/vlad/ros2_foxy/install/ament_flake8:/home/vlad/ros2_foxy/install/ament_copyright:/home/vlad/ros2_foxy/install/ament_lint:/home/vlad/ros2_foxy/install/ament_index_python:/home/vlad/ros2_foxy/install/ament_cpplint:/home/vlad/ros2_foxy/install/ament_cppcheck:/home/vlad/ros2_foxy/install/ament_clang_tidy:/home/vlad/ros2_foxy/install/ament_clang_format /usr/bin/cmake --install /home/vlad/ros2_ws/build/hardware_interface
