-- Found moveit_common: 2.1.0 (/home/vlad/ros2_ws/install/moveit_common/share/moveit_common/cmake)
-- Found ament_cmake: 0.9.7 (/home/vlad/ros2_foxy/install/ament_cmake/share/ament_cmake/cmake)
-- Using PYTHON_EXECUTABLE: /usr/bin/python3
-- Found rclcpp: 2.2.0 (/home/vlad/ros2_foxy/install/rclcpp/share/rclcpp/cmake)
-- Using all available rosidl_typesupport_c: rosidl_typesupport_introspection_c;rosidl_typesupport_fastrtps_c
-- Found rosidl_adapter: 1.1.0 (/home/vlad/ros2_foxy/install/rosidl_adapter/share/rosidl_adapter/cmake)
-- Using all available rosidl_typesupport_cpp: rosidl_typesupport_introspection_cpp;rosidl_typesupport_fastrtps_cpp
-- Found rmw_implementation_cmake: 1.0.2 (/home/vlad/ros2_foxy/install/rmw_implementation_cmake/share/rmw_implementation_cmake/cmake)
-- Using RMW implementation 'rmw_fastrtps_cpp' as default
-- Found eigen3_cmake_module: 0.1.1 (/home/vlad/ros2_foxy/install/eigen3_cmake_module/share/eigen3_cmake_module/cmake)
-- Found urdf: 2.4.0 (/home/vlad/ros2_foxy/install/urdf/share/urdf/cmake)
-- Found tf2_eigen: 0.13.7 (/home/vlad/ros2_foxy/install/tf2_eigen/share/tf2_eigen/cmake)
-- Found tf2_kdl: 0.13.7 (/home/vlad/ros2_foxy/install/tf2_kdl/share/tf2_kdl/cmake)
-- Found tf2_geometry_msgs: 0.13.7 (/home/vlad/ros2_foxy/install/tf2_geometry_msgs/share/tf2_geometry_msgs/cmake)
-- Found eigen_stl_containers: 1.0.0 (/opt/ros/foxy/share/eigen_stl_containers/cmake)
-- Found geometric_shapes: 2.0.0 (/home/vlad/ros2_ws/install/geometric_shapes/share/geometric_shapes/cmake)
-- Found kdl_parser: 2.4.1 (/home/vlad/ros2_foxy/install/kdl_parser/share/kdl_parser/cmake)
-- Found moveit_msgs: 2.0.0 (/home/vlad/ros2_ws/install/moveit_msgs/share/moveit_msgs/cmake)
-- Found srdfdom: 2.0.0 (/home/vlad/ros2_ws/install/srdfdom/share/srdfdom/cmake)
-- Found common_interfaces: 2.0.3 (/home/vlad/ros2_foxy/install/common_interfaces/share/common_interfaces/cmake)
-- Found pluginlib: 2.5.2 (/home/vlad/ros2_foxy/install/pluginlib/share/pluginlib/cmake)
--  *** Building MoveIt 2.0.0-Alpha ***
-- Found ament_cmake_gtest: 0.9.7 (/home/vlad/ros2_foxy/install/ament_cmake_gtest/share/ament_cmake_gtest/cmake)
-- Found ament_cmake_gtest: 0.9.7 (/home/vlad/ros2_foxy/install/ament_cmake_gtest/share/ament_cmake_gtest/cmake)
-- Found gtest sources under '/home/vlad/ros2_foxy/install/gtest_vendor/src/gtest_vendor': C++ tests using 'Google Test' will be built
-- Found gtest sources under '/home/vlad/ros2_foxy/install/gtest_vendor/src/gtest_vendor': C++ tests using 'Google Test' will be built
-- Found ament_cmake_gtest: 0.9.7 (/home/vlad/ros2_foxy/install/ament_cmake_gtest/share/ament_cmake_gtest/cmake)
-- Found gtest sources under '/home/vlad/ros2_foxy/install/gtest_vendor/src/gtest_vendor': C++ tests using 'Google Test' will be built
-- Found ament_cmake_gtest: 0.9.7 (/home/vlad/ros2_foxy/install/ament_cmake_gtest/share/ament_cmake_gtest/cmake)
-- Found resource_retriever: 2.3.3 (/home/vlad/ros2_foxy/install/resource_retriever/share/resource_retriever/cmake)
-- library: /usr/lib/x86_64-linux-gnu/libcurl.so
-- Found gtest sources under '/home/vlad/ros2_foxy/install/gtest_vendor/src/gtest_vendor': C++ tests using 'Google Test' will be built
-- Found gtest sources under '/home/vlad/ros2_foxy/install/gtest_vendor/src/gtest_vendor': C++ tests using 'Google Test' will be built
-- Found gtest sources under '/home/vlad/ros2_foxy/install/gtest_vendor/src/gtest_vendor': C++ tests using 'Google Test' will be built
-- Found ament_cmake_gtest: 0.9.7 (/home/vlad/ros2_foxy/install/ament_cmake_gtest/share/ament_cmake_gtest/cmake)
-- Found gtest sources under '/home/vlad/ros2_foxy/install/gtest_vendor/src/gtest_vendor': C++ tests using 'Google Test' will be built
-- Found gtest sources under '/home/vlad/ros2_foxy/install/gtest_vendor/src/gtest_vendor': C++ tests using 'Google Test' will be built
-- Found ament_cmake_gtest: 0.9.7 (/home/vlad/ros2_foxy/install/ament_cmake_gtest/share/ament_cmake_gtest/cmake)
-- Found gtest sources under '/home/vlad/ros2_foxy/install/gtest_vendor/src/gtest_vendor': C++ tests using 'Google Test' will be built
-- Found angles: 1.12.3 (/opt/ros/foxy/share/angles/cmake)
-- Found gtest sources under '/home/vlad/ros2_foxy/install/gtest_vendor/src/gtest_vendor': C++ tests using 'Google Test' will be built
-- Found ament_cmake_gtest: 0.9.7 (/home/vlad/ros2_foxy/install/ament_cmake_gtest/share/ament_cmake_gtest/cmake)
-- Found gtest sources under '/home/vlad/ros2_foxy/install/gtest_vendor/src/gtest_vendor': C++ tests using 'Google Test' will be built
-- Found ament_cmake_gtest: 0.9.7 (/home/vlad/ros2_foxy/install/ament_cmake_gtest/share/ament_cmake_gtest/cmake)
-- Found resource_retriever: 2.3.3 (/home/vlad/ros2_foxy/install/resource_retriever/share/resource_retriever/cmake)
-- library: /usr/lib/x86_64-linux-gnu/libcurl.so
-- Found gtest sources under '/home/vlad/ros2_foxy/install/gtest_vendor/src/gtest_vendor': C++ tests using 'Google Test' will be built
-- Configuring done
-- Generating done
-- Build files have been written to: /home/vlad/ros2_ws/build/moveit_core
[35m[1mScanning dependencies of target moveit_transforms[0m
[35m[1mScanning dependencies of target moveit_kinematics_base[0m
[35m[1mScanning dependencies of target moveit_distance_field[0m
[  2%] Built target gtest_main
[  3%] [32mBuilding CXX object utils/CMakeFiles/moveit_utils.dir/src/lexical_casts.cpp.o[0m
[  4%] Built target moveit_version
[  4%] [32mBuilding CXX object utils/CMakeFiles/moveit_utils.dir/src/message_checks.cpp.o[0m
[  5%] Built target gtest
[  6%] [32mBuilding CXX object background_processing/CMakeFiles/moveit_background_processing.dir/src/background_processing.cpp.o[0m
[  7%] [32mBuilding CXX object utils/CMakeFiles/moveit_utils.dir/src/rclcpp_utils.cpp.o[0m
[  8%] [32mBuilding CXX object profiler/CMakeFiles/moveit_profiler.dir/src/profiler.cpp.o[0m
[  8%] [32mBuilding CXX object exceptions/CMakeFiles/moveit_exceptions.dir/src/exceptions.cpp.o[0m
[  9%] [32mBuilding CXX object transforms/CMakeFiles/moveit_transforms.dir/src/transforms.cpp.o[0m
[ 10%] [32mBuilding CXX object kinematics_base/CMakeFiles/moveit_kinematics_base.dir/src/kinematics_base.cpp.o[0m
[ 11%] [32mBuilding CXX object distance_field/CMakeFiles/moveit_distance_field.dir/src/find_internal_points.cpp.o[0m
[ 12%] [32mBuilding CXX object distance_field/CMakeFiles/moveit_distance_field.dir/src/distance_field.cpp.o[0m
[ 13%] [32mBuilding CXX object distance_field/CMakeFiles/moveit_distance_field.dir/src/propagation_distance_field.cpp.o[0m
[ 14%] [32m[1mLinking CXX shared library libmoveit_utils.so[0m
[ 14%] Built target moveit_utils
[ 15%] [32m[1mLinking CXX shared library libmoveit_exceptions.so[0m
[ 15%] Built target moveit_exceptions
[ 16%] [32m[1mLinking CXX shared library libmoveit_kinematics_base.so[0m
[ 16%] [32m[1mLinking CXX shared library libmoveit_background_processing.so[0m
[ 16%] Built target moveit_background_processing
[ 17%] [32m[1mLinking CXX shared library libmoveit_transforms.so[0m
[ 17%] Built target moveit_kinematics_base
[ 17%] Built target moveit_transforms
[35m[1mScanning dependencies of target test_transforms[0m
[ 17%] [32mBuilding CXX object transforms/CMakeFiles/test_transforms.dir/test/test_transforms.cpp.o[0m
[ 17%] [32m[1mLinking CXX shared library libmoveit_distance_field.so[0m
[ 17%] Built target moveit_distance_field
[35m[1mScanning dependencies of target test_voxel_grid[0m
[35m[1mScanning dependencies of target test_distance_field[0m
[ 18%] [32mBuilding CXX object distance_field/CMakeFiles/test_voxel_grid.dir/test/test_voxel_grid.cpp.o[0m
[ 18%] [32mBuilding CXX object distance_field/CMakeFiles/test_distance_field.dir/test/test_distance_field.cpp.o[0m
[ 19%] [32m[1mLinking CXX shared library libmoveit_profiler.so[0m
[ 19%] Built target moveit_profiler
[35m[1mScanning dependencies of target moveit_robot_model[0m
[ 20%] [32mBuilding CXX object robot_model/CMakeFiles/moveit_robot_model.dir/src/aabb.cpp.o[0m
[ 20%] [32mBuilding CXX object robot_model/CMakeFiles/moveit_robot_model.dir/src/fixed_joint_model.cpp.o[0m
[ 21%] [32mBuilding CXX object robot_model/CMakeFiles/moveit_robot_model.dir/src/joint_model.cpp.o[0m
[ 22%] [32mBuilding CXX object robot_model/CMakeFiles/moveit_robot_model.dir/src/floating_joint_model.cpp.o[0m
[ 23%] [32mBuilding CXX object robot_model/CMakeFiles/moveit_robot_model.dir/src/planar_joint_model.cpp.o[0m
[ 23%] [32mBuilding CXX object robot_model/CMakeFiles/moveit_robot_model.dir/src/link_model.cpp.o[0m
[ 24%] [32mBuilding CXX object robot_model/CMakeFiles/moveit_robot_model.dir/src/revolute_joint_model.cpp.o[0m
[ 25%] [32mBuilding CXX object robot_model/CMakeFiles/moveit_robot_model.dir/src/prismatic_joint_model.cpp.o[0m
[ 26%] [32mBuilding CXX object robot_model/CMakeFiles/moveit_robot_model.dir/src/joint_model_group.cpp.o[0m
[ 27%] [32m[1mLinking CXX executable test_transforms[0m
[ 27%] Built target test_transforms
[ 27%] [32mBuilding CXX object robot_model/CMakeFiles/moveit_robot_model.dir/src/robot_model.cpp.o[0m
[ 28%] [32m[1mLinking CXX executable test_voxel_grid[0m
[ 28%] Built target test_voxel_grid
[ 29%] [32m[1mLinking CXX executable test_distance_field[0m
[ 29%] Built target test_distance_field
[ 30%] [32m[1mLinking CXX shared library libmoveit_robot_model.so[0m
[ 30%] Built target moveit_robot_model
[35m[1mScanning dependencies of target moveit_test_utils[0m
[35m[1mScanning dependencies of target moveit_robot_state[0m
[ 31%] [32mBuilding CXX object utils/CMakeFiles/moveit_test_utils.dir/src/robot_model_test_utils.cpp.o[0m
[ 32%] [32mBuilding CXX object robot_state/CMakeFiles/moveit_robot_state.dir/src/attached_body.cpp.o[0m
[ 33%] [32mBuilding CXX object robot_state/CMakeFiles/moveit_robot_state.dir/src/robot_state.cpp.o[0m
[ 33%] [32mBuilding CXX object robot_state/CMakeFiles/moveit_robot_state.dir/src/conversions.cpp.o[0m
[ 34%] [32mBuilding CXX object robot_state/CMakeFiles/moveit_robot_state.dir/src/cartesian_interpolator.cpp.o[0m
[ 35%] [32m[1mLinking CXX shared library libmoveit_test_utils.so[0m
[ 35%] Built target moveit_test_utils
[35m[1mScanning dependencies of target test_robot_model[0m
[ 36%] [32mBuilding CXX object robot_model/CMakeFiles/test_robot_model.dir/test/test.cpp.o[0m
[ 37%] [32m[1mLinking CXX executable test_robot_model[0m
[ 37%] Built target test_robot_model
[ 38%] [32m[1mLinking CXX shared library libmoveit_robot_state.so[0m
[ 38%] Built target moveit_robot_state
[35m[1mScanning dependencies of target test_robot_state_complex[0m
[35m[1mScanning dependencies of target test_robot_state[0m
[35m[1mScanning dependencies of target moveit_dynamics_solver[0m
[35m[1mScanning dependencies of target test_cartesian_interpolator[0m
[35m[1mScanning dependencies of target test_aabb[0m
[35m[1mScanning dependencies of target moveit_kinematics_metrics[0m
[35m[1mScanning dependencies of target test_robot_state_benchmark[0m
[35m[1mScanning dependencies of target moveit_robot_trajectory[0m
[35m[1mScanning dependencies of target moveit_collision_detection[0m
[ 38%] [32mBuilding CXX object robot_state/CMakeFiles/test_robot_state_complex.dir/test/test_kinematic_complex.cpp.o[0m
[ 39%] [32mBuilding CXX object dynamics_solver/CMakeFiles/moveit_dynamics_solver.dir/src/dynamics_solver.cpp.o[0m
[ 40%] [32mBuilding CXX object robot_state/CMakeFiles/test_robot_state.dir/test/robot_state_test.cpp.o[0m
[ 40%] [32mBuilding CXX object robot_trajectory/CMakeFiles/moveit_robot_trajectory.dir/src/robot_trajectory.cpp.o[0m
[ 41%] [32mBuilding CXX object robot_state/CMakeFiles/test_robot_state_benchmark.dir/test/robot_state_benchmark.cpp.o[0m
[ 42%] [32mBuilding CXX object kinematics_metrics/CMakeFiles/moveit_kinematics_metrics.dir/src/kinematics_metrics.cpp.o[0m
[ 43%] [32mBuilding CXX object robot_state/CMakeFiles/test_cartesian_interpolator.dir/test/test_cartesian_interpolator.cpp.o[0m
[ 44%] [32mBuilding CXX object robot_state/CMakeFiles/test_aabb.dir/test/test_aabb.cpp.o[0m
[ 46%] [32mBuilding CXX object collision_detection/CMakeFiles/moveit_collision_detection.dir/src/allvalid/collision_env_allvalid.cpp.o[0m
[ 46%] [32mBuilding CXX object collision_detection/CMakeFiles/moveit_collision_detection.dir/src/collision_common.cpp.o[0m
[ 47%] [32mBuilding CXX object collision_detection/CMakeFiles/moveit_collision_detection.dir/src/collision_matrix.cpp.o[0m
[ 47%] [32mBuilding CXX object collision_detection/CMakeFiles/moveit_collision_detection.dir/src/collision_octomap_filter.cpp.o[0m
[ 48%] [32mBuilding CXX object collision_detection/CMakeFiles/moveit_collision_detection.dir/src/collision_tools.cpp.o[0m
[ 49%] [32mBuilding CXX object collision_detection/CMakeFiles/moveit_collision_detection.dir/src/world.cpp.o[0m
[ 50%] [32mBuilding CXX object collision_detection/CMakeFiles/moveit_collision_detection.dir/src/world_diff.cpp.o[0m
[ 51%] [32m[1mLinking CXX executable test_cartesian_interpolator[0m
[ 52%] [32m[1mLinking CXX shared library libmoveit_dynamics_solver.so[0m
[ 52%] Built target test_cartesian_interpolator
[ 52%] [32mBuilding CXX object collision_detection/CMakeFiles/moveit_collision_detection.dir/src/collision_env.cpp.o[0m
[ 52%] Built target moveit_dynamics_solver
[ 53%] [32m[1mLinking CXX executable test_robot_state_benchmark[0m
[ 54%] [32m[1mLinking CXX executable test_aabb[0m
[ 54%] Built target test_robot_state_benchmark
[ 54%] Built target test_aabb
[ 54%] [32m[1mLinking CXX executable test_robot_state[0m
[ 54%] Built target test_robot_state
[ 55%] [32m[1mLinking CXX shared library libmoveit_robot_trajectory.so[0m
[ 55%] Built target moveit_robot_trajectory
[35m[1mScanning dependencies of target moveit_trajectory_processing[0m
[35m[1mScanning dependencies of target test_robot_trajectory[0m
[ 56%] [32m[1mLinking CXX executable test_robot_state_complex[0m
[ 57%] [32mBuilding CXX object planning_interface/CMakeFiles/moveit_planning_interface.dir/src/planning_interface.cpp.o[0m
[ 58%] [32mBuilding CXX object planning_interface/CMakeFiles/moveit_planning_interface.dir/src/planning_response.cpp.o[0m
[ 59%] [32mBuilding CXX object robot_trajectory/CMakeFiles/test_robot_trajectory.dir/test/test_robot_trajectory.cpp.o[0m
[ 59%] [32mBuilding CXX object trajectory_processing/CMakeFiles/moveit_trajectory_processing.dir/src/iterative_time_parameterization.cpp.o[0m
[ 60%] [32mBuilding CXX object trajectory_processing/CMakeFiles/moveit_trajectory_processing.dir/src/iterative_spline_parameterization.cpp.o[0m
[ 61%] [32mBuilding CXX object trajectory_processing/CMakeFiles/moveit_trajectory_processing.dir/src/trajectory_tools.cpp.o[0m
[ 62%] [32mBuilding CXX object trajectory_processing/CMakeFiles/moveit_trajectory_processing.dir/src/time_optimal_trajectory_generation.cpp.o[0m
[ 62%] Built target test_robot_state_complex
[ 63%] [32m[1mLinking CXX shared library libmoveit_collision_detection.so[0m
[ 63%] Built target moveit_collision_detection
[35m[1mScanning dependencies of target test_world[0m
[35m[1mScanning dependencies of target test_world_diff[0m
[35m[1mScanning dependencies of target test_all_valid[0m
[35m[1mScanning dependencies of target moveit_collision_detection_fcl[0m
[ 64%] [32mBuilding CXX object collision_detection/CMakeFiles/test_world_diff.dir/test/test_world_diff.cpp.o[0m
[ 64%] [32mBuilding CXX object collision_detection/CMakeFiles/test_world.dir/test/test_world.cpp.o[0m
[ 64%] [32mBuilding CXX object collision_detection/CMakeFiles/test_all_valid.dir/test/test_all_valid.cpp.o[0m
[ 65%] [32mBuilding CXX object collision_detection_fcl/CMakeFiles/moveit_collision_detection_fcl.dir/src/collision_common.cpp.o[0m
[ 65%] [32mBuilding CXX object collision_detection_fcl/CMakeFiles/moveit_collision_detection_fcl.dir/src/collision_env_fcl.cpp.o[0m
[ 66%] [32m[1mLinking CXX executable test_robot_trajectory[0m
[ 66%] Built target test_robot_trajectory
[ 66%] [32m[1mLinking CXX shared library libmoveit_trajectory_processing.so[0m
[ 67%] [32m[1mLinking CXX executable test_world[0m
[ 68%] [32m[1mLinking CXX executable test_world_diff[0m
[ 68%] Built target moveit_trajectory_processing
[35m[1mScanning dependencies of target test_time_parameterization[0m
[35m[1mScanning dependencies of target test_time_optimal_trajectory_generation[0m
[ 68%] Built target test_world
[ 68%] [32m[1mLinking CXX shared library libmoveit_kinematics_metrics.so[0m
[ 69%] [32mBuilding CXX object trajectory_processing/CMakeFiles/test_time_parameterization.dir/test/test_time_parameterization.cpp.o[0m
[ 69%] [32mBuilding CXX object trajectory_processing/CMakeFiles/test_time_optimal_trajectory_generation.dir/test/test_time_optimal_trajectory_generation.cpp.o[0m
[ 69%] Built target test_world_diff
[ 70%] [32m[1mLinking CXX shared library libmoveit_planning_interface.so[0m
[ 71%] [32m[1mLinking CXX executable test_all_valid[0m
[ 71%] Built target moveit_kinematics_metrics
[ 71%] Built target test_all_valid
[ 71%] Built target moveit_planning_interface
[ 72%] [32m[1mLinking CXX shared library libmoveit_collision_detection_fcl.so[0m
[ 72%] Built target moveit_collision_detection_fcl
[35m[1mScanning dependencies of target test_fcl_collision_env[0m
[35m[1mScanning dependencies of target test_fcl_collision_detection_panda[0m
[35m[1mScanning dependencies of target test_fcl_collision_detection[0m
[35m[1mScanning dependencies of target moveit_kinematic_constraints[0m
[ 73%] [32mBuilding CXX object collision_detection_fcl/CMakeFiles/test_fcl_collision_env.dir/test/test_fcl_env.cpp.o[0m
[ 74%] [32mBuilding CXX object collision_detection_fcl/CMakeFiles/test_fcl_collision_detection_panda.dir/test/test_fcl_collision_detection_panda.cpp.o[0m
[ 75%] [32mBuilding CXX object collision_detection_fcl/CMakeFiles/test_fcl_collision_detection.dir/test/test_fcl_collision_detection_pr2.cpp.o[0m
[ 77%] [32mBuilding CXX object kinematic_constraints/CMakeFiles/moveit_kinematic_constraints.dir/src/utils.cpp.o[0m
[ 77%] [32mBuilding CXX object kinematic_constraints/CMakeFiles/moveit_kinematic_constraints.dir/src/kinematic_constraint.cpp.o[0m
[ 78%] [32m[1mLinking CXX executable test_time_parameterization[0m
[ 79%] [32m[1mLinking CXX executable test_time_optimal_trajectory_generation[0m
[ 79%] Built target test_time_optimal_trajectory_generation
[ 79%] Built target test_time_parameterization
[ 79%] [32m[1mLinking CXX executable test_fcl_collision_env[0m
[ 80%] [32m[1mLinking CXX executable test_fcl_collision_detection_panda[0m
[ 80%] Built target test_fcl_collision_env
[ 80%] [32m[1mLinking CXX executable test_fcl_collision_detection[0m
[ 80%] Built target test_fcl_collision_detection_panda
[ 80%] Built target test_fcl_collision_detection
[ 80%] [32m[1mLinking CXX shared library libmoveit_kinematic_constraints.so[0m
[ 80%] Built target moveit_kinematic_constraints
[35m[1mScanning dependencies of target test_constraints[0m
[35m[1mScanning dependencies of target moveit_planning_scene[0m
[ 81%] [32mBuilding CXX object kinematic_constraints/CMakeFiles/test_constraints.dir/test/test_constraints.cpp.o[0m
[ 82%] [32mBuilding CXX object planning_scene/CMakeFiles/moveit_planning_scene.dir/src/planning_scene.cpp.o[0m
[ 83%] [32m[1mLinking CXX executable test_constraints[0m
[ 83%] Built target test_constraints
[ 83%] [32m[1mLinking CXX shared library libmoveit_planning_scene.so[0m
[ 83%] Built target moveit_planning_scene
[35m[1mScanning dependencies of target collision_detector_fcl_plugin[0m
[35m[1mScanning dependencies of target test_planning_scene[0m
[35m[1mScanning dependencies of target test_multi_threaded[0m
[35m[1mScanning dependencies of target moveit_collision_distance_field[0m
[ 84%] [32mBuilding CXX object planning_request_adapter/CMakeFiles/moveit_planning_request_adapter.dir/src/planning_request_adapter.cpp.o[0m
[ 84%] [32mBuilding CXX object planning_scene/CMakeFiles/test_multi_threaded.dir/test/test_multi_threaded.cpp.o[0m
[ 84%] [32mBuilding CXX object collision_detection_fcl/CMakeFiles/collision_detector_fcl_plugin.dir/src/collision_detector_fcl_plugin_loader.cpp.o[0m
[ 85%] [32mBuilding CXX object planning_scene/CMakeFiles/test_planning_scene.dir/test/test_planning_scene.cpp.o[0m
[ 86%] [32mBuilding CXX object constraint_samplers/CMakeFiles/moveit_constraint_samplers.dir/src/default_constraint_samplers.cpp.o[0m
[ 87%] [32mBuilding CXX object constraint_samplers/CMakeFiles/moveit_constraint_samplers.dir/src/constraint_sampler.cpp.o[0m
[ 87%] [32mBuilding CXX object constraint_samplers/CMakeFiles/moveit_constraint_samplers.dir/src/constraint_sampler_manager.cpp.o[0m
[ 88%] [32mBuilding CXX object constraint_samplers/CMakeFiles/moveit_constraint_samplers.dir/src/constraint_sampler_tools.cpp.o[0m
[ 89%] [32mBuilding CXX object constraint_samplers/CMakeFiles/moveit_constraint_samplers.dir/src/union_constraint_sampler.cpp.o[0m
[ 90%] [32mBuilding CXX object collision_distance_field/CMakeFiles/moveit_collision_distance_field.dir/src/collision_distance_field_types.cpp.o[0m
[ 91%] [32mBuilding CXX object collision_distance_field/CMakeFiles/moveit_collision_distance_field.dir/src/collision_common_distance_field.cpp.o[0m
[ 91%] [32mBuilding CXX object collision_distance_field/CMakeFiles/moveit_collision_distance_field.dir/src/collision_env_distance_field.cpp.o[0m
[ 92%] [32mBuilding CXX object collision_distance_field/CMakeFiles/moveit_collision_distance_field.dir/src/collision_env_hybrid.cpp.o[0m
[ 93%] [32m[1mLinking CXX shared library libcollision_detector_fcl_plugin.so[0m
[ 94%] [32m[1mLinking CXX executable test_multi_threaded[0m
[ 95%] [32m[1mLinking CXX shared library libmoveit_planning_request_adapter.so[0m
[ 95%] Built target collision_detector_fcl_plugin
[ 95%] Built target test_multi_threaded
[ 95%] Built target moveit_planning_request_adapter
[ 95%] [32m[1mLinking CXX executable test_planning_scene[0m
[ 95%] Built target test_planning_scene
[ 95%] [32m[1mLinking CXX shared library libmoveit_constraint_samplers.so[0m
[ 95%] Built target moveit_constraint_samplers
[35m[1mScanning dependencies of target test_constraint_samplers[0m
[ 96%] [32mBuilding CXX object constraint_samplers/CMakeFiles/test_constraint_samplers.dir/test/pr2_arm_ik.cpp.o[0m
[ 96%] [32mBuilding CXX object constraint_samplers/CMakeFiles/test_constraint_samplers.dir/test/pr2_arm_kinematics_plugin.cpp.o[0m
[ 97%] [32mBuilding CXX object constraint_samplers/CMakeFiles/test_constraint_samplers.dir/test/test_constraint_samplers.cpp.o[0m
[ 98%] [32m[1mLinking CXX shared library libmoveit_collision_distance_field.so[0m
[ 98%] Built target moveit_collision_distance_field
[35m[1mScanning dependencies of target test_collision_distance_field[0m
[ 98%] [32mBuilding CXX object collision_distance_field/CMakeFiles/test_collision_distance_field.dir/test/test_collision_distance_field.cpp.o[0m
[ 99%] [32m[1mLinking CXX executable test_constraint_samplers[0m
[ 99%] Built target test_constraint_samplers
[100%] [32m[1mLinking CXX executable test_collision_distance_field[0m
[100%] Built target test_collision_distance_field
-- Install configuration: "Release"
-- Up-to-date: /home/vlad/ros2_ws/install/moveit_core/share/moveit_core/collision_detector_fcl_description.xml
-- Up-to-date: /home/vlad/ros2_ws/install/moveit_core/include/moveit/version.h
-- Installing: /home/vlad/ros2_ws/install/moveit_core/share/moveit_core/environment/library_path.sh
-- Installing: /home/vlad/ros2_ws/install/moveit_core/share/moveit_core/environment/library_path.dsv
-- Up-to-date: /home/vlad/ros2_ws/install/moveit_core/share/ament_index/resource_index/package_run_dependencies/moveit_core
-- Installing: /home/vlad/ros2_ws/install/moveit_core/share/ament_index/resource_index/parent_prefix_path/moveit_core
-- Installing: /home/vlad/ros2_ws/install/moveit_core/share/moveit_core/environment/ament_prefix_path.dsv
-- Installing: /home/vlad/ros2_ws/install/moveit_core/share/moveit_core/environment/path.dsv
-- Up-to-date: /home/vlad/ros2_ws/install/moveit_core/share/moveit_core/local_setup.bash
-- Up-to-date: /home/vlad/ros2_ws/install/moveit_core/share/moveit_core/local_setup.sh
-- Up-to-date: /home/vlad/ros2_ws/install/moveit_core/share/moveit_core/local_setup.zsh
-- Installing: /home/vlad/ros2_ws/install/moveit_core/share/moveit_core/local_setup.dsv
-- Installing: /home/vlad/ros2_ws/install/moveit_core/share/moveit_core/package.dsv
-- Up-to-date: /home/vlad/ros2_ws/install/moveit_core/share/ament_index/resource_index/packages/moveit_core
-- Up-to-date: /home/vlad/ros2_ws/install/moveit_core/share/ament_index/resource_index/moveit_core__pluginlib__plugin/moveit_core
-- Up-to-date: /home/vlad/ros2_ws/install/moveit_core/share/moveit_core/cmake/ament_cmake_export_include_directories-extras.cmake
-- Up-to-date: /home/vlad/ros2_ws/install/moveit_core/share/moveit_core/cmake/ament_cmake_export_libraries-extras.cmake
-- Up-to-date: /home/vlad/ros2_ws/install/moveit_core/share/moveit_core/cmake/ament_cmake_export_dependencies-extras.cmake
-- Up-to-date: /home/vlad/ros2_ws/install/moveit_core/share/moveit_core/cmake/moveit_coreConfig.cmake
-- Up-to-date: /home/vlad/ros2_ws/install/moveit_core/share/moveit_core/cmake/moveit_coreConfig-version.cmake
-- Up-to-date: /home/vlad/ros2_ws/install/moveit_core/share/moveit_core/package.xml
-- Up-to-date: /home/vlad/ros2_ws/install/moveit_core/bin/moveit_version
-- Up-to-date: /home/vlad/ros2_ws/install/moveit_core/include
-- Up-to-date: /home/vlad/ros2_ws/install/moveit_core/include/moveit
-- Up-to-date: /home/vlad/ros2_ws/install/moveit_core/include/moveit/macros
-- Up-to-date: /home/vlad/ros2_ws/install/moveit_core/include/moveit/macros/class_forward.h
-- Up-to-date: /home/vlad/ros2_ws/install/moveit_core/include/moveit/macros/console_colors.h
-- Up-to-date: /home/vlad/ros2_ws/install/moveit_core/include/moveit/macros/declare_ptr.h
-- Up-to-date: /home/vlad/ros2_ws/install/moveit_core/include/moveit/macros/deprecation.h
-- Up-to-date: /home/vlad/ros2_ws/install/moveit_core/include
-- Up-to-date: /home/vlad/ros2_ws/install/moveit_core/include/moveit
-- Up-to-date: /home/vlad/ros2_ws/install/moveit_core/include/moveit/backtrace
-- Up-to-date: /home/vlad/ros2_ws/install/moveit_core/include/moveit/backtrace/backtrace.h
-- Installing: /home/vlad/ros2_ws/install/moveit_core/lib/libmoveit_exceptions.so.2.0.0
-- Set runtime path of "/home/vlad/ros2_ws/install/moveit_core/lib/libmoveit_exceptions.so.2.0.0" to ""
-- Up-to-date: /home/vlad/ros2_ws/install/moveit_core/lib/libmoveit_exceptions.so
-- Up-to-date: /home/vlad/ros2_ws/install/moveit_core/include
-- Up-to-date: /home/vlad/ros2_ws/install/moveit_core/include/moveit
-- Up-to-date: /home/vlad/ros2_ws/install/moveit_core/include/moveit/exceptions
-- Up-to-date: /home/vlad/ros2_ws/install/moveit_core/include/moveit/exceptions/exceptions.h
-- Installing: /home/vlad/ros2_ws/install/moveit_core/lib/libmoveit_profiler.so.2.0.0
-- Set runtime path of "/home/vlad/ros2_ws/install/moveit_core/lib/libmoveit_profiler.so.2.0.0" to ""
-- Up-to-date: /home/vlad/ros2_ws/install/moveit_core/lib/libmoveit_profiler.so
-- Up-to-date: /home/vlad/ros2_ws/install/moveit_core/include
-- Up-to-date: /home/vlad/ros2_ws/install/moveit_core/include/moveit
-- Up-to-date: /home/vlad/ros2_ws/install/moveit_core/include/moveit/profiler
-- Up-to-date: /home/vlad/ros2_ws/install/moveit_core/include/moveit/profiler/profiler.h
-- Installing: /home/vlad/ros2_ws/install/moveit_core/lib/libmoveit_utils.so.2.0.0
-- Set runtime path of "/home/vlad/ros2_ws/install/moveit_core/lib/libmoveit_utils.so.2.0.0" to ""
-- Up-to-date: /home/vlad/ros2_ws/install/moveit_core/lib/libmoveit_utils.so
-- Up-to-date: /home/vlad/ros2_ws/install/moveit_core/include
-- Up-to-date: /home/vlad/ros2_ws/install/moveit_core/include/moveit
-- Up-to-date: /home/vlad/ros2_ws/install/moveit_core/include/moveit/utils
-- Up-to-date: /home/vlad/ros2_ws/install/moveit_core/include/moveit/utils/lexical_casts.h
-- Up-to-date: /home/vlad/ros2_ws/install/moveit_core/include/moveit/utils/rclcpp_utils.h
-- Up-to-date: /home/vlad/ros2_ws/install/moveit_core/include/moveit/utils/message_checks.h
-- Up-to-date: /home/vlad/ros2_ws/install/moveit_core/include/moveit/utils/robot_model_test_utils.h
-- Up-to-date: /home/vlad/ros2_ws/install/moveit_core/share/moveit_core/environment/library_path.sh
-- Up-to-date: /home/vlad/ros2_ws/install/moveit_core/share/moveit_core/environment/library_path.dsv
-- Installing: /home/vlad/ros2_ws/install/moveit_core/lib/libmoveit_test_utils.so.2.0.0
-- Set runtime path of "/home/vlad/ros2_ws/install/moveit_core/lib/libmoveit_test_utils.so.2.0.0" to ""
-- Up-to-date: /home/vlad/ros2_ws/install/moveit_core/lib/libmoveit_test_utils.so
-- Installing: /home/vlad/ros2_ws/install/moveit_core/lib/libmoveit_background_processing.so.2.0.0
-- Set runtime path of "/home/vlad/ros2_ws/install/moveit_core/lib/libmoveit_background_processing.so.2.0.0" to ""
-- Up-to-date: /home/vlad/ros2_ws/install/moveit_core/lib/libmoveit_background_processing.so
-- Up-to-date: /home/vlad/ros2_ws/install/moveit_core/include
-- Up-to-date: /home/vlad/ros2_ws/install/moveit_core/include/moveit
-- Up-to-date: /home/vlad/ros2_ws/install/moveit_core/include/moveit/background_processing
-- Up-to-date: /home/vlad/ros2_ws/install/moveit_core/include/moveit/background_processing/background_processing.h
-- Installing: /home/vlad/ros2_ws/install/moveit_core/lib/libmoveit_robot_model.so.2.0.0
-- Set runtime path of "/home/vlad/ros2_ws/install/moveit_core/lib/libmoveit_robot_model.so.2.0.0" to ""
-- Up-to-date: /home/vlad/ros2_ws/install/moveit_core/lib/libmoveit_robot_model.so
-- Up-to-date: /home/vlad/ros2_ws/install/moveit_core/include
-- Up-to-date: /home/vlad/ros2_ws/install/moveit_core/include/moveit
-- Up-to-date: /home/vlad/ros2_ws/install/moveit_core/include/moveit/robot_model
-- Up-to-date: /home/vlad/ros2_ws/install/moveit_core/include/moveit/robot_model/aabb.h
-- Up-to-date: /home/vlad/ros2_ws/install/moveit_core/include/moveit/robot_model/fixed_joint_model.h
-- Up-to-date: /home/vlad/ros2_ws/install/moveit_core/include/moveit/robot_model/joint_model_group.h
-- Up-to-date: /home/vlad/ros2_ws/install/moveit_core/include/moveit/robot_model/planar_joint_model.h
-- Up-to-date: /home/vlad/ros2_ws/install/moveit_core/include/moveit/robot_model/joint_model.h
-- Up-to-date: /home/vlad/ros2_ws/install/moveit_core/include/moveit/robot_model/prismatic_joint_model.h
-- Up-to-date: /home/vlad/ros2_ws/install/moveit_core/include/moveit/robot_model/link_model.h
-- Up-to-date: /home/vlad/ros2_ws/install/moveit_core/include/moveit/robot_model/revolute_joint_model.h
-- Up-to-date: /home/vlad/ros2_ws/install/moveit_core/include/moveit/robot_model/floating_joint_model.h
-- Up-to-date: /home/vlad/ros2_ws/install/moveit_core/include/moveit/robot_model/robot_model.h
-- Installing: /home/vlad/ros2_ws/install/moveit_core/lib/libmoveit_collision_detection.so.2.0.0
-- Set runtime path of "/home/vlad/ros2_ws/install/moveit_core/lib/libmoveit_collision_detection.so.2.0.0" to ""
-- Up-to-date: /home/vlad/ros2_ws/install/moveit_core/lib/libmoveit_collision_detection.so
-- Up-to-date: /home/vlad/ros2_ws/install/moveit_core/include
-- Up-to-date: /home/vlad/ros2_ws/install/moveit_core/include/moveit
-- Up-to-date: /home/vlad/ros2_ws/install/moveit_core/include/moveit/collision_detection
-- Up-to-date: /home/vlad/ros2_ws/install/moveit_core/include/moveit/collision_detection/collision_env.h
-- Up-to-date: /home/vlad/ros2_ws/install/moveit_core/include/moveit/collision_detection/collision_matrix.h
-- Up-to-date: /home/vlad/ros2_ws/install/moveit_core/include/moveit/collision_detection/collision_common.h
-- Up-to-date: /home/vlad/ros2_ws/install/moveit_core/include/moveit/collision_detection/collision_octomap_filter.h
-- Up-to-date: /home/vlad/ros2_ws/install/moveit_core/include/moveit/collision_detection/collision_detector_allocator.h
-- Up-to-date: /home/vlad/ros2_ws/install/moveit_core/include/moveit/collision_detection/collision_plugin.h
-- Up-to-date: /home/vlad/ros2_ws/install/moveit_core/include/moveit/collision_detection/collision_tools.h
-- Up-to-date: /home/vlad/ros2_ws/install/moveit_core/include/moveit/collision_detection/test_collision_common_panda.h
-- Up-to-date: /home/vlad/ros2_ws/install/moveit_core/include/moveit/collision_detection/test_collision_common_pr2.h
-- Up-to-date: /home/vlad/ros2_ws/install/moveit_core/include/moveit/collision_detection/world.h
-- Up-to-date: /home/vlad/ros2_ws/install/moveit_core/include/moveit/collision_detection/allvalid
-- Up-to-date: /home/vlad/ros2_ws/install/moveit_core/include/moveit/collision_detection/allvalid/collision_detector_allocator_allvalid.h
-- Up-to-date: /home/vlad/ros2_ws/install/moveit_core/include/moveit/collision_detection/allvalid/collision_env_allvalid.h
-- Up-to-date: /home/vlad/ros2_ws/install/moveit_core/include/moveit/collision_detection/world_diff.h
-- Installing: /home/vlad/ros2_ws/install/moveit_core/lib/libmoveit_kinematics_base.so.2.0.0
-- Set runtime path of "/home/vlad/ros2_ws/install/moveit_core/lib/libmoveit_kinematics_base.so.2.0.0" to ""
-- Up-to-date: /home/vlad/ros2_ws/install/moveit_core/lib/libmoveit_kinematics_base.so
-- Up-to-date: /home/vlad/ros2_ws/install/moveit_core/include
-- Up-to-date: /home/vlad/ros2_ws/install/moveit_core/include/moveit
-- Up-to-date: /home/vlad/ros2_ws/install/moveit_core/include/moveit/kinematics_base
-- Up-to-date: /home/vlad/ros2_ws/install/moveit_core/include/moveit/kinematics_base/kinematics_base.h
-- Installing: /home/vlad/ros2_ws/install/moveit_core/lib/libmoveit_transforms.so.2.0.0
-- Set runtime path of "/home/vlad/ros2_ws/install/moveit_core/lib/libmoveit_transforms.so.2.0.0" to ""
-- Up-to-date: /home/vlad/ros2_ws/install/moveit_core/lib/libmoveit_transforms.so
-- Up-to-date: /home/vlad/ros2_ws/install/moveit_core/include
-- Up-to-date: /home/vlad/ros2_ws/install/moveit_core/include/moveit
-- Up-to-date: /home/vlad/ros2_ws/install/moveit_core/include/moveit/transforms
-- Up-to-date: /home/vlad/ros2_ws/install/moveit_core/include/moveit/transforms/transforms.h
-- Installing: /home/vlad/ros2_ws/install/moveit_core/lib/libmoveit_robot_state.so.2.0.0
-- Set runtime path of "/home/vlad/ros2_ws/install/moveit_core/lib/libmoveit_robot_state.so.2.0.0" to ""
-- Up-to-date: /home/vlad/ros2_ws/install/moveit_core/lib/libmoveit_robot_state.so
-- Up-to-date: /home/vlad/ros2_ws/install/moveit_core/include
-- Up-to-date: /home/vlad/ros2_ws/install/moveit_core/include/moveit
-- Up-to-date: /home/vlad/ros2_ws/install/moveit_core/include/moveit/robot_state
-- Up-to-date: /home/vlad/ros2_ws/install/moveit_core/include/moveit/robot_state/attached_body.h
-- Up-to-date: /home/vlad/ros2_ws/install/moveit_core/include/moveit/robot_state/conversions.h
-- Up-to-date: /home/vlad/ros2_ws/install/moveit_core/include/moveit/robot_state/cartesian_interpolator.h
-- Up-to-date: /home/vlad/ros2_ws/install/moveit_core/include/moveit/robot_state/robot_state.h
-- Installing: /home/vlad/ros2_ws/install/moveit_core/lib/libmoveit_collision_detection_fcl.so.2.0.0
-- Set runtime path of "/home/vlad/ros2_ws/install/moveit_core/lib/libmoveit_collision_detection_fcl.so.2.0.0" to ""
-- Up-to-date: /home/vlad/ros2_ws/install/moveit_core/lib/libmoveit_collision_detection_fcl.so
-- Installing: /home/vlad/ros2_ws/install/moveit_core/lib/libcollision_detector_fcl_plugin.so.2.0.0
-- Set runtime path of "/home/vlad/ros2_ws/install/moveit_core/lib/libcollision_detector_fcl_plugin.so.2.0.0" to ""
-- Up-to-date: /home/vlad/ros2_ws/install/moveit_core/lib/libcollision_detector_fcl_plugin.so
-- Up-to-date: /home/vlad/ros2_ws/install/moveit_core/include
-- Up-to-date: /home/vlad/ros2_ws/install/moveit_core/include/moveit
-- Up-to-date: /home/vlad/ros2_ws/install/moveit_core/include/moveit/collision_detection_fcl
-- Up-to-date: /home/vlad/ros2_ws/install/moveit_core/include/moveit/collision_detection_fcl/collision_detector_fcl_plugin_loader.h
-- Up-to-date: /home/vlad/ros2_ws/install/moveit_core/include/moveit/collision_detection_fcl/collision_common.h
-- Up-to-date: /home/vlad/ros2_ws/install/moveit_core/include/moveit/collision_detection_fcl/fcl_compat.h
-- Up-to-date: /home/vlad/ros2_ws/install/moveit_core/include/moveit/collision_detection_fcl/collision_detector_allocator_fcl.h
-- Up-to-date: /home/vlad/ros2_ws/install/moveit_core/include/moveit/collision_detection_fcl/collision_env_fcl.h
-- Installing: /home/vlad/ros2_ws/install/moveit_core/lib/libmoveit_robot_trajectory.so.2.0.0
-- Set runtime path of "/home/vlad/ros2_ws/install/moveit_core/lib/libmoveit_robot_trajectory.so.2.0.0" to ""
-- Up-to-date: /home/vlad/ros2_ws/install/moveit_core/lib/libmoveit_robot_trajectory.so
-- Up-to-date: /home/vlad/ros2_ws/install/moveit_core/include
-- Up-to-date: /home/vlad/ros2_ws/install/moveit_core/include/moveit
-- Up-to-date: /home/vlad/ros2_ws/install/moveit_core/include/moveit/robot_trajectory
-- Up-to-date: /home/vlad/ros2_ws/install/moveit_core/include/moveit/robot_trajectory/robot_trajectory.h
-- Installing: /home/vlad/ros2_ws/install/moveit_core/lib/libmoveit_kinematic_constraints.so.2.0.0
-- Set runtime path of "/home/vlad/ros2_ws/install/moveit_core/lib/libmoveit_kinematic_constraints.so.2.0.0" to ""
-- Up-to-date: /home/vlad/ros2_ws/install/moveit_core/lib/libmoveit_kinematic_constraints.so
-- Up-to-date: /home/vlad/ros2_ws/install/moveit_core/include
-- Up-to-date: /home/vlad/ros2_ws/install/moveit_core/include/moveit
-- Up-to-date: /home/vlad/ros2_ws/install/moveit_core/include/moveit/kinematic_constraints
-- Up-to-date: /home/vlad/ros2_ws/install/moveit_core/include/moveit/kinematic_constraints/kinematic_constraint.h
-- Up-to-date: /home/vlad/ros2_ws/install/moveit_core/include/moveit/kinematic_constraints/utils.h
-- Installing: /home/vlad/ros2_ws/install/moveit_core/lib/libmoveit_trajectory_processing.so.2.0.0
-- Set runtime path of "/home/vlad/ros2_ws/install/moveit_core/lib/libmoveit_trajectory_processing.so.2.0.0" to ""
-- Up-to-date: /home/vlad/ros2_ws/install/moveit_core/lib/libmoveit_trajectory_processing.so
-- Up-to-date: /home/vlad/ros2_ws/install/moveit_core/include
-- Up-to-date: /home/vlad/ros2_ws/install/moveit_core/include/moveit
-- Up-to-date: /home/vlad/ros2_ws/install/moveit_core/include/moveit/trajectory_processing
-- Up-to-date: /home/vlad/ros2_ws/install/moveit_core/include/moveit/trajectory_processing/trajectory_tools.h
-- Up-to-date: /home/vlad/ros2_ws/install/moveit_core/include/moveit/trajectory_processing/time_optimal_trajectory_generation.h
-- Up-to-date: /home/vlad/ros2_ws/install/moveit_core/include/moveit/trajectory_processing/iterative_time_parameterization.h
-- Up-to-date: /home/vlad/ros2_ws/install/moveit_core/include/moveit/trajectory_processing/iterative_spline_parameterization.h
-- Installing: /home/vlad/ros2_ws/install/moveit_core/lib/libmoveit_planning_scene.so.2.0.0
-- Set runtime path of "/home/vlad/ros2_ws/install/moveit_core/lib/libmoveit_planning_scene.so.2.0.0" to ""
-- Up-to-date: /home/vlad/ros2_ws/install/moveit_core/lib/libmoveit_planning_scene.so
-- Up-to-date: /home/vlad/ros2_ws/install/moveit_core/include
-- Up-to-date: /home/vlad/ros2_ws/install/moveit_core/include/moveit
-- Up-to-date: /home/vlad/ros2_ws/install/moveit_core/include/moveit/planning_scene
-- Up-to-date: /home/vlad/ros2_ws/install/moveit_core/include/moveit/planning_scene/planning_scene.h
-- Up-to-date: /home/vlad/ros2_ws/install/moveit_core/include
-- Up-to-date: /home/vlad/ros2_ws/install/moveit_core/include/moveit
-- Up-to-date: /home/vlad/ros2_ws/install/moveit_core/include/moveit/controller_manager
-- Up-to-date: /home/vlad/ros2_ws/install/moveit_core/include/moveit/controller_manager/controller_manager.h
-- Up-to-date: /home/vlad/ros2_ws/install/moveit_core/include
-- Up-to-date: /home/vlad/ros2_ws/install/moveit_core/include/moveit
-- Up-to-date: /home/vlad/ros2_ws/install/moveit_core/include/moveit/sensor_manager
-- Up-to-date: /home/vlad/ros2_ws/install/moveit_core/include/moveit/sensor_manager/sensor_manager.h
-- Installing: /home/vlad/ros2_ws/install/moveit_core/lib/libmoveit_constraint_samplers.so.2.0.0
-- Set runtime path of "/home/vlad/ros2_ws/install/moveit_core/lib/libmoveit_constraint_samplers.so.2.0.0" to ""
-- Up-to-date: /home/vlad/ros2_ws/install/moveit_core/lib/libmoveit_constraint_samplers.so
-- Up-to-date: /home/vlad/ros2_ws/install/moveit_core/include
-- Up-to-date: /home/vlad/ros2_ws/install/moveit_core/include/moveit
-- Up-to-date: /home/vlad/ros2_ws/install/moveit_core/include/moveit/constraint_samplers
-- Up-to-date: /home/vlad/ros2_ws/install/moveit_core/include/moveit/constraint_samplers/union_constraint_sampler.h
-- Up-to-date: /home/vlad/ros2_ws/install/moveit_core/include/moveit/constraint_samplers/constraint_sampler_tools.h
-- Up-to-date: /home/vlad/ros2_ws/install/moveit_core/include/moveit/constraint_samplers/constraint_sampler.h
-- Up-to-date: /home/vlad/ros2_ws/install/moveit_core/include/moveit/constraint_samplers/default_constraint_samplers.h
-- Up-to-date: /home/vlad/ros2_ws/install/moveit_core/include/moveit/constraint_samplers/constraint_sampler_allocator.h
-- Up-to-date: /home/vlad/ros2_ws/install/moveit_core/include/moveit/constraint_samplers/constraint_sampler_manager.h
-- Installing: /home/vlad/ros2_ws/install/moveit_core/lib/libmoveit_planning_interface.so.2.0.0
-- Set runtime path of "/home/vlad/ros2_ws/install/moveit_core/lib/libmoveit_planning_interface.so.2.0.0" to ""
-- Up-to-date: /home/vlad/ros2_ws/install/moveit_core/lib/libmoveit_planning_interface.so
-- Up-to-date: /home/vlad/ros2_ws/install/moveit_core/include
-- Up-to-date: /home/vlad/ros2_ws/install/moveit_core/include/moveit
-- Up-to-date: /home/vlad/ros2_ws/install/moveit_core/include/moveit/planning_interface
-- Up-to-date: /home/vlad/ros2_ws/install/moveit_core/include/moveit/planning_interface/planning_interface.h
-- Up-to-date: /home/vlad/ros2_ws/install/moveit_core/include/moveit/planning_interface/planning_request.h
-- Up-to-date: /home/vlad/ros2_ws/install/moveit_core/include/moveit/planning_interface/planning_response.h
-- Installing: /home/vlad/ros2_ws/install/moveit_core/lib/libmoveit_planning_request_adapter.so.2.0.0
-- Set runtime path of "/home/vlad/ros2_ws/install/moveit_core/lib/libmoveit_planning_request_adapter.so.2.0.0" to ""
-- Up-to-date: /home/vlad/ros2_ws/install/moveit_core/lib/libmoveit_planning_request_adapter.so
-- Up-to-date: /home/vlad/ros2_ws/install/moveit_core/include
-- Up-to-date: /home/vlad/ros2_ws/install/moveit_core/include/moveit
-- Up-to-date: /home/vlad/ros2_ws/install/moveit_core/include/moveit/planning_request_adapter
-- Up-to-date: /home/vlad/ros2_ws/install/moveit_core/include/moveit/planning_request_adapter/planning_request_adapter.h
-- Installing: /home/vlad/ros2_ws/install/moveit_core/lib/libmoveit_distance_field.so.2.0.0
-- Set runtime path of "/home/vlad/ros2_ws/install/moveit_core/lib/libmoveit_distance_field.so.2.0.0" to ""
-- Up-to-date: /home/vlad/ros2_ws/install/moveit_core/lib/libmoveit_distance_field.so
-- Up-to-date: /home/vlad/ros2_ws/install/moveit_core/include
-- Up-to-date: /home/vlad/ros2_ws/install/moveit_core/include/moveit
-- Up-to-date: /home/vlad/ros2_ws/install/moveit_core/include/moveit/distance_field
-- Up-to-date: /home/vlad/ros2_ws/install/moveit_core/include/moveit/distance_field/propagation_distance_field.h
-- Up-to-date: /home/vlad/ros2_ws/install/moveit_core/include/moveit/distance_field/voxel_grid.h
-- Up-to-date: /home/vlad/ros2_ws/install/moveit_core/include/moveit/distance_field/distance_field.h
-- Up-to-date: /home/vlad/ros2_ws/install/moveit_core/include/moveit/distance_field/find_internal_points.h
-- Installing: /home/vlad/ros2_ws/install/moveit_core/lib/libmoveit_collision_distance_field.so.2.0.0
-- Set runtime path of "/home/vlad/ros2_ws/install/moveit_core/lib/libmoveit_collision_distance_field.so.2.0.0" to ""
-- Up-to-date: /home/vlad/ros2_ws/install/moveit_core/lib/libmoveit_collision_distance_field.so
-- Up-to-date: /home/vlad/ros2_ws/install/moveit_core/include
-- Up-to-date: /home/vlad/ros2_ws/install/moveit_core/include/moveit
-- Up-to-date: /home/vlad/ros2_ws/install/moveit_core/include/moveit/collision_distance_field
-- Up-to-date: /home/vlad/ros2_ws/install/moveit_core/include/moveit/collision_distance_field/collision_distance_field_types.h
-- Up-to-date: /home/vlad/ros2_ws/install/moveit_core/include/moveit/collision_distance_field/collision_detector_allocator_hybrid.h
-- Up-to-date: /home/vlad/ros2_ws/install/moveit_core/include/moveit/collision_distance_field/collision_detector_allocator_distance_field.h
-- Up-to-date: /home/vlad/ros2_ws/install/moveit_core/include/moveit/collision_distance_field/collision_common_distance_field.h
-- Up-to-date: /home/vlad/ros2_ws/install/moveit_core/include/moveit/collision_distance_field/collision_env_distance_field.h
-- Up-to-date: /home/vlad/ros2_ws/install/moveit_core/include/moveit/collision_distance_field/collision_env_hybrid.h
-- Installing: /home/vlad/ros2_ws/install/moveit_core/lib/libmoveit_kinematics_metrics.so.2.0.0
-- Set runtime path of "/home/vlad/ros2_ws/install/moveit_core/lib/libmoveit_kinematics_metrics.so.2.0.0" to ""
-- Up-to-date: /home/vlad/ros2_ws/install/moveit_core/lib/libmoveit_kinematics_metrics.so
-- Up-to-date: /home/vlad/ros2_ws/install/moveit_core/include
-- Up-to-date: /home/vlad/ros2_ws/install/moveit_core/include/moveit
-- Up-to-date: /home/vlad/ros2_ws/install/moveit_core/include/moveit/kinematics_metrics
-- Up-to-date: /home/vlad/ros2_ws/install/moveit_core/include/moveit/kinematics_metrics/kinematics_metrics.h
-- Installing: /home/vlad/ros2_ws/install/moveit_core/lib/libmoveit_dynamics_solver.so.2.0.0
-- Set runtime path of "/home/vlad/ros2_ws/install/moveit_core/lib/libmoveit_dynamics_solver.so.2.0.0" to ""
-- Up-to-date: /home/vlad/ros2_ws/install/moveit_core/lib/libmoveit_dynamics_solver.so
-- Up-to-date: /home/vlad/ros2_ws/install/moveit_core/include
-- Up-to-date: /home/vlad/ros2_ws/install/moveit_core/include/moveit
-- Up-to-date: /home/vlad/ros2_ws/install/moveit_core/include/moveit/dynamics_solver
-- Up-to-date: /home/vlad/ros2_ws/install/moveit_core/include/moveit/dynamics_solver/dynamics_solver.h
