-- The C compiler identification is GNU 9.3.0
-- The CXX compiler identification is GNU 9.3.0
-- Check for working C compiler: /usr/bin/cc
-- Check for working C compiler: /usr/bin/cc -- works
-- Detecting C compiler ABI info
-- Detecting C compiler ABI info - done
-- Detecting C compile features
-- Detecting C compile features - done
-- Check for working CXX compiler: /usr/bin/c++
-- Check for working CXX compiler: /usr/bin/c++ -- works
-- Detecting CXX compiler ABI info
-- Detecting CXX compiler ABI info - done
-- Detecting CXX compile features
-- Detecting CXX compile features - done
-- Found ament_cmake: 0.9.7 (/home/vlad/ros2_foxy/install/ament_cmake/share/ament_cmake/cmake)
-- Found PythonInterp: /usr/bin/python3 (found suitable version "3.8.5", minimum required is "3") 
-- Using PYTHON_EXECUTABLE: /usr/bin/python3
-- Found control_msgs: 2.4.1 (/opt/ros/foxy/share/control_msgs/cmake)
-- Using all available rosidl_typesupport_c: rosidl_typesupport_introspection_c;rosidl_typesupport_fastrtps_c
-- Found rosidl_adapter: 1.1.0 (/home/vlad/ros2_foxy/install/rosidl_adapter/share/rosidl_adapter/cmake)
-- Found OpenSSL: /usr/lib/x86_64-linux-gnu/libcrypto.so (found version "1.1.1f")  
-- Found FastRTPS: /home/vlad/ros2_foxy/install/fastrtps/include  
-- Using all available rosidl_typesupport_cpp: rosidl_typesupport_introspection_cpp;rosidl_typesupport_fastrtps_cpp
-- Found rclcpp: 2.2.0 (/home/vlad/ros2_foxy/install/rclcpp/share/rclcpp/cmake)
-- Found rmw_implementation_cmake: 1.0.2 (/home/vlad/ros2_foxy/install/rmw_implementation_cmake/share/rmw_implementation_cmake/cmake)
-- Using RMW implementation 'rmw_fastrtps_cpp' as default
-- Looking for pthread.h
-- Looking for pthread.h - found
-- Performing Test CMAKE_HAVE_LIBC_PTHREAD
-- Performing Test CMAKE_HAVE_LIBC_PTHREAD - Failed
-- Looking for pthread_create in pthreads
-- Looking for pthread_create in pthreads - not found
-- Looking for pthread_create in pthread
-- Looking for pthread_create in pthread - found
-- Found Threads: TRUE  
-- Found tinyxml2_vendor: 0.7.3 (/home/vlad/ros2_foxy/install/tinyxml2_vendor/share/tinyxml2_vendor/cmake)
-- Found TinyXML2: /usr/lib/x86_64-linux-gnu/libtinyxml2.so  
-- Found ament_lint_auto: 0.9.5 (/home/vlad/ros2_foxy/install/ament_lint_auto/share/ament_lint_auto/cmake)
-- Found gmock sources under '/home/vlad/ros2_foxy/install/gmock_vendor/src/gmock_vendor': C++ tests using 'Google Mock' will be built
-- Found ament_cmake_gtest: 0.9.7 (/home/vlad/ros2_foxy/install/ament_cmake_gtest/share/ament_cmake_gtest/cmake)
-- Found gtest sources under '/home/vlad/ros2_foxy/install/gtest_vendor/src/gtest_vendor': C++ tests using 'Google Test' will be built
-- Added test 'copyright' to check source files copyright and LICENSE
-- Added test 'cppcheck' to perform static code analysis on C / C++ code
-- Configured cppcheck include dirs: /home/vlad/ros2_ws/src/ros2_control/hardware_interface/include
-- Configured cppcheck exclude dirs and/or files: 
-- Added test 'cpplint' to check C / C++ code against the Google style
-- Configured cpplint exclude dirs and/or files: 
-- Added test 'lint_cmake' to check CMake code style
-- Added test 'uncrustify' to check C / C++ code style
-- Configured uncrustify additional arguments: 
-- Added test 'xmllint' to check XML markup files
-- Configuring done
-- Generating done
-- Build files have been written to: /home/vlad/ros2_ws/src/build/hardware_interface
[35m[1mScanning dependencies of target hardware_interface[0m
[35m[1mScanning dependencies of target gmock[0m
[35m[1mScanning dependencies of target gmock_main[0m
[35m[1mScanning dependencies of target components[0m
[35m[1mScanning dependencies of target component_parser[0m
[  2%] [32mBuilding CXX object CMakeFiles/components.dir/src/components/joint.cpp.o[0m
[  5%] [32mBuilding CXX object CMakeFiles/components.dir/src/components/sensor.cpp.o[0m
[  8%] [32mBuilding CXX object gmock/CMakeFiles/gmock_main.dir/src/gmock_main.cc.o[0m
[ 11%] [32mBuilding CXX object gmock/CMakeFiles/gmock.dir/home/vlad/ros2_foxy/install/gtest_vendor/src/gtest_vendor/src/gtest-all.cc.o[0m
[ 14%] [32mBuilding CXX object CMakeFiles/component_parser.dir/src/component_parser.cpp.o[0m
[ 17%] [32mBuilding CXX object gmock/CMakeFiles/gmock.dir/src/gmock-all.cc.o[0m
[ 20%] [32mBuilding CXX object CMakeFiles/hardware_interface.dir/src/actuator_hardware.cpp.o[0m
[ 23%] [32mBuilding CXX object CMakeFiles/hardware_interface.dir/src/operation_mode_handle.cpp.o[0m
[ 26%] [32mBuilding CXX object CMakeFiles/hardware_interface.dir/src/joint_state_handle.cpp.o[0m
[ 29%] [32mBuilding CXX object CMakeFiles/hardware_interface.dir/src/joint_command_handle.cpp.o[0m
[ 32%] [32mBuilding CXX object CMakeFiles/hardware_interface.dir/src/robot_hardware.cpp.o[0m
[ 35%] [32mBuilding CXX object CMakeFiles/hardware_interface.dir/src/sensor_hardware.cpp.o[0m
[ 38%] [32mBuilding CXX object CMakeFiles/hardware_interface.dir/src/system_hardware.cpp.o[0m
[ 41%] [32m[1mLinking CXX static library libcomponent_parser.a[0m
[ 41%] Built target component_parser
[ 44%] [32m[1mLinking CXX shared library libcomponents.so[0m
[ 44%] Built target components
[ 47%] [32m[1mLinking CXX static library libgmock_main.a[0m
[ 47%] Built target gmock_main
[ 50%] [32m[1mLinking CXX static library libgmock.a[0m
[ 50%] Built target gmock
[35m[1mScanning dependencies of target test_macros[0m
[35m[1mScanning dependencies of target test_component_parser[0m
[ 52%] [32mBuilding CXX object CMakeFiles/test_macros.dir/test/test_macros.cpp.o[0m
[ 55%] [32mBuilding CXX object CMakeFiles/test_component_parser.dir/test/test_component_parser.cpp.o[0m
[ 58%] [32m[1mLinking CXX shared library libhardware_interface.so[0m
[ 58%] Built target hardware_interface
[35m[1mScanning dependencies of target test_register_actuators[0m
[35m[1mScanning dependencies of target test_component_interfaces[0m
[35m[1mScanning dependencies of target test_actuator_handle[0m
[35m[1mScanning dependencies of target test_robot_hardware_interfaces[0m
[35m[1mScanning dependencies of target test_register_joints[0m
[35m[1mScanning dependencies of target test_joint_handle[0m
[ 61%] [32mBuilding CXX object CMakeFiles/test_register_actuators.dir/test/test_register_actuators.cpp.o[0m
[ 64%] [32mBuilding CXX object CMakeFiles/test_actuator_handle.dir/test/test_actuator_handle.cpp.o[0m
[ 67%] [32mBuilding CXX object CMakeFiles/test_robot_hardware_interfaces.dir/test/test_robot_hardware_interface.cpp.o[0m
[ 70%] [32mBuilding CXX object CMakeFiles/test_component_interfaces.dir/test/test_component_interfaces.cpp.o[0m
[ 73%] [32mBuilding CXX object CMakeFiles/test_joint_handle.dir/test/test_joint_handle.cpp.o[0m
[ 76%] [32mBuilding CXX object CMakeFiles/test_register_joints.dir/test/test_register_joints.cpp.o[0m
[ 79%] [32m[1mLinking CXX executable test_macros[0m
[ 79%] Built target test_macros
[ 82%] [32m[1mLinking CXX executable test_joint_handle[0m
[ 85%] [32m[1mLinking CXX executable test_actuator_handle[0m
[ 88%] [32m[1mLinking CXX executable test_component_parser[0m
[ 88%] Built target test_joint_handle
[ 88%] Built target test_actuator_handle
[ 88%] Built target test_component_parser
[ 91%] [32m[1mLinking CXX executable test_robot_hardware_interfaces[0m
[ 94%] [32m[1mLinking CXX executable test_register_actuators[0m
[ 97%] [32m[1mLinking CXX executable test_register_joints[0m
[ 97%] Built target test_robot_hardware_interfaces
[100%] [32m[1mLinking CXX executable test_component_interfaces[0m
[100%] Built target test_register_actuators
[100%] Built target test_register_joints
[100%] Built target test_component_interfaces
