-- The C compiler identification is GNU 9.3.0
-- The CXX compiler identification is GNU 9.3.0
-- Check for working C compiler: /usr/bin/cc
-- Check for working C compiler: /usr/bin/cc -- works
-- Detecting C compiler ABI info
-- Detecting C compiler ABI info - done
-- Detecting C compile features
-- Detecting C compile features - done
-- Check for working CXX compiler: /usr/bin/c++
-- Check for working CXX compiler: /usr/bin/c++ -- works
-- Detecting CXX compiler ABI info
-- Detecting CXX compiler ABI info - done
-- Detecting CXX compile features
-- Detecting CXX compile features - done
-- Found ament_cmake: 0.9.7 (/home/vlad/ros2_foxy/install/ament_cmake/share/ament_cmake/cmake)
-- Found PythonInterp: /usr/bin/python3 (found suitable version "3.8.5", minimum required is "3") 
-- Using PYTHON_EXECUTABLE: /usr/bin/python3
-- Configuring done
-- Generating done
-- Build files have been written to: /home/vlad/ros2_ws/build/moveit_resources_panda_description
-- Install configuration: "Release"
-- Installing: /home/vlad/ros2_ws/install/moveit_resources_panda_description/share/ament_index/resource_index/package_run_dependencies/moveit_resources_panda_description
-- Installing: /home/vlad/ros2_ws/install/moveit_resources_panda_description/share/ament_index/resource_index/parent_prefix_path/moveit_resources_panda_description
-- Installing: /home/vlad/ros2_ws/install/moveit_resources_panda_description/share/moveit_resources_panda_description/environment/ament_prefix_path.sh
-- Installing: /home/vlad/ros2_ws/install/moveit_resources_panda_description/share/moveit_resources_panda_description/environment/ament_prefix_path.dsv
-- Installing: /home/vlad/ros2_ws/install/moveit_resources_panda_description/share/moveit_resources_panda_description/environment/path.sh
-- Installing: /home/vlad/ros2_ws/install/moveit_resources_panda_description/share/moveit_resources_panda_description/environment/path.dsv
-- Installing: /home/vlad/ros2_ws/install/moveit_resources_panda_description/share/moveit_resources_panda_description/local_setup.bash
-- Installing: /home/vlad/ros2_ws/install/moveit_resources_panda_description/share/moveit_resources_panda_description/local_setup.sh
-- Installing: /home/vlad/ros2_ws/install/moveit_resources_panda_description/share/moveit_resources_panda_description/local_setup.zsh
-- Installing: /home/vlad/ros2_ws/install/moveit_resources_panda_description/share/moveit_resources_panda_description/local_setup.dsv
-- Installing: /home/vlad/ros2_ws/install/moveit_resources_panda_description/share/moveit_resources_panda_description/package.dsv
-- Installing: /home/vlad/ros2_ws/install/moveit_resources_panda_description/share/ament_index/resource_index/packages/moveit_resources_panda_description
-- Installing: /home/vlad/ros2_ws/install/moveit_resources_panda_description/share/moveit_resources_panda_description/cmake/moveit_resources_panda_descriptionConfig.cmake
-- Installing: /home/vlad/ros2_ws/install/moveit_resources_panda_description/share/moveit_resources_panda_description/cmake/moveit_resources_panda_descriptionConfig-version.cmake
-- Installing: /home/vlad/ros2_ws/install/moveit_resources_panda_description/share/moveit_resources_panda_description/package.xml
-- Installing: /home/vlad/ros2_ws/install/moveit_resources_panda_description/share/moveit_resources_panda_description/meshes
-- Installing: /home/vlad/ros2_ws/install/moveit_resources_panda_description/share/moveit_resources_panda_description/meshes/visual
-- Installing: /home/vlad/ros2_ws/install/moveit_resources_panda_description/share/moveit_resources_panda_description/meshes/visual/link3.dae
-- Installing: /home/vlad/ros2_ws/install/moveit_resources_panda_description/share/moveit_resources_panda_description/meshes/visual/hand.dae
-- Installing: /home/vlad/ros2_ws/install/moveit_resources_panda_description/share/moveit_resources_panda_description/meshes/visual/link7.dae
-- Installing: /home/vlad/ros2_ws/install/moveit_resources_panda_description/share/moveit_resources_panda_description/meshes/visual/link2.dae
-- Installing: /home/vlad/ros2_ws/install/moveit_resources_panda_description/share/moveit_resources_panda_description/meshes/visual/link5.dae
-- Installing: /home/vlad/ros2_ws/install/moveit_resources_panda_description/share/moveit_resources_panda_description/meshes/visual/link6.dae
-- Installing: /home/vlad/ros2_ws/install/moveit_resources_panda_description/share/moveit_resources_panda_description/meshes/visual/link1.dae
-- Installing: /home/vlad/ros2_ws/install/moveit_resources_panda_description/share/moveit_resources_panda_description/meshes/visual/link4.dae
-- Installing: /home/vlad/ros2_ws/install/moveit_resources_panda_description/share/moveit_resources_panda_description/meshes/visual/finger.dae
-- Installing: /home/vlad/ros2_ws/install/moveit_resources_panda_description/share/moveit_resources_panda_description/meshes/visual/link0.dae
-- Installing: /home/vlad/ros2_ws/install/moveit_resources_panda_description/share/moveit_resources_panda_description/meshes/collision
-- Installing: /home/vlad/ros2_ws/install/moveit_resources_panda_description/share/moveit_resources_panda_description/meshes/collision/link7.stl
-- Installing: /home/vlad/ros2_ws/install/moveit_resources_panda_description/share/moveit_resources_panda_description/meshes/collision/link2.stl
-- Installing: /home/vlad/ros2_ws/install/moveit_resources_panda_description/share/moveit_resources_panda_description/meshes/collision/finger.stl
-- Installing: /home/vlad/ros2_ws/install/moveit_resources_panda_description/share/moveit_resources_panda_description/meshes/collision/link3.stl
-- Installing: /home/vlad/ros2_ws/install/moveit_resources_panda_description/share/moveit_resources_panda_description/meshes/collision/link1.stl
-- Installing: /home/vlad/ros2_ws/install/moveit_resources_panda_description/share/moveit_resources_panda_description/meshes/collision/link6.stl
-- Installing: /home/vlad/ros2_ws/install/moveit_resources_panda_description/share/moveit_resources_panda_description/meshes/collision/hand.stl
-- Installing: /home/vlad/ros2_ws/install/moveit_resources_panda_description/share/moveit_resources_panda_description/meshes/collision/link4.stl
-- Installing: /home/vlad/ros2_ws/install/moveit_resources_panda_description/share/moveit_resources_panda_description/meshes/collision/link0.stl
-- Installing: /home/vlad/ros2_ws/install/moveit_resources_panda_description/share/moveit_resources_panda_description/meshes/collision/link5.stl
-- Installing: /home/vlad/ros2_ws/install/moveit_resources_panda_description/share/moveit_resources_panda_description/urdf
-- Installing: /home/vlad/ros2_ws/install/moveit_resources_panda_description/share/moveit_resources_panda_description/urdf/panda.urdf
