-- The C compiler identification is GNU 9.3.0
-- The CXX compiler identification is GNU 9.3.0
-- Check for working C compiler: /usr/bin/cc
-- Check for working C compiler: /usr/bin/cc -- works
-- Detecting C compiler ABI info
-- Detecting C compiler ABI info - done
-- Detecting C compile features
-- Detecting C compile features - done
-- Check for working CXX compiler: /usr/bin/c++
-- Check for working CXX compiler: /usr/bin/c++ -- works
-- Detecting CXX compiler ABI info
-- Detecting CXX compiler ABI info - done
-- Detecting CXX compile features
-- Detecting CXX compile features - done
-- Create Debug Build.
-- Found ament_cmake: 0.9.7 (/home/vlad/ros2_foxy/install/ament_cmake/share/ament_cmake/cmake)
-- Found PythonInterp: /usr/bin/python3 (found suitable version "3.8.5", minimum required is "3") 
-- Using PYTHON_EXECUTABLE: /usr/bin/python3
-- Override CMake install command with custom implementation using symlinks instead of copying resources
-- Found rclcpp: 2.2.0 (/home/vlad/ros2_foxy/install/rclcpp/share/rclcpp/cmake)
-- Using all available rosidl_typesupport_c: rosidl_typesupport_fastrtps_c;rosidl_typesupport_introspection_c
-- Found rosidl_adapter: 1.1.0 (/home/vlad/ros2_foxy/install/rosidl_adapter/share/rosidl_adapter/cmake)
-- Found OpenSSL: /usr/lib/x86_64-linux-gnu/libcrypto.so (found version "1.1.1f")  
-- Found FastRTPS: /home/vlad/ros2_foxy/install/fastrtps/include  
-- Using all available rosidl_typesupport_cpp: rosidl_typesupport_fastrtps_cpp;rosidl_typesupport_introspection_cpp
-- Found rmw_implementation_cmake: 1.0.2 (/home/vlad/ros2_foxy/install/rmw_implementation_cmake/share/rmw_implementation_cmake/cmake)
-- Using RMW implementation 'rmw_fastrtps_cpp' as default
-- Looking for pthread.h
-- Looking for pthread.h - found
-- Performing Test CMAKE_HAVE_LIBC_PTHREAD
-- Performing Test CMAKE_HAVE_LIBC_PTHREAD - Failed
-- Looking for pthread_create in pthreads
-- Looking for pthread_create in pthreads - not found
-- Looking for pthread_create in pthread
-- Looking for pthread_create in pthread - found
-- Found Threads: TRUE  
-- Found nav_msgs: 2.0.3 (/home/vlad/ros2_foxy/install/nav_msgs/share/nav_msgs/cmake)
-- Found sensor_msgs: 2.0.3 (/home/vlad/ros2_foxy/install/sensor_msgs/share/sensor_msgs/cmake)
-- Found OpenCV: /usr (found version "4.2.0") 
-- Found tf2: 0.13.7 (/home/vlad/ros2_foxy/install/tf2/share/tf2/cmake)
-- Found tf2_ros: 0.13.7 (/home/vlad/ros2_foxy/install/tf2_ros/share/tf2_ros/cmake)
-- Found realsense_ros: 2.0.8 (/home/vlad/ros2_ws/install/realsense_ros/share/realsense_ros/cmake)
-- Found realsense_msgs: 2.0.8 (/home/vlad/ros2_ws/install/realsense_msgs/share/realsense_msgs/cmake)
-- Found ament_lint_auto: 0.9.5 (/home/vlad/ros2_foxy/install/ament_lint_auto/share/ament_lint_auto/cmake)
-- Added test 'copyright' to check source files copyright and LICENSE
-- Added test 'cppcheck' to perform static code analysis on C / C++ code
-- Configured cppcheck include dirs: /home/vlad/ros2_ws/src/ros2_intel_realsense/realsense_node/include
-- Configured cppcheck exclude dirs and/or files: 
-- Added test 'cpplint' to check C / C++ code against the Google style
-- Configured cpplint exclude dirs and/or files: 
-- Added test 'lint_cmake' to check CMake code style
-- Added test 'uncrustify' to check C / C++ code style
-- Configured uncrustify additional arguments: 
-- Added test 'xmllint' to check XML markup files
-- Configuring done
-- Generating done
-- Build files have been written to: /home/vlad/ros2_ws/build/realsense_node
[35m[1mScanning dependencies of target realsense_node[0m
[ 50%] [32mBuilding CXX object CMakeFiles/realsense_node.dir/src/realsense_node.cpp.o[0m
[100%] [32m[1mLinking CXX executable realsense_node[0m
[100%] Built target realsense_node
-- Install configuration: ""
-- Execute custom install script
-- Symlinking: /home/vlad/ros2_ws/install/realsense_node/lib/realsense_node/realsense_node
-- Symlinking: /home/vlad/ros2_ws/install/realsense_node/bin/realsense_node
-- Symlinking: /home/vlad/ros2_ws/install/realsense_node/share/ament_index/resource_index/package_run_dependencies/realsense_node
-- Symlinking: /home/vlad/ros2_ws/install/realsense_node/share/ament_index/resource_index/parent_prefix_path/realsense_node
-- Symlinking: /home/vlad/ros2_ws/install/realsense_node/share/realsense_node/environment/ament_prefix_path.sh
-- Symlinking: /home/vlad/ros2_ws/install/realsense_node/share/realsense_node/environment/ament_prefix_path.dsv
-- Symlinking: /home/vlad/ros2_ws/install/realsense_node/share/realsense_node/environment/path.sh
-- Symlinking: /home/vlad/ros2_ws/install/realsense_node/share/realsense_node/environment/path.dsv
-- Symlinking: /home/vlad/ros2_ws/install/realsense_node/share/realsense_node/local_setup.bash
-- Symlinking: /home/vlad/ros2_ws/install/realsense_node/share/realsense_node/local_setup.sh
-- Symlinking: /home/vlad/ros2_ws/install/realsense_node/share/realsense_node/local_setup.zsh
-- Symlinking: /home/vlad/ros2_ws/install/realsense_node/share/realsense_node/local_setup.dsv
-- Symlinking: /home/vlad/ros2_ws/install/realsense_node/share/realsense_node/package.dsv
-- Symlinking: /home/vlad/ros2_ws/install/realsense_node/share/ament_index/resource_index/packages/realsense_node
-- Symlinking: /home/vlad/ros2_ws/install/realsense_node/share/realsense_node/cmake/realsense_nodeConfig.cmake
-- Symlinking: /home/vlad/ros2_ws/install/realsense_node/share/realsense_node/cmake/realsense_nodeConfig-version.cmake
-- Symlinking: /home/vlad/ros2_ws/install/realsense_node/share/realsense_node/package.xml
