-- The CXX compiler identification is GNU 9.3.0
-- Check for working CXX compiler: /usr/bin/c++
-- Check for working CXX compiler: /usr/bin/c++ -- works
-- Detecting CXX compiler ABI info
-- Detecting CXX compiler ABI info - done
-- Detecting CXX compile features
-- Detecting CXX compile features - done
-- Found Boost: /usr/lib/x86_64-linux-gnu/cmake/Boost-1.71.0/BoostConfig.cmake (found version "1.71.0")  
-- Found ament_cmake: 0.9.7 (/home/vlad/ros2_foxy/install/ament_cmake/share/ament_cmake/cmake)
-- Found PythonInterp: /usr/bin/python3 (found suitable version "3.8.5", minimum required is "3") 
-- Using PYTHON_EXECUTABLE: /usr/bin/python3
-- Found urdf: 2.4.0 (/home/vlad/ros2_foxy/install/urdf/share/urdf/cmake)
-- Found tinyxml2_vendor: 0.7.3 (/home/vlad/ros2_foxy/install/tinyxml2_vendor/share/tinyxml2_vendor/cmake)
-- Found TinyXML2: /usr/lib/x86_64-linux-gnu/libtinyxml2.so  
-- Found ament_cmake_gtest: 0.9.7 (/home/vlad/ros2_foxy/install/ament_cmake_gtest/share/ament_cmake_gtest/cmake)
-- Found gtest sources under '/home/vlad/ros2_foxy/install/gtest_vendor/src/gtest_vendor': C++ tests using 'Google Test' will be built
-- The C compiler identification is GNU 9.3.0
-- Check for working C compiler: /usr/bin/cc
-- Check for working C compiler: /usr/bin/cc -- works
-- Detecting C compiler ABI info
-- Detecting C compiler ABI info - done
-- Detecting C compile features
-- Detecting C compile features - done
-- Looking for C++ include pthread.h
-- Looking for C++ include pthread.h - found
-- Performing Test CMAKE_HAVE_LIBC_PTHREAD
-- Performing Test CMAKE_HAVE_LIBC_PTHREAD - Failed
-- Check if compiler accepts -pthread
-- Check if compiler accepts -pthread - yes
-- Found Threads: TRUE  
-- Configuring done
-- Generating done
-- Build files have been written to: /home/vlad/ros2_ws/src/build/srdfdom
[35m[1mScanning dependencies of target srdfdom[0m
[35m[1mScanning dependencies of target gtest_main[0m
[35m[1mScanning dependencies of target gtest[0m
[ 10%] [32mBuilding CXX object CMakeFiles/srdfdom.dir/src/model.cpp.o[0m
[ 20%] [32mBuilding CXX object gtest/CMakeFiles/gtest_main.dir/src/gtest_main.cc.o[0m
[ 30%] [32mBuilding CXX object gtest/CMakeFiles/gtest.dir/src/gtest-all.cc.o[0m
[ 40%] [32mBuilding CXX object CMakeFiles/srdfdom.dir/src/srdf_writer.cpp.o[0m
[ 50%] [32m[1mLinking CXX static library libgtest_main.a[0m
[ 50%] Built target gtest_main
[ 60%] [32m[1mLinking CXX shared library libsrdfdom.so[0m
[ 60%] Built target srdfdom
[ 70%] [32m[1mLinking CXX static library libgtest.a[0m
[ 70%] Built target gtest
[35m[1mScanning dependencies of target test_cpp[0m
[35m[1mScanning dependencies of target test_parser[0m
[ 80%] [32m[1mLinking CXX executable test_parser[0m
[ 90%] [32mBuilding CXX object CMakeFiles/test_cpp.dir/test/test_parser.cpp.o[0m
[ 90%] Built target test_parser
[100%] [32m[1mLinking CXX executable test_cpp[0m
[100%] Built target test_cpp
