-- Found ament_cmake: 0.9.7 (/home/vlad/ros2_foxy/install/ament_cmake/share/ament_cmake/cmake)
-- Using PYTHON_EXECUTABLE: /usr/bin/python3
-- Found hardware_interface: 0.0.0 (/home/vlad/ros2_ws/install/hardware_interface/share/hardware_interface/cmake)
-- Using all available rosidl_typesupport_c: rosidl_typesupport_introspection_c;rosidl_typesupport_fastrtps_c
-- Found rosidl_adapter: 1.1.0 (/home/vlad/ros2_foxy/install/rosidl_adapter/share/rosidl_adapter/cmake)
-- Using all available rosidl_typesupport_cpp: rosidl_typesupport_introspection_cpp;rosidl_typesupport_fastrtps_cpp
-- Found rmw_implementation_cmake: 1.0.2 (/home/vlad/ros2_foxy/install/rmw_implementation_cmake/share/rmw_implementation_cmake/cmake)
-- Using RMW implementation 'rmw_fastrtps_cpp' as default
-- Found controller_manager: 0.0.0 (/home/vlad/ros2_ws/install/controller_manager/share/controller_manager/cmake)
-- Found urdf: 2.4.0 (/home/vlad/ros2_foxy/install/urdf/share/urdf/cmake)
-- Found xacro: 2.0.4 (/opt/ros/foxy/share/xacro/cmake)
-- Configuring done
-- Generating done
-- Build files have been written to: /home/vlad/ros2_ws/build/fake_joint_driver
[35m[1mScanning dependencies of target fake_joint_driver_node[0m
[ 33%] [32mBuilding CXX object CMakeFiles/fake_joint_driver_node.dir/src/fake_joint_driver_node.cpp.o[0m
[ 66%] [32mBuilding CXX object CMakeFiles/fake_joint_driver_node.dir/src/fake_joint_driver.cpp.o[0m
[100%] [32m[1mLinking CXX executable fake_joint_driver_node[0m
[100%] Built target fake_joint_driver_node
-- Install configuration: "Release"
-- Installing: /home/vlad/ros2_ws/install/fake_joint_driver/lib/fake_joint_driver/fake_joint_driver_node
-- Set runtime path of "/home/vlad/ros2_ws/install/fake_joint_driver/lib/fake_joint_driver/fake_joint_driver_node" to ""
-- Up-to-date: /home/vlad/ros2_ws/install/fake_joint_driver/share/config
-- Up-to-date: /home/vlad/ros2_ws/install/fake_joint_driver/share/config/controllers.yaml
-- Up-to-date: /home/vlad/ros2_ws/install/fake_joint_driver/share/robot
-- Up-to-date: /home/vlad/ros2_ws/install/fake_joint_driver/share/robot/arm3.urdf.xacro
-- Up-to-date: /home/vlad/ros2_ws/install/fake_joint_driver/share/test
-- Up-to-date: /home/vlad/ros2_ws/install/fake_joint_driver/share/test/test_fake_joint_driver.py
-- Up-to-date: /home/vlad/ros2_ws/install/fake_joint_driver/share/test/fake_joint_driver.test
-- Up-to-date: /home/vlad/ros2_ws/install/fake_joint_driver/include
-- Up-to-date: /home/vlad/ros2_ws/install/fake_joint_driver/include/fake_joint_driver.h
-- Up-to-date: /home/vlad/ros2_ws/install/fake_joint_driver/share/ament_index/resource_index/package_run_dependencies/fake_joint_driver
-- Installing: /home/vlad/ros2_ws/install/fake_joint_driver/share/ament_index/resource_index/parent_prefix_path/fake_joint_driver
-- Installing: /home/vlad/ros2_ws/install/fake_joint_driver/share/fake_joint_driver/environment/ament_prefix_path.dsv
-- Installing: /home/vlad/ros2_ws/install/fake_joint_driver/share/fake_joint_driver/environment/path.dsv
-- Up-to-date: /home/vlad/ros2_ws/install/fake_joint_driver/share/fake_joint_driver/local_setup.bash
-- Up-to-date: /home/vlad/ros2_ws/install/fake_joint_driver/share/fake_joint_driver/local_setup.sh
-- Up-to-date: /home/vlad/ros2_ws/install/fake_joint_driver/share/fake_joint_driver/local_setup.zsh
-- Installing: /home/vlad/ros2_ws/install/fake_joint_driver/share/fake_joint_driver/local_setup.dsv
-- Installing: /home/vlad/ros2_ws/install/fake_joint_driver/share/fake_joint_driver/package.dsv
-- Up-to-date: /home/vlad/ros2_ws/install/fake_joint_driver/share/ament_index/resource_index/packages/fake_joint_driver
-- Up-to-date: /home/vlad/ros2_ws/install/fake_joint_driver/share/fake_joint_driver/cmake/ament_cmake_export_dependencies-extras.cmake
-- Up-to-date: /home/vlad/ros2_ws/install/fake_joint_driver/share/fake_joint_driver/cmake/fake_joint_driverConfig.cmake
-- Up-to-date: /home/vlad/ros2_ws/install/fake_joint_driver/share/fake_joint_driver/cmake/fake_joint_driverConfig-version.cmake
-- Up-to-date: /home/vlad/ros2_ws/install/fake_joint_driver/share/fake_joint_driver/package.xml
