[0.034s] Invoking command in '/home/vlad/ros2_ws/build/realsense_msgs': CMAKE_PREFIX_PATH=${CMAKE_PREFIX_PATH}:/opt/ros/foxy:/home/vlad/ros2_foxy/install/ros2bag:/home/vlad/ros2_foxy/install/tracetools_launch:/home/vlad/ros2_foxy/install/topic_monitor:/home/vlad/ros2_foxy/install/examples_tf2_py:/home/vlad/ros2_foxy/install/sros2:/home/vlad/ros2_foxy/install/rqt_topic:/home/vlad/ros2_foxy/install/rqt_reconfigure:/home/vlad/ros2_foxy/install/rqt_action:/home/vlad/ros2_foxy/install/rqt:/home/vlad/ros2_foxy/install/rqt_graph:/home/vlad/ros2_foxy/install/rqt_gui_py:/home/vlad/ros2_foxy/install/rqt_gui:/home/vlad/ros2_foxy/install/ros2trace:/home/vlad/ros2_foxy/install/ros2topic:/home/vlad/ros2_foxy/install/ros2test:/home/vlad/ros2_foxy/install/ros2component:/home/vlad/ros2_foxy/install/ros2param:/home/vlad/ros2_foxy/install/ros2lifecycle:/home/vlad/ros2_foxy/install/ros2service:/home/vlad/ros2_foxy/install/ros2run:/home/vlad/ros2_foxy/install/ros2launch:/home/vlad/ros2_foxy/install/ros2pkg:/home/vlad/ros2_foxy/install/ros2node:/home/vlad/ros2_foxy/install/ros2multicast:/home/vlad/ros2_foxy/install/ros2interface:/home/vlad/ros2_foxy/install/ros2doctor:/home/vlad/ros2_foxy/install/ros2action:/home/vlad/ros2_foxy/install/ros2cli:/home/vlad/ros2_foxy/install/quality_of_service_demo_py:/home/vlad/ros2_foxy/install/launch_testing_ros:/home/vlad/ros2_foxy/install/launch_ros:/home/vlad/ros2_foxy/install/examples_rclpy_minimal_subscriber:/home/vlad/ros2_foxy/install/examples_rclpy_minimal_service:/home/vlad/ros2_foxy/install/examples_rclpy_minimal_publisher:/home/vlad/ros2_foxy/install/examples_rclpy_minimal_client:/home/vlad/ros2_foxy/install/examples_rclpy_minimal_action_server:/home/vlad/ros2_foxy/install/examples_rclpy_minimal_action_client:/home/vlad/ros2_foxy/install/examples_rclpy_executors:/home/vlad/ros2_foxy/install/demo_nodes_py:/home/vlad/ros2_foxy/install/action_tutorials_py:/home/vlad/ros2_foxy/install/ament_uncrustify:/home/vlad/ros2_foxy/install/tracetools_trace:/home/vlad/ros2_foxy/install/tracetools_read:/home/vlad/ros2_foxy/install/test_launch_ros:/home/vlad/ros2_foxy/install/rpyutils:/home/vlad/ros2_foxy/install/rosidl_runtime_py:/home/vlad/ros2_foxy/install/launch_yaml:/home/vlad/ros2_foxy/install/launch_xml:/home/vlad/ros2_foxy/install/launch_testing:/home/vlad/ros2_foxy/install/launch:/home/vlad/ros2_foxy/install/osrf_pycommon:/home/vlad/ros2_foxy/install/domain_coordinator:/home/vlad/ros2_foxy/install/ament_xmllint:/home/vlad/ros2_foxy/install/ament_pyflakes:/home/vlad/ros2_foxy/install/ament_pycodestyle:/home/vlad/ros2_foxy/install/ament_pep257:/home/vlad/ros2_foxy/install/ament_pclint:/home/vlad/ros2_foxy/install/ament_package:/home/vlad/ros2_foxy/install/ament_mypy:/home/vlad/ros2_foxy/install/ament_lint_cmake:/home/vlad/ros2_foxy/install/ament_flake8:/home/vlad/ros2_foxy/install/ament_copyright:/home/vlad/ros2_foxy/install/ament_lint:/home/vlad/ros2_foxy/install/ament_index_python:/home/vlad/ros2_foxy/install/ament_cpplint:/home/vlad/ros2_foxy/install/ament_cppcheck:/home/vlad/ros2_foxy/install/ament_clang_tidy:/home/vlad/ros2_foxy/install/ament_clang_format /usr/bin/cmake --build /home/vlad/ros2_ws/build/realsense_msgs -- -j12 -l12
[0.136s] [  3%] Built target realsense_msgs__cpp
[0.136s] [ 12%] Built target realsense_msgs__rosidl_generator_c
[0.182s] [ 22%] Built target realsense_msgs__rosidl_typesupport_introspection_c
[0.182s] [ 32%] Built target realsense_msgs__rosidl_typesupport_cpp
[0.185s] [ 41%] Built target realsense_msgs__rosidl_typesupport_fastrtps_cpp
[0.187s] [ 51%] Built target realsense_msgs__rosidl_typesupport_introspection_cpp
[0.188s] [ 61%] Built target realsense_msgs__rosidl_typesupport_c
[0.230s] [ 70%] Built target realsense_msgs__rosidl_typesupport_fastrtps_c
[0.269s] [ 70%] Built target realsense_msgs
[0.310s] [ 74%] Built target realsense_msgs__py
[0.354s] [ 80%] Built target realsense_msgs__python
[0.398s] [ 87%] Built target realsense_msgs__rosidl_typesupport_introspection_c__pyext
[0.404s] [ 93%] Built target realsense_msgs__rosidl_typesupport_c__pyext
[0.405s] [100%] Built target realsense_msgs__rosidl_typesupport_fastrtps_c__pyext
[0.422s] Invoked command in '/home/vlad/ros2_ws/build/realsense_msgs' returned '0': CMAKE_PREFIX_PATH=${CMAKE_PREFIX_PATH}:/opt/ros/foxy:/home/vlad/ros2_foxy/install/ros2bag:/home/vlad/ros2_foxy/install/tracetools_launch:/home/vlad/ros2_foxy/install/topic_monitor:/home/vlad/ros2_foxy/install/examples_tf2_py:/home/vlad/ros2_foxy/install/sros2:/home/vlad/ros2_foxy/install/rqt_topic:/home/vlad/ros2_foxy/install/rqt_reconfigure:/home/vlad/ros2_foxy/install/rqt_action:/home/vlad/ros2_foxy/install/rqt:/home/vlad/ros2_foxy/install/rqt_graph:/home/vlad/ros2_foxy/install/rqt_gui_py:/home/vlad/ros2_foxy/install/rqt_gui:/home/vlad/ros2_foxy/install/ros2trace:/home/vlad/ros2_foxy/install/ros2topic:/home/vlad/ros2_foxy/install/ros2test:/home/vlad/ros2_foxy/install/ros2component:/home/vlad/ros2_foxy/install/ros2param:/home/vlad/ros2_foxy/install/ros2lifecycle:/home/vlad/ros2_foxy/install/ros2service:/home/vlad/ros2_foxy/install/ros2run:/home/vlad/ros2_foxy/install/ros2launch:/home/vlad/ros2_foxy/install/ros2pkg:/home/vlad/ros2_foxy/install/ros2node:/home/vlad/ros2_foxy/install/ros2multicast:/home/vlad/ros2_foxy/install/ros2interface:/home/vlad/ros2_foxy/install/ros2doctor:/home/vlad/ros2_foxy/install/ros2action:/home/vlad/ros2_foxy/install/ros2cli:/home/vlad/ros2_foxy/install/quality_of_service_demo_py:/home/vlad/ros2_foxy/install/launch_testing_ros:/home/vlad/ros2_foxy/install/launch_ros:/home/vlad/ros2_foxy/install/examples_rclpy_minimal_subscriber:/home/vlad/ros2_foxy/install/examples_rclpy_minimal_service:/home/vlad/ros2_foxy/install/examples_rclpy_minimal_publisher:/home/vlad/ros2_foxy/install/examples_rclpy_minimal_client:/home/vlad/ros2_foxy/install/examples_rclpy_minimal_action_server:/home/vlad/ros2_foxy/install/examples_rclpy_minimal_action_client:/home/vlad/ros2_foxy/install/examples_rclpy_executors:/home/vlad/ros2_foxy/install/demo_nodes_py:/home/vlad/ros2_foxy/install/action_tutorials_py:/home/vlad/ros2_foxy/install/ament_uncrustify:/home/vlad/ros2_foxy/install/tracetools_trace:/home/vlad/ros2_foxy/install/tracetools_read:/home/vlad/ros2_foxy/install/test_launch_ros:/home/vlad/ros2_foxy/install/rpyutils:/home/vlad/ros2_foxy/install/rosidl_runtime_py:/home/vlad/ros2_foxy/install/launch_yaml:/home/vlad/ros2_foxy/install/launch_xml:/home/vlad/ros2_foxy/install/launch_testing:/home/vlad/ros2_foxy/install/launch:/home/vlad/ros2_foxy/install/osrf_pycommon:/home/vlad/ros2_foxy/install/domain_coordinator:/home/vlad/ros2_foxy/install/ament_xmllint:/home/vlad/ros2_foxy/install/ament_pyflakes:/home/vlad/ros2_foxy/install/ament_pycodestyle:/home/vlad/ros2_foxy/install/ament_pep257:/home/vlad/ros2_foxy/install/ament_pclint:/home/vlad/ros2_foxy/install/ament_package:/home/vlad/ros2_foxy/install/ament_mypy:/home/vlad/ros2_foxy/install/ament_lint_cmake:/home/vlad/ros2_foxy/install/ament_flake8:/home/vlad/ros2_foxy/install/ament_copyright:/home/vlad/ros2_foxy/install/ament_lint:/home/vlad/ros2_foxy/install/ament_index_python:/home/vlad/ros2_foxy/install/ament_cpplint:/home/vlad/ros2_foxy/install/ament_cppcheck:/home/vlad/ros2_foxy/install/ament_clang_tidy:/home/vlad/ros2_foxy/install/ament_clang_format /usr/bin/cmake --build /home/vlad/ros2_ws/build/realsense_msgs -- -j12 -l12
[0.579s] Invoking command in '/home/vlad/ros2_ws/build/realsense_msgs': CMAKE_PREFIX_PATH=${CMAKE_PREFIX_PATH}:/opt/ros/foxy:/home/vlad/ros2_foxy/install/ros2bag:/home/vlad/ros2_foxy/install/tracetools_launch:/home/vlad/ros2_foxy/install/topic_monitor:/home/vlad/ros2_foxy/install/examples_tf2_py:/home/vlad/ros2_foxy/install/sros2:/home/vlad/ros2_foxy/install/rqt_topic:/home/vlad/ros2_foxy/install/rqt_reconfigure:/home/vlad/ros2_foxy/install/rqt_action:/home/vlad/ros2_foxy/install/rqt:/home/vlad/ros2_foxy/install/rqt_graph:/home/vlad/ros2_foxy/install/rqt_gui_py:/home/vlad/ros2_foxy/install/rqt_gui:/home/vlad/ros2_foxy/install/ros2trace:/home/vlad/ros2_foxy/install/ros2topic:/home/vlad/ros2_foxy/install/ros2test:/home/vlad/ros2_foxy/install/ros2component:/home/vlad/ros2_foxy/install/ros2param:/home/vlad/ros2_foxy/install/ros2lifecycle:/home/vlad/ros2_foxy/install/ros2service:/home/vlad/ros2_foxy/install/ros2run:/home/vlad/ros2_foxy/install/ros2launch:/home/vlad/ros2_foxy/install/ros2pkg:/home/vlad/ros2_foxy/install/ros2node:/home/vlad/ros2_foxy/install/ros2multicast:/home/vlad/ros2_foxy/install/ros2interface:/home/vlad/ros2_foxy/install/ros2doctor:/home/vlad/ros2_foxy/install/ros2action:/home/vlad/ros2_foxy/install/ros2cli:/home/vlad/ros2_foxy/install/quality_of_service_demo_py:/home/vlad/ros2_foxy/install/launch_testing_ros:/home/vlad/ros2_foxy/install/launch_ros:/home/vlad/ros2_foxy/install/examples_rclpy_minimal_subscriber:/home/vlad/ros2_foxy/install/examples_rclpy_minimal_service:/home/vlad/ros2_foxy/install/examples_rclpy_minimal_publisher:/home/vlad/ros2_foxy/install/examples_rclpy_minimal_client:/home/vlad/ros2_foxy/install/examples_rclpy_minimal_action_server:/home/vlad/ros2_foxy/install/examples_rclpy_minimal_action_client:/home/vlad/ros2_foxy/install/examples_rclpy_executors:/home/vlad/ros2_foxy/install/demo_nodes_py:/home/vlad/ros2_foxy/install/action_tutorials_py:/home/vlad/ros2_foxy/install/ament_uncrustify:/home/vlad/ros2_foxy/install/tracetools_trace:/home/vlad/ros2_foxy/install/tracetools_read:/home/vlad/ros2_foxy/install/test_launch_ros:/home/vlad/ros2_foxy/install/rpyutils:/home/vlad/ros2_foxy/install/rosidl_runtime_py:/home/vlad/ros2_foxy/install/launch_yaml:/home/vlad/ros2_foxy/install/launch_xml:/home/vlad/ros2_foxy/install/launch_testing:/home/vlad/ros2_foxy/install/launch:/home/vlad/ros2_foxy/install/osrf_pycommon:/home/vlad/ros2_foxy/install/domain_coordinator:/home/vlad/ros2_foxy/install/ament_xmllint:/home/vlad/ros2_foxy/install/ament_pyflakes:/home/vlad/ros2_foxy/install/ament_pycodestyle:/home/vlad/ros2_foxy/install/ament_pep257:/home/vlad/ros2_foxy/install/ament_pclint:/home/vlad/ros2_foxy/install/ament_package:/home/vlad/ros2_foxy/install/ament_mypy:/home/vlad/ros2_foxy/install/ament_lint_cmake:/home/vlad/ros2_foxy/install/ament_flake8:/home/vlad/ros2_foxy/install/ament_copyright:/home/vlad/ros2_foxy/install/ament_lint:/home/vlad/ros2_foxy/install/ament_index_python:/home/vlad/ros2_foxy/install/ament_cpplint:/home/vlad/ros2_foxy/install/ament_cppcheck:/home/vlad/ros2_foxy/install/ament_clang_tidy:/home/vlad/ros2_foxy/install/ament_clang_format /usr/bin/cmake --install /home/vlad/ros2_ws/build/realsense_msgs
[0.596s] -- Install configuration: ""
[0.596s] -- Execute custom install script
[0.596s] -- Up-to-date symlink: /home/vlad/ros2_ws/install/realsense_msgs/share/ament_index/resource_index/rosidl_interfaces/realsense_msgs
[0.597s] -- Up-to-date symlink: /home/vlad/ros2_ws/install/realsense_msgs/include/realsense_msgs/msg/detail/imu_info__functions.h
[0.597s] -- Up-to-date symlink: /home/vlad/ros2_ws/install/realsense_msgs/include/realsense_msgs/msg/detail/imu_info__struct.h
[0.597s] -- Up-to-date symlink: /home/vlad/ros2_ws/install/realsense_msgs/include/realsense_msgs/msg/detail/imu_info__type_support.h
[0.597s] -- Up-to-date symlink: /home/vlad/ros2_ws/install/realsense_msgs/include/realsense_msgs/msg/imu_info.h
[0.597s] -- Up-to-date symlink: /home/vlad/ros2_ws/install/realsense_msgs/include/realsense_msgs/msg/rosidl_generator_c__visibility_control.h
[0.597s] -- Up-to-date symlink: /home/vlad/ros2_ws/install/realsense_msgs/share/realsense_msgs/environment/library_path.sh
[0.598s] -- Up-to-date symlink: /home/vlad/ros2_ws/install/realsense_msgs/share/realsense_msgs/environment/library_path.dsv
[0.598s] -- Up-to-date symlink: /home/vlad/ros2_ws/install/realsense_msgs/include/realsense_msgs/msg/detail/imu_info__rosidl_typesupport_fastrtps_c.h
[0.598s] -- Up-to-date symlink: /home/vlad/ros2_ws/install/realsense_msgs/include/realsense_msgs/msg/rosidl_typesupport_fastrtps_c__visibility_control.h
[0.598s] -- Up-to-date symlink: /home/vlad/ros2_ws/install/realsense_msgs/lib/librealsense_msgs__rosidl_typesupport_fastrtps_c.so
[0.599s] -- Up-to-date symlink: /home/vlad/ros2_ws/install/realsense_msgs/include/realsense_msgs/msg/detail/imu_info__rosidl_typesupport_fastrtps_cpp.hpp
[0.599s] -- Up-to-date symlink: /home/vlad/ros2_ws/install/realsense_msgs/include/realsense_msgs/msg/rosidl_typesupport_fastrtps_cpp__visibility_control.h
[0.599s] -- Up-to-date symlink: /home/vlad/ros2_ws/install/realsense_msgs/lib/librealsense_msgs__rosidl_typesupport_fastrtps_cpp.so
[0.600s] -- Up-to-date symlink: /home/vlad/ros2_ws/install/realsense_msgs/include/realsense_msgs/msg/detail/imu_info__rosidl_typesupport_introspection_c.h
[0.600s] -- Up-to-date symlink: /home/vlad/ros2_ws/install/realsense_msgs/include/realsense_msgs/msg/rosidl_typesupport_introspection_c__visibility_control.h
[0.600s] -- Up-to-date symlink: /home/vlad/ros2_ws/install/realsense_msgs/include/realsense_msgs/msg/detail/imu_info__builder.hpp
[0.600s] -- Up-to-date symlink: /home/vlad/ros2_ws/install/realsense_msgs/include/realsense_msgs/msg/detail/imu_info__struct.hpp
[0.601s] -- Up-to-date symlink: /home/vlad/ros2_ws/install/realsense_msgs/include/realsense_msgs/msg/detail/imu_info__traits.hpp
[0.601s] -- Up-to-date symlink: /home/vlad/ros2_ws/install/realsense_msgs/include/realsense_msgs/msg/imu_info.hpp
[0.601s] -- Up-to-date symlink: /home/vlad/ros2_ws/install/realsense_msgs/include/realsense_msgs/msg/detail/imu_info__rosidl_typesupport_introspection_cpp.hpp
[0.601s] -- Up-to-date symlink: /home/vlad/ros2_ws/install/realsense_msgs/share/realsense_msgs/environment/pythonpath.sh
[0.602s] -- Up-to-date symlink: /home/vlad/ros2_ws/install/realsense_msgs/share/realsense_msgs/environment/pythonpath.dsv
[0.602s] -- Up-to-date symlink: /home/vlad/ros2_ws/install/realsense_msgs/lib/python3.8/site-packages/realsense_msgs/__init__.py
[0.602s] -- Up-to-date symlink: /home/vlad/ros2_ws/install/realsense_msgs/lib/python3.8/site-packages/realsense_msgs/msg/__init__.py
[0.602s] -- Up-to-date symlink: /home/vlad/ros2_ws/install/realsense_msgs/lib/python3.8/site-packages/realsense_msgs/msg/_imu_info.py
[0.603s] -- Up-to-date symlink: /home/vlad/ros2_ws/install/realsense_msgs/lib/python3.8/site-packages/realsense_msgs/realsense_msgs_s__rosidl_typesupport_fastrtps_c.cpython-38-x86_64-linux-gnu.so
[0.603s] -- Up-to-date symlink: /home/vlad/ros2_ws/install/realsense_msgs/lib/python3.8/site-packages/realsense_msgs/realsense_msgs_s__rosidl_typesupport_introspection_c.cpython-38-x86_64-linux-gnu.so
[0.603s] -- Up-to-date symlink: /home/vlad/ros2_ws/install/realsense_msgs/lib/python3.8/site-packages/realsense_msgs/realsense_msgs_s__rosidl_typesupport_c.cpython-38-x86_64-linux-gnu.so
[0.604s] -- Up-to-date symlink: /home/vlad/ros2_ws/install/realsense_msgs/lib/librealsense_msgs__python.so
[0.604s] -- Up-to-date symlink: /home/vlad/ros2_ws/install/realsense_msgs/share/realsense_msgs/msg/IMUInfo.idl
[0.604s] -- Up-to-date symlink: /home/vlad/ros2_ws/install/realsense_msgs/share/realsense_msgs/msg/IMUInfo.msg
[0.604s] -- Up-to-date symlink: /home/vlad/ros2_ws/install/realsense_msgs/share/ament_index/resource_index/package_run_dependencies/realsense_msgs
[0.605s] -- Up-to-date symlink: /home/vlad/ros2_ws/install/realsense_msgs/share/ament_index/resource_index/parent_prefix_path/realsense_msgs
[0.605s] -- Up-to-date symlink: /home/vlad/ros2_ws/install/realsense_msgs/share/realsense_msgs/environment/ament_prefix_path.sh
[0.605s] -- Up-to-date symlink: /home/vlad/ros2_ws/install/realsense_msgs/share/realsense_msgs/environment/ament_prefix_path.dsv
[0.605s] -- Up-to-date symlink: /home/vlad/ros2_ws/install/realsense_msgs/share/realsense_msgs/environment/path.sh
[0.605s] -- Up-to-date symlink: /home/vlad/ros2_ws/install/realsense_msgs/share/realsense_msgs/environment/path.dsv
[0.606s] -- Up-to-date symlink: /home/vlad/ros2_ws/install/realsense_msgs/share/realsense_msgs/local_setup.bash
[0.606s] -- Up-to-date symlink: /home/vlad/ros2_ws/install/realsense_msgs/share/realsense_msgs/local_setup.sh
[0.606s] -- Up-to-date symlink: /home/vlad/ros2_ws/install/realsense_msgs/share/realsense_msgs/local_setup.zsh
[0.606s] -- Up-to-date symlink: /home/vlad/ros2_ws/install/realsense_msgs/share/realsense_msgs/local_setup.dsv
[0.606s] -- Symlinking: /home/vlad/ros2_ws/install/realsense_msgs/share/realsense_msgs/package.dsv
[0.622s] -- Up-to-date symlink: /home/vlad/ros2_ws/install/realsense_msgs/share/ament_index/resource_index/packages/realsense_msgs
[0.622s] -- Up-to-date symlink: /home/vlad/ros2_ws/install/realsense_msgs/share/realsense_msgs/cmake/rosidl_cmake-extras.cmake
[0.623s] -- Up-to-date symlink: /home/vlad/ros2_ws/install/realsense_msgs/share/realsense_msgs/cmake/ament_cmake_export_dependencies-extras.cmake
[0.623s] -- Up-to-date symlink: /home/vlad/ros2_ws/install/realsense_msgs/share/realsense_msgs/cmake/ament_cmake_export_libraries-extras.cmake
[0.624s] -- Up-to-date symlink: /home/vlad/ros2_ws/install/realsense_msgs/share/realsense_msgs/cmake/ament_cmake_export_targets-extras.cmake
[0.624s] -- Up-to-date symlink: /home/vlad/ros2_ws/install/realsense_msgs/share/realsense_msgs/cmake/ament_cmake_export_include_directories-extras.cmake
[0.624s] -- Up-to-date symlink: /home/vlad/ros2_ws/install/realsense_msgs/share/realsense_msgs/cmake/rosidl_cmake_export_typesupport_libraries-extras.cmake
[0.624s] -- Up-to-date symlink: /home/vlad/ros2_ws/install/realsense_msgs/share/realsense_msgs/cmake/rosidl_cmake_export_typesupport_targets-extras.cmake
[0.624s] -- Up-to-date symlink: /home/vlad/ros2_ws/install/realsense_msgs/share/realsense_msgs/cmake/realsense_msgsConfig.cmake
[0.625s] -- Up-to-date symlink: /home/vlad/ros2_ws/install/realsense_msgs/share/realsense_msgs/cmake/realsense_msgsConfig-version.cmake
[0.625s] -- Up-to-date symlink: /home/vlad/ros2_ws/install/realsense_msgs/share/realsense_msgs/package.xml
[0.625s] -- Up-to-date: /home/vlad/ros2_ws/install/realsense_msgs/lib/librealsense_msgs__rosidl_generator_c.so
[0.625s] -- Up-to-date: /home/vlad/ros2_ws/install/realsense_msgs/lib/librealsense_msgs__rosidl_typesupport_introspection_c.so
[0.626s] -- Up-to-date: /home/vlad/ros2_ws/install/realsense_msgs/lib/librealsense_msgs__rosidl_typesupport_c.so
[0.626s] -- Up-to-date: /home/vlad/ros2_ws/install/realsense_msgs/lib/librealsense_msgs__rosidl_typesupport_introspection_cpp.so
[0.626s] -- Up-to-date: /home/vlad/ros2_ws/install/realsense_msgs/lib/librealsense_msgs__rosidl_typesupport_cpp.so
[0.935s] -- Up-to-date: /home/vlad/ros2_ws/install/realsense_msgs/share/realsense_msgs/cmake/realsense_msgs__rosidl_generator_cExport.cmake
[0.935s] -- Up-to-date: /home/vlad/ros2_ws/install/realsense_msgs/share/realsense_msgs/cmake/realsense_msgs__rosidl_generator_cExport-noconfig.cmake
[0.935s] -- Up-to-date: /home/vlad/ros2_ws/install/realsense_msgs/share/realsense_msgs/cmake/realsense_msgs__rosidl_typesupport_introspection_cExport.cmake
[0.935s] -- Up-to-date: /home/vlad/ros2_ws/install/realsense_msgs/share/realsense_msgs/cmake/realsense_msgs__rosidl_typesupport_introspection_cExport-noconfig.cmake
[0.935s] -- Up-to-date: /home/vlad/ros2_ws/install/realsense_msgs/share/realsense_msgs/cmake/realsense_msgs__rosidl_typesupport_cExport.cmake
[0.935s] -- Up-to-date: /home/vlad/ros2_ws/install/realsense_msgs/share/realsense_msgs/cmake/realsense_msgs__rosidl_typesupport_cExport-noconfig.cmake
[0.935s] -- Up-to-date: /home/vlad/ros2_ws/install/realsense_msgs/share/realsense_msgs/cmake/realsense_msgs__rosidl_generator_cppExport.cmake
[0.936s] -- Up-to-date: /home/vlad/ros2_ws/install/realsense_msgs/share/realsense_msgs/cmake/realsense_msgs__rosidl_typesupport_introspection_cppExport.cmake
[0.936s] -- Up-to-date: /home/vlad/ros2_ws/install/realsense_msgs/share/realsense_msgs/cmake/realsense_msgs__rosidl_typesupport_introspection_cppExport-noconfig.cmake
[0.936s] -- Up-to-date: /home/vlad/ros2_ws/install/realsense_msgs/share/realsense_msgs/cmake/realsense_msgs__rosidl_typesupport_cppExport.cmake
[0.936s] -- Up-to-date: /home/vlad/ros2_ws/install/realsense_msgs/share/realsense_msgs/cmake/realsense_msgs__rosidl_typesupport_cppExport-noconfig.cmake
[0.938s] Invoked command in '/home/vlad/ros2_ws/build/realsense_msgs' returned '0': CMAKE_PREFIX_PATH=${CMAKE_PREFIX_PATH}:/opt/ros/foxy:/home/vlad/ros2_foxy/install/ros2bag:/home/vlad/ros2_foxy/install/tracetools_launch:/home/vlad/ros2_foxy/install/topic_monitor:/home/vlad/ros2_foxy/install/examples_tf2_py:/home/vlad/ros2_foxy/install/sros2:/home/vlad/ros2_foxy/install/rqt_topic:/home/vlad/ros2_foxy/install/rqt_reconfigure:/home/vlad/ros2_foxy/install/rqt_action:/home/vlad/ros2_foxy/install/rqt:/home/vlad/ros2_foxy/install/rqt_graph:/home/vlad/ros2_foxy/install/rqt_gui_py:/home/vlad/ros2_foxy/install/rqt_gui:/home/vlad/ros2_foxy/install/ros2trace:/home/vlad/ros2_foxy/install/ros2topic:/home/vlad/ros2_foxy/install/ros2test:/home/vlad/ros2_foxy/install/ros2component:/home/vlad/ros2_foxy/install/ros2param:/home/vlad/ros2_foxy/install/ros2lifecycle:/home/vlad/ros2_foxy/install/ros2service:/home/vlad/ros2_foxy/install/ros2run:/home/vlad/ros2_foxy/install/ros2launch:/home/vlad/ros2_foxy/install/ros2pkg:/home/vlad/ros2_foxy/install/ros2node:/home/vlad/ros2_foxy/install/ros2multicast:/home/vlad/ros2_foxy/install/ros2interface:/home/vlad/ros2_foxy/install/ros2doctor:/home/vlad/ros2_foxy/install/ros2action:/home/vlad/ros2_foxy/install/ros2cli:/home/vlad/ros2_foxy/install/quality_of_service_demo_py:/home/vlad/ros2_foxy/install/launch_testing_ros:/home/vlad/ros2_foxy/install/launch_ros:/home/vlad/ros2_foxy/install/examples_rclpy_minimal_subscriber:/home/vlad/ros2_foxy/install/examples_rclpy_minimal_service:/home/vlad/ros2_foxy/install/examples_rclpy_minimal_publisher:/home/vlad/ros2_foxy/install/examples_rclpy_minimal_client:/home/vlad/ros2_foxy/install/examples_rclpy_minimal_action_server:/home/vlad/ros2_foxy/install/examples_rclpy_minimal_action_client:/home/vlad/ros2_foxy/install/examples_rclpy_executors:/home/vlad/ros2_foxy/install/demo_nodes_py:/home/vlad/ros2_foxy/install/action_tutorials_py:/home/vlad/ros2_foxy/install/ament_uncrustify:/home/vlad/ros2_foxy/install/tracetools_trace:/home/vlad/ros2_foxy/install/tracetools_read:/home/vlad/ros2_foxy/install/test_launch_ros:/home/vlad/ros2_foxy/install/rpyutils:/home/vlad/ros2_foxy/install/rosidl_runtime_py:/home/vlad/ros2_foxy/install/launch_yaml:/home/vlad/ros2_foxy/install/launch_xml:/home/vlad/ros2_foxy/install/launch_testing:/home/vlad/ros2_foxy/install/launch:/home/vlad/ros2_foxy/install/osrf_pycommon:/home/vlad/ros2_foxy/install/domain_coordinator:/home/vlad/ros2_foxy/install/ament_xmllint:/home/vlad/ros2_foxy/install/ament_pyflakes:/home/vlad/ros2_foxy/install/ament_pycodestyle:/home/vlad/ros2_foxy/install/ament_pep257:/home/vlad/ros2_foxy/install/ament_pclint:/home/vlad/ros2_foxy/install/ament_package:/home/vlad/ros2_foxy/install/ament_mypy:/home/vlad/ros2_foxy/install/ament_lint_cmake:/home/vlad/ros2_foxy/install/ament_flake8:/home/vlad/ros2_foxy/install/ament_copyright:/home/vlad/ros2_foxy/install/ament_lint:/home/vlad/ros2_foxy/install/ament_index_python:/home/vlad/ros2_foxy/install/ament_cpplint:/home/vlad/ros2_foxy/install/ament_cppcheck:/home/vlad/ros2_foxy/install/ament_clang_tidy:/home/vlad/ros2_foxy/install/ament_clang_format /usr/bin/cmake --install /home/vlad/ros2_ws/build/realsense_msgs
