[2.300s] Invoking command in '/home/vlad/ros2_ws/src/tfpose_ros2': PYTHONPATH=/home/vlad/ros2_ws/install/tfpose_ros2/lib/python3.8/site-packages:${PYTHONPATH} /usr/bin/python3 setup.py egg_info --egg-base ../../build/tfpose_ros2 build --build-base /home/vlad/ros2_ws/build/tfpose_ros2/build install --prefix /home/vlad/ros2_ws/install/tfpose_ros2 --record /home/vlad/ros2_ws/build/tfpose_ros2/install.log --single-version-externally-managed
[4.187s] --2021-01-16 20:37:35--  http://download1412.mediafire.com/buha7dqd06dg/qlzzr20mpocnpa3/graph_opt.pb
[4.230s] Resolving download1412.mediafire.com (download1412.mediafire.com)... 205.196.123.100
[4.451s] Connecting to download1412.mediafire.com (download1412.mediafire.com)|205.196.123.100|:80... connected.
[4.864s] HTTP request sent, awaiting response... 416 Range Not Satisfiable
[4.865s] 
[4.865s]     The file is already fully retrieved; nothing to do.
[4.865s] 
[4.922s] running egg_info
[4.923s] writing ../../build/tfpose_ros2/tfpose_ros2.egg-info/PKG-INFO
[4.923s] writing dependency_links to ../../build/tfpose_ros2/tfpose_ros2.egg-info/dependency_links.txt
[4.923s] writing entry points to ../../build/tfpose_ros2/tfpose_ros2.egg-info/entry_points.txt
[4.923s] writing top-level names to ../../build/tfpose_ros2/tfpose_ros2.egg-info/top_level.txt
[4.952s] file pafprocess.py (for module pafprocess) not found
[5.003s] reading manifest file '../../build/tfpose_ros2/tfpose_ros2.egg-info/SOURCES.txt'
[5.004s] writing manifest file '../../build/tfpose_ros2/tfpose_ros2.egg-info/SOURCES.txt'
[5.004s] running build
[5.005s] running build_py
[5.005s] file pafprocess.py (for module pafprocess) not found
[5.005s] copying tfpose_ros2/node_image_subscriber.py -> /home/vlad/ros2_ws/build/tfpose_ros2/build/lib.linux-x86_64-3.8/tfpose_ros2
[5.006s] file pafprocess.py (for module pafprocess) not found
[5.006s] running build_ext
[5.007s] running install
[5.007s] running install_lib
[5.008s] copying /home/vlad/ros2_ws/build/tfpose_ros2/build/lib.linux-x86_64-3.8/tfpose_ros2/node_image_subscriber.py -> /home/vlad/ros2_ws/install/tfpose_ros2/lib/python3.8/site-packages/tfpose_ros2
[5.011s] byte-compiling /home/vlad/ros2_ws/install/tfpose_ros2/lib/python3.8/site-packages/tfpose_ros2/node_image_subscriber.py to node_image_subscriber.cpython-38.pyc
[5.012s] running install_egg_info
[5.015s] removing '/home/vlad/ros2_ws/install/tfpose_ros2/lib/python3.8/site-packages/tfpose_ros2-0.1.1-py3.8.egg-info' (and everything under it)
[5.015s] Copying ../../build/tfpose_ros2/tfpose_ros2.egg-info to /home/vlad/ros2_ws/install/tfpose_ros2/lib/python3.8/site-packages/tfpose_ros2-0.1.1-py3.8.egg-info
[5.015s] running install_scripts
[5.035s] Installing image_listener script to /home/vlad/ros2_ws/install/tfpose_ros2/lib/tfpose_ros2
[5.036s] file pafprocess.py (for module pafprocess) not found
[5.036s] writing list of installed files to '/home/vlad/ros2_ws/build/tfpose_ros2/install.log'
[5.063s] Invoked command in '/home/vlad/ros2_ws/src/tfpose_ros2' returned '0': PYTHONPATH=/home/vlad/ros2_ws/install/tfpose_ros2/lib/python3.8/site-packages:${PYTHONPATH} /usr/bin/python3 setup.py egg_info --egg-base ../../build/tfpose_ros2 build --build-base /home/vlad/ros2_ws/build/tfpose_ros2/build install --prefix /home/vlad/ros2_ws/install/tfpose_ros2 --record /home/vlad/ros2_ws/build/tfpose_ros2/install.log --single-version-externally-managed
