-- The C compiler identification is GNU 9.3.0
-- The CXX compiler identification is GNU 9.3.0
-- Check for working C compiler: /usr/bin/cc
-- Check for working C compiler: /usr/bin/cc -- works
-- Detecting C compiler ABI info
-- Detecting C compiler ABI info - done
-- Detecting C compile features
-- Detecting C compile features - done
-- Check for working CXX compiler: /usr/bin/c++
-- Check for working CXX compiler: /usr/bin/c++ -- works
-- Detecting CXX compiler ABI info
-- Detecting CXX compiler ABI info - done
-- Detecting CXX compile features
-- Detecting CXX compile features - done
-- Found ament_cmake: 0.9.7 (/home/vlad/ros2_foxy/install/ament_cmake/share/ament_cmake/cmake)
-- Found PythonInterp: /usr/bin/python3 (found suitable version "3.8.5", minimum required is "3") 
-- Using PYTHON_EXECUTABLE: /usr/bin/python3
-- Configuring done
-- Generating done
-- Build files have been written to: /home/vlad/ros2_ws/build/ros2_control
-- Install configuration: "Release"
-- Installing: /home/vlad/ros2_ws/install/ros2_control/share/ament_index/resource_index/package_run_dependencies/ros2_control
-- Installing: /home/vlad/ros2_ws/install/ros2_control/share/ament_index/resource_index/parent_prefix_path/ros2_control
-- Installing: /home/vlad/ros2_ws/install/ros2_control/share/ros2_control/environment/ament_prefix_path.sh
-- Installing: /home/vlad/ros2_ws/install/ros2_control/share/ros2_control/environment/ament_prefix_path.dsv
-- Installing: /home/vlad/ros2_ws/install/ros2_control/share/ros2_control/environment/path.sh
-- Installing: /home/vlad/ros2_ws/install/ros2_control/share/ros2_control/environment/path.dsv
-- Installing: /home/vlad/ros2_ws/install/ros2_control/share/ros2_control/local_setup.bash
-- Installing: /home/vlad/ros2_ws/install/ros2_control/share/ros2_control/local_setup.sh
-- Installing: /home/vlad/ros2_ws/install/ros2_control/share/ros2_control/local_setup.zsh
-- Installing: /home/vlad/ros2_ws/install/ros2_control/share/ros2_control/local_setup.dsv
-- Installing: /home/vlad/ros2_ws/install/ros2_control/share/ros2_control/package.dsv
-- Installing: /home/vlad/ros2_ws/install/ros2_control/share/ament_index/resource_index/packages/ros2_control
-- Installing: /home/vlad/ros2_ws/install/ros2_control/share/ros2_control/cmake/ros2_controlConfig.cmake
-- Installing: /home/vlad/ros2_ws/install/ros2_control/share/ros2_control/cmake/ros2_controlConfig-version.cmake
-- Installing: /home/vlad/ros2_ws/install/ros2_control/share/ros2_control/package.xml
