[2.984s] Invoking command in '/home/vlad/ros2_ws/src/tfpose_ros2': PYTHONPATH=/home/vlad/ros2_ws/install/tfpose_ros2/lib/python3.8/site-packages:${PYTHONPATH} /usr/bin/python3 setup.py egg_info --egg-base ../../build/tfpose_ros2 build --build-base /home/vlad/ros2_ws/build/tfpose_ros2/build install --prefix /home/vlad/ros2_ws/install/tfpose_ros2 --record /home/vlad/ros2_ws/build/tfpose_ros2/install.log --single-version-externally-managed
[4.532s] --2021-01-16 20:42:06--  http://download758.mediafire.com/5n2r5jkwedqg/qlzzr20mpocnpa3/graph_opt.pb
[4.550s] Resolving download758.mediafire.com (download758.mediafire.com)... 205.196.120.206
[4.768s] Connecting to download758.mediafire.com (download758.mediafire.com)|205.196.120.206|:80... connected.
[5.176s] HTTP request sent, awaiting response... 416 Range Not Satisfiable
[5.177s] 
[5.177s]     The file is already fully retrieved; nothing to do.
[5.177s] 
[5.201s] running egg_info
[5.201s] writing ../../build/tfpose_ros2/tfpose_ros2.egg-info/PKG-INFO
[5.201s] writing dependency_links to ../../build/tfpose_ros2/tfpose_ros2.egg-info/dependency_links.txt
[5.202s] writing entry points to ../../build/tfpose_ros2/tfpose_ros2.egg-info/entry_points.txt
[5.202s] writing top-level names to ../../build/tfpose_ros2/tfpose_ros2.egg-info/top_level.txt
[5.231s] file pafprocess.py (for module pafprocess) not found
[5.283s] reading manifest file '../../build/tfpose_ros2/tfpose_ros2.egg-info/SOURCES.txt'
[5.284s] writing manifest file '../../build/tfpose_ros2/tfpose_ros2.egg-info/SOURCES.txt'
[5.285s] running build
[5.285s] running build_py
[5.285s] file pafprocess.py (for module pafprocess) not found
[5.285s] copying tfpose_ros2/node_image_subscriber.py -> /home/vlad/ros2_ws/build/tfpose_ros2/build/lib.linux-x86_64-3.8/tfpose_ros2
[5.286s] file pafprocess.py (for module pafprocess) not found
[5.287s] running build_ext
[5.288s] running install
[5.288s] running install_lib
[5.289s] copying /home/vlad/ros2_ws/build/tfpose_ros2/build/lib.linux-x86_64-3.8/tfpose_ros2/node_image_subscriber.py -> /home/vlad/ros2_ws/install/tfpose_ros2/lib/python3.8/site-packages/tfpose_ros2
[5.292s] byte-compiling /home/vlad/ros2_ws/install/tfpose_ros2/lib/python3.8/site-packages/tfpose_ros2/node_image_subscriber.py to node_image_subscriber.cpython-38.pyc
[5.293s] running install_egg_info
[5.296s] removing '/home/vlad/ros2_ws/install/tfpose_ros2/lib/python3.8/site-packages/tfpose_ros2-0.1.1-py3.8.egg-info' (and everything under it)
[5.296s] Copying ../../build/tfpose_ros2/tfpose_ros2.egg-info to /home/vlad/ros2_ws/install/tfpose_ros2/lib/python3.8/site-packages/tfpose_ros2-0.1.1-py3.8.egg-info
[5.296s] running install_scripts
[5.316s] Installing image_listener script to /home/vlad/ros2_ws/install/tfpose_ros2/lib/tfpose_ros2
[5.317s] file pafprocess.py (for module pafprocess) not found
[5.317s] writing list of installed files to '/home/vlad/ros2_ws/build/tfpose_ros2/install.log'
[5.345s] Invoked command in '/home/vlad/ros2_ws/src/tfpose_ros2' returned '0': PYTHONPATH=/home/vlad/ros2_ws/install/tfpose_ros2/lib/python3.8/site-packages:${PYTHONPATH} /usr/bin/python3 setup.py egg_info --egg-base ../../build/tfpose_ros2 build --build-base /home/vlad/ros2_ws/build/tfpose_ros2/build install --prefix /home/vlad/ros2_ws/install/tfpose_ros2 --record /home/vlad/ros2_ws/build/tfpose_ros2/install.log --single-version-externally-managed
