-- The C compiler identification is GNU 9.3.0
-- The CXX compiler identification is GNU 9.3.0
-- Check for working C compiler: /usr/bin/cc
-- Check for working C compiler: /usr/bin/cc -- works
-- Detecting C compiler ABI info
-- Detecting C compiler ABI info - done
-- Detecting C compile features
-- Detecting C compile features - done
-- Check for working CXX compiler: /usr/bin/c++
-- Check for working CXX compiler: /usr/bin/c++ -- works
-- Detecting CXX compiler ABI info
-- Detecting CXX compiler ABI info - done
-- Detecting CXX compile features
-- Detecting CXX compile features - done
-- Found ament_cmake: 0.9.7 (/home/vlad/ros2_foxy/install/ament_cmake/share/ament_cmake/cmake)
-- Found PythonInterp: /usr/bin/python3 (found suitable version "3.8.5", minimum required is "3") 
-- Using PYTHON_EXECUTABLE: /usr/bin/python3
-- Found rclcpp: 2.2.0 (/home/vlad/ros2_foxy/install/rclcpp/share/rclcpp/cmake)
-- Using all available rosidl_typesupport_c: rosidl_typesupport_introspection_c;rosidl_typesupport_fastrtps_c
-- Found rosidl_adapter: 1.1.0 (/home/vlad/ros2_foxy/install/rosidl_adapter/share/rosidl_adapter/cmake)
-- Found OpenSSL: /usr/lib/x86_64-linux-gnu/libcrypto.so (found version "1.1.1f")  
-- Found FastRTPS: /home/vlad/ros2_foxy/install/fastrtps/include  
-- Using all available rosidl_typesupport_cpp: rosidl_typesupport_introspection_cpp;rosidl_typesupport_fastrtps_cpp
-- Found rmw_implementation_cmake: 1.0.2 (/home/vlad/ros2_foxy/install/rmw_implementation_cmake/share/rmw_implementation_cmake/cmake)
-- Using RMW implementation 'rmw_fastrtps_cpp' as default
-- Looking for pthread.h
-- Looking for pthread.h - found
-- Performing Test CMAKE_HAVE_LIBC_PTHREAD
-- Performing Test CMAKE_HAVE_LIBC_PTHREAD - Failed
-- Looking for pthread_create in pthreads
-- Looking for pthread_create in pthreads - not found
-- Looking for pthread_create in pthread
-- Looking for pthread_create in pthread - found
-- Found Threads: TRUE  
-- Found geometry_msgs: 2.0.3 (/home/vlad/ros2_foxy/install/geometry_msgs/share/geometry_msgs/cmake)
-- Found pluginlib: 2.5.2 (/home/vlad/ros2_foxy/install/pluginlib/share/pluginlib/cmake)
-- Found tf2: 0.13.7 (/home/vlad/ros2_foxy/install/tf2/share/tf2/cmake)
-- Found tf2_ros: 0.13.7 (/home/vlad/ros2_foxy/install/tf2_ros/share/tf2_ros/cmake)
-- Found tf2_geometry_msgs: 0.13.7 (/home/vlad/ros2_foxy/install/tf2_geometry_msgs/share/tf2_geometry_msgs/cmake)
-- Found eigen3_cmake_module: 0.1.1 (/home/vlad/ros2_foxy/install/eigen3_cmake_module/share/eigen3_cmake_module/cmake)
-- Found Eigen3: TRUE (found version "3.3.7") 
-- Found Boost: /usr/lib/x86_64-linux-gnu/cmake/Boost-1.71.0/BoostConfig.cmake (found version "1.71.0") found components: system filesystem thread 
-- Configuring done
-- Generating done
-- Build files have been written to: /home/vlad/ros2_ws/src/build/warehouse_ros
[35m[1mScanning dependencies of target warehouse_ros[0m
[ 20%] [32mBuilding CXX object CMakeFiles/warehouse_ros.dir/src/database_loader.cpp.o[0m
[ 40%] [32mBuilding CXX object CMakeFiles/warehouse_ros.dir/src/transform_collection.cpp.o[0m
[ 60%] [32m[1mLinking CXX shared library libwarehouse_ros.so[0m
[ 60%] Built target warehouse_ros
[35m[1mScanning dependencies of target warehouse_test_dbloader[0m
[ 80%] [32mBuilding CXX object CMakeFiles/warehouse_test_dbloader.dir/src/test_dbloader.cpp.o[0m
[100%] [32m[1mLinking CXX executable warehouse_test_dbloader[0m
[100%] Built target warehouse_test_dbloader
