[2.373s] Invoking command in '/home/vlad/ros2_ws/src/tfpose_ros2': PYTHONPATH=/home/vlad/ros2_ws/install/tfpose_ros2/lib/python3.8/site-packages:${PYTHONPATH} /usr/bin/python3 setup.py egg_info --egg-base ../../build/tfpose_ros2 build --build-base /home/vlad/ros2_ws/build/tfpose_ros2/build install --prefix /home/vlad/ros2_ws/install/tfpose_ros2 --record /home/vlad/ros2_ws/build/tfpose_ros2/install.log --single-version-externally-managed
[4.438s] --2021-01-14 20:23:32--  http://download1412.mediafire.com/etin6y8ygpkg/qlzzr20mpocnpa3/graph_opt.pb
[4.462s] Resolving download1412.mediafire.com (download1412.mediafire.com)... 205.196.123.100
[4.720s] Connecting to download1412.mediafire.com (download1412.mediafire.com)|205.196.123.100|:80... connected.
[5.331s] HTTP request sent, awaiting response... 416 Range Not Satisfiable
[5.331s] 
[5.331s]     The file is already fully retrieved; nothing to do.
[5.332s] 
[5.400s] running egg_info
[5.401s] writing ../../build/tfpose_ros2/tf_pose.egg-info/PKG-INFO
[5.401s] writing dependency_links to ../../build/tfpose_ros2/tf_pose.egg-info/dependency_links.txt
[5.401s] writing requirements to ../../build/tfpose_ros2/tf_pose.egg-info/requires.txt
[5.401s] writing top-level names to ../../build/tfpose_ros2/tf_pose.egg-info/top_level.txt
[5.429s] file pafprocess.py (for module pafprocess) not found
[5.480s] reading manifest file '../../build/tfpose_ros2/tf_pose.egg-info/SOURCES.txt'
[5.481s] writing manifest file '../../build/tfpose_ros2/tf_pose.egg-info/SOURCES.txt'
[5.481s] running build
[5.481s] running build_py
[5.481s] file pafprocess.py (for module pafprocess) not found
[5.482s] file pafprocess.py (for module pafprocess) not found
[5.483s] running build_ext
[5.483s] running install
[5.484s] running install_lib
[5.487s] running install_egg_info
[5.490s] removing '/home/vlad/ros2_ws/install/tfpose_ros2/lib/python3.8/site-packages/tf_pose-0.1.1-py3.8.egg-info' (and everything under it)
[5.490s] Copying ../../build/tfpose_ros2/tf_pose.egg-info to /home/vlad/ros2_ws/install/tfpose_ros2/lib/python3.8/site-packages/tf_pose-0.1.1-py3.8.egg-info
[5.491s] running install_scripts
[5.509s] file pafprocess.py (for module pafprocess) not found
[5.510s] writing list of installed files to '/home/vlad/ros2_ws/build/tfpose_ros2/install.log'
[5.536s] Invoked command in '/home/vlad/ros2_ws/src/tfpose_ros2' returned '0': PYTHONPATH=/home/vlad/ros2_ws/install/tfpose_ros2/lib/python3.8/site-packages:${PYTHONPATH} /usr/bin/python3 setup.py egg_info --egg-base ../../build/tfpose_ros2 build --build-base /home/vlad/ros2_ws/build/tfpose_ros2/build install --prefix /home/vlad/ros2_ws/install/tfpose_ros2 --record /home/vlad/ros2_ws/build/tfpose_ros2/install.log --single-version-externally-managed
