[2.728s] Invoking command in '/home/vlad/ros2_ws/src/tfpose_ros2': PYTHONPATH=/home/vlad/ros2_ws/install/tfpose_ros2/lib/python3.8/site-packages:${PYTHONPATH} /usr/bin/python3 setup.py egg_info --egg-base ../../build/tfpose_ros2 build --build-base /home/vlad/ros2_ws/build/tfpose_ros2/build install --prefix /home/vlad/ros2_ws/install/tfpose_ros2 --record /home/vlad/ros2_ws/build/tfpose_ros2/install.log --single-version-externally-managed
[4.982s] --2021-01-27 01:05:32--  http://download758.mediafire.com/e4rqvtpgwblg/qlzzr20mpocnpa3/graph_opt.pb
[5.009s] Resolving download758.mediafire.com (download758.mediafire.com)... 205.196.120.206
[5.175s] Connecting to download758.mediafire.com (download758.mediafire.com)|205.196.120.206|:80... connected.
[5.511s] HTTP request sent, awaiting response... 416 Range Not Satisfiable
[5.511s] 
[5.511s]     The file is already fully retrieved; nothing to do.
[5.511s] 
[5.543s] running egg_info
[5.543s] writing ../../build/tfpose_ros2/tfpose_ros2.egg-info/PKG-INFO
[5.543s] writing dependency_links to ../../build/tfpose_ros2/tfpose_ros2.egg-info/dependency_links.txt
[5.544s] writing entry points to ../../build/tfpose_ros2/tfpose_ros2.egg-info/entry_points.txt
[5.544s] writing top-level names to ../../build/tfpose_ros2/tfpose_ros2.egg-info/top_level.txt
[5.577s] file pafprocess.py (for module pafprocess) not found
[5.634s] reading manifest file '../../build/tfpose_ros2/tfpose_ros2.egg-info/SOURCES.txt'
[5.635s] writing manifest file '../../build/tfpose_ros2/tfpose_ros2.egg-info/SOURCES.txt'
[5.636s] running build
[5.636s] running build_py
[5.636s] file pafprocess.py (for module pafprocess) not found
[5.636s] copying tfpose_ros2/node_get_pose_service.py -> /home/vlad/ros2_ws/build/tfpose_ros2/build/lib.linux-x86_64-3.8/tfpose_ros2
[5.637s] file pafprocess.py (for module pafprocess) not found
[5.638s] running build_ext
[5.639s] running install
[5.639s] running install_lib
[5.640s] copying /home/vlad/ros2_ws/build/tfpose_ros2/build/lib.linux-x86_64-3.8/tfpose_ros2/node_get_pose_service.py -> /home/vlad/ros2_ws/install/tfpose_ros2/lib/python3.8/site-packages/tfpose_ros2
[5.643s] byte-compiling /home/vlad/ros2_ws/install/tfpose_ros2/lib/python3.8/site-packages/tfpose_ros2/node_get_pose_service.py to node_get_pose_service.cpython-38.pyc
[5.644s] running install_egg_info
[5.647s] removing '/home/vlad/ros2_ws/install/tfpose_ros2/lib/python3.8/site-packages/tfpose_ros2-0.1.1-py3.8.egg-info' (and everything under it)
[5.647s] Copying ../../build/tfpose_ros2/tfpose_ros2.egg-info to /home/vlad/ros2_ws/install/tfpose_ros2/lib/python3.8/site-packages/tfpose_ros2-0.1.1-py3.8.egg-info
[5.648s] running install_scripts
[5.670s] Installing get_pose_service script to /home/vlad/ros2_ws/install/tfpose_ros2/lib/tfpose_ros2
[5.670s] file pafprocess.py (for module pafprocess) not found
[5.671s] writing list of installed files to '/home/vlad/ros2_ws/build/tfpose_ros2/install.log'
[5.705s] Invoked command in '/home/vlad/ros2_ws/src/tfpose_ros2' returned '0': PYTHONPATH=/home/vlad/ros2_ws/install/tfpose_ros2/lib/python3.8/site-packages:${PYTHONPATH} /usr/bin/python3 setup.py egg_info --egg-base ../../build/tfpose_ros2 build --build-base /home/vlad/ros2_ws/build/tfpose_ros2/build install --prefix /home/vlad/ros2_ws/install/tfpose_ros2 --record /home/vlad/ros2_ws/build/tfpose_ros2/install.log --single-version-externally-managed
