[3.491s] Invoking command in '/home/vlad/ros2_ws/src/tfpose_ros2': PYTHONPATH=/home/vlad/ros2_ws/install/tfpose_ros2/lib/python3.8/site-packages:${PYTHONPATH} /usr/bin/python3 setup.py egg_info --egg-base ../../build/tfpose_ros2 build --build-base /home/vlad/ros2_ws/build/tfpose_ros2/build install --prefix /home/vlad/ros2_ws/install/tfpose_ros2 --record /home/vlad/ros2_ws/build/tfpose_ros2/install.log --single-version-externally-managed
[5.374s] --2021-01-18 21:23:45--  http://download758.mediafire.com/8q9l9hogeftg/qlzzr20mpocnpa3/graph_opt.pb
[5.425s] Resolving download758.mediafire.com (download758.mediafire.com)... 205.196.120.206
[5.670s] Connecting to download758.mediafire.com (download758.mediafire.com)|205.196.120.206|:80... connected.
[6.079s] HTTP request sent, awaiting response... 416 Range Not Satisfiable
[6.080s] 
[6.080s]     The file is already fully retrieved; nothing to do.
[6.080s] 
[6.105s] running egg_info
[6.106s] writing ../../build/tfpose_ros2/tfpose_ros2.egg-info/PKG-INFO
[6.106s] writing dependency_links to ../../build/tfpose_ros2/tfpose_ros2.egg-info/dependency_links.txt
[6.106s] writing entry points to ../../build/tfpose_ros2/tfpose_ros2.egg-info/entry_points.txt
[6.106s] writing top-level names to ../../build/tfpose_ros2/tfpose_ros2.egg-info/top_level.txt
[6.134s] file pafprocess.py (for module pafprocess) not found
[6.184s] reading manifest file '../../build/tfpose_ros2/tfpose_ros2.egg-info/SOURCES.txt'
[6.186s] writing manifest file '../../build/tfpose_ros2/tfpose_ros2.egg-info/SOURCES.txt'
[6.186s] file pafprocess.py (for module pafprocess) not found
[6.186s] running build
[6.186s] running build_py
[6.186s] copying tfpose_ros2/node_image_subscriber.py -> /home/vlad/ros2_ws/build/tfpose_ros2/build/lib.linux-x86_64-3.8/tfpose_ros2
[6.187s] file pafprocess.py (for module pafprocess) not found
[6.188s] running build_ext
[6.189s] running install
[6.189s] running install_lib
[6.190s] copying /home/vlad/ros2_ws/build/tfpose_ros2/build/lib.linux-x86_64-3.8/tfpose_ros2/node_image_subscriber.py -> /home/vlad/ros2_ws/install/tfpose_ros2/lib/python3.8/site-packages/tfpose_ros2
[6.192s] byte-compiling /home/vlad/ros2_ws/install/tfpose_ros2/lib/python3.8/site-packages/tfpose_ros2/node_image_subscriber.py to node_image_subscriber.cpython-38.pyc
[6.193s] running install_egg_info
[6.196s] removing '/home/vlad/ros2_ws/install/tfpose_ros2/lib/python3.8/site-packages/tfpose_ros2-0.1.1-py3.8.egg-info' (and everything under it)
[6.196s] Copying ../../build/tfpose_ros2/tfpose_ros2.egg-info to /home/vlad/ros2_ws/install/tfpose_ros2/lib/python3.8/site-packages/tfpose_ros2-0.1.1-py3.8.egg-info
[6.197s] running install_scripts
[6.216s] Installing image_listener script to /home/vlad/ros2_ws/install/tfpose_ros2/lib/tfpose_ros2
[6.216s] file pafprocess.py (for module pafprocess) not found
[6.217s] writing list of installed files to '/home/vlad/ros2_ws/build/tfpose_ros2/install.log'
[6.242s] Invoked command in '/home/vlad/ros2_ws/src/tfpose_ros2' returned '0': PYTHONPATH=/home/vlad/ros2_ws/install/tfpose_ros2/lib/python3.8/site-packages:${PYTHONPATH} /usr/bin/python3 setup.py egg_info --egg-base ../../build/tfpose_ros2 build --build-base /home/vlad/ros2_ws/build/tfpose_ros2/build install --prefix /home/vlad/ros2_ws/install/tfpose_ros2 --record /home/vlad/ros2_ws/build/tfpose_ros2/install.log --single-version-externally-managed
