-- Found ament_cmake: 0.9.7 (/home/vlad/ros2_foxy/install/ament_cmake/share/ament_cmake/cmake)
-- Using PYTHON_EXECUTABLE: /usr/bin/python3
-- Found ament_index_cpp: 1.0.1 (/home/vlad/ros2_foxy/install/ament_index_cpp/share/ament_index_cpp/cmake)
-- Found controller_interface: 0.0.0 (/home/vlad/ros2_ws/install/controller_interface/share/controller_interface/cmake)
-- Using all available rosidl_typesupport_c: rosidl_typesupport_introspection_c;rosidl_typesupport_fastrtps_c
-- Found rosidl_adapter: 1.1.0 (/home/vlad/ros2_foxy/install/rosidl_adapter/share/rosidl_adapter/cmake)
-- Using all available rosidl_typesupport_cpp: rosidl_typesupport_introspection_cpp;rosidl_typesupport_fastrtps_cpp
-- Found rmw_implementation_cmake: 1.0.2 (/home/vlad/ros2_foxy/install/rmw_implementation_cmake/share/rmw_implementation_cmake/cmake)
-- Using RMW implementation 'rmw_fastrtps_cpp' as default
-- Found pluginlib: 2.5.2 (/home/vlad/ros2_foxy/install/pluginlib/share/pluginlib/cmake)
-- Found ament_cmake_gmock: 0.9.7 (/home/vlad/ros2_foxy/install/ament_cmake_gmock/share/ament_cmake_gmock/cmake)
-- Found ament_cmake_gtest: 0.9.7 (/home/vlad/ros2_foxy/install/ament_cmake_gtest/share/ament_cmake_gtest/cmake)
-- Found ament_lint_auto: 0.9.5 (/home/vlad/ros2_foxy/install/ament_lint_auto/share/ament_lint_auto/cmake)
-- Found gtest sources under '/home/vlad/ros2_foxy/install/gtest_vendor/src/gtest_vendor': C++ tests using 'Google Test' will be built
-- Found gmock sources under '/home/vlad/ros2_foxy/install/gmock_vendor/src/gmock_vendor': C++ tests using 'Google Mock' will be built
-- Added test 'copyright' to check source files copyright and LICENSE
-- Added test 'cppcheck' to perform static code analysis on C / C++ code
-- Configured cppcheck include dirs: /home/vlad/ros2_ws/src/ros2_control/controller_manager/include
-- Configured cppcheck exclude dirs and/or files: 
-- Added test 'cpplint' to check C / C++ code against the Google style
-- Configured cpplint exclude dirs and/or files: 
-- Added test 'lint_cmake' to check CMake code style
-- Added test 'uncrustify' to check C / C++ code style
-- Configured uncrustify additional arguments: 
-- Added test 'xmllint' to check XML markup files
-- Configuring done
-- Generating done
-- Build files have been written to: /home/vlad/ros2_ws/build/controller_manager
[35m[1mScanning dependencies of target controller_manager[0m
[ 11%] Built target gtest
[ 27%] Built target gmock
[ 38%] Built target gtest_main
[ 44%] [32mBuilding CXX object CMakeFiles/controller_manager.dir/src/controller_manager.cpp.o[0m
[ 55%] Built target gmock_main
[ 61%] [32mBuilding CXX object CMakeFiles/controller_manager.dir/src/controller_loader_pluginlib.cpp.o[0m
[ 66%] [32m[1mLinking CXX shared library libcontroller_manager.so[0m
[ 66%] Built target controller_manager
[35m[1mScanning dependencies of target test_controller[0m
[35m[1mScanning dependencies of target test_load_controller[0m
[ 72%] [32mBuilding CXX object CMakeFiles/test_load_controller.dir/test/test_load_controller.cpp.o[0m
[ 77%] [32mBuilding CXX object CMakeFiles/test_controller.dir/test/test_controller/test_controller.cpp.o[0m
[ 83%] [32m[1mLinking CXX shared library libtest_controller.so[0m
[ 83%] Built target test_controller
[35m[1mScanning dependencies of target test_controller_manager[0m
[ 88%] [32mBuilding CXX object CMakeFiles/test_controller_manager.dir/test/test_controller_manager.cpp.o[0m
[ 94%] [32m[1mLinking CXX executable test_load_controller[0m
[ 94%] Built target test_load_controller
[100%] [32m[1mLinking CXX executable test_controller_manager[0m
[100%] Built target test_controller_manager
-- Install configuration: "Release"
-- Installing: /home/vlad/ros2_ws/install/controller_manager/lib/libcontroller_manager.so
-- Set runtime path of "/home/vlad/ros2_ws/install/controller_manager/lib/libcontroller_manager.so" to ""
-- Up-to-date: /home/vlad/ros2_ws/install/controller_manager/include
-- Up-to-date: /home/vlad/ros2_ws/install/controller_manager/include/controller_manager
-- Up-to-date: /home/vlad/ros2_ws/install/controller_manager/include/controller_manager/controller_manager.hpp
-- Up-to-date: /home/vlad/ros2_ws/install/controller_manager/include/controller_manager/visibility_control.h
-- Up-to-date: /home/vlad/ros2_ws/install/controller_manager/include/controller_manager/controller_loader_pluginlib.hpp
-- Up-to-date: /home/vlad/ros2_ws/install/controller_manager/include/controller_manager/controller_loader_interface.hpp
-- Up-to-date: /home/vlad/ros2_ws/install/controller_manager/share/controller_manager/test/test_controller.xml
-- Installing: /home/vlad/ros2_ws/install/controller_manager/lib/libtest_controller.so
-- Set runtime path of "/home/vlad/ros2_ws/install/controller_manager/lib/libtest_controller.so" to ""
-- Installing: /home/vlad/ros2_ws/install/controller_manager/share/controller_manager/environment/library_path.sh
-- Installing: /home/vlad/ros2_ws/install/controller_manager/share/controller_manager/environment/library_path.dsv
-- Up-to-date: /home/vlad/ros2_ws/install/controller_manager/share/ament_index/resource_index/package_run_dependencies/controller_manager
-- Installing: /home/vlad/ros2_ws/install/controller_manager/share/ament_index/resource_index/parent_prefix_path/controller_manager
-- Installing: /home/vlad/ros2_ws/install/controller_manager/share/controller_manager/environment/ament_prefix_path.dsv
-- Installing: /home/vlad/ros2_ws/install/controller_manager/share/controller_manager/environment/path.dsv
-- Up-to-date: /home/vlad/ros2_ws/install/controller_manager/share/controller_manager/local_setup.bash
-- Up-to-date: /home/vlad/ros2_ws/install/controller_manager/share/controller_manager/local_setup.sh
-- Up-to-date: /home/vlad/ros2_ws/install/controller_manager/share/controller_manager/local_setup.zsh
-- Installing: /home/vlad/ros2_ws/install/controller_manager/share/controller_manager/local_setup.dsv
-- Installing: /home/vlad/ros2_ws/install/controller_manager/share/controller_manager/package.dsv
-- Up-to-date: /home/vlad/ros2_ws/install/controller_manager/share/ament_index/resource_index/packages/controller_manager
-- Up-to-date: /home/vlad/ros2_ws/install/controller_manager/share/ament_index/resource_index/controller_interface__pluginlib__plugin/controller_manager
-- Up-to-date: /home/vlad/ros2_ws/install/controller_manager/share/controller_manager/cmake/ament_cmake_export_libraries-extras.cmake
-- Up-to-date: /home/vlad/ros2_ws/install/controller_manager/share/controller_manager/cmake/ament_cmake_export_include_directories-extras.cmake
-- Up-to-date: /home/vlad/ros2_ws/install/controller_manager/share/controller_manager/cmake/ament_cmake_export_dependencies-extras.cmake
-- Up-to-date: /home/vlad/ros2_ws/install/controller_manager/share/controller_manager/cmake/controller_managerConfig.cmake
-- Up-to-date: /home/vlad/ros2_ws/install/controller_manager/share/controller_manager/cmake/controller_managerConfig-version.cmake
-- Up-to-date: /home/vlad/ros2_ws/install/controller_manager/share/controller_manager/package.xml
