[0.213s] Invoking command in '/home/vlad/ros2_ws/build/hardware_interface': CMAKE_PREFIX_PATH=${CMAKE_PREFIX_PATH}:/home/vlad/ros2_ws/install/tfpose_ros2:/home/vlad/dev_ws/install/py_srvcli:/home/vlad/dev_ws/install/py_pubsub:/home/vlad/dev_ws/install/learning_tf2:/home/vlad/ros2_foxy/install/ros2bag:/home/vlad/ros2_foxy/install/tracetools_launch:/home/vlad/ros2_foxy/install/topic_monitor:/home/vlad/ros2_foxy/install/examples_tf2_py:/home/vlad/ros2_foxy/install/sros2:/home/vlad/ros2_foxy/install/rqt_topic:/home/vlad/ros2_foxy/install/rqt_reconfigure:/home/vlad/ros2_foxy/install/rqt_action:/home/vlad/ros2_foxy/install/rqt:/home/vlad/ros2_foxy/install/rqt_graph:/home/vlad/ros2_foxy/install/rqt_gui_py:/home/vlad/ros2_foxy/install/rqt_gui:/home/vlad/ros2_foxy/install/ros2trace:/home/vlad/ros2_foxy/install/ros2topic:/home/vlad/ros2_foxy/install/ros2test:/home/vlad/ros2_foxy/install/ros2component:/home/vlad/ros2_foxy/install/ros2param:/home/vlad/ros2_foxy/install/ros2lifecycle:/home/vlad/ros2_foxy/install/ros2service:/home/vlad/ros2_foxy/install/ros2run:/home/vlad/ros2_foxy/install/ros2launch:/home/vlad/ros2_foxy/install/ros2pkg:/home/vlad/ros2_foxy/install/ros2node:/home/vlad/ros2_foxy/install/ros2multicast:/home/vlad/ros2_foxy/install/ros2interface:/home/vlad/ros2_foxy/install/ros2doctor:/home/vlad/ros2_foxy/install/ros2action:/home/vlad/ros2_foxy/install/ros2cli:/home/vlad/ros2_foxy/install/quality_of_service_demo_py:/home/vlad/ros2_foxy/install/launch_testing_ros:/home/vlad/ros2_foxy/install/launch_ros:/home/vlad/ros2_foxy/install/examples_rclpy_minimal_subscriber:/home/vlad/ros2_foxy/install/examples_rclpy_minimal_service:/home/vlad/ros2_foxy/install/examples_rclpy_minimal_publisher:/home/vlad/ros2_foxy/install/examples_rclpy_minimal_client:/home/vlad/ros2_foxy/install/examples_rclpy_minimal_action_server:/home/vlad/ros2_foxy/install/examples_rclpy_minimal_action_client:/home/vlad/ros2_foxy/install/examples_rclpy_executors:/home/vlad/ros2_foxy/install/demo_nodes_py:/home/vlad/ros2_foxy/install/action_tutorials_py:/home/vlad/ros2_foxy/install/ament_uncrustify:/home/vlad/ros2_foxy/install/tracetools_trace:/home/vlad/ros2_foxy/install/tracetools_read:/home/vlad/ros2_foxy/install/test_launch_ros:/home/vlad/ros2_foxy/install/rpyutils:/home/vlad/ros2_foxy/install/rosidl_runtime_py:/home/vlad/ros2_foxy/install/launch_yaml:/home/vlad/ros2_foxy/install/launch_xml:/home/vlad/ros2_foxy/install/launch_testing:/home/vlad/ros2_foxy/install/launch:/home/vlad/ros2_foxy/install/osrf_pycommon:/home/vlad/ros2_foxy/install/domain_coordinator:/home/vlad/ros2_foxy/install/ament_xmllint:/home/vlad/ros2_foxy/install/ament_pyflakes:/home/vlad/ros2_foxy/install/ament_pycodestyle:/home/vlad/ros2_foxy/install/ament_pep257:/home/vlad/ros2_foxy/install/ament_pclint:/home/vlad/ros2_foxy/install/ament_package:/home/vlad/ros2_foxy/install/ament_mypy:/home/vlad/ros2_foxy/install/ament_lint_cmake:/home/vlad/ros2_foxy/install/ament_flake8:/home/vlad/ros2_foxy/install/ament_copyright:/home/vlad/ros2_foxy/install/ament_lint:/home/vlad/ros2_foxy/install/ament_index_python:/home/vlad/ros2_foxy/install/ament_cpplint:/home/vlad/ros2_foxy/install/ament_cppcheck:/home/vlad/ros2_foxy/install/ament_clang_tidy:/home/vlad/ros2_foxy/install/ament_clang_format:/opt/ros/foxy /usr/bin/cmake --build /home/vlad/ros2_ws/build/hardware_interface -- -j12 -l12
[0.489s] [35m[1mScanning dependencies of target hardware_interface[0m
[0.501s] [  5%] Built target gmock_main
[0.542s] [ 14%] Built target components
[0.572s] [ 23%] Built target gmock
[0.614s] [ 29%] Built target component_parser
[0.820s] [ 35%] Built target test_component_parser
[0.821s] [ 41%] Built target test_macros
[0.832s] [ 44%] [32mBuilding CXX object CMakeFiles/hardware_interface.dir/src/robot_hardware.cpp.o[0m
[5.822s] [ 47%] [32m[1mLinking CXX shared library libhardware_interface.so[0m
[6.565s] [ 64%] Built target hardware_interface
[6.663s] [ 67%] [32m[1mLinking CXX executable test_joint_handle[0m
[6.666s] [ 70%] [32m[1mLinking CXX executable test_register_actuators[0m
[6.669s] [ 73%] [32m[1mLinking CXX executable test_component_interfaces[0m
[6.671s] [ 76%] [32m[1mLinking CXX executable test_register_joints[0m
[6.679s] [ 82%] [32m[1mLinking CXX executable test_actuator_handle[0m
[6.679s] [ 82%] [32m[1mLinking CXX executable test_robot_hardware_interfaces[0m
[7.007s] [ 85%] Built target test_joint_handle
[7.034s] [ 88%] Built target test_actuator_handle
[7.095s] [ 91%] Built target test_register_joints
[7.099s] [ 94%] Built target test_register_actuators
[7.104s] [ 97%] Built target test_robot_hardware_interfaces
[7.114s] [100%] Built target test_component_interfaces
[7.141s] Invoked command in '/home/vlad/ros2_ws/build/hardware_interface' returned '0': CMAKE_PREFIX_PATH=${CMAKE_PREFIX_PATH}:/home/vlad/ros2_ws/install/tfpose_ros2:/home/vlad/dev_ws/install/py_srvcli:/home/vlad/dev_ws/install/py_pubsub:/home/vlad/dev_ws/install/learning_tf2:/home/vlad/ros2_foxy/install/ros2bag:/home/vlad/ros2_foxy/install/tracetools_launch:/home/vlad/ros2_foxy/install/topic_monitor:/home/vlad/ros2_foxy/install/examples_tf2_py:/home/vlad/ros2_foxy/install/sros2:/home/vlad/ros2_foxy/install/rqt_topic:/home/vlad/ros2_foxy/install/rqt_reconfigure:/home/vlad/ros2_foxy/install/rqt_action:/home/vlad/ros2_foxy/install/rqt:/home/vlad/ros2_foxy/install/rqt_graph:/home/vlad/ros2_foxy/install/rqt_gui_py:/home/vlad/ros2_foxy/install/rqt_gui:/home/vlad/ros2_foxy/install/ros2trace:/home/vlad/ros2_foxy/install/ros2topic:/home/vlad/ros2_foxy/install/ros2test:/home/vlad/ros2_foxy/install/ros2component:/home/vlad/ros2_foxy/install/ros2param:/home/vlad/ros2_foxy/install/ros2lifecycle:/home/vlad/ros2_foxy/install/ros2service:/home/vlad/ros2_foxy/install/ros2run:/home/vlad/ros2_foxy/install/ros2launch:/home/vlad/ros2_foxy/install/ros2pkg:/home/vlad/ros2_foxy/install/ros2node:/home/vlad/ros2_foxy/install/ros2multicast:/home/vlad/ros2_foxy/install/ros2interface:/home/vlad/ros2_foxy/install/ros2doctor:/home/vlad/ros2_foxy/install/ros2action:/home/vlad/ros2_foxy/install/ros2cli:/home/vlad/ros2_foxy/install/quality_of_service_demo_py:/home/vlad/ros2_foxy/install/launch_testing_ros:/home/vlad/ros2_foxy/install/launch_ros:/home/vlad/ros2_foxy/install/examples_rclpy_minimal_subscriber:/home/vlad/ros2_foxy/install/examples_rclpy_minimal_service:/home/vlad/ros2_foxy/install/examples_rclpy_minimal_publisher:/home/vlad/ros2_foxy/install/examples_rclpy_minimal_client:/home/vlad/ros2_foxy/install/examples_rclpy_minimal_action_server:/home/vlad/ros2_foxy/install/examples_rclpy_minimal_action_client:/home/vlad/ros2_foxy/install/examples_rclpy_executors:/home/vlad/ros2_foxy/install/demo_nodes_py:/home/vlad/ros2_foxy/install/action_tutorials_py:/home/vlad/ros2_foxy/install/ament_uncrustify:/home/vlad/ros2_foxy/install/tracetools_trace:/home/vlad/ros2_foxy/install/tracetools_read:/home/vlad/ros2_foxy/install/test_launch_ros:/home/vlad/ros2_foxy/install/rpyutils:/home/vlad/ros2_foxy/install/rosidl_runtime_py:/home/vlad/ros2_foxy/install/launch_yaml:/home/vlad/ros2_foxy/install/launch_xml:/home/vlad/ros2_foxy/install/launch_testing:/home/vlad/ros2_foxy/install/launch:/home/vlad/ros2_foxy/install/osrf_pycommon:/home/vlad/ros2_foxy/install/domain_coordinator:/home/vlad/ros2_foxy/install/ament_xmllint:/home/vlad/ros2_foxy/install/ament_pyflakes:/home/vlad/ros2_foxy/install/ament_pycodestyle:/home/vlad/ros2_foxy/install/ament_pep257:/home/vlad/ros2_foxy/install/ament_pclint:/home/vlad/ros2_foxy/install/ament_package:/home/vlad/ros2_foxy/install/ament_mypy:/home/vlad/ros2_foxy/install/ament_lint_cmake:/home/vlad/ros2_foxy/install/ament_flake8:/home/vlad/ros2_foxy/install/ament_copyright:/home/vlad/ros2_foxy/install/ament_lint:/home/vlad/ros2_foxy/install/ament_index_python:/home/vlad/ros2_foxy/install/ament_cpplint:/home/vlad/ros2_foxy/install/ament_cppcheck:/home/vlad/ros2_foxy/install/ament_clang_tidy:/home/vlad/ros2_foxy/install/ament_clang_format:/opt/ros/foxy /usr/bin/cmake --build /home/vlad/ros2_ws/build/hardware_interface -- -j12 -l12
[7.450s] Invoking command in '/home/vlad/ros2_ws/build/hardware_interface': CMAKE_PREFIX_PATH=${CMAKE_PREFIX_PATH}:/home/vlad/ros2_ws/install/tfpose_ros2:/home/vlad/dev_ws/install/py_srvcli:/home/vlad/dev_ws/install/py_pubsub:/home/vlad/dev_ws/install/learning_tf2:/home/vlad/ros2_foxy/install/ros2bag:/home/vlad/ros2_foxy/install/tracetools_launch:/home/vlad/ros2_foxy/install/topic_monitor:/home/vlad/ros2_foxy/install/examples_tf2_py:/home/vlad/ros2_foxy/install/sros2:/home/vlad/ros2_foxy/install/rqt_topic:/home/vlad/ros2_foxy/install/rqt_reconfigure:/home/vlad/ros2_foxy/install/rqt_action:/home/vlad/ros2_foxy/install/rqt:/home/vlad/ros2_foxy/install/rqt_graph:/home/vlad/ros2_foxy/install/rqt_gui_py:/home/vlad/ros2_foxy/install/rqt_gui:/home/vlad/ros2_foxy/install/ros2trace:/home/vlad/ros2_foxy/install/ros2topic:/home/vlad/ros2_foxy/install/ros2test:/home/vlad/ros2_foxy/install/ros2component:/home/vlad/ros2_foxy/install/ros2param:/home/vlad/ros2_foxy/install/ros2lifecycle:/home/vlad/ros2_foxy/install/ros2service:/home/vlad/ros2_foxy/install/ros2run:/home/vlad/ros2_foxy/install/ros2launch:/home/vlad/ros2_foxy/install/ros2pkg:/home/vlad/ros2_foxy/install/ros2node:/home/vlad/ros2_foxy/install/ros2multicast:/home/vlad/ros2_foxy/install/ros2interface:/home/vlad/ros2_foxy/install/ros2doctor:/home/vlad/ros2_foxy/install/ros2action:/home/vlad/ros2_foxy/install/ros2cli:/home/vlad/ros2_foxy/install/quality_of_service_demo_py:/home/vlad/ros2_foxy/install/launch_testing_ros:/home/vlad/ros2_foxy/install/launch_ros:/home/vlad/ros2_foxy/install/examples_rclpy_minimal_subscriber:/home/vlad/ros2_foxy/install/examples_rclpy_minimal_service:/home/vlad/ros2_foxy/install/examples_rclpy_minimal_publisher:/home/vlad/ros2_foxy/install/examples_rclpy_minimal_client:/home/vlad/ros2_foxy/install/examples_rclpy_minimal_action_server:/home/vlad/ros2_foxy/install/examples_rclpy_minimal_action_client:/home/vlad/ros2_foxy/install/examples_rclpy_executors:/home/vlad/ros2_foxy/install/demo_nodes_py:/home/vlad/ros2_foxy/install/action_tutorials_py:/home/vlad/ros2_foxy/install/ament_uncrustify:/home/vlad/ros2_foxy/install/tracetools_trace:/home/vlad/ros2_foxy/install/tracetools_read:/home/vlad/ros2_foxy/install/test_launch_ros:/home/vlad/ros2_foxy/install/rpyutils:/home/vlad/ros2_foxy/install/rosidl_runtime_py:/home/vlad/ros2_foxy/install/launch_yaml:/home/vlad/ros2_foxy/install/launch_xml:/home/vlad/ros2_foxy/install/launch_testing:/home/vlad/ros2_foxy/install/launch:/home/vlad/ros2_foxy/install/osrf_pycommon:/home/vlad/ros2_foxy/install/domain_coordinator:/home/vlad/ros2_foxy/install/ament_xmllint:/home/vlad/ros2_foxy/install/ament_pyflakes:/home/vlad/ros2_foxy/install/ament_pycodestyle:/home/vlad/ros2_foxy/install/ament_pep257:/home/vlad/ros2_foxy/install/ament_pclint:/home/vlad/ros2_foxy/install/ament_package:/home/vlad/ros2_foxy/install/ament_mypy:/home/vlad/ros2_foxy/install/ament_lint_cmake:/home/vlad/ros2_foxy/install/ament_flake8:/home/vlad/ros2_foxy/install/ament_copyright:/home/vlad/ros2_foxy/install/ament_lint:/home/vlad/ros2_foxy/install/ament_index_python:/home/vlad/ros2_foxy/install/ament_cpplint:/home/vlad/ros2_foxy/install/ament_cppcheck:/home/vlad/ros2_foxy/install/ament_clang_tidy:/home/vlad/ros2_foxy/install/ament_clang_format:/opt/ros/foxy /usr/bin/cmake --install /home/vlad/ros2_ws/build/hardware_interface
[7.473s] -- Install configuration: "Release"
[7.474s] -- Up-to-date: /home/vlad/ros2_ws/install/hardware_interface/include
[7.474s] -- Up-to-date: /home/vlad/ros2_ws/install/hardware_interface/include/hardware_interface
[7.474s] -- Up-to-date: /home/vlad/ros2_ws/install/hardware_interface/include/hardware_interface/joint_state_handle.hpp
[7.475s] -- Up-to-date: /home/vlad/ros2_ws/install/hardware_interface/include/hardware_interface/component_parser.hpp
[7.475s] -- Up-to-date: /home/vlad/ros2_ws/install/hardware_interface/include/hardware_interface/actuator_hardware.hpp
[7.475s] -- Up-to-date: /home/vlad/ros2_ws/install/hardware_interface/include/hardware_interface/visibility_control.h
[7.475s] -- Up-to-date: /home/vlad/ros2_ws/install/hardware_interface/include/hardware_interface/robot_hardware_interface.hpp
[7.475s] -- Up-to-date: /home/vlad/ros2_ws/install/hardware_interface/include/hardware_interface/system_hardware_interface.hpp
[7.475s] -- Up-to-date: /home/vlad/ros2_ws/install/hardware_interface/include/hardware_interface/actuator_hardware_interface.hpp
[7.475s] -- Up-to-date: /home/vlad/ros2_ws/install/hardware_interface/include/hardware_interface/handle.hpp
[7.476s] -- Up-to-date: /home/vlad/ros2_ws/install/hardware_interface/include/hardware_interface/robot_hardware.hpp
[7.476s] -- Up-to-date: /home/vlad/ros2_ws/install/hardware_interface/include/hardware_interface/types
[7.476s] -- Up-to-date: /home/vlad/ros2_ws/install/hardware_interface/include/hardware_interface/types/hardware_interface_status_values.hpp
[7.476s] -- Up-to-date: /home/vlad/ros2_ws/install/hardware_interface/include/hardware_interface/types/hardware_interface_return_values.hpp
[7.476s] -- Up-to-date: /home/vlad/ros2_ws/install/hardware_interface/include/hardware_interface/types/hardware_interface_type_values.hpp
[7.478s] -- Up-to-date: /home/vlad/ros2_ws/install/hardware_interface/include/hardware_interface/control_type.hpp
[7.478s] -- Up-to-date: /home/vlad/ros2_ws/install/hardware_interface/include/hardware_interface/hardware_info.hpp
[7.478s] -- Up-to-date: /home/vlad/ros2_ws/install/hardware_interface/include/hardware_interface/joint_handle.hpp
[7.478s] -- Up-to-date: /home/vlad/ros2_ws/install/hardware_interface/include/hardware_interface/components
[7.478s] -- Up-to-date: /home/vlad/ros2_ws/install/hardware_interface/include/hardware_interface/components/sensor.hpp
[7.479s] -- Up-to-date: /home/vlad/ros2_ws/install/hardware_interface/include/hardware_interface/components/component_info.hpp
[7.479s] -- Up-to-date: /home/vlad/ros2_ws/install/hardware_interface/include/hardware_interface/components/joint.hpp
[7.479s] -- Up-to-date: /home/vlad/ros2_ws/install/hardware_interface/include/hardware_interface/sensor_hardware_interface.hpp
[7.479s] -- Up-to-date: /home/vlad/ros2_ws/install/hardware_interface/include/hardware_interface/operation_mode_handle.hpp
[7.479s] -- Up-to-date: /home/vlad/ros2_ws/install/hardware_interface/include/hardware_interface/joint_command_handle.hpp
[7.479s] -- Up-to-date: /home/vlad/ros2_ws/install/hardware_interface/include/hardware_interface/system_hardware.hpp
[7.480s] -- Up-to-date: /home/vlad/ros2_ws/install/hardware_interface/include/hardware_interface/macros.hpp
[7.480s] -- Up-to-date: /home/vlad/ros2_ws/install/hardware_interface/include/hardware_interface/sensor_hardware.hpp
[7.480s] -- Up-to-date: /home/vlad/ros2_ws/install/hardware_interface/include/hardware_interface/actuator_handle.hpp
[7.480s] -- Up-to-date: /home/vlad/ros2_ws/install/hardware_interface/lib/libcomponent_parser.a
[7.480s] -- Up-to-date: /home/vlad/ros2_ws/install/hardware_interface/lib/libcomponents.so
[7.481s] -- Installing: /home/vlad/ros2_ws/install/hardware_interface/lib/libhardware_interface.so
[7.481s] -- Set runtime path of "/home/vlad/ros2_ws/install/hardware_interface/lib/libhardware_interface.so" to ""
[7.481s] -- Up-to-date: /home/vlad/ros2_ws/install/hardware_interface/share/hardware_interface/environment/library_path.sh
[7.481s] -- Up-to-date: /home/vlad/ros2_ws/install/hardware_interface/share/hardware_interface/environment/library_path.dsv
[7.481s] -- Up-to-date: /home/vlad/ros2_ws/install/hardware_interface/share/ament_index/resource_index/package_run_dependencies/hardware_interface
[7.481s] -- Up-to-date: /home/vlad/ros2_ws/install/hardware_interface/share/ament_index/resource_index/parent_prefix_path/hardware_interface
[7.481s] -- Up-to-date: /home/vlad/ros2_ws/install/hardware_interface/share/hardware_interface/environment/ament_prefix_path.dsv
[7.482s] -- Up-to-date: /home/vlad/ros2_ws/install/hardware_interface/share/hardware_interface/environment/path.dsv
[7.482s] -- Up-to-date: /home/vlad/ros2_ws/install/hardware_interface/share/hardware_interface/local_setup.bash
[7.482s] -- Up-to-date: /home/vlad/ros2_ws/install/hardware_interface/share/hardware_interface/local_setup.sh
[7.486s] -- Up-to-date: /home/vlad/ros2_ws/install/hardware_interface/share/hardware_interface/local_setup.zsh
[7.486s] -- Up-to-date: /home/vlad/ros2_ws/install/hardware_interface/share/hardware_interface/local_setup.dsv
[7.487s] -- Installing: /home/vlad/ros2_ws/install/hardware_interface/share/hardware_interface/package.dsv
[7.487s] -- Up-to-date: /home/vlad/ros2_ws/install/hardware_interface/share/ament_index/resource_index/packages/hardware_interface
[7.487s] -- Up-to-date: /home/vlad/ros2_ws/install/hardware_interface/share/hardware_interface/cmake/ament_cmake_export_dependencies-extras.cmake
[7.488s] -- Up-to-date: /home/vlad/ros2_ws/install/hardware_interface/share/hardware_interface/cmake/ament_cmake_export_include_directories-extras.cmake
[7.488s] -- Up-to-date: /home/vlad/ros2_ws/install/hardware_interface/share/hardware_interface/cmake/ament_cmake_export_libraries-extras.cmake
[7.488s] -- Up-to-date: /home/vlad/ros2_ws/install/hardware_interface/share/hardware_interface/cmake/hardware_interfaceConfig.cmake
[7.488s] -- Up-to-date: /home/vlad/ros2_ws/install/hardware_interface/share/hardware_interface/cmake/hardware_interfaceConfig-version.cmake
[7.488s] -- Up-to-date: /home/vlad/ros2_ws/install/hardware_interface/share/hardware_interface/package.xml
[7.489s] Invoked command in '/home/vlad/ros2_ws/build/hardware_interface' returned '0': CMAKE_PREFIX_PATH=${CMAKE_PREFIX_PATH}:/home/vlad/ros2_ws/install/tfpose_ros2:/home/vlad/dev_ws/install/py_srvcli:/home/vlad/dev_ws/install/py_pubsub:/home/vlad/dev_ws/install/learning_tf2:/home/vlad/ros2_foxy/install/ros2bag:/home/vlad/ros2_foxy/install/tracetools_launch:/home/vlad/ros2_foxy/install/topic_monitor:/home/vlad/ros2_foxy/install/examples_tf2_py:/home/vlad/ros2_foxy/install/sros2:/home/vlad/ros2_foxy/install/rqt_topic:/home/vlad/ros2_foxy/install/rqt_reconfigure:/home/vlad/ros2_foxy/install/rqt_action:/home/vlad/ros2_foxy/install/rqt:/home/vlad/ros2_foxy/install/rqt_graph:/home/vlad/ros2_foxy/install/rqt_gui_py:/home/vlad/ros2_foxy/install/rqt_gui:/home/vlad/ros2_foxy/install/ros2trace:/home/vlad/ros2_foxy/install/ros2topic:/home/vlad/ros2_foxy/install/ros2test:/home/vlad/ros2_foxy/install/ros2component:/home/vlad/ros2_foxy/install/ros2param:/home/vlad/ros2_foxy/install/ros2lifecycle:/home/vlad/ros2_foxy/install/ros2service:/home/vlad/ros2_foxy/install/ros2run:/home/vlad/ros2_foxy/install/ros2launch:/home/vlad/ros2_foxy/install/ros2pkg:/home/vlad/ros2_foxy/install/ros2node:/home/vlad/ros2_foxy/install/ros2multicast:/home/vlad/ros2_foxy/install/ros2interface:/home/vlad/ros2_foxy/install/ros2doctor:/home/vlad/ros2_foxy/install/ros2action:/home/vlad/ros2_foxy/install/ros2cli:/home/vlad/ros2_foxy/install/quality_of_service_demo_py:/home/vlad/ros2_foxy/install/launch_testing_ros:/home/vlad/ros2_foxy/install/launch_ros:/home/vlad/ros2_foxy/install/examples_rclpy_minimal_subscriber:/home/vlad/ros2_foxy/install/examples_rclpy_minimal_service:/home/vlad/ros2_foxy/install/examples_rclpy_minimal_publisher:/home/vlad/ros2_foxy/install/examples_rclpy_minimal_client:/home/vlad/ros2_foxy/install/examples_rclpy_minimal_action_server:/home/vlad/ros2_foxy/install/examples_rclpy_minimal_action_client:/home/vlad/ros2_foxy/install/examples_rclpy_executors:/home/vlad/ros2_foxy/install/demo_nodes_py:/home/vlad/ros2_foxy/install/action_tutorials_py:/home/vlad/ros2_foxy/install/ament_uncrustify:/home/vlad/ros2_foxy/install/tracetools_trace:/home/vlad/ros2_foxy/install/tracetools_read:/home/vlad/ros2_foxy/install/test_launch_ros:/home/vlad/ros2_foxy/install/rpyutils:/home/vlad/ros2_foxy/install/rosidl_runtime_py:/home/vlad/ros2_foxy/install/launch_yaml:/home/vlad/ros2_foxy/install/launch_xml:/home/vlad/ros2_foxy/install/launch_testing:/home/vlad/ros2_foxy/install/launch:/home/vlad/ros2_foxy/install/osrf_pycommon:/home/vlad/ros2_foxy/install/domain_coordinator:/home/vlad/ros2_foxy/install/ament_xmllint:/home/vlad/ros2_foxy/install/ament_pyflakes:/home/vlad/ros2_foxy/install/ament_pycodestyle:/home/vlad/ros2_foxy/install/ament_pep257:/home/vlad/ros2_foxy/install/ament_pclint:/home/vlad/ros2_foxy/install/ament_package:/home/vlad/ros2_foxy/install/ament_mypy:/home/vlad/ros2_foxy/install/ament_lint_cmake:/home/vlad/ros2_foxy/install/ament_flake8:/home/vlad/ros2_foxy/install/ament_copyright:/home/vlad/ros2_foxy/install/ament_lint:/home/vlad/ros2_foxy/install/ament_index_python:/home/vlad/ros2_foxy/install/ament_cpplint:/home/vlad/ros2_foxy/install/ament_cppcheck:/home/vlad/ros2_foxy/install/ament_clang_tidy:/home/vlad/ros2_foxy/install/ament_clang_format:/opt/ros/foxy /usr/bin/cmake --install /home/vlad/ros2_ws/build/hardware_interface
