-- The C compiler identification is GNU 9.3.0
-- The CXX compiler identification is GNU 9.3.0
-- Check for working C compiler: /usr/bin/cc
-- Check for working C compiler: /usr/bin/cc -- works
-- Detecting C compiler ABI info
-- Detecting C compiler ABI info - done
-- Detecting C compile features
-- Detecting C compile features - done
-- Check for working CXX compiler: /usr/bin/c++
-- Check for working CXX compiler: /usr/bin/c++ -- works
-- Detecting CXX compiler ABI info
-- Detecting CXX compiler ABI info - done
-- Detecting CXX compile features
-- Detecting CXX compile features - done
-- Found moveit_common: 2.1.0 (/home/vlad/ros2_ws/install/moveit_common/share/moveit_common/cmake)
-- Found ament_cmake: 0.9.7 (/home/vlad/ros2_foxy/install/ament_cmake/share/ament_cmake/cmake)
-- Found PythonInterp: /usr/bin/python3 (found suitable version "3.8.5", minimum required is "3") 
-- Using PYTHON_EXECUTABLE: /usr/bin/python3
-- Found rclcpp: 2.2.0 (/home/vlad/ros2_foxy/install/rclcpp/share/rclcpp/cmake)
-- Using all available rosidl_typesupport_c: rosidl_typesupport_fastrtps_c;rosidl_typesupport_introspection_c
-- Found rosidl_adapter: 1.1.0 (/home/vlad/ros2_foxy/install/rosidl_adapter/share/rosidl_adapter/cmake)
-- Found OpenSSL: /usr/lib/x86_64-linux-gnu/libcrypto.so (found version "1.1.1f")  
-- Found FastRTPS: /home/vlad/ros2_foxy/install/fastrtps/include  
-- Using all available rosidl_typesupport_cpp: rosidl_typesupport_fastrtps_cpp;rosidl_typesupport_introspection_cpp
-- Found rmw_implementation_cmake: 1.0.2 (/home/vlad/ros2_foxy/install/rmw_implementation_cmake/share/rmw_implementation_cmake/cmake)
-- Using RMW implementation 'rmw_fastrtps_cpp' as default
-- Looking for pthread.h
-- Looking for pthread.h - found
-- Performing Test CMAKE_HAVE_LIBC_PTHREAD
-- Performing Test CMAKE_HAVE_LIBC_PTHREAD - Failed
-- Looking for pthread_create in pthreads
-- Looking for pthread_create in pthreads - not found
-- Looking for pthread_create in pthread
-- Looking for pthread_create in pthread - found
-- Found Threads: TRUE  
-- Found moveit_core: 2.1.0 (/home/vlad/ros2_ws/install/moveit_core/share/moveit_core/cmake)
-- Found Eigen3: TRUE (found version "3.3.7") 
-- Found warehouse_ros: 2.0.0 (/home/vlad/ros2_ws/install/warehouse_ros/share/warehouse_ros/cmake)
-- Found moveit_ros_planning: 2.1.0 (/home/vlad/ros2_ws/install/moveit_ros_planning/share/moveit_ros_planning/cmake)
-- Found Boost: /usr/lib/x86_64-linux-gnu/cmake/Boost-1.71.0/BoostConfig.cmake (found version "1.71.0") found components: thread system filesystem regex date_time program_options 
-- Configuring done
-- Generating done
-- Build files have been written to: /home/vlad/ros2_ws/build/moveit_ros_warehouse
[35m[1mScanning dependencies of target moveit_warehouse[0m
[  5%] [32mBuilding CXX object warehouse/CMakeFiles/moveit_warehouse.dir/src/moveit_message_storage.cpp.o[0m
[ 10%] [32mBuilding CXX object warehouse/CMakeFiles/moveit_warehouse.dir/src/planning_scene_storage.cpp.o[0m
[ 15%] [32mBuilding CXX object warehouse/CMakeFiles/moveit_warehouse.dir/src/planning_scene_world_storage.cpp.o[0m
[ 20%] [32mBuilding CXX object warehouse/CMakeFiles/moveit_warehouse.dir/src/trajectory_constraints_storage.cpp.o[0m
[ 25%] [32mBuilding CXX object warehouse/CMakeFiles/moveit_warehouse.dir/src/constraints_storage.cpp.o[0m
[ 30%] [32mBuilding CXX object warehouse/CMakeFiles/moveit_warehouse.dir/src/state_storage.cpp.o[0m
[ 35%] [32mBuilding CXX object warehouse/CMakeFiles/moveit_warehouse.dir/src/warehouse_connector.cpp.o[0m
[ 40%] [32m[1mLinking CXX shared library libmoveit_warehouse.so[0m
[ 40%] Built target moveit_warehouse
[35m[1mScanning dependencies of target moveit_warehouse_broadcast[0m
[35m[1mScanning dependencies of target moveit_warehouse_save_as_text[0m
[ 45%] [32mBuilding CXX object warehouse/CMakeFiles/moveit_warehouse_broadcast.dir/src/broadcast.cpp.o[0m
[ 50%] [32mBuilding CXX object warehouse/CMakeFiles/moveit_warehouse_save_as_text.dir/src/save_as_text.cpp.o[0m
[ 55%] [32m[1mLinking CXX executable moveit_warehouse_broadcast[0m
[ 60%] [32m[1mLinking CXX executable moveit_warehouse_save_as_text[0m
[ 60%] Built target moveit_warehouse_broadcast
[35m[1mScanning dependencies of target moveit_warehouse_services[0m
[35m[1mScanning dependencies of target moveit_init_demo_warehouse[0m
[35m[1mScanning dependencies of target moveit_warehouse_import_from_text[0m
[35m[1mScanning dependencies of target moveit_save_to_warehouse[0m
[ 65%] [32mBuilding CXX object warehouse/CMakeFiles/moveit_warehouse_services.dir/src/warehouse_services.cpp.o[0m
[ 70%] [32mBuilding CXX object warehouse/CMakeFiles/moveit_init_demo_warehouse.dir/src/initialize_demo_db.cpp.o[0m
[ 75%] [32mBuilding CXX object warehouse/CMakeFiles/moveit_save_to_warehouse.dir/src/save_to_warehouse.cpp.o[0m
[ 80%] [32mBuilding CXX object warehouse/CMakeFiles/moveit_warehouse_import_from_text.dir/src/import_from_text.cpp.o[0m
[ 80%] Built target moveit_warehouse_save_as_text
[ 85%] [32m[1mLinking CXX executable moveit_warehouse_services[0m
[ 85%] Built target moveit_warehouse_services
[ 90%] [32m[1mLinking CXX executable moveit_warehouse_import_from_text[0m
[ 95%] [32m[1mLinking CXX executable moveit_init_demo_warehouse[0m
[ 95%] Built target moveit_warehouse_import_from_text
[ 95%] Built target moveit_init_demo_warehouse
[100%] [32m[1mLinking CXX executable moveit_save_to_warehouse[0m
[100%] Built target moveit_save_to_warehouse
-- Install configuration: "Release"
-- Installing: /home/vlad/ros2_ws/install/moveit_ros_warehouse/share/moveit_ros_warehouse/environment/library_path.sh
-- Installing: /home/vlad/ros2_ws/install/moveit_ros_warehouse/share/moveit_ros_warehouse/environment/library_path.dsv
-- Installing: /home/vlad/ros2_ws/install/moveit_ros_warehouse/share/ament_index/resource_index/package_run_dependencies/moveit_ros_warehouse
-- Installing: /home/vlad/ros2_ws/install/moveit_ros_warehouse/share/ament_index/resource_index/parent_prefix_path/moveit_ros_warehouse
-- Installing: /home/vlad/ros2_ws/install/moveit_ros_warehouse/share/moveit_ros_warehouse/environment/ament_prefix_path.sh
-- Installing: /home/vlad/ros2_ws/install/moveit_ros_warehouse/share/moveit_ros_warehouse/environment/ament_prefix_path.dsv
-- Installing: /home/vlad/ros2_ws/install/moveit_ros_warehouse/share/moveit_ros_warehouse/environment/path.sh
-- Installing: /home/vlad/ros2_ws/install/moveit_ros_warehouse/share/moveit_ros_warehouse/environment/path.dsv
-- Installing: /home/vlad/ros2_ws/install/moveit_ros_warehouse/share/moveit_ros_warehouse/local_setup.bash
-- Installing: /home/vlad/ros2_ws/install/moveit_ros_warehouse/share/moveit_ros_warehouse/local_setup.sh
-- Installing: /home/vlad/ros2_ws/install/moveit_ros_warehouse/share/moveit_ros_warehouse/local_setup.zsh
-- Installing: /home/vlad/ros2_ws/install/moveit_ros_warehouse/share/moveit_ros_warehouse/local_setup.dsv
-- Installing: /home/vlad/ros2_ws/install/moveit_ros_warehouse/share/moveit_ros_warehouse/package.dsv
-- Installing: /home/vlad/ros2_ws/install/moveit_ros_warehouse/share/ament_index/resource_index/packages/moveit_ros_warehouse
-- Installing: /home/vlad/ros2_ws/install/moveit_ros_warehouse/share/moveit_ros_warehouse/cmake/ament_cmake_export_include_directories-extras.cmake
-- Installing: /home/vlad/ros2_ws/install/moveit_ros_warehouse/share/moveit_ros_warehouse/cmake/ament_cmake_export_libraries-extras.cmake
-- Installing: /home/vlad/ros2_ws/install/moveit_ros_warehouse/share/moveit_ros_warehouse/cmake/ament_cmake_export_dependencies-extras.cmake
-- Installing: /home/vlad/ros2_ws/install/moveit_ros_warehouse/share/moveit_ros_warehouse/cmake/moveit_ros_warehouseConfig.cmake
-- Installing: /home/vlad/ros2_ws/install/moveit_ros_warehouse/share/moveit_ros_warehouse/cmake/moveit_ros_warehouseConfig-version.cmake
-- Installing: /home/vlad/ros2_ws/install/moveit_ros_warehouse/share/moveit_ros_warehouse/package.xml
-- Installing: /home/vlad/ros2_ws/install/moveit_ros_warehouse/lib/libmoveit_warehouse.so.
-- Set runtime path of "/home/vlad/ros2_ws/install/moveit_ros_warehouse/lib/libmoveit_warehouse.so." to ""
-- Installing: /home/vlad/ros2_ws/install/moveit_ros_warehouse/lib/libmoveit_warehouse.so
-- Installing: /home/vlad/ros2_ws/install/moveit_ros_warehouse/lib/moveit_ros_warehouse/moveit_save_to_warehouse
-- Set runtime path of "/home/vlad/ros2_ws/install/moveit_ros_warehouse/lib/moveit_ros_warehouse/moveit_save_to_warehouse" to ""
-- Installing: /home/vlad/ros2_ws/install/moveit_ros_warehouse/lib/moveit_ros_warehouse/moveit_warehouse_broadcast
-- Set runtime path of "/home/vlad/ros2_ws/install/moveit_ros_warehouse/lib/moveit_ros_warehouse/moveit_warehouse_broadcast" to ""
-- Installing: /home/vlad/ros2_ws/install/moveit_ros_warehouse/lib/moveit_ros_warehouse/moveit_warehouse_import_from_text
-- Set runtime path of "/home/vlad/ros2_ws/install/moveit_ros_warehouse/lib/moveit_ros_warehouse/moveit_warehouse_import_from_text" to ""
-- Installing: /home/vlad/ros2_ws/install/moveit_ros_warehouse/lib/moveit_ros_warehouse/moveit_warehouse_save_as_text
-- Set runtime path of "/home/vlad/ros2_ws/install/moveit_ros_warehouse/lib/moveit_ros_warehouse/moveit_warehouse_save_as_text" to ""
-- Installing: /home/vlad/ros2_ws/install/moveit_ros_warehouse/lib/moveit_ros_warehouse/moveit_init_demo_warehouse
-- Set runtime path of "/home/vlad/ros2_ws/install/moveit_ros_warehouse/lib/moveit_ros_warehouse/moveit_init_demo_warehouse" to ""
-- Installing: /home/vlad/ros2_ws/install/moveit_ros_warehouse/lib/moveit_ros_warehouse/moveit_warehouse_services
-- Set runtime path of "/home/vlad/ros2_ws/install/moveit_ros_warehouse/lib/moveit_ros_warehouse/moveit_warehouse_services" to ""
-- Installing: /home/vlad/ros2_ws/install/moveit_ros_warehouse/include
-- Installing: /home/vlad/ros2_ws/install/moveit_ros_warehouse/include/moveit
-- Installing: /home/vlad/ros2_ws/install/moveit_ros_warehouse/include/moveit/warehouse
-- Installing: /home/vlad/ros2_ws/install/moveit_ros_warehouse/include/moveit/warehouse/trajectory_constraints_storage.h
-- Installing: /home/vlad/ros2_ws/install/moveit_ros_warehouse/include/moveit/warehouse/moveit_message_storage.h
-- Installing: /home/vlad/ros2_ws/install/moveit_ros_warehouse/include/moveit/warehouse/planning_scene_storage.h
-- Installing: /home/vlad/ros2_ws/install/moveit_ros_warehouse/include/moveit/warehouse/planning_scene_world_storage.h
-- Installing: /home/vlad/ros2_ws/install/moveit_ros_warehouse/include/moveit/warehouse/state_storage.h
-- Installing: /home/vlad/ros2_ws/install/moveit_ros_warehouse/include/moveit/warehouse/constraints_storage.h
-- Installing: /home/vlad/ros2_ws/install/moveit_ros_warehouse/include/moveit/warehouse/warehouse_connector.h
