[  3%] Built target realsense_msgs__cpp
[ 12%] Built target realsense_msgs__rosidl_generator_c
[ 22%] Built target realsense_msgs__rosidl_typesupport_cpp
[ 32%] Built target realsense_msgs__rosidl_typesupport_introspection_cpp
[ 41%] Built target realsense_msgs__rosidl_typesupport_c
[ 51%] Built target realsense_msgs__rosidl_typesupport_fastrtps_cpp
[ 61%] Built target realsense_msgs__rosidl_typesupport_fastrtps_c
[ 70%] Built target realsense_msgs__rosidl_typesupport_introspection_c
[ 70%] Built target realsense_msgs
[ 74%] Built target realsense_msgs__py
[ 80%] Built target realsense_msgs__python
[ 87%] Built target realsense_msgs__rosidl_typesupport_c__pyext
[ 93%] Built target realsense_msgs__rosidl_typesupport_fastrtps_c__pyext
[100%] Built target realsense_msgs__rosidl_typesupport_introspection_c__pyext
-- Install configuration: "Release"
-- Execute custom install script
-- Up-to-date symlink: /home/vlad/ros2_ws/install/realsense_msgs/share/ament_index/resource_index/rosidl_interfaces/realsense_msgs
-- Up-to-date symlink: /home/vlad/ros2_ws/install/realsense_msgs/include/realsense_msgs/msg/detail/imu_info__functions.h
-- Up-to-date symlink: /home/vlad/ros2_ws/install/realsense_msgs/include/realsense_msgs/msg/detail/imu_info__struct.h
-- Up-to-date symlink: /home/vlad/ros2_ws/install/realsense_msgs/include/realsense_msgs/msg/detail/imu_info__type_support.h
-- Up-to-date symlink: /home/vlad/ros2_ws/install/realsense_msgs/include/realsense_msgs/msg/imu_info.h
-- Up-to-date symlink: /home/vlad/ros2_ws/install/realsense_msgs/include/realsense_msgs/msg/rosidl_generator_c__visibility_control.h
-- Up-to-date symlink: /home/vlad/ros2_ws/install/realsense_msgs/share/realsense_msgs/environment/library_path.sh
-- Up-to-date symlink: /home/vlad/ros2_ws/install/realsense_msgs/share/realsense_msgs/environment/library_path.dsv
-- Up-to-date symlink: /home/vlad/ros2_ws/install/realsense_msgs/include/realsense_msgs/msg/detail/imu_info__rosidl_typesupport_introspection_c.h
-- Up-to-date symlink: /home/vlad/ros2_ws/install/realsense_msgs/include/realsense_msgs/msg/rosidl_typesupport_introspection_c__visibility_control.h
-- Up-to-date symlink: /home/vlad/ros2_ws/install/realsense_msgs/include/realsense_msgs/msg/detail/imu_info__rosidl_typesupport_fastrtps_c.h
-- Up-to-date symlink: /home/vlad/ros2_ws/install/realsense_msgs/include/realsense_msgs/msg/rosidl_typesupport_fastrtps_c__visibility_control.h
-- Up-to-date symlink: /home/vlad/ros2_ws/install/realsense_msgs/lib/librealsense_msgs__rosidl_typesupport_fastrtps_c.so
-- Up-to-date symlink: /home/vlad/ros2_ws/install/realsense_msgs/include/realsense_msgs/msg/detail/imu_info__rosidl_typesupport_fastrtps_cpp.hpp
-- Up-to-date symlink: /home/vlad/ros2_ws/install/realsense_msgs/include/realsense_msgs/msg/rosidl_typesupport_fastrtps_cpp__visibility_control.h
-- Up-to-date symlink: /home/vlad/ros2_ws/install/realsense_msgs/lib/librealsense_msgs__rosidl_typesupport_fastrtps_cpp.so
-- Up-to-date symlink: /home/vlad/ros2_ws/install/realsense_msgs/include/realsense_msgs/msg/detail/imu_info__builder.hpp
-- Up-to-date symlink: /home/vlad/ros2_ws/install/realsense_msgs/include/realsense_msgs/msg/detail/imu_info__struct.hpp
-- Up-to-date symlink: /home/vlad/ros2_ws/install/realsense_msgs/include/realsense_msgs/msg/detail/imu_info__traits.hpp
-- Up-to-date symlink: /home/vlad/ros2_ws/install/realsense_msgs/include/realsense_msgs/msg/imu_info.hpp
-- Up-to-date symlink: /home/vlad/ros2_ws/install/realsense_msgs/include/realsense_msgs/msg/detail/imu_info__rosidl_typesupport_introspection_cpp.hpp
-- Up-to-date symlink: /home/vlad/ros2_ws/install/realsense_msgs/share/realsense_msgs/environment/pythonpath.sh
-- Up-to-date symlink: /home/vlad/ros2_ws/install/realsense_msgs/share/realsense_msgs/environment/pythonpath.dsv
-- Up-to-date symlink: /home/vlad/ros2_ws/install/realsense_msgs/lib/python3.8/site-packages/realsense_msgs/__init__.py
-- Up-to-date symlink: /home/vlad/ros2_ws/install/realsense_msgs/lib/python3.8/site-packages/realsense_msgs/msg/__init__.py
-- Up-to-date symlink: /home/vlad/ros2_ws/install/realsense_msgs/lib/python3.8/site-packages/realsense_msgs/msg/_imu_info.py
-- Up-to-date symlink: /home/vlad/ros2_ws/install/realsense_msgs/lib/python3.8/site-packages/realsense_msgs/realsense_msgs_s__rosidl_typesupport_introspection_c.cpython-38-x86_64-linux-gnu.so
-- Up-to-date symlink: /home/vlad/ros2_ws/install/realsense_msgs/lib/python3.8/site-packages/realsense_msgs/realsense_msgs_s__rosidl_typesupport_fastrtps_c.cpython-38-x86_64-linux-gnu.so
-- Up-to-date symlink: /home/vlad/ros2_ws/install/realsense_msgs/lib/python3.8/site-packages/realsense_msgs/realsense_msgs_s__rosidl_typesupport_c.cpython-38-x86_64-linux-gnu.so
-- Up-to-date symlink: /home/vlad/ros2_ws/install/realsense_msgs/lib/librealsense_msgs__python.so
-- Up-to-date symlink: /home/vlad/ros2_ws/install/realsense_msgs/share/realsense_msgs/msg/IMUInfo.idl
-- Up-to-date symlink: /home/vlad/ros2_ws/install/realsense_msgs/share/realsense_msgs/msg/IMUInfo.msg
-- Up-to-date symlink: /home/vlad/ros2_ws/install/realsense_msgs/share/ament_index/resource_index/package_run_dependencies/realsense_msgs
-- Up-to-date symlink: /home/vlad/ros2_ws/install/realsense_msgs/share/ament_index/resource_index/parent_prefix_path/realsense_msgs
-- Up-to-date symlink: /home/vlad/ros2_ws/install/realsense_msgs/share/realsense_msgs/environment/ament_prefix_path.sh
-- Up-to-date symlink: /home/vlad/ros2_ws/install/realsense_msgs/share/realsense_msgs/environment/ament_prefix_path.dsv
-- Up-to-date symlink: /home/vlad/ros2_ws/install/realsense_msgs/share/realsense_msgs/environment/path.sh
-- Up-to-date symlink: /home/vlad/ros2_ws/install/realsense_msgs/share/realsense_msgs/environment/path.dsv
-- Up-to-date symlink: /home/vlad/ros2_ws/install/realsense_msgs/share/realsense_msgs/local_setup.bash
-- Up-to-date symlink: /home/vlad/ros2_ws/install/realsense_msgs/share/realsense_msgs/local_setup.sh
-- Up-to-date symlink: /home/vlad/ros2_ws/install/realsense_msgs/share/realsense_msgs/local_setup.zsh
-- Up-to-date symlink: /home/vlad/ros2_ws/install/realsense_msgs/share/realsense_msgs/local_setup.dsv
-- Symlinking: /home/vlad/ros2_ws/install/realsense_msgs/share/realsense_msgs/package.dsv
-- Up-to-date symlink: /home/vlad/ros2_ws/install/realsense_msgs/share/ament_index/resource_index/packages/realsense_msgs
-- Up-to-date symlink: /home/vlad/ros2_ws/install/realsense_msgs/share/realsense_msgs/cmake/rosidl_cmake-extras.cmake
-- Up-to-date symlink: /home/vlad/ros2_ws/install/realsense_msgs/share/realsense_msgs/cmake/ament_cmake_export_dependencies-extras.cmake
-- Up-to-date symlink: /home/vlad/ros2_ws/install/realsense_msgs/share/realsense_msgs/cmake/ament_cmake_export_libraries-extras.cmake
-- Up-to-date symlink: /home/vlad/ros2_ws/install/realsense_msgs/share/realsense_msgs/cmake/ament_cmake_export_targets-extras.cmake
-- Up-to-date symlink: /home/vlad/ros2_ws/install/realsense_msgs/share/realsense_msgs/cmake/ament_cmake_export_include_directories-extras.cmake
-- Up-to-date symlink: /home/vlad/ros2_ws/install/realsense_msgs/share/realsense_msgs/cmake/rosidl_cmake_export_typesupport_targets-extras.cmake
-- Up-to-date symlink: /home/vlad/ros2_ws/install/realsense_msgs/share/realsense_msgs/cmake/rosidl_cmake_export_typesupport_libraries-extras.cmake
-- Up-to-date symlink: /home/vlad/ros2_ws/install/realsense_msgs/share/realsense_msgs/cmake/realsense_msgsConfig.cmake
-- Up-to-date symlink: /home/vlad/ros2_ws/install/realsense_msgs/share/realsense_msgs/cmake/realsense_msgsConfig-version.cmake
-- Up-to-date symlink: /home/vlad/ros2_ws/install/realsense_msgs/share/realsense_msgs/package.xml
-- Up-to-date: /home/vlad/ros2_ws/install/realsense_msgs/lib/librealsense_msgs__rosidl_generator_c.so
-- Up-to-date: /home/vlad/ros2_ws/install/realsense_msgs/lib/librealsense_msgs__rosidl_typesupport_introspection_c.so
-- Up-to-date: /home/vlad/ros2_ws/install/realsense_msgs/lib/librealsense_msgs__rosidl_typesupport_c.so
-- Up-to-date: /home/vlad/ros2_ws/install/realsense_msgs/lib/librealsense_msgs__rosidl_typesupport_introspection_cpp.so
-- Up-to-date: /home/vlad/ros2_ws/install/realsense_msgs/lib/librealsense_msgs__rosidl_typesupport_cpp.so
-- Up-to-date: /home/vlad/ros2_ws/install/realsense_msgs/share/realsense_msgs/cmake/realsense_msgs__rosidl_generator_cExport.cmake
-- Up-to-date: /home/vlad/ros2_ws/install/realsense_msgs/share/realsense_msgs/cmake/realsense_msgs__rosidl_generator_cExport-release.cmake
-- Up-to-date: /home/vlad/ros2_ws/install/realsense_msgs/share/realsense_msgs/cmake/realsense_msgs__rosidl_typesupport_introspection_cExport.cmake
-- Up-to-date: /home/vlad/ros2_ws/install/realsense_msgs/share/realsense_msgs/cmake/realsense_msgs__rosidl_typesupport_introspection_cExport-release.cmake
-- Up-to-date: /home/vlad/ros2_ws/install/realsense_msgs/share/realsense_msgs/cmake/realsense_msgs__rosidl_typesupport_cExport.cmake
-- Up-to-date: /home/vlad/ros2_ws/install/realsense_msgs/share/realsense_msgs/cmake/realsense_msgs__rosidl_typesupport_cExport-release.cmake
-- Up-to-date: /home/vlad/ros2_ws/install/realsense_msgs/share/realsense_msgs/cmake/realsense_msgs__rosidl_generator_cppExport.cmake
-- Up-to-date: /home/vlad/ros2_ws/install/realsense_msgs/share/realsense_msgs/cmake/realsense_msgs__rosidl_typesupport_introspection_cppExport.cmake
-- Up-to-date: /home/vlad/ros2_ws/install/realsense_msgs/share/realsense_msgs/cmake/realsense_msgs__rosidl_typesupport_introspection_cppExport-release.cmake
-- Up-to-date: /home/vlad/ros2_ws/install/realsense_msgs/share/realsense_msgs/cmake/realsense_msgs__rosidl_typesupport_cppExport.cmake
-- Up-to-date: /home/vlad/ros2_ws/install/realsense_msgs/share/realsense_msgs/cmake/realsense_msgs__rosidl_typesupport_cppExport-release.cmake
