[2.715s] Invoking command in '/home/vlad/ros2_ws/src/tfpose_ros2': PYTHONPATH=/home/vlad/ros2_ws/install/tfpose_ros2/lib/python3.8/site-packages:${PYTHONPATH} /usr/bin/python3 setup.py egg_info --egg-base ../../build/tfpose_ros2 build --build-base /home/vlad/ros2_ws/build/tfpose_ros2/build install --prefix /home/vlad/ros2_ws/install/tfpose_ros2 --record /home/vlad/ros2_ws/build/tfpose_ros2/install.log --single-version-externally-managed
[5.237s] --2021-01-26 20:08:19--  http://download1412.mediafire.com/tmvgtapwcyqg/qlzzr20mpocnpa3/graph_opt.pb
[5.254s] Resolving download1412.mediafire.com (download1412.mediafire.com)... 205.196.123.100
[5.504s] Connecting to download1412.mediafire.com (download1412.mediafire.com)|205.196.123.100|:80... connected.
[5.852s] HTTP request sent, awaiting response... 416 Range Not Satisfiable
[5.852s] 
[5.852s]     The file is already fully retrieved; nothing to do.
[5.852s] 
[5.875s] running egg_info
[5.875s] writing ../../build/tfpose_ros2/tfpose_ros2.egg-info/PKG-INFO
[5.876s] writing dependency_links to ../../build/tfpose_ros2/tfpose_ros2.egg-info/dependency_links.txt
[5.876s] writing entry points to ../../build/tfpose_ros2/tfpose_ros2.egg-info/entry_points.txt
[5.876s] writing top-level names to ../../build/tfpose_ros2/tfpose_ros2.egg-info/top_level.txt
[5.905s] file pafprocess.py (for module pafprocess) not found
[5.958s] reading manifest file '../../build/tfpose_ros2/tfpose_ros2.egg-info/SOURCES.txt'
[5.959s] writing manifest file '../../build/tfpose_ros2/tfpose_ros2.egg-info/SOURCES.txt'
[5.959s] file pafprocess.py (for module pafprocess) not found
[5.959s] running build
[5.959s] running build_py
[5.960s] copying tfpose_ros2/node_get_pose_service.py -> /home/vlad/ros2_ws/build/tfpose_ros2/build/lib.linux-x86_64-3.8/tfpose_ros2
[5.961s] file pafprocess.py (for module pafprocess) not found
[5.961s] running build_ext
[5.962s] running install
[5.962s] running install_lib
[5.963s] copying /home/vlad/ros2_ws/build/tfpose_ros2/build/lib.linux-x86_64-3.8/tfpose_ros2/node_get_pose_service.py -> /home/vlad/ros2_ws/install/tfpose_ros2/lib/python3.8/site-packages/tfpose_ros2
[5.966s] byte-compiling /home/vlad/ros2_ws/install/tfpose_ros2/lib/python3.8/site-packages/tfpose_ros2/node_get_pose_service.py to node_get_pose_service.cpython-38.pyc
[5.967s] running install_egg_info
[5.971s] removing '/home/vlad/ros2_ws/install/tfpose_ros2/lib/python3.8/site-packages/tfpose_ros2-0.1.1-py3.8.egg-info' (and everything under it)
[5.971s] Copying ../../build/tfpose_ros2/tfpose_ros2.egg-info to /home/vlad/ros2_ws/install/tfpose_ros2/lib/python3.8/site-packages/tfpose_ros2-0.1.1-py3.8.egg-info
[5.971s] running install_scripts
[5.992s] Installing get_pose_service script to /home/vlad/ros2_ws/install/tfpose_ros2/lib/tfpose_ros2
[5.992s] file pafprocess.py (for module pafprocess) not found
[5.993s] writing list of installed files to '/home/vlad/ros2_ws/build/tfpose_ros2/install.log'
[6.022s] Invoked command in '/home/vlad/ros2_ws/src/tfpose_ros2' returned '0': PYTHONPATH=/home/vlad/ros2_ws/install/tfpose_ros2/lib/python3.8/site-packages:${PYTHONPATH} /usr/bin/python3 setup.py egg_info --egg-base ../../build/tfpose_ros2 build --build-base /home/vlad/ros2_ws/build/tfpose_ros2/build install --prefix /home/vlad/ros2_ws/install/tfpose_ros2 --record /home/vlad/ros2_ws/build/tfpose_ros2/install.log --single-version-externally-managed
